Sending 6438549855889670000000000000 Beats to 0x0927E1C093058AA4DeBf9bED5b5130aB1c26Affe, Tx Hash: 0x1fff46dfed82e861db87a6de35b8376e42ce99496cc44df9fc21681ab0cc1d94
Sending 136497256944861000000000000 Beats to 0x0927E1C093058AA4DeBf9bED5b5130aB1c26Affe, Tx Hash: 0x9ee751d15522157cb542a70bd4ed19fc57a063c6bf264487e39eec9af52f8ea9
Sending 57946948703007000000000000 Beats to 0x0927E1C093058AA4DeBf9bED5b5130aB1c26Affe, Tx Hash: 0xc7fc7d3da811b496d8236996e211288011da5cdf03d7c2b3cff24c1bed722da0
Sending 11218529268902200000000000000 Beats to 0x0927E1C093058AA4DeBf9bED5b5130aB1c26Affe, Tx Hash: 0x0275b696313a5338b08f808d7bc153f6514f7e27cd24185b240a2c949f324e93
Sending 100441377751879000000000000 Beats to 0x0927E1C093058AA4DeBf9bED5b5130aB1c26Affe, Tx Hash: 0x84882d912c21d12d33ddf0b7f9b7e5bebcc5717b80be71cd813530505c7318a6
Sending 370860471699245000000000000 Beats to 0x12a39B66f8eda3581ff6Be04e8fFD8F5FeaABE11, Tx Hash: 0xf19ae10e85aff934975c3bcdf93c863bef8c8b33e8939a4936eb8e4ca64667c2
Sending 54083818789473200000000000 Beats to 0xf62d020cC9da296eADDe43C691E9252fa9c10B2c, Tx Hash: 0x25d2c86ef51d5993f2b125abf422c968e540cff0466a5a5f266ee926136fa46b
Sending 877681852705545000000000000 Beats to 0x266684B45560E26a7C7e6F2280993ebeAb010517, Tx Hash: 0x2e8b5ad3bb97591c4544d7eaf59d4feb0561a86118f3a336c01b5dfd4dd2acaf
Sending 152024463777325000000000000 Beats to 0x266684B45560E26a7C7e6F2280993ebeAb010517, Tx Hash: 0xa2bd929da48ca861f09995e8da805c6eb88c42b2e297a00d6be42cfad2f54143
Sending 463575589624056000000000 Beats to 0x266684B45560E26a7C7e6F2280993ebeAb010517, Tx Hash: 0x2fe58fd072357c7ab1b3542efa4f8b21f175edaf168a1e66c9adec4f8a856a51
Sending 25754199423558700000000000 Beats to 0x266684B45560E26a7C7e6F2280993ebeAb010517, Tx Hash: 0x78d2608f5d2cc4bb688ab03d398905a558242c764e8cc922fc43a734ec22045f
Sending 5150839884711730000000000000 Beats to 0x35EfCe5f4bd52356e8215BCB9dC7687aDe6B6400, Tx Hash: 0xd0054e066dd9242cf4d5a085f7caa2f77cad868c25d93ad798d86bb69a842b8c
Sending 257541994235587000000000000 Beats to 0x35EfCe5f4bd52356e8215BCB9dC7687aDe6B6400, Tx Hash: 0x27163bc1a98a7c8627c3251cb5f1bd0bb7a316fe8ec73c24a6fdfb9dab363261
Sending 32192749279448300000000000 Beats to 0x35EfCe5f4bd52356e8215BCB9dC7687aDe6B6400, Tx Hash: 0x57aa0ecd903ca758626bad47f4790111a133a33b50a182b7f0511a612e26fe6b
Sending 32192749279448300000000000 Beats to 0x35EfCe5f4bd52356e8215BCB9dC7687aDe6B6400, Tx Hash: 0x354f058b90d36f2066111a9f9c33d4a20b68984f6a9872b4213221b957ee3da6
Sending 257541994235587000000000000 Beats to 0x2589eCe7a6E4d35a3b21C8d60036026DD06247C5, Tx Hash: 0x2c542e697575a3a4a2ef4bf2413fde500bc889454cddbd2f24e51d54d7b9c8a3
Sending 731478831710157000000000000 Beats to 0xeBF85E5b0dEa00AB110eE1857f709E35ACA5309B, Tx Hash: 0xefa16ac495a942ca98eb840ddb4b1519a31fe98d958f98f6bac2c7e6577df41f
Sending 952104423069599000000000000 Beats to 0x89c5B98d68BCb9eBC1A6B36CF864b7b43699D05a, Tx Hash: 0xacb96120c04e9c7e92619530339ac6a9ea798d35fdce49ed899f671e4b671c67
Sending 2575419942355870000000000000 Beats to 0x89c5B98d68BCb9eBC1A6B36CF864b7b43699D05a, Tx Hash: 0x72498687e5fcd3ff2c152509acb2df49a7fe7d763aaafa16690f42bf7836f4ff
Sending 6438549855889670000000000000 Beats to 0x965d023d514B2a7cDB4165830712ed6900a6d6b9, Tx Hash: 0xceafb8c55af30e09bc3ed01c19282d8afc066fdf1bbecf4d5de4669241294f65
Sending 257541994235587000000000000 Beats to 0x2589eCe7a6E4d35a3b21C8d60036026DD06247C5, Tx Hash: 0x0af563a722e31362944fe839c92e76f8bbbf5112b35fc6b7fb3538c0a6758618
Sending 2646957382094690000000000000 Beats to 0x98de4611DbEb65aBC0C86f16BB6495e7a013c511, Tx Hash: 0x1392acde99fafb47f348ad81bd90dee655d42fd75e16434b1a96a26c204c9c8b
Sending 548335235346930000000000000 Beats to 0xA3366Ea2D8e7e5eBEAc634D4BB6766B369D61420, Tx Hash: 0x2ce5af733e176191f57bc3ecadf24c2ce399267822efa5aa2257368bfdcee789
Sending 3036420112037570000000 Beats to 0xA3366Ea2D8e7e5eBEAc634D4BB6766B369D61420, Tx Hash: 0xbee1456bb81e901113259d52faa3d004ceca95cc0d37dfd3057d48168fd67650
Sending 2575419942355870000000000 Beats to 0xD3E684B4C0E04c38DbA74022bF0dA66fE608E386, Tx Hash: 0x9766aa804a50d502b14ec479e500e01cebee95d114ff275553f429daf2f60f30
Sending 5148264464769380000000000000 Beats to 0xD3E684B4C0E04c38DbA74022bF0dA66fE608E386, Tx Hash: 0x0f8ca881efb7dca2395726c572a2399fe8bc7de1d46198361659a5f9c5cf7bae
Sending 2575419942355870000000000000 Beats to 0xC5d7B42CDb68395530cDf6bF86B60a2253b7e93D, Tx Hash: 0xe6e9896dcad201d409433361202da0401e21b1097699642bd1b6a3de42d4dfea
Sending 2575419942355870000000000000 Beats to 0x27a573294Cc43Ae793b9fC5932D48FB36129c44f, Tx Hash: 0xccf335a96aad06f2368e9d1b8b824d683f4ca0422a1d259af3341af858d78801
Sending 992944879872286000000000000 Beats to 0xBcdaA8d559F9DE00666711B98B25D986b3714314, Tx Hash: 0x6fce0fc303a278b9fd300aa76d143cdfc55b958f33cffb19fddd7cbed42d87b8
Sending 257541994235587000000000000 Beats to 0x2589eCe7a6E4d35a3b21C8d60036026DD06247C5, Tx Hash: 0xc4656d00974629b2f48b00fb9eac7c2f73fe41ebe0cf7e3b11606c2eea0f8dbd
Sending 6438549855889670000000000000 Beats to 0xDb728a9740C3a1A3431b5F50510D7763Cb2d3DEC, Tx Hash: 0xc83c2eb4d2fed59a9e61c6eb2451f46402ee5bf36f36db1f397d26f45625aa0f
Sending 11589389740601400000000000000 Beats to 0x198EdA33f781bB3eBf98A800ae8Fc2E826A67FFc, Tx Hash: 0x53f713caceebbf0af0d551659cef0e7d533cdc466b04dad812d9d2321aaf511e
Sending 335605548108335000000000000 Beats to 0x89c5B98d68BCb9eBC1A6B36CF864b7b43699D05a, Tx Hash: 0xd140c410745f4e0cfaebfeecc5c5fbe277f69f910b6eae14a850ee7b44cd0c05
Sending 1287709971177930000000000000 Beats to 0x965d023d514B2a7cDB4165830712ed6900a6d6b9, Tx Hash: 0xb4704c925998e8cfd51e87bf7a6436b15efa500f9fed9ecb293a5f0e4586448c
Sending 8656965085836170000 Beats to 0xA3366Ea2D8e7e5eBEAc634D4BB6766B369D61420, Tx Hash: 0xf4447e6e899ade68855c505691a03a7b706725aef9b56bc13f8bbbab2b7082cf
Sending 5150839884711730000000000000 Beats to 0x35EfCe5f4bd52356e8215BCB9dC7687aDe6B6400, Tx Hash: 0xb83408ff5b7567adfe8ac900fec2bb798a99749cb737a68a2aab6e4fe4b1eee9
Sending 7726259827067610000000000000 Beats to 0x0aF7d613b3fe444999f2e136d765414f5cc59e8a, Tx Hash: 0x33114a4b9333563201f76cb2740fe02a8982ee30ca465323c7fc5cfb5e698469
Sending 2832961936591450000000000000 Beats to 0x3247E9a9B64BaEaA342d22e43b0E7E34c678E265, Tx Hash: 0x177648e340512ebffc1cf33c36f4ddc31696a16c0e7b11f9a4eefc92b3a3a749
Sending 540838187894732000000000000 Beats to 0x98de4611DbEb65aBC0C86f16BB6495e7a013c511, Tx Hash: 0xf832f4f23b41a3f0b9f6882bb69f2de0f875ae43801819e1d7c5ae0b36051c2e
Sending 257541994235587000000000000 Beats to 0x98de4611DbEb65aBC0C86f16BB6495e7a013c511, Tx Hash: 0x0342db343deef1b2a042df43cacbe4ac0f54e29bc3a1267934a7d057dbea2a06
Sending 706672053402969000000000000 Beats to 0x253584543D8273444dE5A029B5a56D083958190A, Tx Hash: 0x499dc69ece32b3d9fe01de47a5c344c968b45aa838c2fb2342770852d5fc7e0e
Sending 515083988471174000000000000 Beats to 0x965d023d514B2a7cDB4165830712ed6900a6d6b9, Tx Hash: 0x80c98900aca3e495c7ee468411c6ddee1dd58e7b9d7605075309d3bd54a44c2b
Sending 594922006684205000000000000 Beats to 0xBb86ccb4eF165535Bef08BFC616a171855c27885, Tx Hash: 0x23574e57d33750e1f5d1db124cac9ede184a0876b8b111f20ce58aa5280562d1
Sending 107729816188746000000000000 Beats to 0xBb86ccb4eF165535Bef08BFC616a171855c27885, Tx Hash: 0x056b68f4f69dd922386b48f2e607c9a9a0c226fa422ed6926878802ea0eb8888
Sending 2317877948120280000000000 Beats to 0xbB3D74A438DD479717Bf75D691D0F3270a02D6Bb, Tx Hash: 0x2850ff37dbb5ffb5d2c493d8682a240c757e212755b3d31543f1678debbd9e5b
Sending 2317877948120280000000000 Beats to 0xbB3D74A438DD479717Bf75D691D0F3270a02D6Bb, Tx Hash: 0x12acf2afa28fa775197ab2346f94f6fff92460262dd1c09e660e9110320a452d
Sending 463575589624056000000000000 Beats to 0x15F0E26D8dC19eF282EC7a7Ab9F7503AE806f141, Tx Hash: 0x7da4b7667f2862d3dee9db527708970a5c6b3edf71c5af62594d8095e6a6d608
Sending 1154303218163900000000000000 Beats to 0xbB3D74A438DD479717Bf75D691D0F3270a02D6Bb, Tx Hash: 0xd7d21afb324c74b490b7098586ab1a69a9e2c173a1bdbda6107050d67ce997b3
Sending 81977239658337700000000000 Beats to 0x4de9F6F29B13EB437C8769279AD04924a7EB0d9A, Tx Hash: 0xc6344b6ca2d618d3f11b8ab51424fb8fe0bd1c1072d96f895c9a7e61806bed58
Sending 69536338443608400000000000 Beats to 0xF3BBC28172f170Cc840158E44815649ACfB1Ee9B, Tx Hash: 0xc716c681f5dd1e6e36859ea2a5578b631fe7cfeaca56f633b71fead55c82cb87
Sending 150662066627818000000000000 Beats to 0x0Af2d545B16B1B6cD2C73f40d2425588cC16c366, Tx Hash: 0x62d014b475d5c6f62d757379ac38429264d354d48ea252f14561871f3f62674e
Sending 1158938974060140000000000000 Beats to 0xDef5BB9Dd46eCD69eD3020A78BEfBD4b645edBDc, Tx Hash: 0x1013a336361dfbdf0e2c0bc02384346ccd34e9bd3f38ac6444ecc49d124487bf
Sending 303746315711422000000000000 Beats to 0x43296325cDC248D86dEb2f613Ff1E4D8563d7A2a, Tx Hash: 0x1e24cd2f7d5d5c5c8eefbe16bc5d696981d1021f881ebde5f8fe326e3fce4272
Sending 4403968101428530000000000 Beats to 0x5cE18C3B827C4Dac1fF0C563460869aFD25B4b19, Tx Hash: 0x365998454c4e2424a02e558648b38fa32acb68fdc2afd131f425565fbc66f3a8
Sending 66453560772608500000000000 Beats to 0x1921FAa0f7739Ad9C78056C7F31c602b3c7E5c97, Tx Hash: 0xfecbb5480fa63bbcd3862716513f6bb731acb0bc86a9987b87718bd4652e93e3
Sending 3587040725121100000000000000 Beats to 0x579c9678ad78EaFEA39fC652990447e885244E1F, Tx Hash: 0x2d7777d2495f102ad18f84688a88deac9631ff50d56c25dac3f8ed3e42ae50e7
Sending 374056825389703000000000000 Beats to 0xDd3386c673Be94A58bc74d0bc33C1Ce510c8E76d, Tx Hash: 0x36daf1a6652c414c9609c387861b70698a39e627610b9bc00a349d870510b55b
Sending 579469487030070000000000000 Beats to 0xe0C9a710baA7A11C45EdD2158A9c8a240aa08df3, Tx Hash: 0xea37064d688046fffcfa024a6bf1cf4501da5d32a99a705ce61b54dd3fddde8f
Sending 1158938974060140000000000 Beats to 0xd04134a6Ef057274506acF53CED2958829351C04, Tx Hash: 0xcfb89c0ff071ab5dcb03bf69fc6b95093cb256398645e6ecf5f5cd6adb4d9645
Sending 2316719009146220000000000000 Beats to 0xd04134a6Ef057274506acF53CED2958829351C04, Tx Hash: 0xeffbd2c834f230a6d14058d367be81bf4f11ad9effb3b447b158a0a870ea9378
Sending 463575589624056000000000000 Beats to 0xF5D7B1B20288B9052E9CbdBf877A19077EdB34d8, Tx Hash: 0xd46746f5909c4d7e3b2a9a01390c34499032339ca94635f10b149eae26d31cd4
Sending 927151179248112000000000000 Beats to 0xE726fCF4E6FEAA807792efbCb9Ecc80072660cF2, Tx Hash: 0x9cc179bc891f62d7aba0883794adcd42aabbdc02cd42dbf07d809659e8417976
Sending 2317877948120280000000000 Beats to 0xD1C4c78472638155233A1cB9CECEBed04C04E9B8, Tx Hash: 0xdab1e791ed89c178967a13073df9c60a50199cb3125a58c6bce9fd72bf24d2b3
Sending 693045506487964000000000000 Beats to 0xD1C4c78472638155233A1cB9CECEBed04C04E9B8, Tx Hash: 0x856e151d36bc91418536f10052f7a9738763b84b0866ed9ff0372c8b51326bc7
Sending 1158938974060140000000000000 Beats to 0xD976891378bDB926e87E63352c620970287cE9Ff, Tx Hash: 0x253677197bdacb75323b5e2dea60cbed6c24299843c9c45f5074c08af02ca59d
Sending 115893897406014000000000000 Beats to 0x42C97dC4f2F50C4854D0FE645c81a15214b1ae1f, Tx Hash: 0x8517e6d4bfde38a127f903cfc94ec79492e7c93bc326f4714ed225b7c0bc3af0
Sending 4422771856868790000000000 Beats to 0xeBDa6A6010e6a138463B9c2eE9A6AB048e5D0a54, Tx Hash: 0x76944a9347a01146aca7f61e35e536618832401a777712275f12b3e1a33aef88
Sending 46357558962405600000000000 Beats to 0xB76756D45ee4683756Aaf257a6A8eC093FC6ED0b, Tx Hash: 0x01d14551a70feccdbd70a955fcea962930b205283d9eab9264fc746a4f0ae6dc
Sending 927151179248112000000000000 Beats to 0x24B4f85307a182F0e8d373b360B2547F2C1C783C, Tx Hash: 0x7d9d97067acd79b7ceb6ee9badfa692b83394af79e1ebbea76b54c19dbbae12a
Sending 579469487030070000000000000 Beats to 0xB0B734CFC8c50F2742449B3946B2f0eD03E96D77, Tx Hash: 0x435fb46837b2bca32d1741e2dd0ba7f10768ab8ae593a23678dba63a09f3f0c7
Sending 150662066627818000000000000 Beats to 0x32A75C51EA891707c2Ad76a5780b37F5bfD725AC, Tx Hash: 0x3ef2c317e74655c1b959e2c3c88b8281e40d70f0b9858533fe70315b5295b9e4
Sending 2317877948120280000000000 Beats to 0x80fD7eBd413B53bd0470CA5Bb4349BE30728ad60, Tx Hash: 0xc920111bf1446f28a6b698ce949381f907c920cb7e6f55f664a68714b3a3ef6e
Sending 852979084908263000000000000 Beats to 0x80fD7eBd413B53bd0470CA5Bb4349BE30728ad60, Tx Hash: 0x229dc02555bd2a4eb30c0a3995267a493ddf8c421121ab26fc45e7f4d14df609
Sending 2317877948120280000000000 Beats to 0xD15e6Bb0804bb234fFd7e6eC1bb22b92B70C2a15, Tx Hash: 0x92390c5efcd78eb51825b9cd45f248f5da57f9938dec495752fa9795a5efc8f4
Sending 1214568044815030000000000000 Beats to 0xD15e6Bb0804bb234fFd7e6eC1bb22b92B70C2a15, Tx Hash: 0xff69b8a0e858417ba7ee23d25b5e1853678894c9665a891d00eb7cc90329478c
Sending 347681692218042000000000000 Beats to 0xe0C9a710baA7A11C45EdD2158A9c8a240aa08df3, Tx Hash: 0x94b5efddf1aaf62c08b3474ecb20536cfc164eb705b9b8cee9b15728f6b57dfd
Sending 324502912736839000000000000 Beats to 0x5D759cBc617284f6392A323c9e90E18f752dEAe3, Tx Hash: 0xbf0f6bf26b7e8c37b20d38994bb210025acc32fad03ff4d02846efbcaa7b6dbc
Sending 231787794812028000000000000 Beats to 0xe0C9a710baA7A11C45EdD2158A9c8a240aa08df3, Tx Hash: 0x3cef3068dd5996c15fa2b3cab859aca767b47e0749b990151ed20380635283ce
Sending 1828805701066900000000000 Beats to 0xCB12038A1794849Ca975E0EE98195f49687A71E9, Tx Hash: 0x6b78d445646455c1c33fae7edb27d8daa1fc437ac875dd80b09bb3a1f4526885
Sending 107269073561058000000000000 Beats to 0xCB12038A1794849Ca975E0EE98195f49687A71E9, Tx Hash: 0x397acd1a36f8ef34f8f9da969ecdb00e481a2e4797bd8d6baa80b47032fb6563
Sending 2854860732361310000000000 Beats to 0x1793a9D2752A0E65EA66e1D5F536d59717D622a4, Tx Hash: 0xb405b0205e16c37b240cbd981cde4f6e6ecbc41a2f99378a7d97449723383a8d
Sending 30132413325563700000000000 Beats to 0x4bf4fabdC36C1f8E33EeB501A48d7426D9241896, Tx Hash: 0xb33c831841b4d2555f25e193299e72e8fa5ed92a7e206a4cf5c3a8344562c503
Sending 62582704599247600000000000 Beats to 0x8a463603daAc0F4cfd72255F28d781396A7ed1e8, Tx Hash: 0xdd97d8e83fb5f4696be7e0ecff02a43f4990ff84429d1b3f583614e585bdc6ac
Sending 243145396757818000000000000 Beats to 0xB0B734CFC8c50F2742449B3946B2f0eD03E96D77, Tx Hash: 0x472a802a35fa2c2d627092a2fb6155882ee14ecf9704d3a98444eeb9512446b9
Sending 115893897406014000000000000 Beats to 0x0d11d0E15a57A05fD21865492e516B3FAE67e0B9, Tx Hash: 0xd0a19ccf12cc4f756c7ea16bdd5f05a68eee5cef6589cdf06c8bec994f320346
Sending 1158938974060140000000000000 Beats to 0xFf8c8A26c47013C976D522E5CE6E17Ed74D585AF, Tx Hash: 0x1234e17be01d4391c5e5f6a1b82a1248479f617423ca1268d99a1935fb19652d
Sending 649005825473679000000000000 Beats to 0xC5787B68B52A994Aa9Dc9cE9f7A4F8e1694465a5, Tx Hash: 0xb496b9e23fc84579f8990f8bb99678aff1c92cef6cebc25d9dea4d24069fad00
Sending 46821989848992500000000000 Beats to 0xA8619E6830c4069440f9a6819EB16bEe2da05227, Tx Hash: 0x4bce2bf33ea2b91d915cbf55775a4733edc46ae71f7de63eae5d190b577a2cad
Sending 24840697970005100000000000 Beats to 0xA2aC084122842b18E368E13DEeEcE661eEE29F83, Tx Hash: 0x6f0e51d3f87c9dc82cee163a09eced0f37aae18feab44f8b32863491fe447e43
Sending 46357558962405600000000000 Beats to 0xB821aFE1F6b6f9EEd0B05b1cE7d9cE1220C043B4, Tx Hash: 0x07847b3e10b5ea2e8ab3661a2acc2235d5e4a8360c493f76507e6412b16d891e
Sending 185430235849623000000000000 Beats to 0xB821aFE1F6b6f9EEd0B05b1cE7d9cE1220C043B4, Tx Hash: 0xd9329baf3813be2056f1f67a741f7dff235a6b04b24c9fa01f8296c4a366d4b8
Sending 20325471727066700000000000 Beats to 0x1793a9D2752A0E65EA66e1D5F536d59717D622a4, Tx Hash: 0xd1c04c2fdc9b10e87dab74b06b2bd7e713092d7646bd8e76d96a9417b6d50006
Sending 296688377359396000000000000 Beats to 0x6b2615167103190C7f0F5D2800e11247675b64eC, Tx Hash: 0x1e19dd12f05ef79fbbc382e236d4b67d9cd90f4ff7145e29aa1539069ccb4a23
Sending 231787794812028000000000000 Beats to 0x3205a3Fe0FEb25b693316072D07C49405f4821CA, Tx Hash: 0xe2483dec4478fa589c75a456fdf7907e63824c8cc36254ae4c78f73c26ea98f8
Sending 129404230325691000000000000 Beats to 0xced2d8a158EdAbae3BeBd59325f54eC21C27F2b9, Tx Hash: 0x7f8bcd0bf818fc53fdf2f2f245fcf0c9ba6dded5c2f6204ed75bd29080f2e01c
Sending 231787794812028000000000000 Beats to 0x98D7a623705a62153D6E88d43eA745708BECb7FD, Tx Hash: 0x19401140c84e6934c2abc467910a99ea163eef723dd0e6e3b4e725a6315ab423
Sending 2317877948120280000000000000 Beats to 0x9b572c432e81aaB3c217e74E8C35121Bc512b656, Tx Hash: 0x98f22c6e9480140e6d370c459958cfbc094870ae0683551c589763baa3c7e8f1
Sending 39403925118044800000000000 Beats to 0xD976891378bDB926e87E63352c620970287cE9Ff, Tx Hash: 0x8da709ebcd974a0910e1461c73d229854d139b063eb6c49f77d0ee46fef0cfca
Sending 136694534112445000000000000 Beats to 0x4d620f510a56819e5122c4129Ed6a82c198e99A8, Tx Hash: 0xa0def23f380a392e80e7fd2d2ef8052ef29c44cb55c0a65d36f5b165893118d6
Sending 73924081399400100000000000 Beats to 0x4d620f510a56819e5122c4129Ed6a82c198e99A8, Tx Hash: 0xb5f3a85d2c532153237c9d0cdb9aea31cee66b010fd08350880b116200099214
Sending 2549665742932310000000000000 Beats to 0x83AE044DB86C835Cd83233D800D5d7F9EA447B0B, Tx Hash: 0x6157c28e969c6c9615c3e1d5b22fa159796a6b47dcc038dfc304c18e16222c7e
Sending 231787794812028000000000000 Beats to 0x13fFD067063174c330b61a522784e5B28b345339, Tx Hash: 0x4b71e68a30cdfdbf085368fc7f1757034a04b93a56a00e14f57eb66108db9886
Sending 29749963464123800000000000 Beats to 0xA2aC084122842b18E368E13DEeEcE661eEE29F83, Tx Hash: 0x4c9f5a7b31796aeb03f3d04e148b41d0313586ab4b43af06d5f352c8bc37ffe4
Sending 2269202511209760000000000000 Beats to 0x0d1A4A73569f977a2c61E35b8efda0C27c46f294, Tx Hash: 0xf6d79b092e79f98f7f48a46b27f10fcfff862bd148950e3a56923338ca642164
Sending 231787794812028000000000000 Beats to 0x4440fDddC07597Fc01bEb8fb97b6974238C3E0dE, Tx Hash: 0xb42b1c98a00696164f47d36b01e270a435095a23b1c367b5196988273f96e59b
Sending 23178779481202800000000000 Beats to 0x0CeFCf0fBa4ab6F491Ba4C1BC7ECb4A90D0A54DC, Tx Hash: 0x53c31418b6370ad91b54b8eae895df35b42a2b3373e273e1d0ba3f42e149cb11
Sending 231787794812028000000000000 Beats to 0x0CeFCf0fBa4ab6F491Ba4C1BC7ECb4A90D0A54DC, Tx Hash: 0x2cda6fe17479429b2a01a6b8e7f11ad7d06513af7797bacdc4593527c93812a4
Sending 1158938974060140000000000000 Beats to 0xC6A9B0669262FFd606294FB28D308B647C4c2cbf, Tx Hash: 0x4ec1068d0520753733b13cd8cff5a1b42427ee95e25e62069abc6e281c50eac3
Sending 115893897406014000000000000 Beats to 0xf3CFEE4a574c22789BE6C483370a0a36f21Bc1D8, Tx Hash: 0x65716f337b6ff244d14d45264ee27f2ec046e49202092aa7244456001966fc56
Sending 347681692218042000000000000 Beats to 0x4440fDddC07597Fc01bEb8fb97b6974238C3E0dE, Tx Hash: 0xb470384918a830bfbbc23e12beb7155b621f9fe3db6c85a55c897c8818b32f48
Sending 1390726768872170000000000000 Beats to 0x98D7a623705a62153D6E88d43eA745708BECb7FD, Tx Hash: 0x5a9ab388c1307e0d88e6b4a18385a77135468e6d8b247960a3c8da2e18b62117
Sending 115893897406014000000000000 Beats to 0x70974E1b2e5557AF2ea18189037aDE2b89b2ec61, Tx Hash: 0x2255e2d9da620dfc6e71b40dfa9c72c8ae0ae60f0fb056023470e454cae81a8f
Sending 231787794812028000000000000 Beats to 0x4440fDddC07597Fc01bEb8fb97b6974238C3E0dE, Tx Hash: 0xe9d220e39321bd784a5e133256840763acf1ff6f93cfcb2e4deb1dc943d8298d
Sending 1158938974060140000000000000 Beats to 0xba553713885EC425F7483A4d1fA72c0fF937eA04, Tx Hash: 0xe70aff5889ef79bbaf3aec1b368a84801081eb115bdcd5874829c3fad5a2c7c5
Sending 2317877948120280000000000 Beats to 0x17e8565190e5B0879f28E3DDE1b3d8d22461C19C, Tx Hash: 0x958d96be68e9cfcfca8dadd88c921b4b60ee6cbd2aaf912282affe381ce9b888
Sending 184415005308346000000000000 Beats to 0x0CeFCf0fBa4ab6F491Ba4C1BC7ECb4A90D0A54DC, Tx Hash: 0x4841493ea3c51f0d97fb56e92553f6a2c35e66a24aae700007471f3df231b65f
Sending 254966574293231000000000000 Beats to 0xBf52864FeB04CEc892F4368BB7A285955AFfFcE3, Tx Hash: 0x2c2f217e8eb59806b3c6fd9297d9921fbcba67dca0797896da0cf2f60f133156
Sending 231787794812028000000000000 Beats to 0x89D04aB19C5590b887Bfc87ABB50B9264Cb6438d, Tx Hash: 0x86235f5496e237c62537bc10f33b94ee7915e37b14de4a4f078b59916b01cc68
Sending 231787794812028000000000 Beats to 0xd6407F4cF659f971fA49759a6C94B477080E32ad, Tx Hash: 0xa18d6834cfc9de94892738365fcdd92eb3674036b76f4a67c790b6c430718a25
Sending 2895259027119100000000000000 Beats to 0xd6407F4cF659f971fA49759a6C94B477080E32ad, Tx Hash: 0x0de4405d5f8fd8d4893a1d772b3d2bae5071627a01e5326a193db7be952a06ba
Sending 6953633844360840000000000000 Beats to 0xd6407F4cF659f971fA49759a6C94B477080E32ad, Tx Hash: 0x011ffbd8f7170afed6ebcbe70d394250c474906b2a6fae4bfe920739cabcf143
Sending 9271511792481130000000000000 Beats to 0xd6407F4cF659f971fA49759a6C94B477080E32ad, Tx Hash: 0x4dd35d01f685252e88a954293ded684ccfeed37c1de94d449cd83e616b5e7b70
Sending 4635755896240560000000000000 Beats to 0xd6407F4cF659f971fA49759a6C94B477080E32ad, Tx Hash: 0x8770b3e971a6c9eb74bd7af8ec98ca4103b8006b581c3c49047dd7ca130a7c59
Sending 5196445936134960000000000000 Beats to 0xd6407F4cF659f971fA49759a6C94B477080E32ad, Tx Hash: 0x532064638ae9a7f912e019241927de378c4fe7c5592ab3e0d8eb2092c955ab67
Sending 1275278483501680000000000000 Beats to 0xa2FE3C73e23AA9772375CFF06B118cC9f4d27249, Tx Hash: 0xce0692d2355baa7153e0821a2fe9903981e6ff1b3baaba1f0f99a7ceff76dc3e
Sending 6464901449674350000000000000 Beats to 0x83AE044DB86C835Cd83233D800D5d7F9EA447B0B, Tx Hash: 0x0960db1d94f233afddc70fc40d5d74b064ace8d596a94fd7f908e77e61f63cce
Sending 2317877948120280000000000 Beats to 0xC046a433C09957Bf06EAD0f34348Fc1384971e4a, Tx Hash: 0x504820070863e21d84b60a715ed3f7ae5b56a16eb36dbbc3cb5a2d34932b389b
Sending 331506233709878000000000000 Beats to 0xC046a433C09957Bf06EAD0f34348Fc1384971e4a, Tx Hash: 0x38fa925c28937397a4e2e3c30943cc092ef69b4b6c84fc2fed158c8bac3bb711
Sending 166887212264660000000000000 Beats to 0x0C40cdecB2c514327316c460D36C2Afc0FDc8ab8, Tx Hash: 0x808db7f8e09bce7c82a3e026889dfbc6b87fbc0f5f28d4ee9cdb6208a2fd2e48
Sending 695363384436084000000000000 Beats to 0x17e8565190e5B0879f28E3DDE1b3d8d22461C19C, Tx Hash: 0x9132ea677649776b2628ccd6a84b927aa42a7fde70a7e5d498168d5347c858a8
Sending 463575589624056000000000000 Beats to 0x24B4f85307a182F0e8d373b360B2547F2C1C783C, Tx Hash: 0xbca3f0fb0c5ece9cbcef7fc09a42190fd54b3a432e57c9ffeedcda53aa498e8d
Sending 252611610297941000000000000 Beats to 0x0d1A4A73569f977a2c61E35b8efda0C27c46f294, Tx Hash: 0xc22e14f814dc385a023fa241703fdc9f302fb47ace4a4c331fee4994b415ef4e
Sending 115893897406014000000000000 Beats to 0x5BA97E16d5B25E63aF7934471a0C7ed49f8df8Ff, Tx Hash: 0x50cc418990d0b3e8f6e2ee19ea33d4165de5cac5e20edd2495489c0f263c364e
Sending 180794479953382000000000000 Beats to 0x9a6567989997Dfbb90a0C802AD4db4714D71cBBf, Tx Hash: 0x915f7a67468f3c75bef1f09b376d62dbb6e20b24a693ca18323a14a17a866c84
Sending 86920423054510600000000000 Beats to 0xf84c368d23B7F79102e29008f1a9680B7A40019C, Tx Hash: 0x374118c01ea32936c8fc6133080eef631b260985f995139f0ad385b7e06a3624
Sending 25496657429323100000000000 Beats to 0x7B87952b9E7480Fa4766870105e6436D86009727, Tx Hash: 0x6dd36ceca2d9cd94f303f91829115f1759801a0517c81e157d4be34ded407915
