Sending 5582758529232660000000000000 PLSX to 0xE07137332370A3F6931FE49c9557f05163A32ff9, Tx Hash: 0x1b16d0c331044d66de47668ea22012ed1b706923dc10682e6032854743667968
Sending 4652298774360550000000000000 PLSX to 0x12a39B66f8eda3581ff6Be04e8fFD8F5FeaABE11, Tx Hash: 0x1a5b806aed9990f481b801fb4398661edf26d019124ffed87d2df56c348b7ea7
Sending 2381035848193230000000000000 PLSX to 0xdcC41153d174e5e8E808825e427FCdaE8A0272C1, Tx Hash: 0x089e09eb1f7158367219dc8007e60de9db27b894cf7dda43751743ff17a5b3c4
Sending 1628304571026190000000000000 PLSX to 0x35EfCe5f4bd52356e8215BCB9dC7687aDe6B6400, Tx Hash: 0x8d5564bed0c2bcd48d4eeb8690cbd0856dae86ee946ded0b28754a160680f1cf
Sending 930459754872109000000000000 PLSX to 0x965d023d514B2a7cDB4165830712ed6900a6d6b9, Tx Hash: 0x10b3409a15b0b2bab9cf8b5bf30c04c9d61bc845c823c94a2881b567836ba7ef
Sending 179113502812881000000000000 PLSX to 0x965d023d514B2a7cDB4165830712ed6900a6d6b9, Tx Hash: 0x3db9fd3986276d98c76a84e3a6ed4f6adc2db78c65ad3d182eef7eef0e8430c0
Sending 139568963230816000000000000 PLSX to 0x12a39B66f8eda3581ff6Be04e8fFD8F5FeaABE11, Tx Hash: 0xc5da3b52c5a76f16d82017524b8c07305160010bf829e4e495c777a2bbcd312c
Sending 95837354751827300000000000 PLSX to 0x965d023d514B2a7cDB4165830712ed6900a6d6b9, Tx Hash: 0x21fbcdf639d0395d9faff2dc741ad07467f0e687700194c48506d9f0f6d48c1b
Sending 2093534448462250000000000000 PLSX to 0xE07137332370A3F6931FE49c9557f05163A32ff9, Tx Hash: 0x0985969ad20affaced3d80071d86e168920b48609b41a9b14ec188fd4de2ff0c
Sending 165739431844503000000000000 PLSX to 0xA3d9d90D4444a011f38e774299E4BB5f0129A954, Tx Hash: 0xe2e9d11df291c3f15c7e4424530457590647ffe1aad643a1edbc1d9b2a379bd6
Sending 4419683835642520000000000000 PLSX to 0xb731FFdF4eDb64ABAC3ae547914B78048683FDa7, Tx Hash: 0x2bf26a54e649e7df929f18e9286aff4b1ed663aa4ac640b2785f9a13f6630a3a
Sending 4419683835642520000000000000 PLSX to 0x30a50dFDa3CD56EA15609973Ee082408975766ae, Tx Hash: 0xa5e57cb55f06576f82c6f4b365b7d3366d3f91cb936d8d711a187f986ad3d9a8
Sending 2209841917821260000000000000 PLSX to 0x5f4E56B228Ac07920C155BfD6b6c3946E9D08104, Tx Hash: 0x160e1624d92094da952d7e9137a72c3e4712f550e9e8b7eb96d9c0e2b15a2286
Sending 1856267210969860000000000000 PLSX to 0x89A38e29452B809558942985F5ADE9979d3bC4CB, Tx Hash: 0xc56f36c2e708d86a385da9a8da87389857f7cb27b4ec09a1c766417cec3edb22
Sending 16748275587698000000000000000 PLSX to 0x49668f3D17459aee64B0903EB8Db0E548AaF9A96, Tx Hash: 0x1fa6c8121331cad4931929cd5d5e2b55df266ad1a168c76cfc8bae35088cdfd1
Sending 4652298769708250000000000000 PLSX to 0xa1Aeef99D3A5A0ce2BfE26304523ef725d32A767, Tx Hash: 0x7ceb07c073374d1bc0fba6af2188f241c96528b84701ea9dd1f7b997bb682a35
Sending 4187068896924490000000000000 PLSX to 0x236D1eE6a984F1B8A0f5e78606fBD16c02ea8420, Tx Hash: 0x07d68f5908bbc6dc18e7b57ade12fd5b2482f5e75ee93ccbbacaf73cfb6fc32f
Sending 4187068896924490000000000000 PLSX to 0xeB973C21d1F69384025cbD401bFE05A83492E0e1, Tx Hash: 0x472c95583053b8ce39067e039944c0c6621e047b3e05be616bd4ce877e98a1a9
Sending 3829895749221790000000000000 PLSX to 0xd6F28BeE6f75Ad07870063E7D3BFf68771720d5f, Tx Hash: 0xa424a894f7a181737acda269d822c080ff2a74756dd3628d6075278a5b1cb558
Sending 3247894377133120000000000000 PLSX to 0x770182aa0a27B5C2AEd56664D1CaB045982Db057, Tx Hash: 0x8f92ca991151ef1927e56a439bc824feccbc83c2e7aae8c4dd9ee30271db50dd
Sending 3133970354405040000000000000 PLSX to 0x062Bd3C0b7540f327BCc2097791a56368f2c39b2, Tx Hash: 0x45f17dc347ad39db5c7b660876f5616d5f849f8c3c882dce2ce8db0da36b8214
Sending 2289664212599090000000000000 PLSX to 0x07E07E8384fD3475543356A3ABc49D904cd8DE60, Tx Hash: 0x0e5af64bc597ab003d4fd070c8d2749564e44ad502ab9e60dc00444af59d5f7c
Sending 2112483461034930000000000000 PLSX to 0xfFa42d97E069211e1F8CB6B89E5837D45d48754F, Tx Hash: 0x1fa714ba6632129ed93f219d30831c24e16684e6084e437a05d73e7ffdf9ff4d
Sending 1884181003616020000000000000 PLSX to 0x977473E115E4f513106C9D6a223e22FCA5401278, Tx Hash: 0x17831d6f6e622d0c359cfa1a3ecf1103aa6d51712d22641ecc64697b9d282ef1
Sending 1884181003616020000000000000 PLSX to 0x1Cf948d8B22f21f2991f186eA264580E152bbDFA, Tx Hash: 0xea9e8e5e1dd1df818bf01c3a34de0fe7b268d3da6cb2725c265a5be8c5734965
Sending 1869513701270100000000000000 PLSX to 0x035D459eAa14c316611a724Bda24ab186b42a70a, Tx Hash: 0xfffc7d1f747d1be7f40845cbdf1f96deb83821d4556f4a76533ad9b6142411bd
Sending 1779504281192910000000000000 PLSX to 0x43296325cDC248D86dEb2f613Ff1E4D8563d7A2a, Tx Hash: 0xdead75851372e0c89d3b28354fda94197d797cf9c4148e1b697e682d99d236cc
Sending 1758568936708290000000000000 PLSX to 0xa9b0E7e513D11227f3549D67C98950f4752c27d6, Tx Hash: 0xaee384152880d698c4daef352b4dd262b498e22db849fc542f2b66f84347e99d
Sending 1674408851880100000000000000 PLSX to 0x12D95C8426699c0c8eB36aCAD5905867CAdbeA2c, Tx Hash: 0x1a009b244c1b82d3b30475c7950414461034c63fe195e28f570296b8a7f04f17
Sending 1637143938697480000000000000 PLSX to 0x96b06F7b6199cF9247f464bf40Bd57BCf1f64280, Tx Hash: 0x3263eb5f8afd7b384a9bfdc408666ad55a79bb654ae0dab1a2ecd2eec4fe2820
Sending 1570150836346680000000000000 PLSX to 0x6023C7b112db854a32022793650752ddD823999f, Tx Hash: 0xd320e3ce020944f60a0d3a3f76ce4102392c5387a8b7b5068da1d355c8ce830c
Sending 1469248278429500000000000000 PLSX to 0x81571E15105c27ADB402C29D63C235D24900C204, Tx Hash: 0xe812811ec5048fd2fe21c33d0d9229e7526a8cf8ea20f8948597cdefb0d91345
Sending 1465474113923570000000000000 PLSX to 0x0aa80985EBa2010a76F3Bd17eBb070970317E5D2, Tx Hash: 0xa99e4263cecab130fee0ea9f4c0a63a4474430946f07818d212c6955900b6c3e
Sending 1402668080469710000000000000 PLSX to 0x657E9377b5eC2835001d8BFF2109d58859258A08, Tx Hash: 0x85e011dc100aa1f0aa652615ea10b6ae7aed280624b31c1a04c0790a8ea9e8d9
Sending 1194152049402870000000000000 PLSX to 0x52d9bEA5da85F6Eb42eEf03B1A6C4082BD077914, Tx Hash: 0xc4727504ab6af511cbdcc66d7a09129c3edf28a38385db7798ca5c5ef70b3e9b
Sending 942090501808011000000000000 PLSX to 0x6DF95c1F5AdD9cE98a013AD9809782d10272c6b8, Tx Hash: 0xd5525a6f8d1665f7b9850fa116747fe88839a3ece3b13cafc8a51e5e4479fe5d
Sending 921573864213081000000000000 PLSX to 0x5D052e31f91C6afa891aB170e55bfFcEB575aAD0, Tx Hash: 0xdc84591f1396553c167a7b34a13224d6aaa5afeab3222924203da44f028535a8
Sending 879284468354143000000000000 PLSX to 0x6DF95c1F5AdD9cE98a013AD9809782d10272c6b8, Tx Hash: 0xed2f0c01134d93a3bcaeb51f3c1b1fececa20019b0747171a6e3aa1f9fe185ee
Sending 837417966453795000000000000 PLSX to 0x218249ea4C2b58F6a797D63CF5946a6dE77204cC, Tx Hash: 0xa4ea0bcc6601652e974e0569d73f1db94ffeb346f93e4043114fe48cd766289c
Sending 837413779384898000000000000 PLSX to 0xF5D7B1B20288B9052E9CbdBf877A19077EdB34d8, Tx Hash: 0xf67629e416eb029785dbb0d175c3d6aae78f4e14596d7170853d5822d6d0c808
Sending 837413779384898000000000000 PLSX to 0x925b93b356a503A1b6430A501b2e49936F9265f8, Tx Hash: 0x4eb4e1b5cb5f255f447a79d4abb7e41ceda45d86140a5505252aa4297108e3dc
Sending 837413779384898000000000000 PLSX to 0xa9b0E7e513D11227f3549D67C98950f4752c27d6, Tx Hash: 0x39aa8fcc6db6013d6d57a696cde5f8a990c1e928495cf07550566e317eaef93a
Sending 837413779384898000000000000 PLSX to 0x9d0ca02D23E679744faf810eF06931C0Ba41Bc62, Tx Hash: 0x9f8032cd76640c32aabbc78754db3a76a78b2e46bf36094558f3ddac28c97374
Sending 837413779384898000000000000 PLSX to 0xE03bEafa7Bf7D5446a5fcd66633f18ceFa814AFF, Tx Hash: 0x3cfaebe99e21d813d169f0a57a6369ec9e9748744f5568ab9a7fb702b9d5ab08
Sending 837413779384898000000000000 PLSX to 0xFaDcb0Ba7ec37674AB3C153736498084b163C317, Tx Hash: 0x48657cabb829c121cf4fd18984465081c3d06e69efd99c789c79fa4d6041740c
Sending 820221877090731000000000000 PLSX to 0x4E9e726aBDb0cF70217AD197f571602197a92eD4, Tx Hash: 0x22f4ac39e133033179a65c82d51190d0c3a4ebfd50de58df9f035de99ab34ad6
Sending 786732478070135000000000000 PLSX to 0x813A8bd65C0e8c8676AAb1e55751486C9E272CBB, Tx Hash: 0x5c3c33f2ce2ffe0c4fc932ee311f95d9a9bf467d6302b73da8e2f263a627d872
Sending 762046539240258000000000000 PLSX to 0xcBb4c9d7B426cD149A5BA5Cab3A580516aA293d1, Tx Hash: 0x4e7e744e8f280a83aaca43d61a04e192c3611bb5337ef71bdb98cbe81acde093
Sending 727520013927695000000000000 PLSX to 0x3b993a2B5603b63b9361f35Cf206329997ED5Ddb, Tx Hash: 0xce493c71bed13888b9475a87b2c7ccd75dfa2d7352cc085c5d30c3a6ee5823bd
Sending 707614643580239000000000000 PLSX to 0x8361914090997BdcF46D50342d01532F73054239, Tx Hash: 0x9d52f4f7ece993c4e36760a73ec3610ec2177e51b3c31e4b232f399fc73720f7
Sending 654857575478991000000000000 PLSX to 0x7Ab9B0Ce6A78ccBc9f056FD1C51a6a894015fe75, Tx Hash: 0xe190d50319ee77610f68ad4860c5bb37b478f3e1e663d7c6e6f4311ab469630c
Sending 644554159274429000000000000 PLSX to 0x770182aa0a27B5C2AEd56664D1CaB045982Db057, Tx Hash: 0x6cafd968770138fac1358a4942e03719a6cf264f677d7d3aea9a1d315f480455
Sending 628123140572128000000000000 PLSX to 0x9381F1B403004b7f83c4C83444cefFE88727aC7e, Tx Hash: 0x68688a2d5e3e351a9b1fb03cf44a409929835999a69c3bb1f9ca013e63ad9803
Sending 628060334538674000000000000 PLSX to 0x0b5E6eD140D0e0C577Cf85666Ca64E06d7eF9707, Tx Hash: 0x2c84644471037f8e17439bb31589b5844fcbe412a15c4c937f78f4ffa45205e3
Sending 628060334538674000000000000 PLSX to 0x2979434A4Bb3E1256146f1345Dcd1270a086da98, Tx Hash: 0x8dc27fd2fc4aeb43f2c6c7b4d865957f6fbd290bc3efc8b6de6dffb092cc628e
Sending 628060334538674000000000000 PLSX to 0x1E6ac7ef902913c3546813eA3EE06Eed36C356D9, Tx Hash: 0xd92a6cf9e2be65afba3a3541c5a02cc1f9e73eceee8ceecfe4615ac05c8199ac
Sending 628060334538674000000000000 PLSX to 0x3dA722565045a9C3737d7D8A612721a839bb6409, Tx Hash: 0x3a273d79789e1421dfb3a786d803aa04ec2893cbeaa4361f3a7dc9e4d092ef1a
Sending 595147150571985000000000000 PLSX to 0x08Cc447ce51D76A073A40F07D14d0f4B1A017150, Tx Hash: 0x08820d66e5186d475b1225574a6f32af4582d64bcb5acaaa3f179498baa26fdd
Sending 586189645569429000000000000 PLSX to 0x3338E9e36C2F19ACc3Bf9b7E4EC594C59351e922, Tx Hash: 0xec384389a8e6906656b347460a270edc240fa817ff43246ce6bf23b72edda38d
Sending 573209731988963000000000000 PLSX to 0x3bD21067a31D343fd83d64DF3795Bc0B66BFa47c, Tx Hash: 0x14f0a5826e7f1070966ab97ee40e50c44a1fd7ee0aa45a22e0b42930cc2dd344
Sending 560055061778723000000000000 PLSX to 0xB6C7568F52533Ad159cafd36A57ec59B99ea1A1b, Tx Hash: 0x6edc8dae6c2cc3aa08cb56665524c092c76c812a4fb07fe655738062c6882d60
Sending 551537945420650000000000000 PLSX to 0x9DCe06C2eD7257324ECeA7312d53Ab63FF04bB87, Tx Hash: 0x759f178b0f02cf56be84ec911aa58bbceca027b0facf9e1bfde2f02f4cb5704e
Sending 544318956600184000000000000 PLSX to 0xB0B734CFC8c50F2742449B3946B2f0eD03E96D77, Tx Hash: 0x9538d80b020a23ab62148c2937add2cd71d7a828e61c72e52ac17d4980638f50
Sending 523383612115562000000000000 PLSX to 0x6DF95c1F5AdD9cE98a013AD9809782d10272c6b8, Tx Hash: 0x4c845d973a30e5cebd90ed98d7f7a4efe547e2a94e7d9632115361e3add914a7
Sending 502448267630939000000000000 PLSX to 0x221A5eb41DD77FF9b93491DB46d147469FBA120F, Tx Hash: 0x51ec7786ebd4f2a1c4e85b61cd98d6fc343d7b64bc80bf56fb7ffd01d862e0df
Sending 502370632105341000000000000 PLSX to 0x099612344304432B9990Cbd1A10952C57DF51642, Tx Hash: 0x42c9f2605b98e3b9c96f20ff260a8910fd7f5f14b2158caf67db1921340eee42
Sending 465369791225619000000000000 PLSX to 0xEC156eDb6c05E0220Ba3072E9398aE09d8aA2CF1, Tx Hash: 0xde072c1916787324cfffd8ee4b2acb2bce1e20fa69983622b4edda1ea4751898
Sending 447407301307229000000000000 PLSX to 0xB96Bb155af7328F6092d600fddE4DfF393D57833, Tx Hash: 0x161d8151910c242314c0cc4c27fb187e60f1950fee373112eb5d009172a2efce
Sending 426225463019452000000000000 PLSX to 0x795744C69b77c7fD9eB774758325ea66615b1C4b, Tx Hash: 0x15eb2e57e814a3eea1c3ea5f12e93e5f62ce82ce6605d50dd8b802f60f72dd1f
Sending 418707796048118000000000000 PLSX to 0xE65b29569b6f4b9E8e51DF114f6C6Ba9d3101CAE, Tx Hash: 0xa0272d50281222f2bd1ae9cb5f80c48d8c76203c869ad7f6e4424f0048af851c
Sending 418706889692449000000000000 PLSX to 0xe46dCdf89EE6C43A0AAfA99D2aE2A7730c98011C, Tx Hash: 0xf59a08ba25d3892636b7353682ccb66a3e51f9cd285607e71cd2c266d470719b
Sending 418706889692449000000000000 PLSX to 0xb50bd95BAA25187C1025A6551358E409FCC1C556, Tx Hash: 0x05d4a48d1b22f578f44a15680db1291bc4bec6d867b7eb0a1e2137389379dc97
Sending 418706889692449000000000000 PLSX to 0x49668f3D17459aee64B0903EB8Db0E548AaF9A96, Tx Hash: 0x9b047fc6e8c30cd63e063fb36552c1b7e6d2787c91e7ee59252e8f7123a4306e
Sending 418706889692449000000000000 PLSX to 0xC3AA44e670258787C7FF713Edf546a590Aab59Da, Tx Hash: 0x3d51471f662f8716daf960a24e39af247526e662d531bc4f017d117c954727d2
Sending 418706889692449000000000000 PLSX to 0x7601DC74Ea413B6219fB6Fa886fD1c4476d78FE3, Tx Hash: 0x4d2c5787121494e8e8ba993b2ba2fcad635c380484ac04e1806a2c14ecd24d14
Sending 418706889692449000000000000 PLSX to 0x3338E9e36C2F19ACc3Bf9b7E4EC594C59351e922, Tx Hash: 0xf9cf36e9935ac736c79fc733a2be3ff5b09ceee25aced08d66d2dc8e1e233db7
Sending 418706889692449000000000000 PLSX to 0x31de7691D4Ff4f4562F34002bfa0299A5b1D9438, Tx Hash: 0xa3e8cdef464191116ea5ba7af68373d92cc279f7f645270d3c848d5eec47e82d
Sending 418706889692449000000000000 PLSX to 0x9d0ca02D23E679744faf810eF06931C0Ba41Bc62, Tx Hash: 0xb3083d3d69db8b25f903296f0225434c54ac03001fe089263873893f846dd42f
Sending 418706889692449000000000000 PLSX to 0x0d11d0E15a57A05fD21865492e516B3FAE67e0B9, Tx Hash: 0x07ad6fce4b6dfde2d7931c400194665b82c630831f3a2d768c3097db3d9d45ab
Sending 418706889692449000000000000 PLSX to 0x021Cc9A2E07525a0fd139DB00340d2319e973D39, Tx Hash: 0xf52cfe2df7979de21597c876059d392094aa6fcb3abe19f5950f5c5c6863f5e2
Sending 418706889692449000000000000 PLSX to 0x021Cc9A2E07525a0fd139DB00340d2319e973D39, Tx Hash: 0xfbd7f98cc631d4ef8b693401df2c54fdf83b8866379dfbe3da62c238fe13e980
Sending 418706889692449000000000000 PLSX to 0x9b572c432e81aaB3c217e74E8C35121Bc512b656, Tx Hash: 0x7e7abbec90a3581820a749e39334ef0599941eaed6e092ef25c54bb0577565e1
Sending 395774292289904000000000000 PLSX to 0xc0cc853116F3b421Ebd7EAA099eDFe79d4064c90, Tx Hash: 0x18533fd34cbca2899c5259bed80b27f58cc9cc8c13054c65d9ef0ca4cdfc4af1
Sending 378381229146170000000000000 PLSX to 0x4B828f9B3BF03113751c045C11266cCe6A9d4b21, Tx Hash: 0x2fd3ea2e2c98e68d400a1f74fcd23f53356f6e3aeb7a7499d442d4b25984a8f5
Sending 377372145542011000000000000 PLSX to 0xeEdc773801cB4a89CF8D7F7C50b8400E6CaCa4f7, Tx Hash: 0xf0578cfcb122b714199fb14c84e97540fc125ac1a3ca701667138b64d20d2262
Sending 376836200723204000000000000 PLSX to 0x0c12B189B76D0fbFBb56F32b2d7CbE9E086360ED, Tx Hash: 0xb48f825fb148f5a64b177fd68ef4017a9a658a8f28a50eb471e2be78c525cb0e
Sending 375182308508919000000000000 PLSX to 0x6a012a25e1Bd8eF5f04680A70f22a816771C1895, Tx Hash: 0xc2c1a93037ef250f2c5ec169e1c47f29651eb9891a3726151fb8f38937aa5c3a
Sending 369317089561801000000000000 PLSX to 0x1809C60b5B5c48eb5b0EED1405B45C7fA0D1F24B, Tx Hash: 0xca16c62888e08206b90996e44512c4cd21ec90723be97a44bfe3300a53d9a6e3
Sending 366416149754766000000000000 PLSX to 0x4B9f38ea531D6630aeE986aFc7486734277fCcAF, Tx Hash: 0x422b411cf9c8a93e38cb7dc7db35bd9502fb21d060522d4f7f51ebe92e5b6b34
Sending 362450278491960000000000000 PLSX to 0x513de75dd0cd8801D09fde9E7A098C26f40E6F42, Tx Hash: 0x1b11b4b6d75e639758704790633ef38ce323290636420ea8a1914247bc873b4c
Sending 361863242347802000000000000 PLSX to 0x666058819218D4B78F78580E4159271f4C631273, Tx Hash: 0xe822a9ecc57c94df1a448e004c695ec59878d1f8ce161fb7e1bc3bf23a24fbc2
Sending 344827866345294000000000000 PLSX to 0x3C02Eb9Ea7e0Ef7C80d13D4d83856c83b033ED6a, Tx Hash: 0x046c633fca72a084f60e52afc253e74fe4f3a6cdfb47afbfd8ec14879dce6b03
Sending 342677350378520000000000000 PLSX to 0xd6F28BeE6f75Ad07870063E7D3BFf68771720d5f, Tx Hash: 0x55be7cf30724b3b5df18f795160a2e491967f3b8f9b1b8c2ff9019dbc9ca2a98
Sending 334965511753959000000000000 PLSX to 0xe141500c691141edf2bD9f9Ab21b379EFc400231, Tx Hash: 0x6313085079f79f36c1dab592137d2ad6df7c8eb1f9e4eea9fc89fdf060244c7e
Sending 325657657596096000000000000 PLSX to 0xD543Be9255A46116886c9b41855Af23d387919a9, Tx Hash: 0x299955f170c33161920a7a31574a7402028273a72926a4c52eb4d6ef0cf6e3eb
Sending 324916546401341000000000000 PLSX to 0x31D3b93568A67c171337678cDF251fac1522B31d, Tx Hash: 0x905add7d20e9f1ee375f92465dc693f1de42068641b86ddc88ef7a2da9015feb
Sending 311099219041490000000000000 PLSX to 0x858D748A0a6F4E507bD3e629b603e115b49Caf58, Tx Hash: 0xa7f3101cf6270533d928abc54ec03ea72a0c0ea8470820c98f72e4ea76f01def
Sending 304378973461926000000000000 PLSX to 0xBb86ccb4eF165535Bef08BFC616a171855c27885, Tx Hash: 0x4007b3ff42e660ec6a0405b8ac66bda50b2f83b7f97bd5451ae4815a83e3c000
Sending 301468960578563000000000000 PLSX to 0x2D406CEdcA9501AaF0E59AA38326738Df9E19867, Tx Hash: 0xdc0991695cc1f466bb51fc0294df1e37b65741deca18115d8fe82747b1135aa7
Sending 293094822784714000000000000 PLSX to 0xcA1077AAb2934B1AEd82fb16dBC5d07D56323211, Tx Hash: 0x4f152a0ab09fb9eb703dc429d26103176cac971f8107bf9c45f85b89839d285a
Sending 288908134020428000000000000 PLSX to 0x8361914090997BdcF46D50342d01532F73054239, Tx Hash: 0xbe485c0b4a03ff33fa452982ebdb5a8bdde07f68940869cea405b7cadaa64454
Sending 285152274305985000000000000 PLSX to 0x09Ff98337FFB7893d2ab645666eFe52d9F2c935c, Tx Hash: 0xfdae3686e92cf63a19bf1dd1572e51a66b419e9403aeb57bb0cc129c4d5a6946
Sending 280428939371518000000000000 PLSX to 0x539F4a061C220f18Ed458472D32Fc82674e6b392, Tx Hash: 0x721deb5607ebd3bf0adc024b860e97b0764e15f6a38c624e7760cfc9e8076e33
Sending 276346547197017000000000000 PLSX to 0x381517Ec31D91333ac0048D983a189DD155D6B37, Tx Hash: 0x97addbd42e2001112fbfb3c115fe1c1c34bc6f53a1bc76b02ef9bea543fcea8e
Sending 272187013741502000000000000 PLSX to 0x1916b8d3BDDa626aCCC03861607bc91f09234fB7, Tx Hash: 0xeb77cc8af66174fde3a0f1e93cd84d4fbf4960a99d3f10ad11853d02ed1330b8
Sending 272159478300092000000000000 PLSX to 0x83C2Ea8d6c5Ab1Dc95bc004AA8548A69D68D0feE, Tx Hash: 0xd4d72702156b880e94d9b7d325cfd9b81fde71063cb4b728c1f71e4eddcbaeb8
Sending 272159478300092000000000000 PLSX to 0xd2E8f02CDa01500d0A71f56EB69877C907c0645B, Tx Hash: 0x6c38dad1c801677c87989a3551698b79b705c6e49fb4182d6cb2695515ed981c
Sending 272159478300092000000000000 PLSX to 0xc102F26C28EBdCf859C826D921c18c3521d68128, Tx Hash: 0x4653ba77dbf1a9b195bc4b376e33592b5b668762683cc18efee687b9acdb40d5
Sending 267719350032881000000000000 PLSX to 0x0A843bB85a555a7F8288b06CBDb8c5Cf5973538c, Tx Hash: 0xe68e6052a24970482a22327dd8c2b0b1fd3f88b31ea290171ad26dc5341f3b96
Sending 255411202712394000000000000 PLSX to 0x89a45e826dc10B28cf7E0BaacCef7AaD95faF7C0, Tx Hash: 0x88000e7b745cc61e22a1787f039b51d29efd0dd057f06cc51346ceae80e81fa1
Sending 251224133815470000000000000 PLSX to 0x31D3b93568A67c171337678cDF251fac1522B31d, Tx Hash: 0x39742a4b6c76f6400a6016821f485151e7ce9f0ac583f984e4bea805b0685796
Sending 251224133815470000000000000 PLSX to 0x08Cc447ce51D76A073A40F07D14d0f4B1A017150, Tx Hash: 0x385ae67898aa59d82dedee432b68a92e62bb676cd4d1a9ce346b3f320e6992a1
Sending 251224133815470000000000000 PLSX to 0x9537549B4b5585B00Aa2554bcc71dDbd199dd430, Tx Hash: 0xf03522884dd1411e8a243a12ed2287627dce5064901db4b5a445ee2b87414508
Sending 251224133815470000000000000 PLSX to 0x2E38CdD715489B00bB84FB0533a1cAbC8Eccc990, Tx Hash: 0x8d129a67bc483f2b63b69f00d2f7fcfef7f76611165b82db7628e81570bece4a
Sending 250662079172825000000000000 PLSX to 0xC5C6AC7d43b29ae03E34423B5A0CA22Cdc466fFA, Tx Hash: 0x90c494837e7af6e9e8aa768db6df92e72a581498b8f5fc6e6d23498429748a12
Sending 237641282313846000000000000 PLSX to 0x97d4bA22EA1cf9d5eF7d090B483C015a0C3d62Ff, Tx Hash: 0x81589d6d7a0bf326b2de4c222c528caddb84bed9c19a7d53457d1b2fb99b2a01
Sending 228162020993913000000000000 PLSX to 0x937e22c9089Cf14DD4b35E2cD4Fe100df5046EfC, Tx Hash: 0x7145849afffc4f86c3080d07cd81f957e4e39af84f22fc44d92930e3978f53b3
Sending 223196474610943000000000000 PLSX to 0x97b1973810EA714a7942BFe9674b10F0D01df421, Tx Hash: 0xd8a1ae00521078499c28a120e92502049512d9710d7127f520a2f7cd9f84d327
Sending 220793687651474000000000000 PLSX to 0x5AdCD65e9F5E8D56439b9563775Fcbb87479ada7, Tx Hash: 0x9299c3b59b541696703e295956670e22c3f5929d16c8e3ff7547065985e26310
Sending 211623671648283000000000000 PLSX to 0x1f997286F4217E0FE76Cd8ccF8fA4609f2dC2B46, Tx Hash: 0xe545631a793c8163cccad131e08d6eb6969201945e25f88fa9b15c9b16737085
Sending 210693474676586000000000000 PLSX to 0xD828460E97Ad7729F97c0E87f55e10628b2a17F2, Tx Hash: 0xdba0c7b1c769791702224d540e9dfac5af524978d625e04c6b04fc9ad4e08b16
Sending 209353444846225000000000000 PLSX to 0xCEA442Fe35e8937b299bf2401F19c7D4D2b908BB, Tx Hash: 0xe0f67264cd54c111889a75dc2cbcafc4a6e522b74a4a6291420b5d33811aecdc
Sending 209353444846225000000000000 PLSX to 0x89D04aB19C5590b887Bfc87ABB50B9264Cb6438d, Tx Hash: 0x9b6a22fc7ec03b7952b6ff84de978fad370de375a52b418a02df9f9c3d3583cc
Sending 209353444846225000000000000 PLSX to 0x9Ae66AC0E54a12Ac61C7ecf264BCceA7F2EFCa57, Tx Hash: 0x183dd8e7a9f3d57f2a7a81c6c4d21dfa02d9543fc1001a4dacdd47cd7129be65
Sending 209353444846225000000000000 PLSX to 0xE27fF75F0adE60441e7569999A9fE8ADF385892E, Tx Hash: 0x25c25b1bf64a68e11ad851817edf6b5bf3bc34477cc0f33d3c3d3475069762f8
Sending 208339591291308000000000000 PLSX to 0xa3E79C254E04fAac43504B7473Fa19cd1d6b9885, Tx Hash: 0x65fe31b8bfa3fb73a2eabf61abb1d11d1e862be7059d589684388db69fcd2fe7
Sending 204379206996678000000000000 PLSX to 0x98639dEC091Fb47a90FeE0371A31CdAf8FeCd13B, Tx Hash: 0xde39ba8c90e296dd471ae77baaf26d3cda9036da6e4017203d30dc89d4939cbf
Sending 202290740442213000000000000 PLSX to 0x8E4b612fa25b516b465CF971684aE8fE55022E5f, Tx Hash: 0x5a20999a133f46ceb6e5fe03fa9d65ad1ce2a898fd6839a63929d0efb608a857
Sending 200979307052376000000000000 PLSX to 0x3b9A17D62dDF6282946842A38a195dDc7776A36c, Tx Hash: 0xa9be1999eb4ea5c38cd14a84ad4c20e0e3443d2360d23fb088305b0bcfcbf651
Sending 200979307052376000000000000 PLSX to 0x137D2FD56eB9D3509dC95D8B6e30C786EaE8d6d1, Tx Hash: 0xc801cc041945210815d0d0a5661663e916881d4330b5aaefca1334be7c535d3a
Sending 199723186383298000000000000 PLSX to 0x669D7Cd4d92DC87b36ba0A8204f89AA38b203564, Tx Hash: 0x6bd68b2d5178336f7db9982f6dfb0ca2ce34ada34ff0d1b6cbfce62d3614bedc
Sending 196792238155451000000000000 PLSX to 0xcA728445Cbfcd209d19d9A736f5093FB821EDa1d, Tx Hash: 0xb61c44aa39c84ae15d14c1aa3d0c76cb0fe20e05706498a5141361aa8242a057
Sending 196792238155451000000000000 PLSX to 0x0C40cdecB2c514327316c460D36C2Afc0FDc8ab8, Tx Hash: 0x8b35485e406f8b6b991cd5831942d92d889d203d1c36bcdeae49c4583bce9aaa
Sending 195852358955727000000000000 PLSX to 0xe2092571821371BB20531e81F690BFF3B17F0Cc0, Tx Hash: 0xb754de6e894aeec89894b682d98908cbdb253f2f17c83dde05707445fc6cba5a
Sending 192605169258527000000000000 PLSX to 0x0b5E6eD140D0e0C577Cf85666Ca64E06d7eF9707, Tx Hash: 0x1b9f8555480b3c0c524b4172c867f75faeb355968b23c66f28776e670b08b816
Sending 189975689991258000000000000 PLSX to 0x09A9094E544937B44951Aad39c605805B360e9f6, Tx Hash: 0x97a73bb4aac03491809e88a750c76ba0651c0a116cc1c107d6d611cd00741875
Sending 189217671138462000000000000 PLSX to 0xE849659694F9609a3c930b2a466dDA14903249bb, Tx Hash: 0x7543f4f41b308d857383c0cee0a723ed2001b2de487d84677f48d7b9c35048d6
Sending 188418100361602000000000000 PLSX to 0xd3E046B034aa45896Ca9b6A338e558837da5a449, Tx Hash: 0xfa928180d64aea3f5c6f2bba65b7fe37a57c8861fc24b4f72ceeb9d32bd8efd3
Sending 188418100361602000000000000 PLSX to 0x0FB59c7dA2D72d3B341B7DE9De4d73aC2422fc48, Tx Hash: 0xf436fd680a2e1502016bbb0142fe90301cac3bb036944940acdb75e2cfdfd33b
Sending 188418100361602000000000000 PLSX to 0x580AD20Fc736ace0386F531023A52810f45C6C43, Tx Hash: 0xa65251ff97561e0944e64e0055b54c6da117a83562dfb0a34211648296b9ddb7
Sending 188418100361602000000000000 PLSX to 0xc79C8D10e18481e5cc76f4699f306922DF08f653, Tx Hash: 0x044b38c60b04e2ce09c0970c92b7919c1e9a69e6c44a0e85925e894616bdc7ee
Sending 188418100361602000000000000 PLSX to 0xF840e232fe2B96F0e685501aA559B38C92789BD5, Tx Hash: 0x69705d5bf335f37afca00e78ab6de7f5fe740c2239056d63bd81eb633d9dc41a
Sending 186090090054912000000000000 PLSX to 0x60430ED06e79512FadA1Dc638C982Dca3a3734c0, Tx Hash: 0x61dc9a6cca4b2e1a3bb944b0b367ae1da10e1981243b885772bedf54db476018
Sending 184231031464678000000000000 PLSX to 0xd3E046B034aa45896Ca9b6A338e558837da5a449, Tx Hash: 0xf38bec310345d0259e17d43f31d098549fb180c2112371a3266ce7ab7d29bf2d
Sending 184231031464678000000000000 PLSX to 0x762B3C5364f7b639E6774577F4aF17b83C0138a6, Tx Hash: 0x71de005be81a7adc80d11e8683d5fc3d2695854ebffb183b84b94801c0515598
Sending 180214727190688000000000000 PLSX to 0xeEB3580b1658C2aB7677FC328D71c5c451FC9b1E, Tx Hash: 0x3ba54955cff7b381e2b1022d210a07a54f58644a6b3a279e4d6d0cfbecbc6d82
Sending 180043962567753000000000000 PLSX to 0x0aa80985EBa2010a76F3Bd17eBb070970317E5D2, Tx Hash: 0xf7813dfef33e465876c6747116af27b7c8acfde60ff91310dd34f4f18474163e
Sending 179109972705487000000000000 PLSX to 0x2407e0A3100DB0ca6f162a6052BfEdeDf6552F6E, Tx Hash: 0x185b56a148b79468c187a80c34cd7ee8a4cc4e6d3f1bbe6a404bd375d8b7cf6c
Sending 176694307450214000000000000 PLSX to 0x6EE9747cCB574CF9407f16D7F280C627AFc8a149, Tx Hash: 0xff448ff92f59eccc958ec691a72518318512f07d73949f4fda24191242f64947
Sending 175856893670829000000000000 PLSX to 0x5708b68a0ef184F8c8Ec90cdEAdfe81FADF12c8A, Tx Hash: 0x415175d49a444ccf7a8eb115b9c92c4c45e3bee06cba0405143934416843e738
Sending 170766952855297000000000000 PLSX to 0xDFC7187CFC9Cc2C531d632efd6122183FD7A2Aa9, Tx Hash: 0x5f5975d4a38c8edce12b7925bce16aa43230cf161922505d073ea84bfd4af487
Sending 167482755885773000000000000 PLSX to 0x1CDb3a39f9a5c71faD5c9eAd2048E3a6b29796c4, Tx Hash: 0xeb9e78fd66abf8c375d38447a65c046e6909eb34046faf6f8af4f9664463b26f
Sending 167482755876980000000000000 PLSX to 0xBC610372632700d096763520B789DCeA3E7F2294, Tx Hash: 0x974081004821ca9ff4756c4639d5a81b9c0158b1136d3ea5ad33e84159c543b6
Sending 167482755876980000000000000 PLSX to 0x6F0830A9bA8DCB92Ba769ff4A7E3bF3C5FEA7A8a, Tx Hash: 0xf27a902b05d76012bc54bb5d7f4315c7d46d1956bf63ca837628ae8c655840ca
Sending 167482755876980000000000000 PLSX to 0x0d11d0E15a57A05fD21865492e516B3FAE67e0B9, Tx Hash: 0x433a9564fd11b946b2f0ee33c5ef131399101bc58c218860a19195b54a8db11b
Sending 167482755876980000000000000 PLSX to 0xFAfE33A73490a437D95e8DE22b29Fd1bDaB36aec, Tx Hash: 0x6d26d3bbfc9fa825796133f102c8419d535067ad2fce8095acbed8263b7d5f0e
Sending 166771720946240000000000000 PLSX to 0x17CA241f495b20bb52e70eF56E75AAd05362750D, Tx Hash: 0x017c76539f1d8b9e6c56ea69ae00583bb7d9d05d02e4765ee656965b7ef8bd91
Sending 165923166058133000000000000 PLSX to 0xde65c77918425E081382bE02fD6bF4Aca6a9ad87, Tx Hash: 0x688dedf0395358271bb0dc944d738b19bce81d46d298309519ed2d1a036d2f0e
Sending 157810626725084000000000000 PLSX to 0xd0a5566e8EF50c458f10c1299Ec9879c82aaA317, Tx Hash: 0x6c0eb2fa0f771101089d2c4d74248d61e17260fe729f02695c46a4eeb9fd0fa5
Sending 156500207245327000000000000 PLSX to 0x4d620f510a56819e5122c4129Ed6a82c198e99A8, Tx Hash: 0x23cc685460fb2f3565aec725d94129cf7bdac0a2ead3d8ea32ae69bcf0960c6d
Sending 154921549186206000000000000 PLSX to 0x4dd4055e63a783D1DFb4F5f586292D94541b8450, Tx Hash: 0x1f191ddd709b0423f9c9896af5f9fff1630f7675a6b5b455f2f6adae4325efc4
Sending 154745692292535000000000000 PLSX to 0x17db12a44C8DA539a9fbb3C4D434C490645aa623, Tx Hash: 0x312703186dabb900eaa27b162ffb65097e5a41de8f412025869c660ae5769238
Sending 148864497636295000000000000 PLSX to 0x7A2103Ad68270b11687FCf1b3D403a2e8A27dC22, Tx Hash: 0x57fa3bad48f80d287b400895b47010cc050e03cdca798e63ce1686fe3e208a25
Sending 146547411392357000000000000 PLSX to 0xB91e8fdfb04c869B767180eA383C0317DB0F6D27, Tx Hash: 0x680d58183cdecf8aeec5806b4d0c0f85325fdbd1e62bd9bdcff5802a8854abed
Sending 146547411392357000000000000 PLSX to 0x426681FbBEDB3d7ee6e9D33aFb402fE37b630FDa, Tx Hash: 0xf1066040a3f597fe88300fa33f71689eff93f6a0c3d43c20ac891162cd7481a2
Sending 146547411392357000000000000 PLSX to 0x468140C58F7D48194c264D27244D9e58012E1b85, Tx Hash: 0xdccb522399a47d843070328d840029ada048a33cf8adbbc891155b2f200a1471
Sending 145966821018182000000000000 PLSX to 0x47A15abdDCE9Ce90991935b0DCefE6D4a32134db, Tx Hash: 0xeaf11026dd63de07775d542aadc32213e276213e5f7d47fabf667ae557a8ea36
Sending 142360342495433000000000000 PLSX to 0x9771F35CC3788b9fECC34190782cDBafc0342c9b, Tx Hash: 0xc67f10ef26f13205d34d8424b390d7b2c61383322ae99d0a932b150f96833f02
Sending 141109026701204000000000000 PLSX to 0x917d6289159c644Bde8C0f037f15E8Ae60F41A42, Tx Hash: 0x4fa572f376998290625e0a5a158cc581d389cf7a7cbbe4574a40004fd7130fd2
Sending 139010309918950000000000000 PLSX to 0x811c3e9B9E1ac9433a16b7a2CD912E9D61B55E18, Tx Hash: 0x14ea153c62f0e65e43894f24ba0fd1e3d73766414bb1754f2a92259d9c48909f
Sending 135661545205142000000000000 PLSX to 0x2f82F0573543df16EB0B3172B1F03165521D0dB6, Tx Hash: 0x4d29e364eb7cbdc087ed52b911559ec7e0f50ab0a76a7c43408faff1c8b95bb8
Sending 135472614159992000000000000 PLSX to 0x97d4bA22EA1cf9d5eF7d090B483C015a0C3d62Ff, Tx Hash: 0xcbe8cf09a36426b65c3f7129006832d7838f87b4d1c6fa2e6788c335bbb38a4d
Sending 133986204701584000000000000 PLSX to 0xfF0c3417E99726d9F134Ec5d793A7DD5F8c1Cbf6, Tx Hash: 0x424c336a490d4c16b71ac70df0acba01738a8cc3da68ca553d9e3eded79eda1d
Sending 133762987504498000000000000 PLSX to 0x799Bef8226F97D8CAaa058C104B361e0B39b5030, Tx Hash: 0xade8f616329f1bc190c3f15ecedb4380b94e104bcad4592e7aa8f81e35505ed0
Sending 133462821089468000000000000 PLSX to 0x26F0ABcfD5730f52E1e3eA0f4252222d09805af1, Tx Hash: 0xa2cf22777260443e3e41df348add1265a0e1f212e7cd59b63b6cbc3899f78e50
Sending 132311377142814000000000000 PLSX to 0xE110f8551D7b5588b088DdBFc4F04D3Dc8Ea2A5F, Tx Hash: 0xf65b55e1938966d38ffbece84fe7d49f1d9d70c23b2305d150dfb480265508ea
Sending 130276461658909000000000000 PLSX to 0xab17dE6208Cd39a5c1A0b24318f4f946786b41d1, Tx Hash: 0x5c07ede7ccbef05b620520fd5a35ff3780b411fca307536ff0a105a59a3d6904
Sending 130055958078523000000000000 PLSX to 0x0e1110e209beADDB104a4a8327c38F57cF7f80aE, Tx Hash: 0x34aa3ead0cce862d31a895eacafa83a50b59f1fee457f4741b52a45b403d4c5a
Sending 128519107832749000000000000 PLSX to 0x8880465785a6b61761c98a4661934Cd0A0D5ad7c, Tx Hash: 0x897d6494d891151386e3bf14b9956b045dd380400ffdefc8b5548aac15ae8488
Sending 128233367329179000000000000 PLSX to 0x8E4b612fa25b516b465CF971684aE8fE55022E5f, Tx Hash: 0x170b28bd39ae646170002e5588b171632b859634c0fe4167ebaca62d2f4a34fb
Sending 126596028098512000000000000 PLSX to 0x0a7B887EA81ff8b104cF108Fcfaaf196A7373bf4, Tx Hash: 0x1bd528b94b91c6cdba67e383ace69ec8df2af2f60ca57e01fd757cc5ad8c2a0a
Sending 125612066907735000000000000 PLSX to 0x6d82c99B5194f04373fFc2B28C338856485cFD7b, Tx Hash: 0x466f16c8121deca18b93413f237e2514b6aecb6d4bcc8f2f8511a3c6540baec7
Sending 125612066907735000000000000 PLSX to 0x3bD21067a31D343fd83d64DF3795Bc0B66BFa47c, Tx Hash: 0x1ff6997403f1683789290602f17e62fbf3b09aad8566b2de10e0814b89cc3c56
Sending 125612066907735000000000000 PLSX to 0x4cA79eC7a1b329D5467754A1B1C418168B5672D0, Tx Hash: 0x3f820414541b08a72b350c771f49cfaada97f16ccfd6fc112b682c99d184fcd6
Sending 125612066907735000000000000 PLSX to 0x7Ab9B0Ce6A78ccBc9f056FD1C51a6a894015fe75, Tx Hash: 0xe91bfa5576c55b4c789af62b703baa8553d26eef31d2f0898d3fa8784c74f335
Sending 125612066907735000000000000 PLSX to 0xcA728445Cbfcd209d19d9A736f5093FB821EDa1d, Tx Hash: 0x5dea94e95003ea5ac7bea287cc22ee754f632796fa0ff38199ebbd8367582d5e
Sending 125612066907735000000000000 PLSX to 0x583C5a0fb69dd93599cbb5c305D52B35b62468b5, Tx Hash: 0x9180a3fbcbdb0149ec224d8bdbc2ecaf00335eddb3f95a87966789e8f822bc55
Sending 125612066907735000000000000 PLSX to 0xcA728445Cbfcd209d19d9A736f5093FB821EDa1d, Tx Hash: 0x909a8800700b630e6dc9f50c0be86129026de3cc31e86eafe49e2cc1abbe69e6
Sending 125612066907735000000000000 PLSX to 0xC543E8a2adf79C3559D27EE23609d530245d2b0b, Tx Hash: 0xac349ca1663dc657bd45fe0cfba4eed43d7e15b0f5510bcb383d070d0d5bc80d
Sending 125612066907735000000000000 PLSX to 0x7F163F3fA1f0e0CF1a148B5F46b18227528D36f8, Tx Hash: 0xe04a8d370dda4ce21b2522afc6357eebe624368625569c599b156dfafdd9e474
Sending 122498116313937000000000000 PLSX to 0x0589425047645eFccBB014096AD6eb0Ad61b51B2, Tx Hash: 0x97d852dcc64464f4f8efcb538b991cff44db368c595a6de268d8dd83d861f5de
Sending 120667803300167000000000000 PLSX to 0x08Cc447ce51D76A073A40F07D14d0f4B1A017150, Tx Hash: 0xa6f1e062a9d91960ee335e9200f0edc459a2c553e9714dd01aea650ca1b00a95
Sending 119562629029111000000000000 PLSX to 0x99f1e2744Eb6e1b54102333E8bb04baDBA4Ec0Eb, Tx Hash: 0x4007704a702c05513929ef57c1b9572ebf6d550d018eb17640b78c36456a4599
Sending 119173581340555000000000000 PLSX to 0xbAB47D8E625C9D5b21a3CdDfdC3CD3b1E53B93EF, Tx Hash: 0xabcef391c9e61f9ef23f717e2cd2e1e0bd4304809212972ff6659fa0ac6b6974
Sending 118959119940716000000000000 PLSX to 0x82406e79202157D58FB4b91a5cC028Cce30b5281, Tx Hash: 0x0c8084a9d747e70540a4500c826be1f870dffef7716b12587516b4cb9a404da6
Sending 117352603465559000000000000 PLSX to 0x64b5FA982F59952ADbb583a9db75342C8a0bc626, Tx Hash: 0x64034e3237adc7c5c1f604fe24b21155ccf1bd91d18f7fbfe688b504a60d8161
Sending 116819222224193000000000000 PLSX to 0x1921FAa0f7739Ad9C78056C7F31c602b3c7E5c97, Tx Hash: 0xe315229e199cf0323527050f0c68068173b5c8e223bc0e6de2722bc7fffc5a9a
Sending 115155832017225000000000000 PLSX to 0x58c340195a47D5Fae67474de6E72B8b9b53ef7c8, Tx Hash: 0x3b7832736d84c04eb7ceab8a8c855ed6b1a7e459c3ebf084adcc5b2ed02e44e7
Sending 113050860216961000000000000 PLSX to 0xBf278aFcDF821F518723d1c18745efD5f488D5F1, Tx Hash: 0xb6ff06c1166fa635b0ae82fae048e6ad87a58894996f0127a02c717dfb4eec5e
Sending 112806793793684000000000000 PLSX to 0x2e7A1E694EF76B5410026C9b682bD4F4967DF42A, Tx Hash: 0x3ba6ff1549b4debcc874e638e70dc44cacbe7ceb0284ceb1583cb68936c99625
Sending 110384028324660000000000000 PLSX to 0xae348167cc133B600284Ebe9A06b6FB42659fc57, Tx Hash: 0xb022f70ab63638817698ea6d7974fb708fa96726ceafbe9f937557c49fe12535
Sending 110245524056022000000000000 PLSX to 0xa58a2609224ca0094ae817282A55486ae94417A7, Tx Hash: 0x7e118593884390e672463bf0c693dd9c01a08369b2b2ccccdc95f850b35a4223
Sending 109600903121335000000000000 PLSX to 0x7698F70fc6c1d735a168B56A99548bA03F518C6D, Tx Hash: 0x6f5a72f06d502a9fb80a3647613b79d3486c6bb5c2a8cfeeb258602e0d3a29fb
Sending 108892923949402000000000000 PLSX to 0xeEB3580b1658C2aB7677FC328D71c5c451FC9b1E, Tx Hash: 0x2952bfecb75e41e9e6d1995f4aad7938d23854c8bd0818fc3668f5c5f22e7e26
Sending 108863791320037000000000000 PLSX to 0xa55Eab42C3241659c285F57c7C61D1b715dd0162, Tx Hash: 0x9bebf13a8ef260462fc7e7e971797ff16803e234977013064f04126ff5c030ca
Sending 107114668938708000000000000 PLSX to 0x3956eFa61333661A873671421D56Dc848b02547e, Tx Hash: 0x02990e6b704dadf20abdedb4b0922f0774ee7d1f12e9f854d45bd396be68ab89
Sending 106979610316421000000000000 PLSX to 0xfF0c3417E99726d9F134Ec5d793A7DD5F8c1Cbf6, Tx Hash: 0x56224b12d996c59b9312ee8920a57c7d8545e16bb0f9e73db68c620f520c01b5
Sending 105551819822570000000000000 PLSX to 0x8fAf18672336ff03f401eD37B682449FF69d3936, Tx Hash: 0xcb3cf986f8d481a817a6c1c6921862e4a213bcce7b1278a72d7ea4a184b2bebc
Sending 104676722423112000000000000 PLSX to 0x6023C7b112db854a32022793650752ddD823999f, Tx Hash: 0x7f31d3b1d896b65c4c7670dcce98834518c025c21eac58dd512ea897103138a7
Sending 104676722423112000000000000 PLSX to 0x0b5E6eD140D0e0C577Cf85666Ca64E06d7eF9707, Tx Hash: 0xc53a422e808e07fa800da7880210f8b1e875a5e3f27f59d2449c54c88d63d0ba
Sending 104676722423112000000000000 PLSX to 0x9ff5A52e778F9aB21735Df64454EB63087F126De, Tx Hash: 0x1d960d5f6ef4267883635076ac1b637b2c0ae292884aa711aa9ee41dd75f2c6d
Sending 104676722423112000000000000 PLSX to 0xE380f26E31d77823b6B5Da0f54109EefE3802ee3, Tx Hash: 0x2fc556817bd4afe43e90a1f134a5f89c543ec74410c61f7e9c0474b9daf0c18c
Sending 104676722423112000000000000 PLSX to 0xdf01aD227574A7E116b48Fb4904e151F725a5eDd, Tx Hash: 0x428233b5ddb08ae762b20a520eb02e131dda26cf4ee9e334d59eff969bb75476
Sending 104676722423112000000000000 PLSX to 0x0b5E6eD140D0e0C577Cf85666Ca64E06d7eF9707, Tx Hash: 0x2149dbd138948d20df97efe18f9dfdb46d96623dcd24b02b956ff9d2f4d8abd2
Sending 104676722423112000000000000 PLSX to 0xDc4d73184c0E51A9d5b4C5C20c319022b6Bd4896, Tx Hash: 0x24ff23bbee879ae4b1f124f6f23f791683faba8d2cbb1388e221833b26e82d37
Sending 104676722423112000000000000 PLSX to 0xE247E96F4A95BB164E5633f9bBB43A2311e0b75f, Tx Hash: 0xb20bc76ad5eb69a57944f528a0cd1fe25da3bfd786214a80920f4cce927753ac
Sending 104676722423112000000000000 PLSX to 0x07967f50C3BC4922b58FCa96a5Dc74c6f5292D6a, Tx Hash: 0x7a41aef2f8cbb140b372a35f206f644e5401b9e8997bb661d35d021595de2e65
Sending 104676722423112000000000000 PLSX to 0xcA728445Cbfcd209d19d9A736f5093FB821EDa1d, Tx Hash: 0x7ddcd4c8a0916f09a2a281de367f0b37c13c738e9f6b9c493a6eaf85f4bb0cc9
Sending 104353383143262000000000000 PLSX to 0x8361914090997BdcF46D50342d01532F73054239, Tx Hash: 0x987f89236f2e4eb815d36d4fb7128777eeba394c576deacb932ccaeeee242b5e
Sending 102844456481608000000000000 PLSX to 0xB046bA71987247D256147A34e724f613A9082658, Tx Hash: 0x6b4567f0cef8aaba204c90f8a94611c99dbb9961db7a17a51a6982e8237c4bf4
Sending 102340697879978000000000000 PLSX to 0x9aDf0Da6Be434203989B10A409B3f6dfeC1c4dB0, Tx Hash: 0xcb9a6486466b45aa5c3c1379ee14a817c6c925f7383c246ec4221335f12c87ea
Sending 101074974313090000000000000 PLSX to 0xF1e1f1b64338FCF54Ec860BF2dA7f92499388931, Tx Hash: 0x2305d009d25193fec4fec28eac5fb84924c827e1fb0ef045247ba008ab435ace
Sending 100817961556525000000000000 PLSX to 0x40Cbf0138f67B88c08bcBd815a3551C63823ba82, Tx Hash: 0x68673b7f8eecbc4899042ed9a44018f62e78c3af1924b07903867e6283ddf7e3
Sending 100489653526188000000000000 PLSX to 0x421e21A467fBe5Fbc30081Da97A36bd4779d25f0, Tx Hash: 0x5a809a4d808b4b7d9a45b0986bf5240caa5aeb03f85561b7a9839a77838a92b9
Sending 100489653526188000000000000 PLSX to 0x0589425047645eFccBB014096AD6eb0Ad61b51B2, Tx Hash: 0x99678df29cd03507bfd50b9b6912aaf5247ffde59198f6be8b5d96d3a56622f7
Sending 100489653526188000000000000 PLSX to 0x27e8658e6bFbe39F1450Bc2ccD6D0c8CD6B4ebB7, Tx Hash: 0x2c0eadfe5706025f8a55394355259dba006e0998e871af7fd3ac3393014b3cdf
Sending 98780379142533400000000000 PLSX to 0x906B2C6A6886Fd3aaeA88CBb9eB2b530Aa62c1Ac, Tx Hash: 0xf8470d165c99cb300a974b9c9682cb05f06d87a8efd410b009614efa49d98cb3
Sending 97773613142224000000000000 PLSX to 0x487aCf7dC056739F0F760C2565DAFd106b18627E, Tx Hash: 0x765bbad7775ce83868bc7c9337c210548d2817cdaf187f31840c57a09f9cc717
Sending 97238213115094300000000000 PLSX to 0xEA6eb7D518E8d86C7D8845FD3852fE51f573C4f6, Tx Hash: 0x1d677bdadb75d6b541267c5642fa48dd95052b186d7759020df73a306cf0e7e5
Sending 96743118766813300000000000 PLSX to 0x795744C69b77c7fD9eB774758325ea66615b1C4b, Tx Hash: 0xc51262a4ca8e7f7f687cfe3bddaa47d905434eb1b3a49585dba860a3f5a9690e
Sending 96583849436674000000000000 PLSX to 0xCEA442Fe35e8937b299bf2401F19c7D4D2b908BB, Tx Hash: 0x89fd25617561a3505f068b9acb39a481465c46622ea7ec041260e218feb7e132
Sending 96302584629263300000000000 PLSX to 0x4df99445a7954e81b6E7B0C7ED9b3a888a759689, Tx Hash: 0x0fb055574b867817ce9cac2bade9a096fd864d54989567453e51e81e10b20daf
Sending 95394105541863700000000000 PLSX to 0x5F6d283863F2f73Ae0719270585b66B12b7AfD87, Tx Hash: 0x2e053e7a8a2e5ee984275535432edf95ab48061c55e5d7b45349c7447fc4702a
Sending 92115515732338800000000000 PLSX to 0x7de7eEbC39B08B153fc916a02C9513CfDFC4bb41, Tx Hash: 0xd687ac382fe0ad1f4ee115a5c676ac75bc9302cd14a3297af5b444da10f9c209
Sending 92115515732338800000000000 PLSX to 0x193b70f96289B1952642A6f6E4be84BD7af5a205, Tx Hash: 0x638b6d0220c68c645b60b4e473edb25f6375b9ceda9d1fe80b63663bf32ecf62
Sending 92115515732338800000000000 PLSX to 0xBf52864FeB04CEc892F4368BB7A285955AFfFcE3, Tx Hash: 0x1b86ac8c4a2ee686da29020846ecab8f184ed7d584b9b171f30002485fa21f05
Sending 91817103625149900000000000 PLSX to 0x02a2030217B6fD8c6FbB6f325264112383709a80, Tx Hash: 0x045fd11ff2a6ae9e64f8e18ac4635fd85487cca107fff396213cac906a615f30
Sending 90645087473220700000000000 PLSX to 0x4dd4055e63a783D1DFb4F5f586292D94541b8450, Tx Hash: 0xd7a832a66708992ce253f6e97ee5bd4fc06fa3a17a45ecd8aae58b8ff28a899a
Sending 90599796791652200000000000 PLSX to 0x1264a8d87bfCCE19296B7Ac7462e6d625D7cD7Fe, Tx Hash: 0x4e3211fe6a75663d4ac4ab458fba19e56eea7dd0386d8134ffa5d556a9c49087
Sending 88347153725106800000000000 PLSX to 0x0d4B7A705bc1Dd8B1496E924bc06c68a5c624Cbf, Tx Hash: 0x358689c8e9d97b408fca9696a8bdf7f470bbb70b3cfdfc5a7ac89ab52780f8dc
Sending 86615959426139700000000000 PLSX to 0x065CC00E5BaA0b62A1c75B9291d75eA99bf1c5Fe, Tx Hash: 0x78e7ef561d63e3f25564ddeb3247afcaa7a7bf89e2430d7464094cc1e8afd7b1
Sending 85416205497259600000000000 PLSX to 0x5Cb269C1645C49A74C992e3B4E5aD54B02b27007, Tx Hash: 0x9c6a153500fece29ee8e09829e0fb4f17250e365f71ae107b601a5e7ae64d1f1
Sending 85212393142391400000000000 PLSX to 0x2063d1d8f4603193390d0A301D42021205338754, Tx Hash: 0x85043266d0eeb4b09b1d5595e2221fc646ba95ee4280a70e0aaf3cd44b17ca07
Sending 83741377938489800000000000 PLSX to 0x639090CdD215010fE54c36A49BBD1604f034e1d4, Tx Hash: 0xcdc7ccbdfb327d650ca57b8536d0fed4262a16d28c14e28ba35b8d36e2bc9c48
Sending 83741377938489800000000000 PLSX to 0xe6f39718A1f5A720fFD93Cbb4A2cA040266bb4ED, Tx Hash: 0xc0e0517a6ea07c31e5aeec4c616dbb6c76e2c15547f1eb74efffa51c457c10f6
Sending 83741377938489800000000000 PLSX to 0xcA728445Cbfcd209d19d9A736f5093FB821EDa1d, Tx Hash: 0x895ba521ef4172219c6b0f97d98269f6928e52f6a00d71073c1544d9e9933452
Sending 83741377938489800000000000 PLSX to 0xE247E96F4A95BB164E5633f9bBB43A2311e0b75f, Tx Hash: 0xee461e4e5979c7c58ca29ce80d42cacc281b21ba0b5a8f5abce644a291a1f912
Sending 83741377938489800000000000 PLSX to 0x15ACDC17650646FBFC5bC1741984770c85A8eFe3, Tx Hash: 0xcdfd92790b9538b9cf487fc3aa00bf35716f2e7d8ea475186ab3f4cc59983b70
Sending 83741377938489800000000000 PLSX to 0x5BA97E16d5B25E63aF7934471a0C7ed49f8df8Ff, Tx Hash: 0xf009036df73868392b76c78cadaee3f06945334ace9d8cb1ccd3ffd2fa642a7f
Sending 83741377938489800000000000 PLSX to 0x896D51Ec04Ad24C0e2Bd7176C35e1F3BBAeB936e, Tx Hash: 0x87ecf2de65dbbd8d5d7abc6b1ca322f6323fa3aa25aa461f6dbd57d2bb146c31
Sending 83741377938489800000000000 PLSX to 0xa1CAcBa2c3c0222B77696618f264aF7ADadEFe9d, Tx Hash: 0x0bfdb0db59dc3f4b27eaeb19300a84ad0a9184bb79883df1de70d54c97bd6832
Sending 83741377938489800000000000 PLSX to 0x3bfa672fF3c46f7a37591127fbc77E13497FCB42, Tx Hash: 0x9ecebaedd96a9f4d33e74d4bef06719a950b9f04312de68de101b0d7de22eabf
Sending 83741377938489800000000000 PLSX to 0xDebf4374A2408dA786aF562a8C5119de9e161f9e, Tx Hash: 0xf71638f0bc575ecc6f8b34ceeea7c362a4b03c7c31f65da1c3f5bc5bcd6648df
Sending 83741377938489800000000000 PLSX to 0x1788B56bFC5b53F88d11369ACB482EFa9EEfd49f, Tx Hash: 0xf34ab26bfdcc9c50c261596651d86bd745410e108a18c0e67437b7803458d158
Sending 83741377938489800000000000 PLSX to 0x1788B56bFC5b53F88d11369ACB482EFa9EEfd49f, Tx Hash: 0x3a1fe7ce26d1809ddb4633b8c462a317b12aac4bf36ae6296cf6c0b17eaab14e
Sending 83573895182612900000000000 PLSX to 0xFFf3423486DE22c55247756B19ed268a8A4EcAcc, Tx Hash: 0x2256818d5cd4348da76ba92abfb348294cacd0a9358693dc0fdadc5e3312d234
Sending 82715803877217600000000000 PLSX to 0xde65c77918425E081382bE02fD6bF4Aca6a9ad87, Tx Hash: 0x2342f39b18fe55685e3f916b8924f5d6110f5d02612aba5b9195291b474b8027
Sending 80747010128355800000000000 PLSX to 0x70df8E71b3d8519E28F611FeE44C51b5235C2b61, Tx Hash: 0x7a4ce3ac2164b3b9c07d5c481a0ac03e97082f3d27e0427bc2e65315db54923f
Sending 80671529164154000000000000 PLSX to 0x9ff5A52e778F9aB21735Df64454EB63087F126De, Tx Hash: 0x4d681d9ef18c8e8b54bae6d9fd8a5d886d3c501bd8fd59c63eb76f3484cc9b1b
Sending 80065131446990100000000000 PLSX to 0xF8d54292A8a47feB5512E2f95FAD4bc3ECFC4ba3, Tx Hash: 0x5baab4746d1e680ae684323f8cbd7b1ed37d8db23c4533bf4145aae4a1da06bd
Sending 79601328566016900000000000 PLSX to 0x07967f50C3BC4922b58FCa96a5Dc74c6f5292D6a, Tx Hash: 0xfc0f740f117fa1bdbb54dfab9cb1b07f94aa0d3c51b4418fc3e3b637e7456545
Sending 79588481215037700000000000 PLSX to 0x811c3e9B9E1ac9433a16b7a2CD912E9D61B55E18, Tx Hash: 0xbdd99beb93af1bce7e21ef280b74cb5cdf3f3cf6db05c91633925628f1e09be4
Sending 79114666807388300000000000 PLSX to 0xF1a5E959D351b75533693990A666d95B8C89E97D, Tx Hash: 0xeb3373696ad529cb737d7656f4d440a64fd7a80e6233f122cacb41270a6d5d60
Sending 78193753896704300000000000 PLSX to 0xb5081eC9042fE35d3cBF541d147AcA6BA2C72C5c, Tx Hash: 0x0c0a762e39d666b64352c609df7a2d7d8fcaed80b6cf7191ce92092b1d647e38
Sending 77891839281679300000000000 PLSX to 0xf77135880ee58C6c31b87c8F09546f5C407a405a, Tx Hash: 0x073f9eddfc32f1639219ff7cdbaa59a90d1fe0be96f5673bc0eb773839eab4eb
Sending 76751456381630100000000000 PLSX to 0xF8d54292A8a47feB5512E2f95FAD4bc3ECFC4ba3, Tx Hash: 0x9bab45e39350c04051594fecc507ddc28615631311847b9c87f04d674f17a68a
Sending 75483495195423700000000000 PLSX to 0xfFcE79d2941cb318326a9F34d6DDD4B2db2eBdc5, Tx Hash: 0xb8f0343721b8bfb7d881d9287135e1be1584b4494c156aa4cd66fce15eac3619
Sending 74892363810484300000000000 PLSX to 0xE3eAf8D71e919c7b1b0Ea2B08409aCb641C35977, Tx Hash: 0x80c90310d33994d408fe5f4f29916da6d0fe77f5a65489ce1eedd386a859974d
Sending 73273705696178600000000000 PLSX to 0x84302fe555A00ebE605C8ed587eD1e0eA08bE890, Tx Hash: 0x7c89384f81f30997dbc16ac2aab183c504efae2d7ef804323f14a5e581248bac
Sending 73198660686115100000000000 PLSX to 0x0a247F8720826Bb029B5542Fc93cb7799A6A4251, Tx Hash: 0xb4a24907c029ef8433203c7d150f2bc3cb1bdfc1713710a47264f0ca4abe2cf1
Sending 71950591924750500000000000 PLSX to 0x30bB1EB848BdAe137d2590360Ea3aD6A9Db97ABD, Tx Hash: 0x311a854a3e8fa1015e98ef8859f0cbdffeabacf52becd13393b0fbe135f0e4a7
Sending 71259871742448500000000000 PLSX to 0x9761E6153F8747C67977a0902a89F078A2B6B105, Tx Hash: 0x58f0a61548ebcc347e8b9925eecd0f3d708a719faaee998b9792ee32c547a32f
Sending 70785734035591800000000000 PLSX to 0xb99Cbb4FedCc3A5C21c61616FC418eeC034a4316, Tx Hash: 0x0b879683f348770dba93355ed8e03cecd8f3f9e10e82d1075134e76de0f0738f
Sending 68808561195298700000000000 PLSX to 0xdB19e2879a17608AD28e71384E2755F92c0eC97f, Tx Hash: 0xdc4ea19ff0551987d321075a346dc0b9f8fdebaabd12439ff0a15af6fffb5cc8
Sending 67411809240484300000000000 PLSX to 0xf6Ef70eFFb12F8ADC94838fe694AFcA045522fA6, Tx Hash: 0xa168537a88090e011fbf01c5c773895368681723655997f9bfb021f3e5ae056a
Sending 66448783394191700000000000 PLSX to 0xBc6950E5B57417D5f2159ec7b9dd1698e850D3ee, Tx Hash: 0x2908d242a196ebdf8fcee0b770f9651468f3646e6f0337697de89c9f1b48594e
Sending 65181332896990700000000000 PLSX to 0xF756Da70420f8D144B9E9a5a3529CFD717e90E0c, Tx Hash: 0x5c89469f7486014f8fdf3a595744383ece77e71108d1690fc0386dda6d1e7e8e
Sending 65025292643722000000000000 PLSX to 0xB5F9462b597bF9Ec92AE8257151cC8f3CdD84D36, Tx Hash: 0xd932d2437e763de042ea893d63a968f0e7195871e6272f195e226f5a7f4b4a8b
Sending 64170019470002700000000000 PLSX to 0x31f9acA14028c08a6Be40685b92a31426df18073, Tx Hash: 0x93fee7c1ca4b27078cbdfb9dbd7c780d9c24cd80169f057739a8948bcfa0c25c
Sending 62806033453867400000000000 PLSX to 0x948C381362FD1428E52ec4a494846f756f7459f3, Tx Hash: 0x9ff8a73c14be29ee7d2e0d2bc1c9e043000627debc3ec9dcd91710c1e7f59c66
Sending 62806033453867400000000000 PLSX to 0xa55Eab42C3241659c285F57c7C61D1b715dd0162, Tx Hash: 0xcf78b69f1cf61b206da5a28ea605220dd3f285cd5d8081f27f1b2fd133d808ce
Sending 62806033453867400000000000 PLSX to 0x49fee48b8ce01a0A15Cddb53Aa879b60dc2cf281, Tx Hash: 0x5365563b1caf4149d0b1ee3f60dcd2a47f85c44d73a735165e9b57823cf1c40b
Sending 62806033453867400000000000 PLSX to 0xb7d5cB2aF6F4908186E4736336f6f5a3CECC408B, Tx Hash: 0x3e62fa27e37d60c8233ba9fd7c093dea817877034672f3ff7554bc8b2e596a6f
Sending 62806033453867400000000000 PLSX to 0x75739206863743E17dEfa68C7bb3377Ae04D0523, Tx Hash: 0x08c7ca685aec8fc6621db627fac8f6f18dc12f9f9d711ae3fd240ebdb2aa1867
Sending 62806033453867400000000000 PLSX to 0x8C677cA9D461A487355e3Aebdc7e585Ff2bA716b, Tx Hash: 0xc8d9bb91a405c8b1710159d7cb2126f35dd6962fa285d3963f8913eb8ccb89ca
Sending 62806033453867400000000000 PLSX to 0x8dc2a0df98EA45dE88Adeb02E06B773878C62DA4, Tx Hash: 0x81f0381b7b3d96f21123a8459547f9e38a19dfd7f5d070598fbb6443b9e08da8
Sending 62800285152590900000000000 PLSX to 0x5D052e31f91C6afa891aB170e55bfFcEB575aAD0, Tx Hash: 0xcb2f37d4ddca2c90c719b6f6b1e524d140696103533e133e20d37a05635ca4cb
Sending 61549912784790000000000000 PLSX to 0xE4875B172b7A083548C80EA24B32618eC468F6b8, Tx Hash: 0x778d1eb77d5ff2ffec6ac75430ff8dba13e5db1d345c50510d3cf240d18a3fb4
Sending 60712499005405100000000000 PLSX to 0xBb6f4CFC66356b64bB6b05Ac5e36b1FF76471054, Tx Hash: 0x2904ae69a9280fb2588c966724a773f04562529c65c5dd980af0d48e311bf564
Sending 59831969808559000000000000 PLSX to 0x99f1e2744Eb6e1b54102333E8bb04baDBA4Ec0Eb, Tx Hash: 0x28a0c5d100d8597f78a7fd92161f42c6dddcebf37663ac461c722eb6e0961f26
Sending 59683304298859800000000000 PLSX to 0x793BF2a50164ca10c95B6c8Fe19823c2EcAf3AC1, Tx Hash: 0xa3d6063d247b714077e8d3a582dfabbc1afb14d9d067ab320d40935ad6029946
Sending 59630616315888000000000000 PLSX to 0x1CDb3a39f9a5c71faD5c9eAd2048E3a6b29796c4, Tx Hash: 0xd771d0cb0203590078037d109f3b9a4e10cbc597cc9ddac95310facc2df40f5a
Sending 59068597625845900000000000 PLSX to 0xc257af45d5a38463B312E0f6881F6df5D13eb3Fa, Tx Hash: 0xde1b6673fc1aa02c31640b7cb373e7d68b8d08a75959a7556c7d96799cdefe65
Sending 58618964556942900000000000 PLSX to 0x89A1D54d4DE90cb7c4006D28d4aF9172c672a917, Tx Hash: 0x50fc3d6bf062fd629f361c3d51b04264a164824d19691184596490ffe4f1c41d
Sending 58618964556942900000000000 PLSX to 0x01152BCE77061feF09eb4523D9e1cb039529f9DC, Tx Hash: 0x837023d01d510d32811e9df80b76e61227caf5d3ed9c5a9b17badfc2175b0e06
Sending 58618964556942900000000000 PLSX to 0x3b9A17D62dDF6282946842A38a195dDc7776A36c, Tx Hash: 0x2e4d95d064aa72a154885268d750efd8c35208274155c3aa4dc618c392951fb6
Sending 58618964556942900000000000 PLSX to 0x7C055B2B3091997bE9602E016bAeF3668F3b071E, Tx Hash: 0x4526c37191b8cdeabb438df337e1a01aa354d4e0ae27b8f82d38c643481c43cd
Sending 57654390621354300000000000 PLSX to 0xF8d54292A8a47feB5512E2f95FAD4bc3ECFC4ba3, Tx Hash: 0xc419614ee4e4c7bd10e7e6a37c0064d3ba0bab61ee6631473988454046c5621c
Sending 56944136998173100000000000 PLSX to 0xBC610372632700d096763520B789DCeA3E7F2294, Tx Hash: 0xa4a6bf3ebf50395e94aef6955ab93d10d010b3a2b8884c88c188cac3531c7dc8
Sending 56936269151329400000000000 PLSX to 0xF01Fd4A676C232b1e7fdC91c79fB928a8112EF78, Tx Hash: 0x2c14287157ea070d6f4269fb0f090de6d36c34c4fbe3abcbbf0bec66062e067b
Sending 56106723218788200000000000 PLSX to 0xF5c9B7D77062723c0dcd1A622C38a28466ABBB24, Tx Hash: 0xd4e8fa23d2ba3bed008344b45b0998f93edc217bc4ac457773ad06a1694620ce
Sending 55826189602694300000000000 PLSX to 0x2925DDfE4716905Af614ea80C42E53F22B4043f5, Tx Hash: 0xfb9e4461f321afebf5897b31229f6a9815ad1d4dacb081ff74debeb259672988
Sending 54583483817625700000000000 PLSX to 0x2287E7707e88FB563d183139105421EC772FAefb, Tx Hash: 0x1b778487d4de3f1f70adf85b38e5066e7813db0fb449e77555393a5ef42029d1
Sending 53834208612375100000000000 PLSX to 0x06fDe681560c39c508792922Edbf7bcc7b3B239C, Tx Hash: 0x015262a34b3a798531a2b362a89537435520ae87f67cbbc0796459fca9a271ae
Sending 53680439193856700000000000 PLSX to 0xe1E33bC241aa592A49cdEc72eC5364f67545437E, Tx Hash: 0x8d438d09ff5326ecde12635eeccd5cfb8f77e083f25b92b01a65db49865692b9
Sending 53657287914087400000000000 PLSX to 0x894E0C8E9942826ac257A930029fA696014AD7f1, Tx Hash: 0x729ab802cc71b7d5500979d23da78558cfccc08412d8ebd5a328fc29816e94b0
Sending 53594481880633500000000000 PLSX to 0x57f4CCb22Ba8C368e1456D168fC6ccB5c5B91Bb6, Tx Hash: 0x40d06d772a9067c7e2963b48575ce4c40f23df6b7687245ceb6ced4cc5a79545
Sending 52728255527033800000000000 PLSX to 0xF2309A62B9336a45eBaC64f6cdC07B235bbb51dc, Tx Hash: 0x1b781a0c5e8ef2f6c113536d80288922d422eff31eaa819ee733c0990c9526be
Sending 52560816156769200000000000 PLSX to 0xf7dB31529101bD0e1E62Dd075B826607917b9878, Tx Hash: 0xc24a6bcd72be15e82c25c50204e2050bad348517195c674758a4ce4694bc2448
Sending 51969899148626800000000000 PLSX to 0x4046d6516Faef89BbDC2FA4949250D34aa7617ce, Tx Hash: 0xd6cdf6a4b89cc811006e15e480b9220a60220a358d862420d800c08ae4125b55
Sending 51919654321863700000000000 PLSX to 0x31D3b93568A67c171337678cDF251fac1522B31d, Tx Hash: 0x09c2e50199358b633a64bb8f553c2c100c19f98e0e8ddbbf71332f372d656079
Sending 51500947432171300000000000 PLSX to 0x2882296583A63281F71053Af7fc296002A7Ed1a8, Tx Hash: 0x0559625bbfb2f5d6cc73ffd1845b885c2b669dc59a33648fa1044893d985f5ab
Sending 51291593987325000000000000 PLSX to 0x6705237C113b49ba837a50B6e24E22a5E45441Ad, Tx Hash: 0x462723dd229af11726074b59441bae7caf0117e68f8e096d4fe959ac949d88fb
Sending 50496919625693300000000000 PLSX to 0xe40ff298079493cBa637D92089E3d1db403974cb, Tx Hash: 0x27073d7b5b1bdc9cb62a753f5f7cd38ef7645fd2864b6ef90138938c227f1ab3
Sending 50244826763093900000000000 PLSX to 0x02F79F66B45635caF858bbB2d96974B2c2da5F42, Tx Hash: 0x6b726fd967f65dd5c6417f9797cf6e0c226446f745ecf0a31aead3f6ec508935
Sending 48641383405702900000000000 PLSX to 0xCed6cb8Ce48640aB15c4C5021ca7D76dF30bAd3c, Tx Hash: 0x2604830ddcd4152cf0badacf6b29656659e69a3c7d846649ef6fe30485db1bad
Sending 47172457076125900000000000 PLSX to 0x79d26D10235f8894becD46f1E146276C5E612E72, Tx Hash: 0x54f7f65aaab8290f87956013421bdf5dee2cf8d92e1602b0f2e39e94b55d8847
Sending 46870163889318200000000000 PLSX to 0xE247E96F4A95BB164E5633f9bBB43A2311e0b75f, Tx Hash: 0x0835efe2ef9dadf53dca9a9b0c6248d5bde4c6ec08cdf9f32e091dd5e8db0fd6
Sending 46109366025636100000000000 PLSX to 0x8DEea3A3d41B515618a26068e0dc59B5f62CffE0, Tx Hash: 0x9c50410a964e50c0a54ab8f1ec34bd002003951ee5519ae4efe12e1a6a63a5cb
Sending 46057757866169400000000000 PLSX to 0x1072843f9231e0eEb1f6190759E953B005068846, Tx Hash: 0xcfcfbe7a70fbd34f15f73044ddf94ff3045994470a7fdf75364947b48a71d073
Sending 46057757866169400000000000 PLSX to 0x1072843f9231e0eEb1f6190759E953B005068846, Tx Hash: 0xc3795c2aa4cdbcf13c3800a121efa951bc126e63d58416eb69a9793e08b3aacb
Sending 46057757866169400000000000 PLSX to 0x1072843f9231e0eEb1f6190759E953B005068846, Tx Hash: 0x272f29d17da86cb3b7872d5a55a33ce33620e0501dcdda527c7d362789c4b0fa
Sending 46057757866169400000000000 PLSX to 0x1072843f9231e0eEb1f6190759E953B005068846, Tx Hash: 0x69f8164e01dc57e9a897218492db0c35e66dfa6fe2e98b0046bacee274ed5209
Sending 46057757866169400000000000 PLSX to 0x0ee2758825898E3155F03247e1E3cD65a061E2Bf, Tx Hash: 0xa2bdac860b82292005c169ffceed2cd9b61058fe82ed4ec54c888f04477d9814
Sending 46057757866169400000000000 PLSX to 0x7951A7934100EF9F6682AD3269103E626B0Cc39A, Tx Hash: 0xfcab6734d4ba8182477bf044b8e9cacd08861cca11bcf9d0ca31c0c7a37f2d64
Sending 46057757866169400000000000 PLSX to 0xB4A9cefC2E547AfeCf37c4ebFa3e7332Ee97B97c, Tx Hash: 0x5263f892a828f50d5a7327c2fefda13bfcffcac285078a0d954762a387eda4a6
Sending 46057757866169400000000000 PLSX to 0x2569eAc3EB5ea10e419f1111dCe23cBBDCC9A25D, Tx Hash: 0xfd60d5081bc03ad86c5778b845a0a8404c608f6583fe0b22451fecca89675f20
Sending 45695310831021800000000000 PLSX to 0x99f1e2744Eb6e1b54102333E8bb04baDBA4Ec0Eb, Tx Hash: 0x4f1353f9c90ffd8b6e6b041eb4283ebb957d19385be62a40d475a74663c40dee
Sending 45419639158101800000000000 PLSX to 0x36233d493b7DE9027E28ca81F2a6f171aEbace41, Tx Hash: 0xe30655545d34c563790f5dd975b18c504b72bad704466a5fb61ef3a5f7ffd8c8
Sending 45259745483777300000000000 PLSX to 0x41c92ba3833603514a415736C2cC5b92C31DD508, Tx Hash: 0xd94c228f362bb3a6a3da6fe6035c651899787e3d601567efb1fe68a47b19e9dc
Sending 45220344086784500000000000 PLSX to 0x0124d6f1341ECe5431B95f231EC83DEF6f6718b6, Tx Hash: 0xab65d4ff089c7cb8ae5c9f96cde1b1c3a7b39f1a0be49ecab06b88a1c8df41b6
Sending 44505378788763200000000000 PLSX to 0xa834213B0473f23B2d3F295e5155f398c5994AC2, Tx Hash: 0x103f990e566d58e3db9755a67585eb3e67e70cd1bfcaebf64af1382860176994
Sending 43964223417707200000000000 PLSX to 0xeF2CfEC535c1506Fe807f1c90EA74669c5Fc9104, Tx Hash: 0x0ed96f141d31f35dbf1005ea60b563642f2957ae10be0ebab2287f82361d041c
Sending 42301030131478300000000000 PLSX to 0x86447730f6Ca268ec059d6f70b539FEB1E3a39b6, Tx Hash: 0x5a88b941c0010e879c42cfca2494317cb1ec6f9708726662e6add853b294cecc
Sending 41995446744507900000000000 PLSX to 0x97b1973810EA714a7942BFe9674b10F0D01df421, Tx Hash: 0x46b9b869744e6813274554cd3c81bbc14c257c0925c32a0578c2dc36979c5109
Sending 41873831283976600000000000 PLSX to 0x8F876F3B1Acd8DE87f8Ece7Ee29C694f597cB17E, Tx Hash: 0x41a9f864416e2e7909b5fea6db5bb9c01583c8335eef1ee18a65ebd2aad3218e
Sending 41870688986956200000000000 PLSX to 0x7f32079d87C849AD9fb566762D49B754A9855BB5, Tx Hash: 0xfb9dba74e9a9da345d3e030854dfaa15f6344b08f44f5e16db8cf3a9bd5c24b0
Sending 41870688969244900000000000 PLSX to 0x89A1D54d4DE90cb7c4006D28d4aF9172c672a917, Tx Hash: 0x2cbb44b1c805575f8b10676e84be81efeeace17f61f3efa52fb148dcea5cdad5
Sending 41870688969244900000000000 PLSX to 0x89a45e826dc10B28cf7E0BaacCef7AaD95faF7C0, Tx Hash: 0x681581d0d5d8fe9e8697bfbe364a7abda51f7b2d87711bd6b8ae45cc6fab9e86
Sending 41870688969244900000000000 PLSX to 0xc80194617F3318bEa950d6aAE5a79B3310e928Be, Tx Hash: 0x5a11caa3bda079791e7fab8761e4a0020e98d7ae35e4fbb5a22f72e70513dd14
Sending 41870688969244900000000000 PLSX to 0xFED9d59C05CEED261dAe5e48A5482ffb7335a01A, Tx Hash: 0x5ae244dc71104669afca22099e25db8098ed8dff0afebcbf9c3a1736aa8ed13b
Sending 41870688969244900000000000 PLSX to 0xE247E96F4A95BB164E5633f9bBB43A2311e0b75f, Tx Hash: 0xeb0ba5cd3bc29cb01a3a2ca0ed060b1a97697650e4e7d0dd992896181855a105
Sending 41870688969244900000000000 PLSX to 0x0D68de194741df8B913d0CD04375F450F9a4bC21, Tx Hash: 0xa516a903270a8e1bc30fcac4cc450aac00a9bce3fb9e4b0a89cd23185082b178
Sending 41870688969244900000000000 PLSX to 0x94B4DF81b1Fa30895c8e0B1e35357A7711667B63, Tx Hash: 0x45d56522ef9938ad5a10a00c9c4e24e0decd0834772bc49dd51d06c2acf4bc65
Sending 41870688969244900000000000 PLSX to 0xA562D60C3380bca21523d6Ca47Fcdc7eB2f1E4aA, Tx Hash: 0x4b1248d2c1d8fb09f2040b164f4bb1c49f73748499c09ff43047a5a05c0c236f
Sending 41870688969244900000000000 PLSX to 0x8e8f59991F1b81826b6b0eDAd32198774677cE12, Tx Hash: 0xa53ad114fde923bd6b73153b8c8cb559563b8706a84aac9dd4dd7ca88f74c7da
Sending 41870688969244900000000000 PLSX to 0x9c314aAAf29a7dD79C913aE343A8aFDF0AbE62fA, Tx Hash: 0x486d7acfa665170215b66d37f81ed7e57b587e906ffb759ba2afc70afb001c1a
Sending 41870688969244900000000000 PLSX to 0x270AcaC2B0b6E1a8DF0971220382013F23398995, Tx Hash: 0x6156c86be81730908d701cc29f3c5e0f1f6f68483534769a977ba7c67793cece
Sending 41870688969244900000000000 PLSX to 0xc23C2E565D4EEb9672EB37337d0F9c3B2A18D623, Tx Hash: 0x971cbfa0b68dc5d523136fe281e1c89ad4f64a90f5aa78d91c3b27ea0ceb5e07
Sending 41870688969244900000000000 PLSX to 0xd7681c2c32BF5Da74e3832df6E3500e05f9581A8, Tx Hash: 0x81619d1a10cb6667d14c95f89b9569ca6b1648f51f350e1c7951e5f16524babe
Sending 41870688969244900000000000 PLSX to 0xc0cdEEF5196c84E75dcc3De1958E6d4e4707130b, Tx Hash: 0x385c894374e4c56c1ac7a56219e9d472b3abd7fd7d987817125c89e2bc0e29d7
Sending 41870688969244900000000000 PLSX to 0x701E68C6bc5e513C52CE142CC62987A52c475B76, Tx Hash: 0x12815f521342df31c1d717a2ab47bb595111017a2c194707f7ec87ca61926f69
Sending 41870688969244900000000000 PLSX to 0x8A716140687879bd58Df508a41561a46024E523e, Tx Hash: 0x9a5200bd78c71260502663d0dd26b2469f9377ed34039421e68714046573ce64
Sending 41870688969244900000000000 PLSX to 0xC543E8a2adf79C3559D27EE23609d530245d2b0b, Tx Hash: 0x14a4d915892e5d754a68feeb308f3dea017a7254095e91bacb6dca6de6927222
Sending 41870688969244900000000000 PLSX to 0x7C0fe90295b4E7c3D1a031464f093dddaa6ecD15, Tx Hash: 0x12faea75d2783ffaec567900e6a657a392253b2dcbcdf41395d14b02e024dbf7
Sending 41870688969244900000000000 PLSX to 0xbe0Abc22d67a0B0e404F08c51C7f09d5Cb16B342, Tx Hash: 0x2d7c98a25d4905da7dddd40459a5a9cebc90c2f8a682a1bbe4ed0be81965c19b
Sending 41870688969244900000000000 PLSX to 0x15ACDC17650646FBFC5bC1741984770c85A8eFe3, Tx Hash: 0x7beefb315fd110071ed9f30637633c5f5f08c057091cdf662f43e4262bee7d58
Sending 41870688969244900000000000 PLSX to 0x7B6B847191C08bB0Fc6BEe83e20cBbE40C385B14, Tx Hash: 0x387838604964dfe925e0d6df0700ca8bbc491b69cf389488ae1e27216c977d2f
Sending 41870688969244900000000000 PLSX to 0x59A1940E10c354851A0954D9B640b4a463C4d95E, Tx Hash: 0xa043752cc45fa9b5df47358a6f7a63f847cdc742145d0c7096bfe2c36f9f91f8
Sending 41870688969244900000000000 PLSX to 0x462C343632Eb0089EcBAe7cACA3078fF12666e3C, Tx Hash: 0xd748ca15325a66c4575dabbb32bf59a20db0d3da2e63ebbd8bf6f27c01ef9942
Sending 41870688969244900000000000 PLSX to 0x09BADdE4221C48A8Cbb0a96D7135b34e0fE406B9, Tx Hash: 0x84736ca6d80e107fc6a8d511d146e8065861274960230d545238d08cfcd232fd
Sending 41870688969244900000000000 PLSX to 0x7de7eEbC39B08B153fc916a02C9513CfDFC4bb41, Tx Hash: 0x8dda1029270b35bdc1e0ee80d3ae24a416be9ddbd383b535767fbb610327fb4b
Sending 41870688969244900000000000 PLSX to 0x84e026cCf7f2bA03E0577eB0D43B51653A685BaA, Tx Hash: 0x6653cd5306acf28df28093159e2516aa1af134121b518912a5225b238daefc44
Sending 41870688969244900000000000 PLSX to 0xF300B54F9E757a5F07F77CB9F78DE19D4564EeC9, Tx Hash: 0x5fba1312e22c7a7a21e2135dfc63bc53ef23801ff85083345362799dee16e10c
Sending 41795321729100300000000000 PLSX to 0xB5F9462b597bF9Ec92AE8257151cC8f3CdD84D36, Tx Hash: 0x1f3c288f07f3b68739dcbbdbb5bf05780b0326d8110761d5f14c7e03d18accb9
Sending 41162173443708800000000000 PLSX to 0x0D6154eA0ca6D4baf8bf4c79AE1ee72B1eF156C0, Tx Hash: 0xb8194a0a1eea7219c372e68047bb7809288487f1e8e7b937e9b5e8d783a61680
Sending 41025946351639000000000000 PLSX to 0xaF39038DF9fc13E4989a965B623ba1d4b2C4Bd84, Tx Hash: 0x9c542c9a3e8e78e97bc1481eb419a40728d483863aa9887c51d1a78c434c37e1
Sending 40995591569787700000000000 PLSX to 0xE110f8551D7b5588b088DdBFc4F04D3Dc8Ea2A5F, Tx Hash: 0x0652b1f62d117aa72562e171b71c8e29e95dbd6cd876dafd7ded1cc565045a5f
Sending 40747064397684600000000000 PLSX to 0xE17DE0557f4659853862E96ddDC66b37a6722f14, Tx Hash: 0x6bfe1f8f221ea8ac7872590f51156d7aa80acdff39e2aa8886cb383461b61dee
Sending 40695115605424700000000000 PLSX to 0x5563109f52DEA3D72185F5A4556Dc4AA68ED0b83, Tx Hash: 0xe498da5ecf28b7119652ba335812c911aee50fffd946ca08c503253d84e582e2
Sending 39308202804327100000000000 PLSX to 0x36233d493b7DE9027E28ca81F2a6f171aEbace41, Tx Hash: 0xa40f34673eeeceb9a9a5335cc30b90813ccc45adf414a1dc5e4117d9bfc802c9
Sending 38183003511242300000000000 PLSX to 0xd3393c42554F487a425878Ece45674F9983953E7, Tx Hash: 0xf6c095bae10934782f81afef4b5d58e13589a5795496273cf400b7f4c3854aca
Sending 38102326962012900000000000 PLSX to 0x0f8a16a62Dd44419FE98d5b79dd52f665d6FFef9, Tx Hash: 0xf4451e03d1239a78c2e6a751cc0bff8339d2b9d7689a7ff6517841e5ac1c72a3
Sending 37683620072320400000000000 PLSX to 0xbFe17cADFc42742638fEC8B12Ba6406370D01520, Tx Hash: 0x102c6f0948af2efc2646573670ff61e08a48167ceb09ad1e74fbccc960e823ca
Sending 37683620072320400000000000 PLSX to 0xa3E79C254E04fAac43504B7473Fa19cd1d6b9885, Tx Hash: 0xde776dd0c3f7810a4e4a4266697f9782b030a8564d29e3441507c8db4d4a57d8
Sending 37604622860667300000000000 PLSX to 0xF3700ea6E1f540EA87405a662d6fC9F159CdC7b9, Tx Hash: 0x7ddb8597ef048c49e4dafc7d4673a5970f620e305071a03fa85d5c4f228d6f8d
Sending 36939133037020800000000000 PLSX to 0x7E654e5167c4fFB89820676f93A899565F89C70a, Tx Hash: 0xbdcd8e207992f9227f26ae57f6f18b9c2d41132a338f593f0912ad178a067ac5
Sending 36833973112945900000000000 PLSX to 0xC7D3DDA5aAAA885Fb75EC666138EbA55EDCE7AfE, Tx Hash: 0xb532b7129d5569c60b72fedaa73bb2ed896d308cf03a258e7873978c39871e75
Sending 36271269519089400000000000 PLSX to 0xfb0799957a61C7EAfE529504652fb9699632085a, Tx Hash: 0x332115af03f75a3dbfde4992d8a39e3b023eea5ddeea02b415be8f911e579476
Sending 35987857169066000000000000 PLSX to 0xE1F21493798d1624316ec74eD568dCD170902854, Tx Hash: 0x1cf17031481ac30aef48148742c9331f378abaa566f23fe823ef810a822dfc2e
Sending 35506344245919700000000000 PLSX to 0xf06F1a25108FB801C400189a43e3cEB07a27e7c4, Tx Hash: 0x08a5c7c196940ecd04c8214d71ebfed9229e443c16c497f841f5fd437b59d8b6
Sending 35158904208049700000000000 PLSX to 0x6DCe1745964892fb28d345b785109417114B6cCa, Tx Hash: 0x4428daeede621be0e2ae7f9b91bcc15f1e38b94ed2a0ff00c626914c4c02894e
Sending 34581002019699400000000000 PLSX to 0xE110f8551D7b5588b088DdBFc4F04D3Dc8Ea2A5F, Tx Hash: 0xfe1af453698c0a1650f1f6e8d5830e41de3591d77f701b6414b75d83b5b11a92
Sending 34581002019699400000000000 PLSX to 0xE110f8551D7b5588b088DdBFc4F04D3Dc8Ea2A5F, Tx Hash: 0xc1d613cdb844d8c0090e53cd784fb5171e6299086d55cc1c7363602aa9587598
Sending 34472146592342600000000000 PLSX to 0xd2E6b5fE65068EE91Ab9542De3339bEd008294C5, Tx Hash: 0x0cb8a2c807ece6d77aebe981d592c440a7e9a54c1f0811f0076978bdf3645f13
Sending 34333964954780800000000000 PLSX to 0x5b8Adb8669175EfC494AB2915b703bBE59D91AF9, Tx Hash: 0x046416a572aa3061e06f118bcbddd254f5a8f617af1ea6cdef78daca61e84e87
Sending 33530047726571300000000000 PLSX to 0xC08C981c564FBe50A020D22E194324918A36F7c0, Tx Hash: 0xd0e1decbfb55dab230a96763e5f4df98de9172662164d87bd5460207140e3ce9
Sending 33500738244292900000000000 PLSX to 0x8032e836d4F2731d2c4327b6aBb04f3ed2F62Df9, Tx Hash: 0x2301e4a3d83e0a1cada317dbb86e3d6676a1a486677d9b351db7f334d155dd64
Sending 33496551175395900000000000 PLSX to 0x7de7eEbC39B08B153fc916a02C9513CfDFC4bb41, Tx Hash: 0x41f627f8c90c3d37ac8d5fee567d69d7fc7627446a3a528f632f0b263896b44d
Sending 33496551175395900000000000 PLSX to 0xb118B9cbB14AF0BF6269d14FccB559b4884510e6, Tx Hash: 0xf5d88fe7ed70f0767b80f0a50d0e549555d3e1d5bc3a7b2c13175381d6778caa
Sending 33496551175395900000000000 PLSX to 0x1659b57eaB2C38fb96D59CcbcC87F887998220dF, Tx Hash: 0x8a7e7cb040be237c0510eda121ce9c2bf65356556805e35b9035ca9d01892228
Sending 33496551175395900000000000 PLSX to 0x8032e836d4F2731d2c4327b6aBb04f3ed2F62Df9, Tx Hash: 0x7ac063e20a6548c6c7b058b5983f4a0ba9ead3f514e67443d174420be3b9279a
Sending 33350003764003600000000000 PLSX to 0x8c6FaacF73b5815C4A360BC971E312BcEe1381Fc, Tx Hash: 0x5d12429c85b7618ce631219d0b4191affced808a10a5e44a5792d30781a18398
Sending 33102492231072800000000000 PLSX to 0xA2aC084122842b18E368E13DEeEcE661eEE29F83, Tx Hash: 0xa0a9ec6369f9ebea7bbe1be19e9c7b6a621165e9d8e1913b49741b0e50f15ce6
Sending 32678829981559000000000000 PLSX to 0xC1bbE9E76C360Ff4d5a11DBCacC26D6B885cc41C, Tx Hash: 0x545c46122bebbd45b5ae18f71ef61c5efbeccc0bdfbe130c1c2ba89d165ddbb2
Sending 32562834811381800000000000 PLSX to 0x025b259857BdDeDc1481b5F60B6C94a30698D73C, Tx Hash: 0xb857d27a286c81a61a16a1b2ff622bef22eb29894c1cd44cef4d3f0d9e89a1ee
Sending 31955709821327700000000000 PLSX to 0x62973f98D9593B40Bf25f1692718618AECdcB52E, Tx Hash: 0x009824f9ac310965d791ea784201888be145c0b100ea123e4d2d140688d43d99
Sending 31448084389301900000000000 PLSX to 0x7E654e5167c4fFB89820676f93A899565F89C70a, Tx Hash: 0xa547153f6d97e8132b3a1ed36be33d060a7946fed106fed6bec6fbf76022c706
Sending 31403016726933700000000000 PLSX to 0x24Fa4555357363B2DDB31Ac13245f3A526fd32eE, Tx Hash: 0x0cb944d91d1a333af1f2fd8866c79881b4a2a535a7702fb75be07fbd9e450c5a
Sending 31403016726933700000000000 PLSX to 0xdb67aCd7406403C035c38965CBE9435e187EB2B9, Tx Hash: 0x0471cd77dfe35f1ef3a34cc613dcf5e4b332929ded84ea5cece85d34e4ebb0a7
Sending 31403016726933700000000000 PLSX to 0x57441448f4B696Ea6A6A959eA89Ff3f5eD59A2F6, Tx Hash: 0x06048dbd5de1e5c1a6742e0fdb396d339bb0c2c327f6e163285fa45ab05a9b8a
Sending 31403016726933700000000000 PLSX to 0xa1Aeef99D3A5A0ce2BfE26304523ef725d32A767, Tx Hash: 0x3cef9228e58d5416ad4c875816ffbe549347dd018199467f2759fc152dd2f105
Sending 31352463447681500000000000 PLSX to 0x7f01c742bDa1639844608fE6c3BAf682a499829C, Tx Hash: 0xa870c1bf4cc422cfd74d666ecea25ccac8994e94da32e4f200f85e18a4feda66
Sending 31077859369890100000000000 PLSX to 0xE0d49aD8f11599Cac997c4c7Fb76De31282C2d2C, Tx Hash: 0xacf78458dc81eae8e260d7df3dc938a2259d5263a6812b1df2b9db903936cbfb
Sending 30146896057856300000000000 PLSX to 0x543f37E09037D5bc0b2bAb86e0F5167206450cb1, Tx Hash: 0xfc2a9497e3bb9a0d2d78875638597cb401f0a30e6a71c135e8ffb203a296f8cb
Sending 29309482278471400000000000 PLSX to 0x79F68433334d1565237c86f2e6D270b4Db29E917, Tx Hash: 0x54fddf72fcdc6da28abc73784a5b166b0259949ab7a4ce1df6d0e3d0e3c28903
Sending 28875106336815100000000000 PLSX to 0x793BF2a50164ca10c95B6c8Fe19823c2EcAf3AC1, Tx Hash: 0x035afcac133636ba333e43c76201b2c7b23ff832df3983b8d2b01387f91d0d68
Sending 28270831752699000000000000 PLSX to 0x9b135aC9adFffCcc0e1ABB3c61530FeCa9E7878F, Tx Hash: 0x1a116f6856dbcf550517d4bfd8c3188f1872c70f65f511c57fd8c36b5b0adae9
Sending 27948031664362200000000000 PLSX to 0x5701DFE69deA77f3170b0263910B849F6747EC24, Tx Hash: 0xf6a28a1ba04fcf96f59f62a79cd715f307d315f01550aa66d8097cb156213241
Sending 27870127370267200000000000 PLSX to 0x3fd9af277cB13693AF9DC9599b7c69965776B9E6, Tx Hash: 0x3cef53bc50ab30a8f7432f87bbafcf74aa7ff18585e7e281ff3c31e81f9cdb50
Sending 27762049822641300000000000 PLSX to 0xA153D9eF66A211d2acb68f7f9E25d218093F10c7, Tx Hash: 0xed616c967257c11a04fd357d15818e2743b13afb522b678c2a22ff0bc5c171e8
Sending 27750889716141200000000000 PLSX to 0x1B6D96BE76c4091819093A788616D8eeb850BE0d, Tx Hash: 0xa25aeb3c564706491e30ec70502e815a7af99aef456c8eeda79233fbe3039494
Sending 27215947830009200000000000 PLSX to 0xEFE1bF9D4fBb2c79743795d1bca968C3EAD55331, Tx Hash: 0x778051c96db884d3c9713982d5d8429cad70ace278635fec3ed6e73128133886
Sending 27088680984652200000000000 PLSX to 0xba75F944F395aA1B85E2E0A7e8FeaE890Cd80288, Tx Hash: 0x353b316fa17366575aea44bb593553738ba14af88151c5254da0c1444a66ab42
Sending 26712630639858700000000000 PLSX to 0xAB9A01bF904A0a5b194b82eF9a4bE6c7088A7493, Tx Hash: 0x1a8eeb0349bdaa1ab303d272f2447d0650200f78cd657d739ce7fdd34e406c99
Sending 26684199482037400000000000 PLSX to 0x834fe96456115029871860eE88db1d4e12d8Eb1B, Tx Hash: 0x951c753f3df2d640b58438e82e4a8357ee5b21c37a3fd0373fa00d3df69b712e
Sending 26378534050624300000000000 PLSX to 0xb9af20Fd4e055956a71566ca6E0Aa56cEb4C0B99, Tx Hash: 0x3462bedeed3e5289599125bfc126888a29f54390bad4aeedb244f3b1c3d6c6f5
Sending 25896492126201100000000000 PLSX to 0x361A0E3c2Ee3F3A3b308E92182ef356De631da44, Tx Hash: 0x5b10e55cef95a2303836b2683d0dcb2861d8fb83a433144a37e203c89ba591cb
Sending 25445752242690800000000000 PLSX to 0x8361914090997BdcF46D50342d01532F73054239, Tx Hash: 0x8aecd7535b7ca9b2eb1b99318b368208903afdfde134c4b5cefc7741e9dca3f6
Sending 25122413381547000000000000 PLSX to 0x2a296c600f67fc440872f33098f9d7e55Bed88bF, Tx Hash: 0x58f2b588553e1ddf9710cabc6d909705eff295585707f5c809b0a78e1c222ea3
Sending 25122413381547000000000000 PLSX to 0xf093d96C70dd871f83F733526d2B5eD4C3EECC56, Tx Hash: 0x54a3aacc749dc8b814f675f87bf7bd0ed546941879278b31509fbc0ae235ed04
Sending 25122413381547000000000000 PLSX to 0xb084D5Fa554966Ee944537c366FD6630Cb3DcEe3, Tx Hash: 0xb081f25f4c1ce796ccd081ae4bde57d20e96fb747e36107038925a836896a483
Sending 25122413381547000000000000 PLSX to 0x94ceb946E97B928B71B3dD29046585Efd4cdF7f7, Tx Hash: 0x90d72520e5166b39b0ea7b7a0ae7c64681dd8dc47ae74af0f234d03e9b3f1899
Sending 25098827100741800000000000 PLSX to 0x2cFdAD1e14f2D4cFf93F2D59D2abc9F842Cf98B8, Tx Hash: 0x76f0e390070e08168946650aa86758207b9dbff9955781f7591b06d86b0a5fb7
Sending 24533864272660500000000000 PLSX to 0x2f82F0573543df16EB0B3172B1F03165521D0dB6, Tx Hash: 0x01e11344800946121a59fa3fd2e6f242ad0cb4de6a12a11e2b6f6a87a0cc6d1e
Sending 24284999602162100000000000 PLSX to 0xFff40608E0fD9D4DAA5a2c792e74356573116841, Tx Hash: 0x46395b644ab94a3fb685b6bc73a9356625ff60a8016291b940d2a21554bb215f
Sending 23645152914543200000000000 PLSX to 0xEa54f869c7A8127648176ce7f7fb9cb0e4a0Dc67, Tx Hash: 0xf324cd8f9b623fab80b9391c5f708a1eba52ad216494d53e49f03aadf4bf6be7
Sending 23447585822777200000000000 PLSX to 0x5bAB16aD3be222f3710808d909698ab73965e909, Tx Hash: 0x77d789c377ce0e1dc6a57170324f9f623ec276c4aa4b468e7c940f12a335da9f
Sending 23259167722415600000000000 PLSX to 0xf7dB31529101bD0e1E62Dd075B826607917b9878, Tx Hash: 0x7cce51a74d9210affe138a500d1add3961d0c24d111e527640634161406bf4da
Sending 23259167722415600000000000 PLSX to 0xf7dB31529101bD0e1E62Dd075B826607917b9878, Tx Hash: 0x6012821de867826f87f422c0a1743eaaa1ba8fde77bfb932424ef206df173d04
Sending 23198487477281100000000000 PLSX to 0xf36cb8BEA5AaB679Cf3922D457073B45E1Fb8D2B, Tx Hash: 0x9419766f010eef39255c9c5a0663297df4baf31a055c12b58f4e603dd3832a9e
Sending 23028878933084700000000000 PLSX to 0x0124d6f1341ECe5431B95f231EC83DEF6f6718b6, Tx Hash: 0xedd78e3a029edc0d8320e48379745780f24bc5266170f7875926474dafaac052
Sending 23028878933084700000000000 PLSX to 0xaB649AB687E26688c3Eb1B1B27970aedA18e984a, Tx Hash: 0x7456656fe357ca3969515007daad883fd75506257e57beb37d697987b2f32d0f
Sending 23028878933084700000000000 PLSX to 0xFa3f80365269E90442d603972069B153a5b93a84, Tx Hash: 0x10f3e5a17b60bedc5c48a96f6eff02f5514fd12db7e44b8672fe8c00182ee8ce
Sending 22961257797657200000000000 PLSX to 0x0f2457047e8b852b351cB8B5a5Ef482e5FBF5151, Tx Hash: 0x73fc56d7e552f5381e2d78cd20b7f3ad928435444aefb3e0c4452737ffef813e
Sending 22572488423319900000000000 PLSX to 0xE110f8551D7b5588b088DdBFc4F04D3Dc8Ea2A5F, Tx Hash: 0xc6d92149e25b991c1ef5256739af85743962f2d397e8dd2b072cb2f7dd33874d
Sending 22548803456022500000000000 PLSX to 0x8754aB429528d5C3E8e1bEa50D2816735D15f908, Tx Hash: 0xf37d89fcdeb60b3ae2b6275086c847cda6e282628a65906c88e85e4c058b858c
Sending 22531282600444400000000000 PLSX to 0x09BADdE4221C48A8Cbb0a96D7135b34e0fE406B9, Tx Hash: 0xcfbb9911674e17a446df3718ab7f12fd5b0c69778f74866f9f33dcf7f2c406db
Sending 22191465153699800000000000 PLSX to 0xcCdaf7915a66181e5d33671d370D2583C5a55f0d, Tx Hash: 0xa7a946b174f51e223d9b1f8783228660325766bc53627271ace8c9ebed6cb431
Sending 22166450228531800000000000 PLSX to 0x09BADdE4221C48A8Cbb0a96D7135b34e0fE406B9, Tx Hash: 0xd530d18b16dc1005d5a26e64300d072660528eb5f9357c5eeb7bde319af942b9
Sending 22166218502112400000000000 PLSX to 0x5b8Adb8669175EfC494AB2915b703bBE59D91AF9, Tx Hash: 0x1fe47cff44af744b202e1df1f7fa3534505844e4c48841ccfff11e7b00f37ab8
Sending 22107723775761300000000000 PLSX to 0xA562D60C3380bca21523d6Ca47Fcdc7eB2f1E4aA, Tx Hash: 0x1f85d1614c7b23ecbcf3498bb3e60ea2996c3a6770fbecc0bbee073d10a52247
Sending 21820181048707100000000000 PLSX to 0x09BADdE4221C48A8Cbb0a96D7135b34e0fE406B9, Tx Hash: 0xa3d7adf277d1e48857266e058b78e31d99111e5fe9c67179082c69a86c6e4381
Sending 21772758264007400000000000 PLSX to 0xD67cbe7600C70d7A9916E28536cF65573d34d591, Tx Hash: 0x740ffdfe12de59125b9dba5a9f4783984ce99f1dbfe978c1f4ad4b62e6d81cca
Sending 21720351949807900000000000 PLSX to 0x944FDF30EBA69d6A7bbFd7512AC8eF899D1Fd3F0, Tx Hash: 0x79311567835b000d2503a9ec874d194e808a85971028d133bf37bf602a5bd4d7
Sending 21570230294281800000000000 PLSX to 0x01975F258091cEdA596607ba687866925be6F369, Tx Hash: 0x70c12efaa126e548be0d98735a1aee34091415829d5eae8d7daf1de6778ed9a6
Sending 21378755425653800000000000 PLSX to 0xc3227F88F636B31ad7B4459CA9816B18085B2E0C, Tx Hash: 0xfa4aefad40b04d32af75391a9d0fb613f94b086aa18589e56a7a7ca1228dcdbb
Sending 21256490505306800000000000 PLSX to 0xaC9a40B74fee6049767efc6CBD191ea4d02C9fF0, Tx Hash: 0x54eea3bd03810f12a424d29c3925c21c280aa7fcb88e197dd462f66fa95f10d9
Sending 21144697845727300000000000 PLSX to 0xB4B00486303DE4A30AA87517e0c929095e13c6a2, Tx Hash: 0x0a02b28221f7185b9b360d4bfdcb741512284811595b5ad9be09c8c67b230af6
Sending 21123393608874700000000000 PLSX to 0x189C6304140F14D39ebe0c09A888cac20249Ba6d, Tx Hash: 0x90ae704233b6a4b0a60734b797f4a478bb71dd8bd10f97b3211e7034d231f3d4
Sending 21087223938832100000000000 PLSX to 0x1Edf854721c4c6E73FFEe24E63FadbAb9803d5E6, Tx Hash: 0x5a3838ea9d019c8d534a759b5d5bf0f767b2159a9c964c1f3d83be57dc49ab9b
Sending 21030241217491600000000000 PLSX to 0xf76E9546EFa0098066122344A4abe4b4c549b35d, Tx Hash: 0x715c3fdf36f7060b044f4f01d6ced5f0408ab6ff3e9ee189fdb66eaa2e4578d0
Sending 21027460000354800000000000 PLSX to 0xAb9243C40f16048F7Fc0a982b6Ea595be1F101c2, Tx Hash: 0xde8995886cbde26af12d10c0a31526ab59b88da73a11a5afc91d92c0719df18f
Sending 21002103131422300000000000 PLSX to 0x5653C969384B1722ce016534db9d9EDC7fC9F0D0, Tx Hash: 0x1b8031cd8ac87abfa10619ff861b6f836025e8e7227f936c006568d016d2be99
Sending 20981402242488600000000000 PLSX to 0xD6F0784b5735c82AB50D42035A47E0d1Bd696D13, Tx Hash: 0xd58f7471877ee5f3b4003e795bd6a96fc070ebce48d18213216748b598087bc5
Sending 20977215173591700000000000 PLSX to 0x92Eee3aA7F42591907B9D930c56BA54b51E5707f, Tx Hash: 0x8d9175797a0fde6d8eef7367a96d7ccbfe961e82f53bb5bf634ba3c2065dc2a7
Sending 20977215173591700000000000 PLSX to 0x8bF6E454a979F8b919b44a56ea225B109580033A, Tx Hash: 0xcac833632343fe2a99b473e0a4f0011321e3e4b0f709b625cf113e9b3a5dac6b
Sending 20968235445410400000000000 PLSX to 0xf28036389FD8b8ea7AA30BD439937B6aAc09cDCB, Tx Hash: 0x5d5dc0fc6e6c91d3ac6a94b04e491c426f988afaecd038cf7001c1d9442d57bb
Sending 20956549813654300000000000 PLSX to 0x0a247F8720826Bb029B5542Fc93cb7799A6A4251, Tx Hash: 0x7eff44448fc1fca70bd854ca331471cfd7aa5537373949946d7d8f511b588960
Sending 20943718622416300000000000 PLSX to 0x98B013A7f3Dd0e4514106C9eBD624cD555e8E704, Tx Hash: 0xa9bc0b27f0d9ff66013618bd2d1e80d480f796f1be149787e9ea4a2be78657b9
Sending 20943718622416300000000000 PLSX to 0x98B013A7f3Dd0e4514106C9eBD624cD555e8E704, Tx Hash: 0x3ec2d019f2114a69db4058112c810aff92b5e4454c7c4cdb24b582beca5b5749
Sending 20935344484622500000000000 PLSX to 0xa28A7aF2A4E3971771829Aac6B4581da05F679a5, Tx Hash: 0x34d3e1514cbfdf23d9ddf10537966ce370ffc41458cbbc3378aec3a1fa8f424f
Sending 20935344484622500000000000 PLSX to 0x24Fa4555357363B2DDB31Ac13245f3A526fd32eE, Tx Hash: 0x8bf120892f2bd0a436293e0ae26380fb736edf6f6d582f80ec76acc418529d95
Sending 20935344484622500000000000 PLSX to 0x670c61fC9056EaA4C7C4CDDA8c2B4449e17C63C1, Tx Hash: 0x366a6ff30a80e006f12b682274f290adc70057f4289a60af5c42603f1ecdad5f
Sending 20935344484622500000000000 PLSX to 0xE68BBA2A6dD951e306B51B7f1E1c6b3C0187a501, Tx Hash: 0xc2d045bf69079b038d785226cf528dd5a5457c4b53ac9c5bfc9027924ba08157
Sending 20935344484622500000000000 PLSX to 0x8fAf18672336ff03f401eD37B682449FF69d3936, Tx Hash: 0xa56afcf7da1952813ae4c253d8d979433d27e4a1882f1a662713caf3acba881c
Sending 20935344484622500000000000 PLSX to 0xb7d5cB2aF6F4908186E4736336f6f5a3CECC408B, Tx Hash: 0xec116452320bfaebddfcca54aae84bcc6754c3824b2dbd783660d74964b60664
Sending 20935344484622500000000000 PLSX to 0xfd613bB89161e4a0ad85a83f54bD947071468607, Tx Hash: 0xf4b1bfdb9bed9cc37dba86d65b08c56bbd7111eea3efbbaa3f965e9e5359b216
Sending 20935344484622500000000000 PLSX to 0x3b9A17D62dDF6282946842A38a195dDc7776A36c, Tx Hash: 0xafd278717fb09d113e1d48b90fb6b1555fd35960b441d4897dddeacf581ceb15
Sending 20935344484622500000000000 PLSX to 0xD79bAcAb20C9853eE32a3308cE27e7BEBF7B4A4c, Tx Hash: 0xeecc6d4dd91066529ced8008c65a0fb9edcc36d721ecc03ee66623e36dbd92a8
Sending 20935344484622500000000000 PLSX to 0x83C2Ea8d6c5Ab1Dc95bc004AA8548A69D68D0feE, Tx Hash: 0xa7a0ab8e92447c6f32a501ec76145be5996a2b490819415b6c35d49478208443
Sending 20935344484622500000000000 PLSX to 0xDE147090e90CEdC8e0206fF61814BDc45dB6F8D1, Tx Hash: 0xf144d2d309385d0593f94f1ac8a040a934c029c53f817d1b12ab0ee0b711b8dd
Sending 20935344484622500000000000 PLSX to 0xDDaf374E95bBc6A69B823Cb66f03ab5391421B36, Tx Hash: 0xdd664872885fa640472f454bd4e56d8ae30bb9e6518f3c5e2efb48509bc6cf22
Sending 20935344484622500000000000 PLSX to 0xBc5AccdF331cef7EDbf434054D208f1E63138150, Tx Hash: 0x0814c4f2d40d57d0d9755b093fee0c742766a415499a1e53943fc6adca4d606f
Sending 20935344484622500000000000 PLSX to 0x3338E9e36C2F19ACc3Bf9b7E4EC594C59351e922, Tx Hash: 0x80c90b8ca0e61531deb504104769bd2d076484cf54aa375ec6e5df8e91366bfb
Sending 20935344484622500000000000 PLSX to 0xde65c77918425E081382bE02fD6bF4Aca6a9ad87, Tx Hash: 0x3cdace11d5633a58bfef3d5d650b593f3c61dc5e590cee54f619c6132b53afc5
Sending 20935344484622500000000000 PLSX to 0x39bA841CD969B0931967D67ec113A438746bEc9b, Tx Hash: 0x71e4deaf624674fe67c878a5e4b12712fc0600b97ffdc3274cc8d809b1d64f05
Sending 20935344484622500000000000 PLSX to 0x42B5Eb4Ac6588E9bc9675391A7be2763b21f8030, Tx Hash: 0x32206fe83b6fbe3f265e9cf2df560a5ab791048299899cf5925e1b169d09c420
Sending 20935344484622500000000000 PLSX to 0x2F1D0699F546163cE81f72EAa094Df1A9D68243E, Tx Hash: 0x427545b4e3704f5796f5401385302d71dae1cfc28a2315a7d234c9cc907f43d6
Sending 20935344484622500000000000 PLSX to 0x0f2457047e8b852b351cB8B5a5Ef482e5FBF5151, Tx Hash: 0xad310f2124928696fcef79bd14e4dcc2edacbf4c0f93b505f7ddbbeda353340c
Sending 20935344484622500000000000 PLSX to 0xf921607879eA8884eF74633737fd6f1B79aca032, Tx Hash: 0xf9cd8d0330c9bcbed7656f9ce39bf815e829a0fb169c0a98211e9b88175f9e27
Sending 20935344484622500000000000 PLSX to 0x8bF6E454a979F8b919b44a56ea225B109580033A, Tx Hash: 0x86c0e4333ba49de7da5f9448cee2644bd742956585b2873ee8e04969c801734b
Sending 20935344484622500000000000 PLSX to 0x3f9F7E2F7dFaaFAc88C0E424d7d2006224B721EF, Tx Hash: 0x7741b5835c52c5230687c995eb3b55bfb4335b0695e2ef15d0fc0f012e2da45c
Sending 20935344484622500000000000 PLSX to 0xecA35c5332cc4Ea6FEB295152928C80ea7d56B97, Tx Hash: 0x7cabaa0e6c4122017b180ba178954c5fb556a4cf534c560f4aff312032893fcc
Sending 20935344484622500000000000 PLSX to 0x234e224cbe74f269DaD2d0fDB1ceE283b279E41B, Tx Hash: 0x048753332c04bad3988a93fb4d2481b9e591d8291730307b1f41d2d2e4ceb99e
Sending 20935344484622500000000000 PLSX to 0xC05279907809583CCbdA16a059e1C7b0661e2A22, Tx Hash: 0xfeff6dc9c03b828a2c2a62a3000414229bf627aa8a18f1ede7069710d8893719
Sending 20935344484622500000000000 PLSX to 0x0DD391C66606f85fDDB9aBD4a51EC038267FE32D, Tx Hash: 0xcf86f09bc365abda93fe9a684bb6750bc432cd8183c4aeba3333becb0ab35713
Sending 20935344484622500000000000 PLSX to 0xEa0C58a80dff06084218a17BD6d3CED6d884429B, Tx Hash: 0xf5db61e49dc2d3c08b4df8d46dc78e33e515b48c2cefc92ba0c71bdf623d1187
Sending 20935344484622500000000000 PLSX to 0x02200b86D7914A8B33ad25D4422A2113B3E11863, Tx Hash: 0xe5987275c3f8f7efef4f8003936d8e341517f4d31f4ac5e0a68e4e8c935cfff3
Sending 20935344484622500000000000 PLSX to 0xfb0799957a61C7EAfE529504652fb9699632085a, Tx Hash: 0x7df494b478439ae0e11972d68afbba9682d42304a19bdeb947bcce5fa0d5b2ee
Sending 20935344484622500000000000 PLSX to 0x8d8e917C267d0cEF476E4d1b6B715E5ac067FFD7, Tx Hash: 0x14a3eabada800257d3b3e0b71ee211a7f6b8078f4050b154832f0847ff866146
Sending 20935344484622500000000000 PLSX to 0x3a7cdc671EE477c50357dB52Cd05c317AFD37E0B, Tx Hash: 0x7e53f1051beb2fecfae7aef7c0af318613021d3865af8277acd13e7d1f7ed6db
Sending 20935344484622500000000000 PLSX to 0xdbd6430a5d409fD8604579234dCa3ddF8755eccf, Tx Hash: 0x1ca07d81983d15cbb277cdc69e40b3cd52936523620bad5b3e1d40dcfd2a0981
Sending 20935344484622500000000000 PLSX to 0x021222bF73310FEc151Ba3606e57a55313674666, Tx Hash: 0x4e109863b226d35b67568967e798a101351cf251332ee49e9ef8960490e20e35
Sending 20935344484622500000000000 PLSX to 0xeDf3b58885E3d6cEec56e8d887234c79AFf750B7, Tx Hash: 0x40e8685feeec26c82f0f6399f55d82f0ee7260bbf25d21da2c37b6031da49ef6
Sending 20935344484622500000000000 PLSX to 0x442A5aa749410a4A3aDDfD6aB271a485E2d5534c, Tx Hash: 0x6954ec411f93a8956b13e945a0748ca76fa0943227cd31cabc48c9e046f16c72
Sending 20935344484622500000000000 PLSX to 0x02F79F66B45635caF858bbB2d96974B2c2da5F42, Tx Hash: 0x55242796ece7bb908daea81be6f281d20537edb0d56234dd2bb44abbd47f9405
Sending 20935344484622500000000000 PLSX to 0xEc14340951B2f298153b28A4059444D9fb259D1A, Tx Hash: 0x2dc2a6b9c2d79a0e99f4d16f4545f3417ecbe71fd067cb8e17d8606eb190c9c2
Sending 20935344484622500000000000 PLSX to 0x2a296c600f67fc440872f33098f9d7e55Bed88bF, Tx Hash: 0x834cc2077f667c15299c3d7ee8f1f77943cb7bef819f7e4f066adab01cd4f440
Sending 20935344484622500000000000 PLSX to 0x01D85cb258a1eaA695be7609095B1322607A0463, Tx Hash: 0x6a337d08735ccf6ce54335fea9af80b80d617076fa0863ed8d935dea912baedb
Sending 19072098825491100000000000 PLSX to 0x634439D53Eac1A76f5Da0f253e65f0218F56a338, Tx Hash: 0xaea3b2dc48ac983585db57ca21b256d1ae4fe26ad7da182786d623d8d57ed7cc
Sending 18491782843757600000000000 PLSX to 0xA153D9eF66A211d2acb68f7f9E25d218093F10c7, Tx Hash: 0xeef7826bf8d19bff56503859c72ba50e8d34ffbee77c8b6723c1f92714842cb3
Sending 16748275587698000000000000 PLSX to 0xd7790Bc063932F333c5F5adCABF0ACAa843F7Cfd, Tx Hash: 0x1e66401292c70f5c8ed9e45cc95fc07a932f2e42cbaf47c00ae830ca9d60f969
Sending 16610102314099500000000000 PLSX to 0xBc6950E5B57417D5f2159ec7b9dd1698e850D3ee, Tx Hash: 0x73517c652c0c44dbcbf46fa23cb88e63d310f86a25037294e5605c66875cdca9
Sending 16426533710054000000000000 PLSX to 0xC9F1647C0c00EE746e52dbC0E866328936717FcE, Tx Hash: 0x884358a1cbb1829f732f33c85cc93af1069f5510de3bfa3294d74415ed4b341f
Sending 16093275476187100000000000 PLSX to 0x9761E6153F8747C67977a0902a89F078A2B6B105, Tx Hash: 0x109b4cc628054bf9fbb779a92e605a4d467c98a2ffc32ae92a3a8e75616db4ac
Sending 14760485960617400000000000 PLSX to 0x799Bef8226F97D8CAaa058C104B361e0B39b5030, Tx Hash: 0x0c60f195ba66dfd1b82e045029dd306e173d9a9a962591e831340a5067ade5b3
Sending 14693866166233700000000000 PLSX to 0xA153D9eF66A211d2acb68f7f9E25d218093F10c7, Tx Hash: 0x0fe5a2860154f4291b1f610ad4518a2a3ec7a09db2d0cde258e821da271ab06b
Sending 12749624791135100000000000 PLSX to 0x634439D53Eac1A76f5Da0f253e65f0218F56a338, Tx Hash: 0xb1669ea74d6f386e823f4734b01a9c9d5068361e733d4f043a097c82b7046094
Sending 12749624791135100000000000 PLSX to 0x634439D53Eac1A76f5Da0f253e65f0218F56a338, Tx Hash: 0x89d3d80522f990513c7a53c0ea08c55ff6e10db69247c2b4226d0823a991bb5b
Sending 11598180844480800000000000 PLSX to 0xe4bb9aAEB4bF2Cd0195405272906113400DcD732, Tx Hash: 0xa3675e356198b2b3d4e93fdd55b8ee523c42a905cab8aef39b216295971e5584
Sending 11326021366180800000000000 PLSX to 0xF87FD818D6f5895EC4E42281AfBfc253FE6A8356, Tx Hash: 0x999f1ab5080a387825f254790f9b7eb67314c6403c76234489f5bb142977abac
Sending 10781702409580600000000000 PLSX to 0x8cc0bC36FdDc746f8a4E1f938106dB794Cfd9694, Tx Hash: 0xee0af40c4c3487e455bb256625651f3659f1f8738ebdf1d314597d8f28d5a1be
Sending 10262505866361900000000000 PLSX to 0x98E21861d3DB51F9354da7656DC9066d221EFf51, Tx Hash: 0x3caf7c851b345054528e569c596cc60f3f5957542169f4bc890ca8112906f563
Sending 10153642075041900000000000 PLSX to 0x8cc0bC36FdDc746f8a4E1f938106dB794Cfd9694, Tx Hash: 0x8499df1df7c0c61b4b999e7d9d9e9f060c08a844780f4115658d0b8a5e4bf483
Sending 9481439027781630000000000 PLSX to 0xb99Cbb4FedCc3A5C21c61616FC418eeC034a4316, Tx Hash: 0x161a68cd1750bb66e25d90d92f3dcf6e7502ea7e0771fa0920fe4d32ae8ff87d
Sending 9386537644376990000000000 PLSX to 0x6d289B29Aa7A8bc6a67EdD1F94c7d2E0c965b9F9, Tx Hash: 0xbbeecfa30d934c3e8264e9c6857cca1a41cf5370f4945e52801fa64be219883b
Sending 8620465958358830000000000 PLSX to 0x08Cc447ce51D76A073A40F07D14d0f4B1A017150, Tx Hash: 0xd3864dbddbcec407a135271077fc185a287a6cf67b08bf320c33ea49ae7f647d
Sending 8478814516272100000000000 PLSX to 0x634439D53Eac1A76f5Da0f253e65f0218F56a338, Tx Hash: 0xb5d634550603467cc54b1e7665ddee106b2ebbca5835ebfe35cfb23ed611aa73
Sending 7536724014464090000000000 PLSX to 0x634439D53Eac1A76f5Da0f253e65f0218F56a338, Tx Hash: 0x0d058b51ebf0256ceb83c5fd8497b0c0576ec57a00031164827fb4cd594d386f
Sending 6280603345386740000000000 PLSX to 0x57f4CCb22Ba8C368e1456D168fC6ccB5c5B91Bb6, Tx Hash: 0xa12a5142f14015a6602b4f0984a0222fddc2277fcf930b60a64095f8857fd9ab
Sending 4187068896924490000000000 PLSX to 0x75bC371b21ac67D79b82F49073c85f9AD6C8F521, Tx Hash: 0x51b9cfab9f07283d7da08cbb32bf78a3a2ce27827f187a0fb12a3f5a552e338e
Sending 3061642046066030000000000 PLSX to 0xf7dB31529101bD0e1E62Dd075B826607917b9878, Tx Hash: 0xde4b9f9bc1a17b9e420846d77a3d81dcf04b2135e01930ca29d435180fc5a855
Sending 464764647558619000000000 PLSX to 0x770182aa0a27B5C2AEd56664D1CaB045982Db057, Tx Hash: 0xa06dbad7cb743730c5fc5f11da5a15e0ca7be06d08286ad1b344e28c155f1c92
Sending 418706889692449000000000 PLSX to 0x12D95C8426699c0c8eB36aCAD5905867CAdbeA2c, Tx Hash: 0xc522298ddbc629302d60897e861e0cc0cd94f3b7fbddf7fd1da60ec66e24fc06
Sending 390489646206429000000000 PLSX to 0x1CDb3a39f9a5c71faD5c9eAd2048E3a6b29796c4, Tx Hash: 0x9dd8e975005fd987b3e54fc48c4f5f8244d2daa8aa53a0584f941093bfc4e53f
Sending 96302584629263300000000 PLSX to 0x669D7Cd4d92DC87b36ba0A8204f89AA38b203564, Tx Hash: 0x8aea7e24000fcbc680f62e26d6e681914fa247802dda8ca2726d0cced54caef0
Sending 41870688969244900000000 PLSX to 0x770182aa0a27B5C2AEd56664D1CaB045982Db057, Tx Hash: 0xa35d069b610ff6c7f1de37584e0980796d1571ca203c1c145ecceb82a10a5e1d
