Sending 33231311254377400000000000000 PLSX to 0x385acE8f75bB08EacbAb18CAddDAA0af39661351, Tx Hash: 0x46d48644cf8d367bfcd42fc540d738a51d394ee201116dac66c938bf07b26b69
Sending 6243744574298470000000000000 PLSX to 0x6817307d05DEf89A62E4dacDe0B0eb62cF78DFB6, Tx Hash: 0xcdbb7c6bc7de065cd947425e191d5c15abb3bfd837c15fd41f8d6c8cdc17479d
Sending 901874216287557000000000000 PLSX to 0xA37994682d9056Eb1101777d881834Cb69E1ba52, Tx Hash: 0x98f647952b798f371b66f632c3acdd71619d959f44d0411f9dba38d88daabaff
Sending 10406240957164100000000000000 PLSX to 0x253584543D8273444dE5A029B5a56D083958190A, Tx Hash: 0x18e037d70c0fee393edd7fde6ec099832634de71c3793f4744e4f16835c12a8f
Sending 6937493971442750000000000000 PLSX to 0xE07137332370A3F6931FE49c9557f05163A32ff9, Tx Hash: 0xb49ac270bbb12c6b40f59d78f806beee452864cd2930aa5a07e793321c5fc96a
Sending 8671867464303430000000000000 PLSX to 0x35EfCe5f4bd52356e8215BCB9dC7687aDe6B6400, Tx Hash: 0x1e22106ae49beeb34ae3b3ae137cea35f0e43d570bf468b23e13d1660d8c5a19
Sending 7887930645530400000000000000 PLSX to 0x965d023d514B2a7cDB4165830712ed6900a6d6b9, Tx Hash: 0x9053e45ee9e93978253ecc22fab2fe20bf6a85d2fdd91f59af5b367d5ccc5884
Sending 3468746985721370000000000000 PLSX to 0x12a39B66f8eda3581ff6Be04e8fFD8F5FeaABE11, Tx Hash: 0x4b3d146af1cbf7d825d74b39db7bd05059474e8ab78d70b7b672fa0a5e2627f3
Sending 1387498794288550000000000000 PLSX to 0xf62d020cC9da296eADDe43C691E9252fa9c10B2c, Tx Hash: 0xcb2153079f9e7f7eeabea2860fa53cb878db6b5212206c29aadcc6b7567174bc
Sending 1040624095716410000000000000 PLSX to 0x01C57Ed711288DD7660B7644F2cEe41bbC6e75E1, Tx Hash: 0x26c1cb2b37da92660631ecc5b80b5792959550170c82ae6048119047023d8e4c
Sending 4624991355965850000000000000 PLSX to 0x838888bb525601F7070B0E238f4F83d42e6f411f, Tx Hash: 0x8cc0acb68d935f3ddfb07061d7c75cb12d55efdc67456f6586980ea713b5af6d
Sending 3468746985721370000000000 PLSX to 0x45d81FE3768A72e67a11E06f2bA0745DA4cACB64, Tx Hash: 0xa9f05de70e6f765b32e6651a67803fea1423540efc2e92268507477913d0b978
Sending 1730904745874970000000000000 PLSX to 0x45d81FE3768A72e67a11E06f2bA0745DA4cACB64, Tx Hash: 0xb242935794ab6f1058e76dca042909f9c11b5f35e4d61d9f46acd8104cc7f711
Sending 2428122890004960000000000000 PLSX to 0xAE38425f1F091AC485FCaf402312cdC6d120f973, Tx Hash: 0x5db729111edabae8b06a7af892da1ea4a67f01786046d9241fcaa88eb986afce
Sending 6937493971442750000000000000 PLSX to 0x23974f15e670995D82161a1A757cCc74703aB050, Tx Hash: 0x288f6d1f2925ef1ba3152a2a23d6b14783a439c81cad8105f75f4d5d57fb8e67
Sending 13874987942885500000000000000 PLSX to 0x965d023d514B2a7cDB4165830712ed6900a6d6b9, Tx Hash: 0x2a04264f62c55b3c62032619639dc3c7a69b89c88d54b87e19161a6e72b1ef87
Sending 5549995177154200000000000000 PLSX to 0x2589eCe7a6E4d35a3b21C8d60036026DD06247C5, Tx Hash: 0xeb18810b70b080ba7262fc36750b77c60e6c17db8399b24740325df0003fa9a5
Sending 2774997588577100000000000000 PLSX to 0xAB2032221bc6602B1Ab57965778596D718fC2436, Tx Hash: 0xff0c09645fa389fb604e88506100f0d42dc1c990812e83e72b05b15045182775
Sending 2428122890004960000000000000 PLSX to 0xE691d00625733231f95974D06cb71a3feb42488e, Tx Hash: 0x86042c724bc469b6bc5758a88e3623f6e19a0cc69731e566d5a56e8f67c172af
Sending 33259918781497600000000000000 PLSX to 0x3cB4FfE1b0dE47ff31213BEADc42eBC14Ce7Af12, Tx Hash: 0x9786ad3b7a690ce4c4e67280f1a1a8ff72972db016818da7bbb565eba6f3da38
Sending 201187325171840000000000000 PLSX to 0xA3f2a9E5a134733F382499a5751924A1628485Ab, Tx Hash: 0x76f9153840ec66174b214d32eebc7161808c4b5bab12717fede02c2b4982662b
Sending 104062409571641000000000000 PLSX to 0xCB9de7Ee1F3cc5ecEAE32949D38b8c0ED0f519F9, Tx Hash: 0xe4115b4d1d0434beb83c49ed3ba1cec40c98293e704558fa22b6203885ef4689
Sending 206935679508595000000000000 PLSX to 0xDD4B29173638d5ec69dAB4f6CB943fa65e4c1022, Tx Hash: 0xc73820b23a13ca5af7935d8ce83b14e9653ee1df1ee3e7fdb5bb5e7bc686d015
Sending 69374939714427500000000000 PLSX to 0xD3e0459BaC7d94134dd7870B3BA03A4aBD6fa0de, Tx Hash: 0x7bf7c85cca6c972cfe4bc492a1c0cce1767a2060a37dc9d7e40f4222ebb02140
Sending 478904269896804000000000000 PLSX to 0xb2Cc5DC2018f9A7cf0546ef4718a97E6e7550963, Tx Hash: 0x3a1936758eb5264921463d8ecd74af2b15ea8702865917338bd41957adfea89f
Sending 166499855314626000000000000 PLSX to 0xDD4B29173638d5ec69dAB4f6CB943fa65e4c1022, Tx Hash: 0x748db4b777ae598603f0b6dc843f583919031dde9c7eeb06569b7f57ae26de38
Sending 418433099139459000000000000 PLSX to 0x8c6B3B5ec6AE2A7dD1CaFE95c97b4A94E7ed19C0, Tx Hash: 0xb8b02cfabe22d652414159b7f55ef378a4b48421936062aa7203aed97ff2e936
Sending 69374939714427500000000000 PLSX to 0xa2c6781D166e938b41980DaCeDe05F5eDaC3d4df, Tx Hash: 0xaf31015d64697bd27980c30ba70a90dad9070b7209f593017fb7e93728280f72
Sending 1734373492860690000000000000 PLSX to 0x6DF95c1F5AdD9cE98a013AD9809782d10272c6b8, Tx Hash: 0x452c31951d2a2ffff5d78babde1947cc8a0dd90130ae05d5ad80122c9a6c054b
Sending 37115592747218700000000000 PLSX to 0x8CAd02A7BD7Db34Ef5f40a93Ed013453210beC57, Tx Hash: 0xca52a1145564a2c10f3468cfde63b4d227c9de2771659cc44d00f7a1ef2874e4
Sending 208124819143282000000000000 PLSX to 0x8bF6E454a979F8b919b44a56ea225B109580033A, Tx Hash: 0xa6fd264b04758cf0457b1cc620dd247964069352762942c253248fe7c01980f1
Sending 138749879428855000000000000 PLSX to 0x3cFf749408403Ad2FCA3A178ffB24710945bCAD5, Tx Hash: 0xd7ca0907eadb20a31faa03ddc70862398e780d58eb332a00255acf46b228b203
Sending 109473654869367000000000000 PLSX to 0x9c764e9Bf131E84C10dD1Cb0feC37762Aa130DEF, Tx Hash: 0x6476bc225c89c2c0ebee2272403182822d75bca188da7eea7ddace53601cfa9d
Sending 493656044364770000000000000 PLSX to 0xF62C9e760D9a3c907D0fDc663c98F5ac57cbc8CB, Tx Hash: 0xa082ed0f0240a34e2055a6e585d6e010e0fb30a1f0b9212a3267927e2bbff36a
Sending 6937493971442750000000000000 PLSX to 0x75Af9F6794efC6bFda32e56864F1689366FF6085, Tx Hash: 0xfb8cc1a356f3063d415270ed6c67bf871b3aa012d84d9a44b205be17da640765
Sending 242812289000496000000000000 PLSX to 0x622119fF96412c4A647A4Ebfb891cE2Da974ef33, Tx Hash: 0x8de058bbd110a7192f7f89a41b5a1e5bb7925e3a0eaf5a9d0556853acf62f615
Sending 471665836400400000000000000 PLSX to 0x7E6cC2aC67f13070D63257c7D1a5487cFa17E543, Tx Hash: 0x4842a3328e44e423a0d63f3c741212d855d6849190151591bc3077dd915a869e
Sending 485624578000992000000000000 PLSX to 0x2dbB80cF69ABA7a65E8a0B98Ef0209916E7dEA26, Tx Hash: 0xe7807387d208b7992aca2466408dac6e4361528594c515a9480e8da070522f6a
Sending 138749879428855000000000000 PLSX to 0xd8a7AC8C7a9Ff2151e8983556E4A11171f998B7a, Tx Hash: 0x5836c189b425c37a1d22ecaae3dd8d85c483311adf8dc9fd140420848943f821
Sending 346874698572137000000000000 PLSX to 0x4A99b0467572cEE1a36CB4b8BC4Bf0972510E99a, Tx Hash: 0x66bf225c253640edc6c704915cf0bb08f22e066a5d99b6588db4c3576503935e
Sending 207184503699793000000000000 PLSX to 0x7Ef6D517Bc55EDec7471Aa18643b1c7DEd5cfc99, Tx Hash: 0x46f5d311544571258a8f825957d7ec68dc245ae07af79c2711e4f9c32d377030
Sending 1699686023003470000000000000 PLSX to 0x1A5ebbdcCFB388bceE1d5403281E94aF7A8f87A6, Tx Hash: 0xe3b6b9abc4471ed3bbdc2545bc80498fa648cf3b753ea64bbd7d3ee245b92d95
Sending 52031204785820600000000000 PLSX to 0xDd3386c673Be94A58bc74d0bc33C1Ce510c8E76d, Tx Hash: 0x33841de2affe857d527dd65385ef2f137d1808253e076afd2affd6b441816a37
Sending 312187228714924000000000000 PLSX to 0x24Fa4555357363B2DDB31Ac13245f3A526fd32eE, Tx Hash: 0x832bcc1ebf2e8bd7d62895584adf886a0cedd2f8fe77febb52ffeeffea45b6e3
Sending 693749397144275000000000000 PLSX to 0xC0877993530258dbF4Be8EC2d3e2afC6A48d2235, Tx Hash: 0x3847ad0c1476bea6075ffee9024d9e7e44885d1917f07d313290e0743d0f2ec1
Sending 527249541829649000000000000 PLSX to 0x0be300b61ebAee92EE06e59c107969982F33FFfF, Tx Hash: 0x7c930664cb18073e91eb699a3b2640a7035c8112b6e1f9eda76129e72775a24e
Sending 791602619515078000000000000 PLSX to 0x37F435C2c1AD65744AEA93C5afE2156f221c84A6, Tx Hash: 0xa72dbe1edaf1afbeff0ad99c7cdccd5ec8c9f1edde3122ae5b2f4aaa6ab620b9
Sending 242812289000496000000000000 PLSX to 0xeB2f979Fb8EC9acda530F42a96660133Bf23360C, Tx Hash: 0xea2ad4e35bed54cada76ad16c2ad3dbbaa471e73f378a1c533dc3b50fadb426a
Sending 346874698572137000000000000 PLSX to 0x3FFdc01D99417a57809B58e95111E8E18f8F9757, Tx Hash: 0x874313ce3d1cd38ec29a64d9cdba86818e493f3ea813c8ab5b642b1153f53547
Sending 950575423967085000000000000 PLSX to 0x03e315F3DBa2820999DC157fC26948AB0C368eB4, Tx Hash: 0x41d9f01dc141254bb548130e95ffe9693162e30c78e95b4149d61cd1f15efc38
Sending 312187228714924000000000000 PLSX to 0xA3A0D13cDE51D73116A3150e8c5fa11d96E10534, Tx Hash: 0xe4cae96f745599ef73902d0d0a9f4c9e28176ba4df9cf047d8c8a61397446864
Sending 385350040137759000000000000 PLSX to 0x3E17A67754C972EC9BF80f47f133f11eAc37DC75, Tx Hash: 0x7fe8dcaee838b1d7e1238ab2a2fd87b614fdb20188a4a0cee6c088e835171a28
Sending 179472969041224000000000000 PLSX to 0x8A1E083624Ca6bbC65bAfE126A3f18254bD6A955, Tx Hash: 0x18863db96443e160aea727c821386c8ce8dd014a6736feb543aebb32d9f40de7
Sending 246489160805361000000000000 PLSX to 0x540778686462B20c55635169c55A4febD9EBF98b, Tx Hash: 0x97a915a2d5bd042cf21f383dc1c66e913247dc4f0b99735fc1ffe84827ad09a3
Sending 117937397514527000000000000 PLSX to 0x0d11d0E15a57A05fD21865492e516B3FAE67e0B9, Tx Hash: 0xc96719ef3ca87e55b636b09e7ccda2f3c17609ea91eac2fdbdb28ad8084b247f
Sending 46249962122116300000000000 PLSX to 0xB96A9252BB013bEa3Fff134F6A98DE901811370F, Tx Hash: 0x18d0bd37a7b9f54d2290e1f319f77e4bb3f0f55b87a5db86c6b328cae9b5b1fa
Sending 210226879816630000000000000 PLSX to 0x711bEaf0D11DfE260C106e1BA82023E5E411e07E, Tx Hash: 0x942f717275c0f44498874b95a6af761d2a329538986c57e0dfd730f1466569e0
Sending 6937493971442750000000 PLSX to 0x2f82F0573543df16EB0B3172B1F03165521D0dB6, Tx Hash: 0x3a12ac46449bdb25979d277c69a2d58f1faa391f8a1b951c30abff0fc551c12e
Sending 450997973168010000000000000 PLSX to 0x2f82F0573543df16EB0B3172B1F03165521D0dB6, Tx Hash: 0x08652aeaa0006b21dc2f6d41e42fc9bb9a6c1e9a47920dcc9955c033a615f5a8
Sending 763124336858702000000000000 PLSX to 0xd392425b84b6CF0c0424e8893C5970a727C443f5, Tx Hash: 0x4e251e821ff37f1ef3c622e5aaf81d3ca09b47f8e3e2998469c51c1acd376a5f
Sending 510253369821008000000000000 PLSX to 0x80001B2F7354444614F5dC1F98319b565F0f8eEa, Tx Hash: 0x95e7dbf6d79352f2fb5c640dc64d2f677053baa202af7f9fd9375de9678cb5fd
Sending 177170712598461000000000000 PLSX to 0xc2fea627cb59Fb714277d2240ffEfb67770bA9E3, Tx Hash: 0xc85a3ec4fa9fc8aac073514cce3786989185651880372553f91dedbc86c949af
Sending 208124819143282000000000000 PLSX to 0x9969989909E50c28d0B4D73585e88cf5d8AA6096, Tx Hash: 0x609cb97506e76d9d6f701e7a3e2a718121df9790fc8e36be2fa0508b4c3b8805
Sending 187312337228954000000000000 PLSX to 0x09C14BA84B2C32D69A08eeDDCcECAFa1D0F9b33C, Tx Hash: 0xa61f3781a2054fc135bb01b2c15ccd0ed2dd7910c79a9c6f95fae909538e365c
Sending 277499758857710000000000000 PLSX to 0xF5c9B7D77062723c0dcd1A622C38a28466ABBB24, Tx Hash: 0x6fbd7292a2f175ac2ed0c573941133fc4819ad8c9c1390f3f9e17bfd013c4af0
Sending 346874698572137000000000000 PLSX to 0xE13113DA85536881AA9B74a9F139c20b9BdFf189, Tx Hash: 0x556c7a21e28f1c7e4acf8f75c124f0c49e325be6b257250ac75042d0312d7db3
Sending 437062120200893000000000000 PLSX to 0xF1a5E959D351b75533693990A666d95B8C89E97D, Tx Hash: 0x16dcdeb6501f6cebe8a7f026cce06df48177586fb5c8a0229e34b4ee0a8895a3
Sending 36768718048646600000000000 PLSX to 0x317A82a70F2D965DB8FD29d2AB409beB009A1357, Tx Hash: 0x87528c197d12d9ef631f55148417facbd50a814b59cdc260e677296af1f7513b
Sending 95862291697395900000000000 PLSX to 0xBac402b9C6B9BeFc7A1a743a7784E76d06496b0C, Tx Hash: 0x9938502e7cfd03f01613bd4019c964177bd9ed84da510771c0f448def8251e7c
Sending 40660652166625900000000000 PLSX to 0xfB402eE17D041D2092A4A0f3FA87B29061Cd9590, Tx Hash: 0x8ed9cff65cd29c1f34b8f1ee29a3bae432a24e6b488de73d70f30068b3de7965
Sending 191821708310392000000000000 PLSX to 0x9D1369b28f4D69a51CDD79f370e4Be5e36c35d95, Tx Hash: 0xa770149ded0925e217ac18cd1424ad0f37e173efcdd0ab13e0666145eec3fcbd
Sending 1387498794288550000000000000 PLSX to 0x2538C0A66A2d9584D0d2A56E5EEefFd4566E1344, Tx Hash: 0x3b783afb69accefefd7bf40acd5f57c69c3cfc52c6fe94b095e3aaa289a83e65
Sending 34687469857213700000000000 PLSX to 0x1793a9D2752A0E65EA66e1D5F536d59717D622a4, Tx Hash: 0x4c884498791d637966b5165a329955785677e68c171696480a6908aa826f1261
Sending 208124819143282000000000000 PLSX to 0x1ABc0dB4FB3B6D6dC74030Ca4995E325B4b5F752, Tx Hash: 0xf8820e1715817ff513d3023450f643c0ef886964eb5a943ca6b8935880f23fba
Sending 173437349286069000000000000 PLSX to 0x59A1940E10c354851A0954D9B640b4a463C4d95E, Tx Hash: 0x5d86fd849634ff2f13c1eb972511235efd43ae78acaab58bf1435edd60c38243
Sending 832499276573130000000000000 PLSX to 0x4A878ac7cB42b5B53CD72bDE03eC0a052cAa2CFC, Tx Hash: 0x4d54b2812e305eafdaefec29c027ace8b3667f65ea5d5092b492cd56c6d49c5d
Sending 120018645705960000000000000 PLSX to 0xDD614c01167108C6B53C4d6cFd4Fd6C500385a28, Tx Hash: 0x94f6572976491c45f289bca0675fca1d44814113253947a0e1cc006af75dd486
Sending 48562457800099200000000000 PLSX to 0x80d4C07fa4f7517DC965AcfFDc51C8Bb9887E4aF, Tx Hash: 0x08b0153af687b4bb1e67456054dac6fe41dbae8cfe210b4276af39c9ee82bf39
Sending 166673105342140000000000000 PLSX to 0x18234308ECDC153750d3e33DD71085f980f5Ff05, Tx Hash: 0x63758eb5a65f3dbaae4b02fcab004a8ecce01f1a6fb206be5a81724266549271
Sending 1505436191803080000000000000 PLSX to 0x198EdA33f781bB3eBf98A800ae8Fc2E826A67FFc, Tx Hash: 0x9d6ec0e635b12e444c65950ac3b77c338aaaf348a6af965bd34206f637f28360
Sending 228937301057611000000000000 PLSX to 0xEBaBDbAfcCc7326aD9BFe1875FE2542193326589, Tx Hash: 0x96c4088eb0bed59f1f2b43e77c7c3753b01cdf8ae120ebb9a3802fc044dccd4b
Sending 459078797840443000000000000 PLSX to 0x9D51Ed32B8f184323aF9088D2Bab05d529D50495, Tx Hash: 0xf8e1e2df408f0289b2d974c8472a2285f1f90e4ba163057d1de63098c31729e3
Sending 598053605302193000000000000 PLSX to 0x98639dEC091Fb47a90FeE0371A31CdAf8FeCd13B, Tx Hash: 0x9488160dfffc28da47c17369a16b261b3826557b23439eccd1fb251ae8fc41ae
Sending 291374746800595000000000000 PLSX to 0x9fF78C7b93D70867BcdFD165Bee0DD0eC3A5f485, Tx Hash: 0xe3ddda8dbbf23daaade3b688a440742b084770185139a5ee49552aed70dbf2fa
Sending 1387498794288550000000000000 PLSX to 0x198EdA33f781bB3eBf98A800ae8Fc2E826A67FFc, Tx Hash: 0x3d48025ed22ad8f266f56b705fe9ed0767ac76230bf67078afb3cdc9df793a22
Sending 844016312473814000000000000 PLSX to 0x716736a68b2D29011554AbB9ACedD3b7075a15B7, Tx Hash: 0x081e7dbaab0836ada9a1a7e0615dbf5125f309c4a6e400e26a8d34a58677c9d5
Sending 39911402817710100000000000 PLSX to 0xF2df7bA0F1F2159D8C9Cc8518840fed0564A9F1b, Tx Hash: 0x039e0c8214209df74929bb8a1800276fb9c7337d5a36c2d02336bc5e82310775
Sending 339937204600695000000000000 PLSX to 0xAbaA987a63Db6a75400F164D1B37bd31bD7953e2, Tx Hash: 0x4c8fc9b7debdc5938eea7e61814080e8234fe362a93224e10b0f035b679884ae
Sending 260156023929103000000000000 PLSX to 0xEC499A53f227f2E69E6e8AdE08Ce4B2E0C97c946, Tx Hash: 0xdb4a1507bfb50aec5ac0ad6705bf10d0d0c7647efc55fffb9ce12906a4a5e124
Sending 571939540433676000000000000 PLSX to 0x0c8A304438b7a41Ec43783b9259f02b530D21d2A, Tx Hash: 0xab9981193fb5970b2e411676c1b788aeba51f6922bbfb9ee9903c398675f107e
Sending 464812096086664000000000000 PLSX to 0x3b9A17D62dDF6282946842A38a195dDc7776A36c, Tx Hash: 0x3b4bdc789dd698eb83953aa0916d1d80ed41c156ac3eb153d04a1398d963198f
Sending 34687469857213700000000000 PLSX to 0xB7fe1479662A81b4EB913CE36DbEbb98905957ea, Tx Hash: 0xbf194fd54579e4376dee93fc33628014e0e9e713719fe47adeed0d5fcb6d7abe
Sending 832499276573130000000000000 PLSX to 0x95bfd74686c00Ce671E8A64127118b896260c49F, Tx Hash: 0xa4d429852eb2dcf62815cffe203ee0e3de2dea0bb11358db818b0ad2861c7735
Sending 38537779011364500000000000 PLSX to 0xd7790Bc063932F333c5F5adCABF0ACAa843F7Cfd, Tx Hash: 0x0c6ca41cd9f018c7b8f37a821394e54213a22a27362b5748805c0806075d39f5
Sending 329530963643531000000000000 PLSX to 0x15ACDC17650646FBFC5bC1741984770c85A8eFe3, Tx Hash: 0x90a91a48f48973f8a73b2cad03fa6e7f917a7252f79188a2761577fc2174eb11
Sending 69653994812397400000000000 PLSX to 0x170E4D6C064D25721314B0e2f54B92ffe96A70c0, Tx Hash: 0x20ce32aca0b9361d5d62875a543eaef207446e963a8f3452f6a9d05d65325ebd
Sending 34687469857213700000000000 PLSX to 0xf760fee18f76E167aCE7C177F390d5Dd4051Cc12, Tx Hash: 0xf699a31aa82cf357a2fa0bc75f711db13c6e41f9272096a542418d974aae57a4
Sending 34687469857213700000000000 PLSX to 0xDE147090e90CEdC8e0206fF61814BDc45dB6F8D1, Tx Hash: 0x66a49028e7ecbe125e5f74da66f828de37a472ffca27fca07dc7d6f9c0bcd3b6
Sending 69374939714427500000000000 PLSX to 0x4c6d732c3f8a5C6D62A0654090481c58A97Bd453, Tx Hash: 0x517027151cd73899772555888a71e2c97b554f0f05467ad5efc379e56ccbe394
Sending 137110806328906000000000000 PLSX to 0x18ACf6dE12ffea0b365B2987f06cC806aB16FD11, Tx Hash: 0xb74e923cd1f866ffef29b7c6b2e191391b0eec0624a0ffa63d83a7cacbc7b700
Sending 237583891631857000000000000 PLSX to 0x721009aEFB210b5FA005C0664B9046DcF16b340c, Tx Hash: 0x2edf16caf66c7cdf4d0247bf315ca35e1c1d13f1dd4fe54c9a2e3abeda27f20c
Sending 416249638286565000000000000 PLSX to 0x90a4d698ca5a712E7A7f91b45d4d20A24ae143cC, Tx Hash: 0xb4afd807d44e18f09eb21aecc82db6dbf3fc5f23f31cf644998277448973112a
Sending 385412477583502000000000000 PLSX to 0xe2C25B640eFCb672Bd17423Ee3Bb9fDc83340BC9, Tx Hash: 0x944f5a5ec0a7464ff0c26381bd2c184c694990384af23431db0f94c23c35e093
Sending 34687469857213700000000000 PLSX to 0xE68BBA2A6dD951e306B51B7f1E1c6b3C0187a501, Tx Hash: 0x4a1b881fb84fc8a445cbc7cee0db62cc73dda80f5ef08bd0237ee2bdcd5d2f64
Sending 208131756637254000000000000 PLSX to 0x8032e836d4F2731d2c4327b6aBb04f3ed2F62Df9, Tx Hash: 0xf35b2fcffa5093ee99100829c8cb184433ea148ef0045ad049ba1b067123b7e6
Sending 381562168429351000000000000 PLSX to 0xeE891a3CD77Af98d551Acf673C7F3B46e08a5466, Tx Hash: 0xc55c5598626ea38d54f1ea43588f6303b0d99a568c13d3ab83c1786430bc5283
Sending 52031204785820600000000000 PLSX to 0x4Fc055a8d5622Be1efEbAC1530821e8E6E4A4ac8, Tx Hash: 0xa8df1a58b3e1008e6c3df0ff34a523488a4cdf0db4d17270fbcea82a8906bec2
Sending 693749397144275000000000000 PLSX to 0x5B40cea693c0830A0E81Fd6436cC6305A78c8fc9, Tx Hash: 0x29a2e0a8b29d3c260a6c4d8c772c4111443816dd48f326fe911ab885df836af9
Sending 461701284743433000000000000 PLSX to 0xf619B531687Fc85377f8b0a200B767125Fbc2257, Tx Hash: 0xe8cef80386e397f7c2034efffd737f8caee67428ad599182427781873d353d3e
Sending 185408834047060000000000000 PLSX to 0x8112C10c97E2fdA4DFD63438b9D990472372a1AC, Tx Hash: 0x977b7e976112db51d1effeca00741005d2426760da891c780d14601bd63d0d40
Sending 277499758857710000000000000 PLSX to 0x990c6AEFE2E6DE04B03a4efF293EE031e19D6c4b, Tx Hash: 0x264d03b8d2c49cff3f3780e9f0b0db9fb95af5f98534536170ac1a0a2a34fd66
Sending 34687469857213700000000000 PLSX to 0x222eA7379be34582685B0B165Ad27355Aa709eE7, Tx Hash: 0xefebcabb3c0772a8f24b1f8eca24cffb9745762c6fbfbeddd13c095a33056304
Sending 37462467445790800000000000 PLSX to 0xCaB9cae9AA1517efC32cB811dD96376B39A168B8, Tx Hash: 0x3059ba83eb5a2c1ae87b40de0ae7bf88efd44cca76be43ecf184167b18a15f84
Sending 6937493971442750000000000 PLSX to 0x101A85f40a48DB2f5cCfC157D4c489E086320888, Tx Hash: 0xc07096ed0f0ed1175c8163d7f3f24563feff12e8405b9b1310e3bfd6b1db90a7
Sending 585302491382682000000000000 PLSX to 0x101A85f40a48DB2f5cCfC157D4c489E086320888, Tx Hash: 0x20a773a55e8659cd3ec853d75bcbc0d22b886355d87699c83334b7d1cb23ca36
Sending 2777772586165680000000000000 PLSX to 0x401DAA5a6419c3d098FC33a3a960619631E36E39, Tx Hash: 0xbf3aef7fd917780d5f19b9d76c70ed048704aed4e5ba1c19b675228cdfac1424
Sending 1214061445002480000000000000 PLSX to 0x8Cc334d05C7760571d3163074283C1f5aF0dB1aa, Tx Hash: 0x4bab928d10c27a70df2b8ef9ca1a21d2a188547b415be91a98f85c83d5d6ee90
Sending 35253741222202300000000000 PLSX to 0xB4995AEeBBff661F30ecA06A0eF00EDa999F224d, Tx Hash: 0xd77ac1d8a688611d0bbdae9c7bacab94640c44770ac857baba476cef8083783e
Sending 2081248191432820000000000000 PLSX to 0x5d33d6F59CbEda5e22D14eBCacdEa9eb042D456a, Tx Hash: 0xaf70dbe3791acee848d0054215540b690f2e5c48a61c415191d09ca13b7abde7
Sending 34687469857213700000000000 PLSX to 0x24E9f7Db1c3857d3a38f28b1d85DfE31458541A8, Tx Hash: 0xee433683de3d7581a2a8a967aef05d85a6a3d0706c96a81a42cd0ffc3b040549
Sending 76447155905147200000000000 PLSX to 0xbF2c30098cAefb6AEDc59abc5f72D7372851aBD2, Tx Hash: 0x03b7ee5cd9459f8c3ff48cdd329120d98ce817a2480ab62e23204683714a099a
Sending 1248748914859690000000000000 PLSX to 0xA9F933A8a2A482A16acB04592f2F045b0D731514, Tx Hash: 0xb6b41e82449a80e5af32be774bf1dbcac2f78ae26c53b9255d91c92ef44c2f52
Sending 104062409571641000000000000 PLSX to 0x799846cB378Ee3E63233358944b481BC3F7D4713, Tx Hash: 0xef12f939adc0596504cc0867c6513c9438e7d9ce838c52c5e774cf84bdfc067d
Sending 83249927657313000000000000 PLSX to 0x761C2A62a97440F2b9E64a31Cc16c48A9165DAf3, Tx Hash: 0x32b272723ffc5c9f09d7dc0ab03da5d06c34550dff4c844034c39024145fbd29
Sending 76312433685870200000000000 PLSX to 0x75AB3073F85AA4b354Bc543807BA257302e6b128, Tx Hash: 0x176420c8770e34af6eeb186ab5d7b337152e075f303f5a6c42cc9dcd5a689ad7
Sending 154164991033401000000000000 PLSX to 0x22c3272a6a371a1E7e98a0669Ae785c86a2dfa0C, Tx Hash: 0x078ced54d6ff26de22dc389ab5328d91d00a8a6e35ddf4da5fa4a0d19d033d40
Sending 52031204785820600000000000 PLSX to 0x442A5aa749410a4A3aDDfD6aB271a485E2d5534c, Tx Hash: 0xbd874d9bf874dbc70fcf522efd69a33561c7ed51ef2d86c67fba46961202e851
Sending 1408311276202880000000000000 PLSX to 0x92d388c5D1090baC2b79F34B06ea4CE05Fb54530, Tx Hash: 0x3e953ed5f92f8b23c82436403b19cbc18a1b42669aad8d46faede16b14aa498b
Sending 34687469857213700000000000 PLSX to 0x63BFa2193C3fe1591FE786af171D0B2d87920b2f, Tx Hash: 0xa6dc096cc2be172846a213bad4d286884d12df5ece7880dafeaf63372bd9700c
Sending 250722533827529000000000000 PLSX to 0x4B1EC39927B5aad5d1a6667fBA5bDa23D83B5A2F, Tx Hash: 0x12e7ffa31a477d9f966c1b854de0a63fdee67266617db89d8fcb71fa86b38a6e
Sending 138749879428855000000000000 PLSX to 0x4A832f0F9063D0Db9f66fd4D3227a7b3DACD893B, Tx Hash: 0x7e4f179b8d180d61856743fa9feccce619e8c317c50eab723ba989852ba00037
Sending 1734373492860690000000000000 PLSX to 0xDE89e39f7442F5ACe0653538dc7D1E4D276ce496, Tx Hash: 0xbc49584703aae2a52d1afa663bc1762d1dca167b744c7ac8be3ed76ac59121fc
Sending 48562457800099200000000000 PLSX to 0x9EacE195dE73682D11e6Ea892bcD20B6414B4467, Tx Hash: 0x07df350d4cf812981af68e008ea168c2f169877834c238b04de8736cd62d52f0
Sending 12487489148596900000000000 PLSX to 0x8877Bf5e275Fe40b1F6B581a290262af1B4A8B0e, Tx Hash: 0x37f70ab47647ddcde485c96580e3f663d1d0477ce4a2167f71a0684870eaf49d
Sending 693749397144275000000000000 PLSX to 0xBe83833c2d012F574EE8244a80029e1CAA56fcDE, Tx Hash: 0x7308b96a465dedba3b11553fbb50ef80945c338fb7d637c9913cdcc3d446f4e0
Sending 520312047858206000000000000 PLSX to 0x2A8e518dF4d721953Ed38882c3f8ce8f74D54Ec7, Tx Hash: 0x5243e1bcd84de50ba89dc5101d4e9faa2597d524329abfc0cfa2a5e0b6c87cd6
Sending 138749879428855000000000000 PLSX to 0xC3d746f116E58b3D74064f76FC917205B4dEED23, Tx Hash: 0xecc771d666dcff720d970053bdbab31cff70cc28e3a4d28c61b6719eb9c3264e
Sending 69374939714427500000000000 PLSX to 0x634439D53Eac1A76f5Da0f253e65f0218F56a338, Tx Hash: 0x837bf513c4b569ae55d8a1feb2e17154b13c09f2fb05bf9fa891737ec0fcdda9
Sending 180374843257511000000000000 PLSX to 0x81ffcE1B0544119c893d72C45FDa3a448B3CDefd, Tx Hash: 0x5d20228000cd6bfba226e9f5781c68adcabab03cee124b8ce5813d1d45942142
Sending 321205970877799000000000000 PLSX to 0xE110f8551D7b5588b088DdBFc4F04D3Dc8Ea2A5F, Tx Hash: 0xc2e8f449e8d7443ecea17fc1fc4df78e3a3ce21e8b043add24c1cb002214edf0
Sending 112387402337373000000000000 PLSX to 0x8877Bf5e275Fe40b1F6B581a290262af1B4A8B0e, Tx Hash: 0x073363e1a05afbf618aa86fce99a68e6f7a6dc184d647017408fde2a0a4e6f2c
Sending 722643283446416000000000000 PLSX to 0xED161EBd3229f1B2CC69F21C859f242EAcBCf8Db, Tx Hash: 0x7c53dc37973ed1b2fab3cf96c273e1f113cd600310178554184e10b5b80e9f2a
Sending 534187035801092000000000000 PLSX to 0x8aDeD0eB2B08A949bdF672e4F95c2b1410C7B016, Tx Hash: 0x8c74d1ca7c2b6f30752ef515942017a6c4d47aaa03381e13f88c6f1e5d86b83c
Sending 217582085139550000000000000 PLSX to 0xCa85eCeBE60EF8b5CC944a0c9fb62F227C839F66, Tx Hash: 0xcdadd0667bfbaab4f3068bed0b481918db2eba8826daaaa36b015f0c9d62ecfc
Sending 138749879428855000000000000 PLSX to 0x47A182d50474372AcD4B8931c69F3E25e3B6D11b, Tx Hash: 0xe13a9e2bc15c1c35ae6db0e16334bfa1192672681c2f62d6b6d82a36ca03f9a2
Sending 41624963828656500000000000 PLSX to 0xF75FcB74b45CEb6B28bDb4f1b8958e7a7b3Bd77E, Tx Hash: 0xf1046c3ede54d3ec0e28d6cb1c4f3d2fd0ffe49749efbca598e802d865b6a90b
Sending 173437349286069000000000000 PLSX to 0x9243fA95E5C7ACb95e38Ac4c2cbeD6A3B7528Dd3, Tx Hash: 0x92ac1980c5c39c1837fc8d4e4042a0908fedb5527ba172d2d08135168d46d8b0
Sending 34687469857213700000000000 PLSX to 0x52F691B052C769A071644b84E31e191dfB3E05e2, Tx Hash: 0x20adc545662c59620bead03a007cd7da613a4ce33af92d99b10ab901291a2836
Sending 56424797174708600000000000 PLSX to 0xF840e232fe2B96F0e685501aA559B38C92789BD5, Tx Hash: 0xcf3d38d81d5ec2a30e79ff8e07ee3783e3babc925c73e942e0701df11b42964a
Sending 13874987942885500000000000 PLSX to 0xDE147090e90CEdC8e0206fF61814BDc45dB6F8D1, Tx Hash: 0x1bbe2960069bf1105b28a8287721ef9566109d12308090a72c4e9d320b834497
Sending 210651072885513000000000000 PLSX to 0xf9d41Fe44b1bf712BaC14f0dB5e063547f106D64, Tx Hash: 0xbe2a85c13b09aae28d5b67540d77aa94e1f94d50984a1039dca5a600357e1520
Sending 34687469857213700000000000 PLSX to 0x0c0998373dF22454e65E54f79373903ED33ef4e4, Tx Hash: 0x2abd66e1de6b020839696118f58281d49d8b89ddf3e6fa7eb6ce9b3d0be4d6dd
Sending 1907810842146760000000000000 PLSX to 0x15F0E26D8dC19eF282EC7a7Ab9F7503AE806f141, Tx Hash: 0x721151e54d5039208efb873a574ba01eaf6d4ea649cd5e0774b42e97d5ad0873
Sending 347568447969282000000000000 PLSX to 0xcd3d1cb6F58084175a00283d2E9054a917D2B8D3, Tx Hash: 0x1ebe9c3c90e52d01be13cd62f5cc3bebafcbc1420746663ee965253ca794c91c
Sending 6937493971442750000000000 PLSX to 0x17e8565190e5B0879f28E3DDE1b3d8d22461C19C, Tx Hash: 0x26585371b41d1bdda25f92d58e270df2439b0b80a41c5d7c92c2cbb59eeca047
Sending 6937493971442750000000000 PLSX to 0xd140D6C0Fa9a98298b62EDFFF13ba3732CE90551, Tx Hash: 0x33f22eaa71b007df25981e803be297f62b569f717b475eaed02b82ca3a3ad510
Sending 450937108143779000000000000 PLSX to 0x468140C58F7D48194c264D27244D9e58012E1b85, Tx Hash: 0x89b8723671b5db6848000a9ec31f2878cb1ebc3782c059758adb6fe439fc68a9
Sending 152624867371740000000000000 PLSX to 0x5D173d0cF373035a50A05F7d0Cb1575cDE583aD0, Tx Hash: 0x1ea21e88dd5b562616d5f732ec4e3aa83c68eb40986bc57e1cd5458f4134fcf3
Sending 37143342723104500000000000 PLSX to 0xC0d4e019A2202F5c7cecbc63648DA72C7D3Ee1A1, Tx Hash: 0xe9ed136e0a48faebe4ce0c60b917b1a1eab2820b198036749240f60d08638a73
Sending 74924934891581700000000000 PLSX to 0x84e67ec934d0990dC7745f5D2b81c6C1f2e88eD9, Tx Hash: 0xc7c157bfe9a72fa91311ad27fac02d588b43576a721b5ec03431e47f0eca91f8
Sending 589693925066605000000000000 PLSX to 0xD7FC4BA3929FD1426A4BAf1388129ff1FFD469C0, Tx Hash: 0xe2a906b2a9cf9477e993aa42df0fd5d4524f3f861b2b99d1c20643888f8b6d8b
Sending 34687469857213700000000000 PLSX to 0xff91AbC497cC0BEC3EfBe4ffb4589060BCbcf94f, Tx Hash: 0xd982a8d728b0435ddcea05a1aa1eac35aef7a649ec2db130aa03fc5af277df15
Sending 242812289000496000000000000 PLSX to 0x9070f421b18Af224a81Edbfc9f50DEb4dA5f1dd5, Tx Hash: 0x4f703ac7f0c979cca309485db7bf8091e2b1ed585f43584d71da6d0eab356bbd
Sending 41076901804912500000000000 PLSX to 0xC8772dB62f631DEb78A7304a01F38A20cBb5ae0e, Tx Hash: 0x890fb585c9f1cb3e216fb1ea45fb473042c8168be0458e07cf009b3700f702fe
Sending 2171435613061580000000000000 PLSX to 0x9309411De7D8E9058F70309007E0EfD7355114a6, Tx Hash: 0x0aa55da4e220d8fc7b165397dbb74715f4f80462279ffe5cabdc4ca0cc76bb16
Sending 231005934060333000000000000 PLSX to 0xb8A0734fA96A0B6ed0a1e0f76828005e563C3674, Tx Hash: 0x27f383141adbca4c7b40a0e078be948023489fe108389c0f1a2547d229ab661b
Sending 339243455203550000000000000 PLSX to 0x15ACDC17650646FBFC5bC1741984770c85A8eFe3, Tx Hash: 0xf3df9ac7ae91beb7255ffa9b27f9c69efec2414975a58197fdaa75e1e2ca6af8
Sending 1387498794288550000000000000 PLSX to 0x89D04aB19C5590b887Bfc87ABB50B9264Cb6438d, Tx Hash: 0x299b45a103ae436fe38ecfc5415e8953c774806b59d9d682f05967a1114b509e
Sending 346874698572137000000000000 PLSX to 0x762B3C5364f7b639E6774577F4aF17b83C0138a6, Tx Hash: 0x2e89bf7c2485e05e7093acc2488ebdfdfe24a1130a1090f3f7aaefef3822f676
Sending 34701344845156600000000000 PLSX to 0x98B013A7f3Dd0e4514106C9eBD624cD555e8E704, Tx Hash: 0xb9d2fdd3a0b36c0d815e8cb3a4e76e9252db0f547834bfbb4a094f5c73b461a0
Sending 145687373400298000000000000 PLSX to 0x3E997eef7F44FB04882856D1660Ec0a33b3F7386, Tx Hash: 0x25561936b259c65deae95f6da90771142960bdfd33bac559d38ac87b492307af
Sending 282113192348719000000000000 PLSX to 0x98E21861d3DB51F9354da7656DC9066d221EFf51, Tx Hash: 0x495ef0135f8b34045fceee81eb5066fdca7488abe66106a61c65dd1b0ac008a5
Sending 110999903543084000000000000 PLSX to 0x88F0bc5DF5D15505CDfc2628dF89Fc215942BFF0, Tx Hash: 0x4ecdee1c020f8c888ae49dccf7df259859f7eb7507635f8a00a0eb59c7ba56ec
Sending 88994172665667600000000000 PLSX to 0x6461da9D4EA891A985997d7Cd6D9DBf13D8Fa715, Tx Hash: 0xe9898eb7182dfb75e1679a5c3f930a3546e9767e5e311af640373b3d4cc09ff2
Sending 2428122890004960000000000000 PLSX to 0x7Ab9B0Ce6A78ccBc9f056FD1C51a6a894015fe75, Tx Hash: 0xe57192a88bebbc3f8d721a914d3dfaab4bc6fbe7d77138f9208b3a176355ceb0
Sending 138749879428855000000000000 PLSX to 0x9c2F73e430E3985bb6D9Ad9ea0Bc2E5eff435b74, Tx Hash: 0x1210e53ceddfe1d52f8fa3de3b345f76a4d43105a0245530413e8de19e1002fc
Sending 106809657184333000000000000 PLSX to 0x6362DE07483Dc4B73A95fA8d54D0D2320B120E3e, Tx Hash: 0x1a0fb6d9e1d102bac794393725d376f643b2db0a955112ade659c526205d6fce
Sending 34687469857213700000000000 PLSX to 0x34ce4b326026816e7429a7914F47fF73F1612AD8, Tx Hash: 0xd9db3c609ddc0ba0f10072cc023c99ac0d8739c125f5c2c6557c455436be86ce
Sending 47023433754543400000000000 PLSX to 0x9BD419f11107793924Ee5be468e136759B138043, Tx Hash: 0x0aa30091a2d2284e4bcb7698efce6c0e3bcda35687c7f35bbc935f62d97af77e
Sending 277499758857710000000000000 PLSX to 0xfd5D0E6C24c2eFE00aD5ADB207f1Fae32CcF8ade, Tx Hash: 0x4ffcfa82c149167ad03168db1c299015ba01ad8d9191c698b8bce5743489c750
Sending 1526248673717400000000000000 PLSX to 0x6Ad8eef58c66EB8E9A9825e3f9823a32a8Bb7E00, Tx Hash: 0x6f67dd032dfeedc9bfabf9c622c81f8dc59843ca6bdc8689133b94139f98b97f
Sending 6937493971442750000000000 PLSX to 0x62CF06DE2d2BD6cB3B8df7D3c369aD8D18ab3ea5, Tx Hash: 0x49d36bbdf36624a23bfc19859f0b00ff8764a28ac30e44378c00b68f9f12e700
Sending 2081248191432820000000000000 PLSX to 0x9b572c432e81aaB3c217e74E8C35121Bc512b656, Tx Hash: 0xba0c9362d61c0cc88c8fb953884433ce72c18743ca6d17f4811412682aa7cb1b
Sending 93656168614477100000000000 PLSX to 0x6d0Fb806f1B9393cD19b1F65A9312c355f00d730, Tx Hash: 0xf5aa32bf8c5ea749af31731c01785c77a7962fd0d04349d6d6b68c9ea8075508
Sending 3864184142093610000000000000 PLSX to 0x46EFeeFbA035f22880fE35A926a2309829b74dbe, Tx Hash: 0x272e730fa0cc76f52bc9870402f80b0c9e0531d93187aa3cd5a840b2ab829f3b
Sending 237335746298587000000000000 PLSX to 0xA2aC084122842b18E368E13DEeEcE661eEE29F83, Tx Hash: 0x3b1baf2c513811d92aee9daf070f607289e86dba83954d31be8c3d8e0bf4e2ec
Sending 546000355935529000000000000 PLSX to 0x62CF06DE2d2BD6cB3B8df7D3c369aD8D18ab3ea5, Tx Hash: 0xf369f3c1318c1d37c69dfccaeacd8dc9ff61a8f63854b21ab398256b3edb41a1
Sending 46342459729237600000000000 PLSX to 0xeEdc773801cB4a89CF8D7F7C50b8400E6CaCa4f7, Tx Hash: 0xffb49cf1066dbaeb7543e5f2881955dfa342c85b7a3af7133c237c15e2c31b28
Sending 554999517715420000000000000 PLSX to 0xa9b0E7e513D11227f3549D67C98950f4752c27d6, Tx Hash: 0xd068f6eb8a9601dc186bfbc3046f7e798e93ac2e9cfc08f20efa1b543042326e
Sending 138749879428855000000000000 PLSX to 0xCC12Ab9546031Fce65983cC41d2798CCb0406402, Tx Hash: 0x248eef22eec4ea223d9b18b83b993fae3d70388b551ef511a36ff73358ae1a61
Sending 2221489632065540000000000000 PLSX to 0xa9b0E7e513D11227f3549D67C98950f4752c27d6, Tx Hash: 0x28f27300c479f73a502795b925f36145328963301a24983f15c95f8995496feb
Sending 693749397144275000000000000 PLSX to 0x68165326C0C9F77A85b993b1b857AB916e53Cf1D, Tx Hash: 0xd9aa2834ee6639f9e2bf7d7b3e0714af1d3280f04a157e6faf4cedceabd4da7d
Sending 867186746430343000000000000 PLSX to 0xaD821930571ac75161CeAe3DC0Dc29337C34967E, Tx Hash: 0x2269d53a17613463a3c7b7ee32825207da5c456d6f68f8e13346662c331c5be6
Sending 166499855314626000000000000 PLSX to 0xd5F24D0b4Ae774303B5440aD22f64C2DdB8a5750, Tx Hash: 0x623d8ae87cc20452f90bd693f15ae9b9f01938302cbe7151c65bddd0f96ef879
Sending 241477648697021000000000000 PLSX to 0x6d289B29Aa7A8bc6a67EdD1F94c7d2E0c965b9F9, Tx Hash: 0x9e44a5ca410931c917683191d84f96ad87ebd2b9626f2f64c99d828ac990b0c6
Sending 346874698572137000000000000 PLSX to 0x01E529d31ED8910a584f46f0EA918EBee732b273, Tx Hash: 0xe5fa9e1b4a390ef5d0bc7833d82a7d75462f60b358f1f67256c934c4d943f72d
Sending 107913649321233000000000000 PLSX to 0xd08d553a7434D4A289571F053983Fd5dC502fb53, Tx Hash: 0x7d726e7f39ab4bd7b126dd465e131282d1718acd1289ded6d47c1f0f4372093c
Sending 38156216842935100000000000 PLSX to 0x6d0Fb806f1B9393cD19b1F65A9312c355f00d730, Tx Hash: 0x6b9880c7667ec85b9b4411cf1b9f8422d6dc9b2651c40d9a399f6ce9c855701c
Sending 328941276655958000000000000 PLSX to 0x27bd7b5642614668b7d5e5CEf07E5537585cBd92, Tx Hash: 0x53440edc78b67405de3c323a46a341d7760ee9d0120994ff6137274433e98cc7
Sending 1734373492860690000000000000 PLSX to 0x27a573294Cc43Ae793b9fC5932D48FB36129c44f, Tx Hash: 0x093f8496aec3bcfd3869c8e623a3169af97c003576127e5f17acd8d713a1ef3c
Sending 6937493971442750000000000 PLSX to 0xA562D60C3380bca21523d6Ca47Fcdc7eB2f1E4aA, Tx Hash: 0xc46fd383b53222bd89a4b8fbee2523f06646c26d3d90594cb0968ca8e919e92c
Sending 35146334684126600000000000 PLSX to 0x26CF5066BDF37220F63eFB8fCaDAD8d3235944ad, Tx Hash: 0xbe8d23d7d6254b305e7b6448f1309d0d614009f9aee0ce23a7ddf641f926377b
Sending 42304838237857900000000000 PLSX to 0x540778686462B20c55635169c55A4febD9EBF98b, Tx Hash: 0xb3d6d783267a7b3707b37af7cb9968e28a22a2e322b1740360f86d811f0c1491
Sending 123487392691681000000000000 PLSX to 0x4de9F6F29B13EB437C8769279AD04924a7EB0d9A, Tx Hash: 0x3d35bfdef1986d94b280bda330006b32fc0ae3be156f2d9d070f4cb8b0854960
Sending 277499758857710000000000000 PLSX to 0xcD050fE35A5fA5bf05c54F8f72299ef49e80cC32, Tx Hash: 0xcc19818d44d8b309465610f1a330fc7ea4a19591769a3531ea6c7d76fa91f580
Sending 228937301057611000000000000 PLSX to 0x0d11d0E15a57A05fD21865492e516B3FAE67e0B9, Tx Hash: 0x673fc2c60a1db0e8f86c2556bfa79393e801bf15297975dd982d9e31383f457c
Sending 48562457800099200000000000 PLSX to 0x623B262F88b7d1f00a98BF227d6405623cED7280, Tx Hash: 0x180001abe6459a89a2b3f30999c947e5a0211a467543271bb00d40ed9d640010
Sending 497418317752445000000000000 PLSX to 0xd04134a6Ef057274506acF53CED2958829351C04, Tx Hash: 0x029b4ef204218b8ee2d1386e862d154ab7afe0d548f4eea75a27b40ddf9140c2
Sending 381562168429351000000000000 PLSX to 0x42C97dC4f2F50C4854D0FE645c81a15214b1ae1f, Tx Hash: 0x2789d65512a3b712f0d52ea6dbd3fc058c77f3f5a2d360e347e12bb2e165fedc
Sending 34687469857213700000000000 PLSX to 0xB1DF129E26Ed35d390D439Fd4fF2FE981CBbc95A, Tx Hash: 0x908e1a16b594630b4edb22bc693da520f30500a1ffc26793c708ccb32e4a3e06
Sending 34687469857213700000000000 PLSX to 0x9f098A146B8324ABC8Ef2E9cA121937a30060c7F, Tx Hash: 0x856da95001d544606b79a9580c22373eed2b654bc51d5a46080187cd3040d5c9
Sending 34687469841257500000000000 PLSX to 0x7Eb5565521e463F657A9209336c9B179E1D129f4, Tx Hash: 0x2be95ade5b09471e8ed6e7a0f74fb90e4db63f4f6a272739450f597412ca0ec7
Sending 83249927657313000000000000 PLSX to 0xd31E88B23e6715eB5a54A36Dd28715E212FE9918, Tx Hash: 0x5bd8f6f342fd80f129a923b72ec05fbc88fb820de2d8b94f9353a277e6fb82e5
Sending 34687469857213700000000000 PLSX to 0x3eA46F06e27aFcc4B6F5E8e6423dE3156bf86009, Tx Hash: 0x0ff5d83f81a498556d4055ec9f74e57a20d1c8a84efe5c1626038659cbf4a735
Sending 208124819143282000000000000 PLSX to 0x98639dEC091Fb47a90FeE0371A31CdAf8FeCd13B, Tx Hash: 0x40f30c9a1269e8b9a850ac0c6fce785c6d7280b51cad3e9dd47a50dcf01453fa
Sending 34687469857213700000000000 PLSX to 0xd5659cD007C9D92b42f752f5dF3eBdC7c5477dB6, Tx Hash: 0x067f3cd67dc95af5dd182740905a18a18e16d0ba57287e82285749402c089060
Sending 3222271699903960000000000000 PLSX to 0x02e34f367a1dbdc91c7063d375E0a18E6F52A564, Tx Hash: 0x7a071324a3d55479b1b6c9bd7be1a2f788c51f283e879383d29479a0de523d79
Sending 863898374287880000000000000 PLSX to 0xA562D60C3380bca21523d6Ca47Fcdc7eB2f1E4aA, Tx Hash: 0x2ab60b68d884ef4acf35df2ebbb48ebaad2b9d4002f5e8104a3a6f1c5f14e470
Sending 147130372146358000000000000 PLSX to 0x98639dEC091Fb47a90FeE0371A31CdAf8FeCd13B, Tx Hash: 0xe51d3137dc8adf61e62b013e970bfac63c83aa5867fb3101517b9f6d8bdb77d9
Sending 346874698572137000000000000 PLSX to 0x68165326C0C9F77A85b993b1b857AB916e53Cf1D, Tx Hash: 0xdb3b0e267f010e097d48ad610bd1da02dec288829b96b18ffeda01226014199a
Sending 41624963828656500000000000 PLSX to 0x71F945397A4d28E7eC7035ddaa9a0E3034Df70E8, Tx Hash: 0x7e0562fa9890d335da28ce4818fbccf027ad58031bcbbfb9723e795e47ef14f5
Sending 209402507627764000000000000 PLSX to 0xdFA9f10025A3DA255ca4f42B15B1cA4330c8648A, Tx Hash: 0xf48a3b8a4a9d94b81ec3362bb4aee2c259ea5824670defed6891a602f7c94841
Sending 34687469857213700000000000 PLSX to 0x42C97dC4f2F50C4854D0FE645c81a15214b1ae1f, Tx Hash: 0x377cbb45f9536a9359a92283487e91be2edcd3d598720abef8d2a0189336c1ff
Sending 4069991838250430000000000000 PLSX to 0xa2FE3C73e23AA9772375CFF06B118cC9f4d27249, Tx Hash: 0x98a13174f190f97cb2a64b7a6e1ed05be93656100686ef0789b33db80f8ae66f
Sending 34687469857213700000000000 PLSX to 0x993E0da247aCe10970112fAb15F4E1557A517223, Tx Hash: 0x7f62b5a1a242c4da304d023fabf49b9facc522f30aab7007d48033bf8bd7bd9f
Sending 457874602115221000000000000 PLSX to 0x60430ED06e79512FadA1Dc638C982Dca3a3734c0, Tx Hash: 0xbac1a2e20d1e9391ecb83e6f1ca729ab23ca364b1de2e85c8e5be6dcd1d93154
Sending 194249831200397000000000000 PLSX to 0x730419DDe180C34A74a66fEC9F149B5b22773FFE, Tx Hash: 0x5ee4dd25a5707366bab23fe083d011cd9abf346af9050c78c1f558d506b016a2
Sending 208124819143282000000000000 PLSX to 0xEEc583E9F5818102E7b8F168549ED969473EC394, Tx Hash: 0xbe3e4115d8e0dff5fe7f112c5497ff1e5914adcee9c25a2d97a3790e712221df
Sending 121037017475980000000000000 PLSX to 0x960Ab90a529Ab252d104fBaE87934d8F07D800aB, Tx Hash: 0x31932c8b7cfcb11fd71974c33cc76fb9d787aee393daa7f8cbdcb2b92a31623a
Sending 124874891485969000000000000 PLSX to 0x8877Bf5e275Fe40b1F6B581a290262af1B4A8B0e, Tx Hash: 0xb35a7dafd10bba7d271fcaa02608ff7940b24fe4d59bce1c8535b6d82a0d8cb7
Sending 260156023929103000000000000 PLSX to 0xCdd82623Fd7ceFE9D082ec05E3a713bEc07b891c, Tx Hash: 0x7625d2f1939142e95831b47f36d042de026f8bae8ca5b34bb10f14aaaa4bba3d
Sending 117937397514527000000000000 PLSX to 0xF604EbbE7cbcD96e07754703Dbfc5Fe32855D3Ba, Tx Hash: 0x0c81c356fb67f7758064c2d8bbe5940a5911355a59948da4f4fe39b7698b5bb6
Sending 35366349757229300000000000 PLSX to 0x08e283b57A257a511B430Fb156414348B41a29ef, Tx Hash: 0x8921d172c338e3ad568eb0d33ed75214f2d8e16efbfa7920505081b79379a511
Sending 117937397514527000000000000 PLSX to 0x56a0FD1520E2fdf3846ED29edEACF88bE79eDeaB, Tx Hash: 0x1078bbe96491beada5fda6ecccd05ee2e3d0f9d38fd8d6dc6d72e44531d0288f
Sending 116203024021666000000000000 PLSX to 0x0ea141316b956e5037fc2715329BdAE44F2247dd, Tx Hash: 0x638831519c3c749c9aeb57ba9733c65ff8f40ebebc89b492b86ae520ff7fa229
Sending 218531060100447000000000000 PLSX to 0xB15AC4Eeaf38CD6bbecE10E93360dB86b3d93089, Tx Hash: 0x009df2dfd141d53e732274f09743bbd0a436e61f43a99d286125e325a13c9059
Sending 173437349286069000000000000 PLSX to 0x3E17A67754C972EC9BF80f47f133f11eAc37DC75, Tx Hash: 0xef79c19e3e88ed76f5c9e16cc567ba78dc4cb3143c1b3717c940be16d63138e3
Sending 123327830330338000000000000 PLSX to 0x99E90E7894BB35241A28B0f19e5207906237DAaE, Tx Hash: 0x1d8316c300aa71b046979d8f21e33f88986da22c6941cbe9c7c77150ed1dd613
Sending 15262486737174000000000000000 PLSX to 0x0b30fcaB28a8D0F38Ac7F72b8AB02eA07FDBD849, Tx Hash: 0xa16960a06f191e1fc64967476e0c589e6523faced174088a748fb366bc9b40fc
Sending 360749686515023000000000000 PLSX to 0x0db3e48b47B0409DB2d96F4760F1E6dca47DD26d, Tx Hash: 0xe71b04cb682a80c7aedb0211e552aef7102f54109e8ecce84c1bf90fe957b369
Sending 51935744868773600000000000 PLSX to 0x4749df399c57242840e7114E4c8De7fDbAB0b5Cf, Tx Hash: 0x863341cf11fcf365366f65bb440b6699d93edbb37187a57f7426b12b51dceb7b
Sending 177842657957935000000000000 PLSX to 0x68165326C0C9F77A85b993b1b857AB916e53Cf1D, Tx Hash: 0xfa980c4295dc3b81834d47f4b141482b5265aad4dc2667f221b7cd8c677811a7
Sending 83249927657313000000000000 PLSX to 0xae450bB47079eeFa6369FF8af177560661890f40, Tx Hash: 0xeb551132a4c254484165ef750359f5ae686b4adfd23057392f48123c5916b0b7
Sending 69374939714427500000000000 PLSX to 0x7B6B847191C08bB0Fc6BEe83e20cBbE40C385B14, Tx Hash: 0x893eeb662d227af4bd545683c73e28f6edf9cb8685418838161dddffc5792e25
Sending 1999915369027040000000000000 PLSX to 0xD1Ed278283424151c64E45fAAB8dBcC4C14479f0, Tx Hash: 0x2802454447b2d929cdf3da1b6b87fb7d20801f87d67b14312aad80c98a481422
Sending 589686987572634000000000000 PLSX to 0x05AA1758E60e0B37FB662cdf4bEe17c5d87A88BE, Tx Hash: 0x547feb606e8dc3eb7976f44d60fcb4c83be8da68b2a5a50dde663d31da7966be
Sending 69374939714427500000000 PLSX to 0xDb728a9740C3a1A3431b5F50510D7763Cb2d3DEC, Tx Hash: 0xa36762afcaf4603812f8e86fd5cb00c82c328d428142d60ae2a63497f782636d
Sending 20812481914328200000000000000 PLSX to 0xDb728a9740C3a1A3431b5F50510D7763Cb2d3DEC, Tx Hash: 0xb85901fc7c5683fe91104bc92f76064f5f715326bf54098278ff37f364ef9448
Sending 110999903543084000000000000 PLSX to 0xbACF9358f70FA8745389e1c90AcE46D96dF3366d, Tx Hash: 0x75560e310e98e186109b4c8b43d628f8e4405e5a59cd1edb78535844c377ff6b
Sending 228937301057611000000000 PLSX to 0x3B7922Db0CA6E5AA17429fa28071684004034D81, Tx Hash: 0xe62de00aea8a951326a531bd97bee543d8442ebfcb2d9bfbea822c3ecf2f2a03
Sending 121126503414501000000000000 PLSX to 0x3fd9af277cB13693AF9DC9599b7c69965776B9E6, Tx Hash: 0x18cacd84b37b5fcd6ad29a0ea8964aeaa6184dc77e73270c162373c9cab7d113
Sending 2594622745319590000000000 PLSX to 0xAbc6650c06EaeD6eADcf0bBdf77D2D47F81c5b3c, Tx Hash: 0xdd393bd49a5976a8bff5bf62252cc6ee5e67f83fb2816eb581e7cef1fe04a288
Sending 242042227169666000000000000 PLSX to 0x3B7922Db0CA6E5AA17429fa28071684004034D81, Tx Hash: 0x9990a5806324bb4e5f6745a7dfb51dd6c531ca561163a9e98509eb1e1edf1538
Sending 173441375467286000000000000 PLSX to 0xAbc6650c06EaeD6eADcf0bBdf77D2D47F81c5b3c, Tx Hash: 0x23f8e4ecdc72f10e7269bcad5fdf170123adbc8c71f67360e7f9eb6bd4a5e95a
Sending 104062409571641000000000000 PLSX to 0xeE891a3CD77Af98d551Acf673C7F3B46e08a5466, Tx Hash: 0x5ea18fde0f4b5c0c9906f351ffc44931bcd7ff0ebdc0bfa8098a683a39503671
Sending 706583760991444000000000000 PLSX to 0x07bb3d8b9BEaD0F4fa15d2C0A2Fa53b99b5Bdc87, Tx Hash: 0xb93664da3e3e00a1cc716302f762a507838902848d8502fd2f60ad2bcc524b3b
Sending 475894383982106000000000000 PLSX to 0x513de75dd0cd8801D09fde9E7A098C26f40E6F42, Tx Hash: 0x1f142442b67769b8fb3152b90457c34f800877bb7918e0543f6be1bedc64844c
Sending 1040624095716410000000000000 PLSX to 0xDef5BB9Dd46eCD69eD3020A78BEfBD4b645edBDc, Tx Hash: 0x43bf637562d0bc00ab695279073e9edfcea9035182cb328d91741957f0f3c459
Sending 28526975210572600000000000 PLSX to 0xDE147090e90CEdC8e0206fF61814BDc45dB6F8D1, Tx Hash: 0x6e8f6c6932c2ecf66085dfdefce8b0bca318d23ed8b7b6a60442851fdbad3947
Sending 93656168614477100000000000 PLSX to 0x53067D270415b5eAdE508c45c3023f51248c6954, Tx Hash: 0x5e6b3025b0eeba0f916116b2c2d9a20893adfc734fbfbd873cc703b74ef030f9
Sending 83249927657313000000000000 PLSX to 0xB14C80D624e9f93b199aAE316DA60627dB592757, Tx Hash: 0x687672e4f4dccdf879ac5b6cb0eaf4f61e4c7ac315b2ffffff6958c438c82d38
Sending 435993146101691000000000000 PLSX to 0x0b5E6eD140D0e0C577Cf85666Ca64E06d7eF9707, Tx Hash: 0x06bdf1670b4f2de01c3c384f9b60d335e3f525ef6fc027373b3aa76d51df22f5
Sending 121995831487821000000000000 PLSX to 0x3171355FB8fA42d83374439D5FB39200bd79c3c6, Tx Hash: 0x9c5aba57973a833548ebd43688cfe8c87ad8b9d2bdef813f0c8ad1a790bff2ab
Sending 73995310699408300000000000 PLSX to 0x832e7DE2D93C91e2b4DDCf10B3f35d6Dc5d12aA4, Tx Hash: 0xd940ef0a0b397007a20e8c82a28239fe5c08b44f39c14cb6f2f32262b957d7ed
Sending 353541491528814000000000000 PLSX to 0x3a814C3a1869be23fb6F54a8b839D453149Fab1d, Tx Hash: 0x440d6ffdfbcab0e24cb136f6545adb1db6583e1f7cbf264650bf1181cf36fc5b
Sending 38156216842935100000000000 PLSX to 0xa7850DF2207d063EF8AEbcd3fDfBF3277B6370bc, Tx Hash: 0x3f9e64984cba550f72c7f60b45777df9ee73c4b434c2fa543b7925699be5edda
Sending 53952890615910200000000000 PLSX to 0x269DF84C8FA6D83E498b96B329cb9Fa659E45dA5, Tx Hash: 0xef9ca9f9970695112892e02dbe789c94d13b168e0538321f54f81f6beb699e3a
Sending 104062409571641000000000000 PLSX to 0xe321A19C0987117135CfdbDaD20D51b0cA1d01Cb, Tx Hash: 0xa3eec6d09486084e24d6e22402e5a3086310b3a1a8bd72834be5ccb6425db2d5
Sending 124874891485969000000000000 PLSX to 0x31C33E1E0d847130f6aFef9a3061F9815F28E2f0, Tx Hash: 0x69b58bcffe3480c15a001ecca590df8feb31f30d629f4f0e26e87964a28fcd55
Sending 693749397144275000000000000 PLSX to 0x7A8791B44ad51aB82b46812F617672C0E1C854FE, Tx Hash: 0xa762b74a51639f6c94cec5d907b41448354f4fa8d039bed0b5e67ee70cf8e671
Sending 81515554164452300000000000 PLSX to 0x07DA05fD58962D698f623c652A40123c9914b08F, Tx Hash: 0x55ba79e8672a654b2a5da6d5d8d6666960793f6f193f4cfabf9c4b6958f96956
Sending 230893071333793000000000000 PLSX to 0xC046a433C09957Bf06EAD0f34348Fc1384971e4a, Tx Hash: 0x705754153fc2f60f5c122bfff41b5201d17e5cc2eaabe1342189851e8f5e09ae
Sending 1734373492860690000000000000 PLSX to 0xFf8c8A26c47013C976D522E5CE6E17Ed74D585AF, Tx Hash: 0xd95be38f4d0b8716562695f634daffca75410514d76103727daff11fc8a2af7d
Sending 346874698572137000000000000 PLSX to 0x0Af2d545B16B1B6cD2C73f40d2425588cC16c366, Tx Hash: 0x690fe5463f77c631bd09ce72719b85a934221b75f62b70ac504e78d53a3a4e06
Sending 154359240864601000000000000 PLSX to 0x2D24cE19d20071f61346EBD06F8aD56698195100, Tx Hash: 0xace87df3dd210fe7f1b62dede9e9da9b0f17a55d148188f1cd21d143a7a2233b
Sending 174977472947729000000000000 PLSX to 0xF504D4aF6514B3bE0307836cb901903FdDe2Cdb1, Tx Hash: 0xba643b1546a072193316f167d2c72ce3a9112255cf768313b583f93d64725662
Sending 72843686700148800000000000 PLSX to 0x59B80e781AB6173245CE7D0eE1a9da933EC018Ef, Tx Hash: 0xf86bd9b39a83ab10f48770e8bcb0f5ed9bc86c06ce4e817a78d56e336abddd1b
Sending 34722157327071000000000000 PLSX to 0xf2169ABFe6EC6f51d7aaAbE62669a5cb1b38fDE7, Tx Hash: 0x1f7127c20c505fb06927f0e9a5916b89f8d4bfdc6f917053ff66bdc2f7a88052
Sending 208124819143282000000000000 PLSX to 0xAC9917d3c0B7472f9D5E5f24e2FC252991A69872, Tx Hash: 0x813e32dab0b2406ca389aed6c64f40cf75063086bb993e66fab58941dc6a8c13
Sending 1307322176460590000000000000 PLSX to 0xD7725f3b891d1F0B6f75a27C276A3B6EF873E728, Tx Hash: 0x58210dee4b2f7c728321a532d80ed38cf106bbbf04e5bad119a75571eb5bfb38
Sending 277499758857710000000000000 PLSX to 0x92CC95EE43A5677634bde01DEb409D40C33BbD23, Tx Hash: 0xa913cda8c5acb186004ae670635e0bd3858be99e9346ae8f3e1f75f7d8f09919
Sending 38541633205515200000000000 PLSX to 0x0DD0d160Ac1354AFA305c441085819BFed84D7c2, Tx Hash: 0x0b765654b6dc8a5cd7d2b0b926a88db5fbbf90c916b87d3abc8d0c895907f713
Sending 44784491245645300000000000 PLSX to 0x361A0E3c2Ee3F3A3b308E92182ef356De631da44, Tx Hash: 0x8ac1a56de63acdafc14133e838293b5ff65afec30e07d28eec44f27aff4900f2
Sending 34687469857213700000000000 PLSX to 0xc87BA892e17F80D66BD6c82Da210ac141918FCdD, Tx Hash: 0xc98f90b8fb961a7f2e4147a44a95652e961e6c2885c4fb582faa216a9136bf5d
Sending 1595623613431830000000000000 PLSX to 0x2dbB80cF69ABA7a65E8a0B98Ef0209916E7dEA26, Tx Hash: 0x3eb759f854739f5b50697c5d2e13dee51caf9e1ae2c8a55a0016c5315dc2a8cb
Sending 6937493971442750000000000000 PLSX to 0x3338E9e36C2F19ACc3Bf9b7E4EC594C59351e922, Tx Hash: 0x0827d730d36af2ffd9fc26950691decdb514df42ca0d5da56ecf36790539d752
Sending 4362434959122630000000000000 PLSX to 0x3338E9e36C2F19ACc3Bf9b7E4EC594C59351e922, Tx Hash: 0xa3576e0fef398740403ee0657f338fc0139ab9a79286d3992abc58ed5dfdbd43
Sending 346874698572137000000000000 PLSX to 0x81B8a69af4575C6d2291B418872d743a563a6306, Tx Hash: 0xb12954f23d7503f8450c38dfded9673dc3486188d745ccb4abb29bee1759baad
Sending 64850666164102800000000000 PLSX to 0x8F7eBd90C40aB3a9bA735D5028BC32AE7bc9F9cA, Tx Hash: 0x261f1faab211f8298bf3495147a13c1149a5a48deb9f78e80cd1ae24d1007fe1
Sending 138749879428855000000000000 PLSX to 0xa9B9B228028f152761993fF6A188411EB3D36537, Tx Hash: 0x317cfb87f400ce6b13ab77b8d01ea0204f483a3f175b45263f88251f5d2dc08b
Sending 208124819143282000000000000 PLSX to 0xecDB9b7EAca5372D635625a0c8abd1E7fecf3C97, Tx Hash: 0xe22f371ae3006fb6f173bf2f3c170e4424b0ed74d1cc7f133a544118fe0bb772
Sending 69374939714427500000000000 PLSX to 0x96aF8c6Baf77f1d12E5fF35CC00585C722cB25A1, Tx Hash: 0xb938e3390f144cc45295204177f244c601778955c386c5fc21727b5f55959a33
Sending 126025662451595000000000000 PLSX to 0x2F6e69d015DA10d55EA410AdF6f3A3B554cFCa92, Tx Hash: 0xf306af5c28ed6b8c3ebe6cb8787fce7fd4422474e3d4c350b7569b80a0fb5389
Sending 130668906413168000000000000 PLSX to 0xA836E01D02809BD8e6B1F1E227636AAfbAcF5AB9, Tx Hash: 0x802651b8064a3d645e9710d61e433cbf5e327dffb6c56cdf6a4448a290f561ef
Sending 80584974834412100000000000 PLSX to 0x2F6e69d015DA10d55EA410AdF6f3A3B554cFCa92, Tx Hash: 0xbb87a4f83186af713a7299ac11f2afd97d8d61f41c20d9158499a97868d73836
Sending 485624578000992000000000000 PLSX to 0x9deC42DF948d5165A9f42dE3b0c8C6839D79a876, Tx Hash: 0x5ec5f4e0fe67c91fcda4b7783ca6205359d47a84256e225e5070b1ff9e98cd32
Sending 1387498794288550000000000000 PLSX to 0xC5d7B42CDb68395530cDf6bF86B60a2253b7e93D, Tx Hash: 0x5bbf5ec0ce64912ee68ad53a099078b5b8b2537250febc2d1afe89c5011328dc
Sending 36723980023148100000000000 PLSX to 0x9015292f500829e4AF3Bd1856805a5F39c2A8d00, Tx Hash: 0xc7e214aed6b0f3d1ca89e0b016fa020674d9550401ab57b93ac28c8257e6be3d
Sending 347576288888277000000000000 PLSX to 0x1aBfA5BFd5b287a670B690901Ec18f11023Ba282, Tx Hash: 0x840bc5db2df89c0ecebd427dd8d665e92b19e54cf98c3fb991c58e0e4bbc98d7
Sending 34723988282065500000000000 PLSX to 0x5bbE783586d92C7199bF05b0f762439183d3CA4A, Tx Hash: 0x6af83b9868ede38e8827afa009e6b3c872877884ace328035e95565e9fff1de9
Sending 87956116354099200000000000 PLSX to 0x5AA7c888A1FA357EC5b8527553f312307686F5De, Tx Hash: 0x1841df2d16159206ee4d01243ca240fcebfaa601eedd5313ebbf8427c10e3da6
Sending 82556178260168700000000000 PLSX to 0x066066eC567FdfC4CCc3bF070842E7f3042e6FCe, Tx Hash: 0xc7b48e333961e0d9d99de61ab3e8a684167b5822696f59203ec4f550c9a15699
Sending 638249445372733000000000000 PLSX to 0xC3d7163c52002eE6Ade9f2c0dF148deBD1512D11, Tx Hash: 0x4affbc502e5da30bf656523f9e06845adab610f32c9598409cf3223bd617380d
Sending 34687469857213700000000000 PLSX to 0x6Fa46a9dEFaF2A85fD8C2Cec24e0F9594E964aa6, Tx Hash: 0x58c60585e4960cd91e7737bec1b592e9d8537c16f15c4508ac4f61fb1ea8cf0a
Sending 168449291120601000000000000 PLSX to 0x8437C014868e2a0765C01CFEf08559A96192d372, Tx Hash: 0x8f470762e2b0aff81ae14ab17bb9f17212d062fdbee80007223d38d420b00332
Sending 1248748914859690000000000000 PLSX to 0xd140D6C0Fa9a98298b62EDFFF13ba3732CE90551, Tx Hash: 0x4fb91dee253545fef7140da22d008b2082f84cd1e9113236a3932fceb7ea8087
Sending 485624578000992000000000000 PLSX to 0xbe0Abc22d67a0B0e404F08c51C7f09d5Cb16B342, Tx Hash: 0x9124a7646cb77806f2176962b29dc160d392e71e995794279fe4ee99a581a889
Sending 1700886209460530000000000000 PLSX to 0x38E3411fe0b670CedBE6bB7600c063c19C1E9bb9, Tx Hash: 0x1e8cfff6cf5ea7f391d0d3fdac561842f20c7a7cc3101cc1f73a3b13346ea6ac
Sending 554999517715420000000000000 PLSX to 0x8515C39797F4c145b3f6987Df3AA7B4DA3B5D424, Tx Hash: 0x56d981644f5263ab4e5a2703a7052a632f6f827b78f3b41e3869bc83f59b7dfa
Sending 346874698572137000000000000 PLSX to 0x1f997286F4217E0FE76Cd8ccF8fA4609f2dC2B46, Tx Hash: 0x5832d31ab30e99fa866ba68e7691fb023acea9cdfbae87bc83c6af5ebc76a789
Sending 95452979553080700000000000 PLSX to 0x58c340195a47D5Fae67474de6E72B8b9b53ef7c8, Tx Hash: 0x962c684171b9314dd78c2caed7f7634f2c5a8059aeb2a2ebae78ba2f0e4519e9
Sending 52031204785820600000000000 PLSX to 0xdb67aCd7406403C035c38965CBE9435e187EB2B9, Tx Hash: 0x206014cf4e8071e8233b70bd6d9ae11fcca66281b49c06eddbc182d402a57779
Sending 62437445742984700000000000 PLSX to 0xd3393c42554F487a425878Ece45674F9983953E7, Tx Hash: 0x7f9be19c14488b66a84a2ed21052592d64e951c24976e446ac3ccf5f18b83d98
Sending 173437349286069000000000000 PLSX to 0x6FD3D5DC46e49BE296c934b97533123C86229999, Tx Hash: 0xdc5a4404473bef83cb9d99bcae0129413de2d762a28bf35dba0d01dc2959252a
Sending 1179373975145270000000000000 PLSX to 0x17e8565190e5B0879f28E3DDE1b3d8d22461C19C, Tx Hash: 0xb11014ef9050734c36402b36eaffc13ff37b3dea616ff930388588ac37f95d2a
Sending 53418703580109200000000000 PLSX to 0x91d005acd5B31BeFF2574e457BD4bD86692F2218, Tx Hash: 0x8aadaf74265d85af2fba86b9bb0ae806ec5e9d4b09bb4e97c9f457e94a71edbc
Sending 123487392691681000000000000 PLSX to 0x4070cc36cE0a014466BDcd1e8D5Dd078aD707b46, Tx Hash: 0x08919a076d8c2f45fa0864aa74f250edd6b48810fa825bbffb737ef391dde238
Sending 130509160653552000000000000 PLSX to 0xBC449F38AD45fd352d77b87f66b8b6ca57ce5b2A, Tx Hash: 0x61d2d76f150f08b16eb89510ead98f372f73faa0f4bb364d72bca9241d94f3c9
Sending 34687469857213700000000000 PLSX to 0xc150fF3948CB6E236F58C5EDd4a1BF8644393B6c, Tx Hash: 0xffade09d49824846c8a9fc3b6f5c056bf9295896a3b0fc0e4b8d15e1a6c0fbbd
Sending 7874769762284410000000000000 PLSX to 0x8B1a025274aEF931e906CA4b220987A65C5DA17b, Tx Hash: 0x617038e3951a172c988aa56ec8a07a292ec3552ed5551b09219b06fb18e177b7
Sending 873409678522728000000000000 PLSX to 0xb084D5Fa554966Ee944537c366FD6630Cb3DcEe3, Tx Hash: 0xa18c097833971c7560c6d3922bc9c4e3f9730eaf9495312f50eaf54b36831450
Sending 1334475527864810000000000000 PLSX to 0x8fF49EbCF37aADE1c0796Cdac6fBea2c078F9D25, Tx Hash: 0xa0d21a6dff1616cb96e1fc990f54f1c59c6df23a4b2cdf0e323298ced8f5d692
Sending 40584339732940100000000000 PLSX to 0xf1592c3Fb67D365a97366613974E04b48A1f24eD, Tx Hash: 0x9137c7608eef07afc9014a860de92355f0adc59ad92df4ee865727637718c412
Sending 109082963791370000000000000 PLSX to 0xf1592c3Fb67D365a97366613974E04b48A1f24eD, Tx Hash: 0xa2ce6038788c27eb66298dc9b130850fd1bb8ef8798c3d04a7abd7a6e1d72277
Sending 2081248191432820000000000000 PLSX to 0x6D16120210147AD06c0C4aA98f88167Cd4227Ca4, Tx Hash: 0xc842bbd08f1128bf062f9ebb88ab937316f7b5b1b3530625c6841669ae41b3ad
Sending 552118310023219000000000000 PLSX to 0x9D51Ed32B8f184323aF9088D2Bab05d529D50495, Tx Hash: 0xdb28a537219ec8a7b0118bcb842ad7f7c93653941a29f7357f1e859845085f7a
Sending 218351687706684000000000000 PLSX to 0x25EdaeFBB8f37658153a823069cD36E10fd65aD5, Tx Hash: 0x83c79baac2e3cd990f6e834ceea42c31af6602a9cff0ea1d03bcb7fd031e5ed2
Sending 173437349286069000000000000 PLSX to 0x4Fd42bC441f0a106c40413BCF509023086baC0aF, Tx Hash: 0xd011fa8cb14376bd36d8a9461f90d13a6221bbfd8603c49648519f8dcc84cb25
Sending 53418703580109200000000000 PLSX to 0xd04134a6Ef057274506acF53CED2958829351C04, Tx Hash: 0xaf4818645fc03e0859801efe60695aca8096c23f1c5ca4ee9bbd022f1cc65f9c
Sending 2226935564833120000000000 PLSX to 0x770182aa0a27B5C2AEd56664D1CaB045982Db057, Tx Hash: 0xc1a37480588ad6677344a79c2088bf61c1b9845279d3199373effe8c7d250861
Sending 42908400213373400000000000 PLSX to 0x361A0E3c2Ee3F3A3b308E92182ef356De631da44, Tx Hash: 0x1ffb8eb62300d0eb6cb5470a2e2e79788e8e8464443e43c897c3044e0092fadb
Sending 107531156557363000000000000 PLSX to 0xc081E65fa0bEEc962D3Eb3aC1a29Cf3D5201D116, Tx Hash: 0x50f16c64feacf21c930023087ef287ce9f9e10f588f433b3d4841ebe970aef4f
Sending 1040624095716410000000000000 PLSX to 0x1E6ac7ef902913c3546813eA3EE06Eed36C356D9, Tx Hash: 0xd79893c869964b87a5f57b7e9cb8d60bb08ff1038a35e467e5ea12c8fbb63a5b
Sending 68173630184416900000000000 PLSX to 0x9B55D908e15257E6FF285E6A08E5167245D1a0ED, Tx Hash: 0xeda3669dbac294cda5b1870203a87f3113560222b34f546f46ab5a9911a093ac
Sending 34687469857213700000000000 PLSX to 0xfD03AC27148Cfd601da5596Fa1991D6614732b45, Tx Hash: 0x30bf728fef7176ffca7247f8cb5b9595df4946e1f42a7749096aa0c4d73ada6f
Sending 70068689111571800000000000 PLSX to 0x31C6B6f34c83da316837AA7B1d061Fa51dFd0f42, Tx Hash: 0x2a592a5212f6003d1073f09679c011864ba8d90e3049fb85123004ff2dc9b66e
Sending 173437349286069000000000000 PLSX to 0x3F81F841f7294CB5CF5fd660400ddad6Cff83381, Tx Hash: 0x3b793e564f1aa60f0410e8a5aff78f38add2adc8783872f6926b2aec9f9c0d35
Sending 172805876412627000000000000 PLSX to 0x84e026cCf7f2bA03E0577eB0D43B51653A685BaA, Tx Hash: 0x366f22b92ae678b12a1c61611eeea5ba6b44b199178e7c7659d42f7973110d23
Sending 1819302294059090000000000000 PLSX to 0x02e34f367a1dbdc91c7063d375E0a18E6F52A564, Tx Hash: 0xae58f08811e70152d288f3353a0125d9633d764e282837a29ae0eb6909a68165
Sending 132575509794271000000000000 PLSX to 0xb39969cCA1b1bee3F3e0073941F4c1F44320ff86, Tx Hash: 0x56a7e3f9ecb820a6ec6386f8f48ab90280b6f7f1e26ed9b2f85a55432e1787fb
Sending 385916197334421000000000000 PLSX to 0xeAa1d67D18883fd0A87E2f08b697B85c7A712Bcc, Tx Hash: 0xba43263902f20ec7a887e418aeed499dcc1f2db2a145ea645ad1edec61bfe26c
Sending 1053647096070210000000000000 PLSX to 0xC10c92112f582A3877D17C70673A7B3a3Ff57f1d, Tx Hash: 0x163d8337f451fc7a6ff4392747839aca4698f50ae7a1aad502dbe26e0f1941d6
Sending 959012580024198000000000000 PLSX to 0xC5787B68B52A994Aa9Dc9cE9f7A4F8e1694465a5, Tx Hash: 0x4c2575b9e438d80363851fdadb45e78b20a84037c90183f44cbc3b5e9262877e
Sending 138749879428855000000000000 PLSX to 0x52E756e44f2Dc98f21227f183857D79C83e4fFE8, Tx Hash: 0x1d1860eb851c9a6733f7db54d68a326f1111aa1000aec3d014ddfb1f20a56a25
Sending 951012486087286000000000000 PLSX to 0x3bD21067a31D343fd83d64DF3795Bc0B66BFa47c, Tx Hash: 0xcab92c5195b2e88c3751d56a2f1b49a815284f58240d4999fa44a84de33024b6
Sending 346887493678718000000000000 PLSX to 0x5a5AaDdaD79ac866b812E8bf952b503ba98522AE, Tx Hash: 0x7659c292b84037c691f72ec595b8fe4e4ba0428cfab8beea1951bfe71f2b6ae1
Sending 45093710814377900000000000 PLSX to 0xb118B9cbB14AF0BF6269d14FccB559b4884510e6, Tx Hash: 0x2ebb16e30e340eb89e42fd6bc823887147c1dadb404be3a001d88fa879a73d98
Sending 104062409571641000000000000 PLSX to 0xFa8575aa490272Cb1d321BDF9d09c5C21845b9ab, Tx Hash: 0x33ca284f6afed10bb4ff3ccbd12bd5c682b98c05048348a165d1d1f46f63bf1d
Sending 377408939243201000000000000 PLSX to 0xD976891378bDB926e87E63352c620970287cE9Ff, Tx Hash: 0x1696c087f632fd8861bfa485ae65eb9ad8f4e4f8450345223a1ee0947bdd577a
