Sending 244174126848376000000000 MINT to 0xa3E79C254E04fAac43504B7473Fa19cd1d6b9885, Tx Hash: 0x5b21241502b6221c8bab002b435e40348105bb2add88a321453c765d59bf3b5e
Sending 163337886532886000000000 MINT to 0x1FdeDA157fA1096Ce0D5fDf5C5e6f37F8dDfC2e0, Tx Hash: 0xfc3a2513eb8c5b99e50e4f22a8001f5dfbaf37ea0b729c0618916a216682005c
Sending 243405477970575000000000 MINT to 0x622119fF96412c4A647A4Ebfb891cE2Da974ef33, Tx Hash: 0x1bcc1542945d82b254152db85a4edb95575203b874394d6809bea7893470ae0b
Sending 47342968678088700000000 MINT to 0xA959E836D9cBf9157a4C0256E5c5D2402157d7cb, Tx Hash: 0x8cbb7395cd33b5cd3b2087f0c6de4e4dcff0c5ebb47bbc740eb285858d5a1845
Sending 558412135766072000000000 MINT to 0x0d4f7030b039Dd37d47c70E86b9B0a2524aF1837, Tx Hash: 0xe3878f1593c3b620c88644aa22326cfcd676899fbc1caab90242428f995ded7c
Sending 273030486802520000000000 MINT to 0xD95FE8689eB93b7e51262AFfb08a7c8CC5532c7D, Tx Hash: 0xb152fafb9ec79c5d8705a5ae497e925c7600f8339b87459a3128159dd32f6246
Sending 100514184437893000000000 MINT to 0x0f8a16a62Dd44419FE98d5b79dd52f665d6FFef9, Tx Hash: 0x7ca9ea71c791926b751af9064f68b25085b6957090c1682b646884517412e7f7
Sending 64054073150151200000000 MINT to 0xc150fF3948CB6E236F58C5EDd4a1BF8644393B6c, Tx Hash: 0x2bbf21c368dd18d94df3707803494233d5a0902b9d07d234411e4bec0c9686ce
Sending 2231106449993910000000000 MINT to 0x49668f3D17459aee64B0903EB8Db0E548AaF9A96, Tx Hash: 0x4cd6665881cee510ebaecc8eac1fc460ae062c4f9d35a30f5808c8dfb2de2887
Sending 9608110972522680000000 MINT to 0x442A5aa749410a4A3aDDfD6aB271a485E2d5534c, Tx Hash: 0xdc40da9ebb6b8d2d91330ba85188e69694669cc9c4c7c2f8e9a943a8050fb2e3
Sending 129551615497729000000000 MINT to 0xA545675a401279Fb379fABeDcdD15b6358587140, Tx Hash: 0x7668d90c0552745c2f008d06e221bfed83ad4e6863c8ab62f0ff2c10685f280c
Sending 223364854306429000000000 MINT to 0x90AEC04e53d8B5DFD5Dd5BDae4387126A66eCe4f, Tx Hash: 0x73c348b0b5306a2ec2b36a0db12f9ae35b3d4a062718a5a50ae38226b73ac23e
Sending 223364854306429000000000 MINT to 0x9c314aAAf29a7dD79C913aE343A8aFDF0AbE62fA, Tx Hash: 0xd1c381b3aee1e2e0df90bd26297d298f2e75b59bdaa9fd645b08ff171b1f8273
Sending 106746112904727000000000 MINT to 0x05AA1758E60e0B37FB662cdf4bEe17c5d87A88BE, Tx Hash: 0x104cd885b5ea15b8c4e7088aa2000e0264644587f47c107605aa958e95a2cee4
Sending 27251539703714100000000 MINT to 0x53f8F1109520C23906C0326252098b8cCCd6a8f3, Tx Hash: 0x86e4a041cbf98ab3486cd5834c2561288e30312e45e32d21dc031a032ada1c62
Sending 540606688603301000000000 MINT to 0x07DA05fD58962D698f623c652A40123c9914b08F, Tx Hash: 0x4fcd6690c8c1d37461a6ce68b8be5c5f9a123650d79ea1290a186ff74af9436e
Sending 111682427153214000000000 MINT to 0xc33270b3D5414b68cBE7e1ba2019ca5d7dB0B5Cc, Tx Hash: 0x6d8717e573ef38b2f00e4fc27f369beceb6a0747214cb625ba25783359962c52
Sending 223364854306429000000000 MINT to 0x149CA58cC5e71082f0AF5d0AE729C44B631054Ef, Tx Hash: 0x9cbfa76bc973b9d44605bde8893428c45bab67120cc2c82b04f916304f68eaeb
Sending 44772461587961200000000 MINT to 0x7126723eD61D18158bc374897758EbD617db3a9e, Tx Hash: 0x5ba263cbecb32b5605e805b8c903c48e88b742657e001c419f02011bd5fe5de1
Sending 32219198794526100000000 MINT to 0xd7790Bc063932F333c5F5adCABF0ACAa843F7Cfd, Tx Hash: 0x477f033805c04c2ec1fb328a19a5fdeb0de4a2266c25f09d7990a44718be7c55
Sending 25686958245239300000000 MINT to 0xC0d4e019A2202F5c7cecbc63648DA72C7D3Ee1A1, Tx Hash: 0x4cd118bae74485c040585fe6be48a2440ee11f9621251299039276827df5bbd5
Sending 223364854306429000000000 MINT to 0x4B828f9B3BF03113751c045C11266cCe6A9d4b21, Tx Hash: 0x9e328b1a9a5f7b19f86ef646cfca12c0ec96278467ccf63156db930c0134c5b6
Sending 320270365750756000000000 MINT to 0xD1C4c78472638155233A1cB9CECEBed04C04E9B8, Tx Hash: 0xeb3b4ad7278a60cc96780977cb3929f573a56cd3b6823965cf3a6bba0e37c0ed
Sending 446729708612858000000000 MINT to 0x495F4Ecf3E5395A80fFBf2cB6940E3b837eB1992, Tx Hash: 0xce639720692597eeea47a84bfb2d0dc97f88bfadf618152afb21924b798ce423
Sending 234026886145895000000000 MINT to 0xa1f2b8bf722de740eD15d541f66644B607158ea8, Tx Hash: 0xb116c6391f63e8869da50aac88e36a5a649041797d91958de8af33b8b89c36b0
Sending 225598502849493000000000 MINT to 0x77e95c45C0F00fECD566a366795201DE039c404B, Tx Hash: 0xe3b270a260c4bd5b5b726bdeb92e95d6ad0c6e3852aa136b5441f5eaf4e9ba13
Sending 22336485430642900000000 MINT to 0xF2df7bA0F1F2159D8C9Cc8518840fed0564A9F1b, Tx Hash: 0xf080ee5dd9c709f2763c2ee547e69bf99908626065b4edb3f823b5f832afe6a1
Sending 111682427153214000000000 MINT to 0xd0aBbF9b6705cb2164bAbC6eB216E61bE17D56eD, Tx Hash: 0x9080b09e243164e226ae6ad1a8bebe8df34f3dc0efcf68d7d5ad55bde2ae37b4
Sending 167523640729822000000000 MINT to 0xa9b0E7e513D11227f3549D67C98950f4752c27d6, Tx Hash: 0xb34387c0b26ab457df16dc572acd3d61bc9fd73bd17f2b7a0a3a8d331fd6c9ed
Sending 1118177080772250000000000 MINT to 0x056bFA0aa31dD8eA861375141ce96A480C03A6Ec, Tx Hash: 0x67ae9abb5e3e65b01b79bf7db1a02fc48c3c3338346790e05c5f11c41d30fd5b
Sending 111682427153214000000000 MINT to 0x236DF50CE2ad4CB64574fbD1Cfdb8B034c257c4f, Tx Hash: 0x8f2b61461ff22235f325dac09e5bd52225a7171fb68860ff98558bba809b45e0
Sending 111682427153214000000000 MINT to 0x4Cd3572f6B3275EE849058C26abCA198f3Ee5B37, Tx Hash: 0x51fcf4943bc71424507f1f9d6e17815f01ec21aa11cf3c33cf7b1292040f37f8
Sending 112094628012765000000000 MINT to 0xb50bd95BAA25187C1025A6551358E409FCC1C556, Tx Hash: 0x293faf7d8eea67ce2500c2afdc54b09ebc1aa34a1b12dfd636ea823343eec937
Sending 214233532432201000000000 MINT to 0x948C381362FD1428E52ec4a494846f756f7459f3, Tx Hash: 0xfbe35a8b354cfff8205fa514f5f615226621b79f43649572b10b7a55043d5530
Sending 514151643489451000000000 MINT to 0x948C381362FD1428E52ec4a494846f756f7459f3, Tx Hash: 0xcc0ec9d549eba309f77efeb65e960080fba8d8ab8ac4adf044246930b36d40e8
Sending 22336485430642900000000 MINT to 0x032bD3535b60F9c9C16bB5227fE6bAF95417fF6F, Tx Hash: 0x760afba44ade3c775681c79c7b2450ce345135fd53ea064d2cb965775f9b08c5
Sending 22336485430642900000000 MINT to 0xDE147090e90CEdC8e0206fF61814BDc45dB6F8D1, Tx Hash: 0x1c45821ba4d480ee27c44f69297436fc60f5fb6837f72b43ad254c6789c48b0b
Sending 280322892154568000000000 MINT to 0xAeFb5e9eA6103aCc59C38793C55Cfec3Adde071A, Tx Hash: 0x9cdd9b2f1e9f7db7fce7d90380cac79670a5c09b5f5c65fea8f9f788939691bd
Sending 99173995312054400000000 MINT to 0x3E25794EaE5bAB2D35942E9ea66293F6B6514279, Tx Hash: 0xb32889da88fde3de129a05f04763f8eea25c2453e6d95fa25da3dcc23d603f01
Sending 268037825167715000000000 MINT to 0x9d0ca02D23E679744faf810eF06931C0Ba41Bc62, Tx Hash: 0x51fdb079263ae59db8cff9ce811757a29403efcc91d2298413df00d7f81e2048
Sending 29707525622755000000000 MINT to 0x82c357a2d8724F8654a7DE0F67E9a8A94584705c, Tx Hash: 0x2a21e94141b2886d4dbd34797467f05691cabb0e2f37b019dee91ab9eb7494e9
Sending 268037825167715000000000 MINT to 0x5f9F77a0E2265C5D76545B0634b8936F3050D2f3, Tx Hash: 0x2e69e4fab9a9ca1816d45a9d4a9f90eca53bfa1951e8b13d8ce2404b485ed448
Sending 1118710048524000000000000 MINT to 0xbF7b5B02aB8e2485EAA1DC57D6336e7b3da34923, Tx Hash: 0xc22f97e0653a4a2f41436326162db96a4a776e6275df597e83a97fb4bc3753d1
Sending 22336485430642900000000 MINT to 0x543ee7fa37f58f801aFe1419A1799d8e8A9b7DC8, Tx Hash: 0x03bbb423b9736a59b6f550a04e61511df29b110c2488f7200f8f2293d9fba6f0
Sending 552828014408411000000000 MINT to 0xD091C1515915789a1CBF3A57c504f97bC7694b85, Tx Hash: 0x2d9cbcc0c92e396d0168067bcd9a3882b59658df0056dbd406b1acb0c6f4127f
Sending 121330264394122000000000 MINT to 0x9D51Ed32B8f184323aF9088D2Bab05d529D50495, Tx Hash: 0x4eaaec8135059c5c080106e67d2dc809a6e4ab1237e33becbc22a371efb2e414
Sending 65743750410407100000000 MINT to 0x09Ff98337FFB7893d2ab645666eFe52d9F2c935c, Tx Hash: 0x5ac089f6c825e684f32ad35b5f80c65c635a951447ece73d01cb1c429bf64b1d
Sending 223364854306429000000000 MINT to 0x1fC7221E16532AC443E4648eabE9330BFdDEdCfC, Tx Hash: 0xf42a37ef6efadb42788a0b950fffa5dc0bc24dfe5261c7fb48a0359fd2c62b95
Sending 223364854306429000000000 MINT to 0xC3d7163c52002eE6Ade9f2c0dF148deBD1512D11, Tx Hash: 0x4dd6bfae216e8a6410af76d10d41f7fceb2e5b09fb9bed67279fabc844f0784d
Sending 134018912583857000000000 MINT to 0x635a28fb5f9612D7d99B335968ace9A9462EA333, Tx Hash: 0x408c128228b1d5e7fc3d83da341acc2bd7f04c62a890aabb1201f3c29e48d21e
Sending 160135182875378000000000 MINT to 0x7dFB85Df9540010accab501b4db8d2D5Db6734B6, Tx Hash: 0x148bff3b270d6b74be6a60c3deea05228ba3d44498eeae3dcc676bf5430e9462
Sending 111682427153214000000000 MINT to 0xE43F6949948064ECD81F4B93e5e2739100469FE1, Tx Hash: 0xc585f5c03d8ece04ca8d7a16bf9a2a91b563f680b513a7911d1e81e30b5bb2c9
Sending 276847249919551000000000 MINT to 0x2D06e89572DFD2a4a53207f136DD328CA28fCB59, Tx Hash: 0xb69eba8ccc75b4502b79505cf5aa2857393751fb87ae566e8c72f645c199ce5d
Sending 134018912583857000000000 MINT to 0x468140C58F7D48194c264D27244D9e58012E1b85, Tx Hash: 0x28dde3fbcaac9c15b4f80a59e8cd1ea6f07f58e3660f500346996a177200e536
Sending 670094562919287000000000 MINT to 0x14ab70F37cA34362B0907Caeb5F4dc2720244653, Tx Hash: 0xa1d786e90a78133d8530f95ee16340def07bba7325926fcb18583587e439008b
Sending 111682427153214000000000 MINT to 0x562AA04050F5EDaa2d5334FE6B8861052Fd53b86, Tx Hash: 0x883ad8c4eadc0b5211479fa0bd2c7e0eaf38094146ff1c312700b74b450f6243
Sending 111682427153214000000000 MINT to 0xfA0C957c35c7e3b4836378E3F335C9040a91768f, Tx Hash: 0x04621a4ad35a0b78a8d0708c13f01c52da986ada10b50c5453519f03bf6391f0
Sending 448378512051059000000000 MINT to 0x2E38CdD715489B00bB84FB0533a1cAbC8Eccc990, Tx Hash: 0x9c49a52abf1730bbbeaf12e829e4cd425bae370882fc045382d359a475bd7e48
Sending 787807841138775000000000 MINT to 0xC7C2702eE266Bcc669209FF57c7eBd93BAe69B8E, Tx Hash: 0x5fd2107067cf2fe3c3674beffb53acbd53a4df7a571ea38c819a5392e5e33ea9
Sending 335047281459643000000000 MINT to 0x7ba04A3Ff13332a942230381abfbB7100c83F033, Tx Hash: 0x396ee0bb5025521a591a5cdc42204e25a24ace90a9f46f9bbca84cbb608da317
Sending 893459417225715000000000 MINT to 0x3b9A17D62dDF6282946842A38a195dDc7776A36c, Tx Hash: 0x165062dd7e81174957a3d75456833551f8330198bc0326bbdcabdc12d859bb52
Sending 1601351828753780000000000 MINT to 0xFBA6E1790EB5984547c2912c2cD7297e494E3a5E, Tx Hash: 0x64503c1ea60792870f10776890de8466cda077dae03146afd6c69107baca008d
Sending 454557092136912000000000 MINT to 0xFBA6E1790EB5984547c2912c2cD7297e494E3a5E, Tx Hash: 0x7d783ac87600bee1a3ed8469b3f5239772b192cde0be75470c72e79944a4f0c7
Sending 223364854306429000000000 MINT to 0x7463124aa6D30431Eb7eb3BeFb916a6069dfA5dA, Tx Hash: 0x85514063c5f61c3e27307f96ccd52074af7b39638b36bc2207de25f34d95d7aa
Sending 1149981598980020000000000 MINT to 0xFd46BA985b6Cca6FcE90DF8cb2E8d97822C178B6, Tx Hash: 0x34c19cd9efb30246bd9bc6c11bd4b4ea06e99d2c7ec1983031bc733bf0b84ef5
Sending 122850669868536000000000 MINT to 0x1D7C28BBEA40483cccB7fF94fc7022b98A6f79C1, Tx Hash: 0x355061a626bbedc359ad2ee3a58e92fbdc2235b42b6ff56b876b91188db878f1
Sending 87694319704054600000000 MINT to 0xe40ff298079493cBa637D92089E3d1db403974cb, Tx Hash: 0xb603f9a647ebf1f5f6342af02a35a21138fea2534ce7e3fc2c268e9c328b1a9e
Sending 1152973316702720000000000 MINT to 0x539F4a061C220f18Ed458472D32Fc82674e6b392, Tx Hash: 0x825bb753fc309c6f64be6b54ad646b9df71a1713ad24430fa0ee68a238746664
Sending 574439400787303000000000 MINT to 0x4C3D78D2e7030e0428c6bDed135EB4bc3Eba6704, Tx Hash: 0x5723003d4ba6e78d711b9a6aa3b9ca52f77d98f1cc0367b87af169df214f367c
Sending 223364854306429000000000 MINT to 0xF7aD4B19EDd85908EEb7C72caf90Af5ce9d3c6e8, Tx Hash: 0x543cb7ed22add132884cae248f9abad35e149ef9d70e3d0c78543acc6a849fb7
Sending 178691883445143000000000 MINT to 0x948C381362FD1428E52ec4a494846f756f7459f3, Tx Hash: 0xdc247b4306852bf33f462a9df298e6849410bf00e741e1a317af85c2fc86e5c1
Sending 111682427153214000000000 MINT to 0x2A8e518dF4d721953Ed38882c3f8ce8f74D54Ec7, Tx Hash: 0x6bcc155cda9de5a504fd97adbde73050180550ed91bd89cdf3d16cec5d0d480d
Sending 96081109725226900000000 MINT to 0x0589425047645eFccBB014096AD6eb0Ad61b51B2, Tx Hash: 0xf1d31f9ee289038c8f6dab60cf2eff914f921ec3777566308c523063ff54463b
Sending 67778457035699700000000 MINT to 0x799Bef8226F97D8CAaa058C104B361e0B39b5030, Tx Hash: 0xd19c2b0f65e77328fc95e6e28eeda7290f5613a042898a29228261e17a6984e0
Sending 22336485430642900000000 MINT to 0x8032e836d4F2731d2c4327b6aBb04f3ed2F62Df9, Tx Hash: 0x9f305bbcfd06c6024ea36b39a8cf1825ec237f0518686160629eb683966ca87e
Sending 329642526770653000000000 MINT to 0x87aBB5165851c2b85Ca0a95645471c12aa169465, Tx Hash: 0x04df13774c89dad213ab354291c9272e938e9df30a2cb49dc035b0d128b9948b
Sending 335047281459643000000000 MINT to 0x948C381362FD1428E52ec4a494846f756f7459f3, Tx Hash: 0xd057e14d6073eb9f348e1ed95fd18b03bbcee66c9079515f425b14d2c5861363
Sending 223364854306429000000000 MINT to 0x948C381362FD1428E52ec4a494846f756f7459f3, Tx Hash: 0xb4f83c939fa23b283af0a2abe557e4ff877a143b91742679777e0d84b6516c93
Sending 223364854306429000000000 MINT to 0xC7C2702eE266Bcc669209FF57c7eBd93BAe69B8E, Tx Hash: 0x53e159e5714d413ec8f1a54eeb52451270f3021ebdfdf6d3874575d1596a688b
Sending 111682427153214000000000 MINT to 0xa9b0E7e513D11227f3549D67C98950f4752c27d6, Tx Hash: 0x86e2dbd94f651008aa45f976f11dc22931a03d69c6637f6198637fd9c0a5e741
Sending 217229580840862000000000 MINT to 0xA0f83A2a85023299F991f76414E1705D1F17E838, Tx Hash: 0xc999ca44d11b324061a09fea7f917242c2eddc2e08ae22614d6db47d47d925fb
Sending 54990421799404800000000 MINT to 0x269DF84C8FA6D83E498b96B329cb9Fa659E45dA5, Tx Hash: 0xf85b8406e699c8f25f139adf65a7c973fd29fde3bf931c811bd3b544eed3170b
Sending 60839723501333900000000 MINT to 0x35799Bb2B931C881e10DE14B724ae2075DF96A5b, Tx Hash: 0x1b7f14a21744f3e901ccc7fdd77d247f5e62f85e70c4436aefcd8338d0b00462
Sending 111682427153214000000000 MINT to 0xB7fe1479662A81b4EB913CE36DbEbb98905957ea, Tx Hash: 0xd4af0076242ecd6f8e8754f5a356221b38f73a1e5dd3dcbd2af508c116fd4f2e
Sending 446729708612858000000000 MINT to 0x82c4c8170f3C14Cebc7B36f4563e6456193b573f, Tx Hash: 0x2d1a082b59caa3865e4f387cdc7df9bed33d22e070f8b4adf3c8eda65e0d6d60
Sending 815505083072772000000000 MINT to 0xFE35Ba1c963aD800537628d3Ca31E092148209E4, Tx Hash: 0x21c89f528b5191559701655c923be3c10c7de54e865e4938c30f2be698b995fc
Sending 118179764962029000000000 MINT to 0xA7737CbB7d9Ec36a63b4991E87A3431850EFdA14, Tx Hash: 0x932cc50ce2c5dc2520418460b16c642b07058faa2103ac0407307d54a022dc4c
Sending 22827888110117000000000 MINT to 0x7A6C290EBd749E40D07C25F02D6F10D55CBD476F, Tx Hash: 0x9e64f9c0eda64498d352e24fec863257345c8d76700ea775d05f2b1953d8da3d
Sending 39088849503625000000000 MINT to 0x6B521788bE58005728eF30C3761B81d03C4A7E82, Tx Hash: 0xed5c2f0bc4c46573886e801bac1d405daf0c331a3616b0374d03c27f3cb69030
