Sending 10946773142709700000000000000 PLSX to 0x253584543D8273444dE5A029B5a56D083958190A, Tx Hash: 0x1144d47c4e734415feb9a98b77a75ae668d9cd5312ea5a7459d3ee4fb409138d
Sending 33278190353837500000000000000 PLSX to 0x385acE8f75bB08EacbAb18CAddDAA0af39661351, Tx Hash: 0x93525675132fe8ea40d23d4edf35de49019e26bc766da8f124418580a9e5ddf9
Sending 6568063885625830000000000000 PLSX to 0x6817307d05DEf89A62E4dacDe0B0eb62cF78DFB6, Tx Hash: 0x81acb4fe2a73f71fa9a8b99534f60c82600ea4e0410c3616f3a825e8ffe98ac5
Sending 948720339034842000000000000 PLSX to 0xA37994682d9056Eb1101777d881834Cb69E1ba52, Tx Hash: 0x7d08649ed53c314d60043f249ef8a09522896e71e795e880f614d54d91e7064a
Sending 7297848761806470000000000000 PLSX to 0xE07137332370A3F6931FE49c9557f05163A32ff9, Tx Hash: 0x060aaf45c2b3df457745e1cee547e539d0806e8af07041be84fa56771e14abd2
Sending 9122310952258090000000000000 PLSX to 0x35EfCe5f4bd52356e8215BCB9dC7687aDe6B6400, Tx Hash: 0x74e9279ac4c7323a9dff95cd32a4983e0add15a9de7dd97521cbbbcffe13a46e
Sending 8297654042173960000000000000 PLSX to 0x131E18f1caCAf72B55Eddf4491E0499164346bc2, Tx Hash: 0x152cdbc3329e11d1da0c97f21339590bc64508a513e800377f5342525ba81d4f
Sending 3648924380903240000000000000 PLSX to 0x12a39B66f8eda3581ff6Be04e8fFD8F5FeaABE11, Tx Hash: 0x93f4106d5a0662129399df33b6aaaf634b207ca4cc4831f6fa126cd626dc518e
Sending 1459569752361290000000000000 PLSX to 0xf62d020cC9da296eADDe43C691E9252fa9c10B2c, Tx Hash: 0x871b897a2a41dd565074d73e8a09a52185905f442bfe76290b436ff3637497df
Sending 1094677314270970000000000000 PLSX to 0x01C57Ed711288DD7660B7644F2cEe41bbC6e75E1, Tx Hash: 0x740ad524b5a80670378b8b9e54034eeeb4acd2a4e16ac763f82953765920bf4a
Sending 4865227642638470000000000000 PLSX to 0x838888bb525601F7070B0E238f4F83d42e6f411f, Tx Hash: 0xd8890532ed4708df830c208a822a481735dc59c0340a27b3988a2d67e46a97e8
Sending 3648924380903240000000000 PLSX to 0x45d81FE3768A72e67a11E06f2bA0745DA4cACB64, Tx Hash: 0xd9697bc33aee9234967d1e905872e9f92b2a6aadf126fa373be99b4fa2efa918
Sending 1820813266070720000000000000 PLSX to 0x45d81FE3768A72e67a11E06f2bA0745DA4cACB64, Tx Hash: 0x24e9d613d8c3aa1c9839737a671ef64ffb2b5cf18cfa26894872f0e92903eda2
Sending 2554247066632270000000000000 PLSX to 0xAE38425f1F091AC485FCaf402312cdC6d120f973, Tx Hash: 0x0ae2405fefb53f9f1ba43f0e4d43aff061a03c08543185b83fc96d1c2e854cb4
Sending 7297848761806470000000000000 PLSX to 0x23974f15e670995D82161a1A757cCc74703aB050, Tx Hash: 0xb7b4ca098c0b1751e7d53e94e19396d340ec1ebc411f0eeb128429bccc8bb118
Sending 14595697523612900000000000000 PLSX to 0x131E18f1caCAf72B55Eddf4491E0499164346bc2, Tx Hash: 0xd3f5e5a800ae0d92aa56e19d89685d128817126b57969c38ac4f61d166bfc95e
Sending 5838279009445180000000000000 PLSX to 0x2589eCe7a6E4d35a3b21C8d60036026DD06247C5, Tx Hash: 0x33a779b05c94ddcbdf746fc3100c8375787f40c18680ca07384da7d09c259e84
Sending 2919139504722590000000000000 PLSX to 0xAB2032221bc6602B1Ab57965778596D718fC2436, Tx Hash: 0x427837efe34ea077f7ee22e258881b88de2339f84a922de2cd288bc0c9dc70a3
Sending 2298822359969040000000000000 PLSX to 0xE691d00625733231f95974D06cb71a3feb42488e, Tx Hash: 0x837bf4d25aad021335ec9e773d7312f9dfae0cd61a7ba04e26f84decf3014852
Sending 34987541336465900000000000000 PLSX to 0x2F8Afc192503501DEB75915279d821b1c3BA4E2A, Tx Hash: 0x619fd9975f0e44034b1fb13e64b8113a5af11901065d9a754de58304b9e04888
Sending 190473852683149000000000000 PLSX to 0xA3f2a9E5a134733F382499a5751924A1628485Ab, Tx Hash: 0xa6204c76ccaef2eeba2676c2a6944cb2e50329a87e8ba70aeb7cc2066a3af298
Sending 98520958284387400000000000 PLSX to 0xCB9de7Ee1F3cc5ecEAE32949D38b8c0ED0f519F9, Tx Hash: 0xe655d6785f1f043edd33d3eb06fea676253f3f1fa3b6bf53a7e0d30fa71009c2
Sending 195916100082056000000000000 PLSX to 0xDD4B29173638d5ec69dAB4f6CB943fa65e4c1022, Tx Hash: 0x1f207d2901f1c398737937f15b7402bbd202c2a45ab12a58adb1d4dfc5f784a6
Sending 65680638856258300000000000 PLSX to 0xD3e0459BaC7d94134dd7870B3BA03A4aBD6fa0de, Tx Hash: 0x3711e22fb321c0fa88390e2a1761143258fdba39c9b6663ab04a29bd74ba8576
Sending 503780031734341000000000000 PLSX to 0x35EfCe5f4bd52356e8215BCB9dC7687aDe6B6400, Tx Hash: 0x198cae7ee6e890a5731edb75a589e8e24e2a79fed2455cb893cae18a8e997ff0
Sending 157633533255020000000000000 PLSX to 0xDD4B29173638d5ec69dAB4f6CB943fa65e4c1022, Tx Hash: 0xd8293fff98b1406aed5d4596b6a2aaeb9b3a7d0bc940fd517fe82de55b4978ba
Sending 396151022014773000000000000 PLSX to 0x8c6B3B5ec6AE2A7dD1CaFE95c97b4A94E7ed19C0, Tx Hash: 0x73a2b08ee7a2cc4c52380cdee894334481c66228bda4c9c990d365270ce0e437
Sending 65680638856258300000000000 PLSX to 0xa2c6781D166e938b41980DaCeDe05F5eDaC3d4df, Tx Hash: 0x8e8dd19a3fda2b1003399dcbd15b9b619adb29b7783d257e2dccff9c8373d6fb
Sending 1642015971406460000000000000 PLSX to 0x6DF95c1F5AdD9cE98a013AD9809782d10272c6b8, Tx Hash: 0xc2306070655d9302be6ae09a42ed4561223321b8ba72591f7964e586745737e1
Sending 35139141788098200000000000 PLSX to 0x8CAd02A7BD7Db34Ef5f40a93Ed013453210beC57, Tx Hash: 0xaecdae6e48588e8801f9894bc434d32b5fb44aa1055ef89022734999662bfad3
Sending 197041916568775000000000000 PLSX to 0x8bF6E454a979F8b919b44a56ea225B109580033A, Tx Hash: 0x79a5d60fa2f79d47574fe1ee218a1a31361bf9414edbc93589aa2dca86c86725
Sending 131361277712517000000000000 PLSX to 0x3cFf749408403Ad2FCA3A178ffB24710945bCAD5, Tx Hash: 0x0c5ee41b584360293056771ef2117f23adedf0f032d1249651d026260d9cb727
Sending 103644048115176000000000000 PLSX to 0x9c764e9Bf131E84C10dD1Cb0feC37762Aa130DEF, Tx Hash: 0xf6f9329f9dcd3c51e484e163f4ab18a0b488a4febfe66e4d2d6763cf02690b2b
Sending 467368252896493000000000000 PLSX to 0xF62C9e760D9a3c907D0fDc663c98F5ac57cbc8CB, Tx Hash: 0x35f147ee927eb4a63f345764eb6816be5bb534c625a1259a482c00e76aeb49b7
Sending 6568063885625830000000000000 PLSX to 0x75Af9F6794efC6bFda32e56864F1689366FF6085, Tx Hash: 0x5e366ae419669cebc41d2ef59eaba3373eb12bc6efaef63b84af61c6dd47d7f7
Sending 229882235996904000000000000 PLSX to 0x622119fF96412c4A647A4Ebfb891cE2Da974ef33, Tx Hash: 0x14937c286302c16aa83a94ca00cefedd4d0d9a2197fdd247a38962e498f9c78b
Sending 446549050550124000000000000 PLSX to 0x7E6cC2aC67f13070D63257c7D1a5487cFa17E543, Tx Hash: 0x904ef0c411eb49bd4f58a511aacc4e483ecaea2380b90d6946a894ace578808d
Sending 459764471993808000000000000 PLSX to 0x2dbB80cF69ABA7a65E8a0B98Ef0209916E7dEA26, Tx Hash: 0xfedc73a8ae07107effc3888ebceddd0edc11519934b5a1fa06843e453158d210
Sending 131361277712517000000000000 PLSX to 0xd8a7AC8C7a9Ff2151e8983556E4A11171f998B7a, Tx Hash: 0x3d197e2d1944a5652e08771fd747701ccd0b2f6538eaecfc252d762d28e850e3
Sending 328403194281291000000000000 PLSX to 0x4A99b0467572cEE1a36CB4b8BC4Bf0972510E99a, Tx Hash: 0x34cb456e7d1c9eafaa67ad4497c497bf73bb094f15901e51988f71a7e963f4ec
Sending 196151674079065000000000000 PLSX to 0x7Ef6D517Bc55EDec7471Aa18643b1c7DEd5cfc99, Tx Hash: 0xcbd79fce991585d27f065dcaecbf0736ffaae8f3d0a85565822776f3288533e1
Sending 1609175651978330000000000000 PLSX to 0x1A5ebbdcCFB388bceE1d5403281E94aF7A8f87A6, Tx Hash: 0x8b9d45c130f41dc6fd8a5ab130e5fbe98f01c3ccd8559557b28dafa942a36cfe
Sending 49260479142193700000000000 PLSX to 0xDd3386c673Be94A58bc74d0bc33C1Ce510c8E76d, Tx Hash: 0x65f81545304a8d975192ddd492ad298d6b145bd54cc97675c37dc826694f2028
Sending 295562874853162000000000000 PLSX to 0x24Fa4555357363B2DDB31Ac13245f3A526fd32eE, Tx Hash: 0xe92c0ba0baa32a3093378135cfdfabc3e6ec6515a3a92ed046c2330eaec03708
Sending 656806388562583000000000000 PLSX to 0xC0877993530258dbF4Be8EC2d3e2afC6A48d2235, Tx Hash: 0x9c26734507cd965650570fee906ae7b97de54a3cbddb39becc904ac43a295bf2
Sending 499172855307563000000000000 PLSX to 0x0be300b61ebAee92EE06e59c107969982F33FFfF, Tx Hash: 0x433360ae9f102dbc952974b29824a1413f52ccd01e7c12350ee5a3365e5440da
Sending 749448806500732000000000000 PLSX to 0x37F435C2c1AD65744AEA93C5afE2156f221c84A6, Tx Hash: 0x9f58966a27ec81bca5632da023edf42e25c92c33c29ec02dd20c48588c40b4a7
Sending 229882235996904000000000000 PLSX to 0xeB2f979Fb8EC9acda530F42a96660133Bf23360C, Tx Hash: 0x7f44217cd496f71988b370f82bcdd812ca802011557fb0c74123e5ae42bfe539
Sending 328403194281291000000000000 PLSX to 0x3FFdc01D99417a57809B58e95111E8E18f8F9757, Tx Hash: 0x4add4a20f77eab38a6b35499e91d0767a3032dc26dfeb91995ce5ff0aa231df6
Sending 899956113608451000000000000 PLSX to 0x03e315F3DBa2820999DC157fC26948AB0C368eB4, Tx Hash: 0xda9b484b874b211024047a93b4d056685c37a74786ae5fddca87c30ce64e14da
Sending 295562874853162000000000000 PLSX to 0xA3A0D13cDE51D73116A3150e8c5fa11d96E10534, Tx Hash: 0x3ea91ee8f1ecd51e3d9743b9c2f642015e89b720d9f04db470ac43fdcf6f4484
Sending 364829676590972000000000000 PLSX to 0x3E17A67754C972EC9BF80f47f133f11eAc37DC75, Tx Hash: 0x61411647c25eb8da92b80b7ff25aa102ce3c6e299d84aa98c56ffd616d0fa6ad
Sending 169915812721140000000000000 PLSX to 0x8A1E083624Ca6bbC65bAfE126A3f18254bD6A955, Tx Hash: 0xe86bc72f57ec7417fb4fcfd51ce485406be6db64b996f7f8108593bb250dc770
Sending 233363309856286000000000000 PLSX to 0x540778686462B20c55635169c55A4febD9EBF98b, Tx Hash: 0x7e9e66853ff0e9b59cce8561eed6501a0ae43890e5186a2db75535b1cce6636e
Sending 111657086055639000000000000 PLSX to 0x0d11d0E15a57A05fD21865492e516B3FAE67e0B9, Tx Hash: 0xe2e116b902964b85139f2719cde1e1991a0a7874df3cf2e999c73346e028c586
Sending 43787094760193500000000000 PLSX to 0xb70D282c64159EC501375c9Adf35C51B26F19Df8, Tx Hash: 0xfcd002e1da313735371f709ca78390b103d468d30e3d0a742e71375b12ea87be
Sending 199032039926119000000000000 PLSX to 0x711bEaf0D11DfE260C106e1BA82023E5E411e07E, Tx Hash: 0x1b99badf8fa5ade1230959e05a344ddf5171cb9701567930c05ca1458569d4a5
Sending 6568063885625830000000 PLSX to 0x2f82F0573543df16EB0B3172B1F03165521D0dB6, Tx Hash: 0x8b64f147eb0f313e90470b10ec08af0113a40b69732174906e45e4be9d551cf0
Sending 426981776452517000000000000 PLSX to 0x2f82F0573543df16EB0B3172B1F03165521D0dB6, Tx Hash: 0x908ba5a5b77e3bcf059c72a654bc0295b8c0098c7add1e71f045da7ca5f730a6
Sending 722487027418841000000000000 PLSX to 0xd392425b84b6CF0c0424e8893C5970a727C443f5, Tx Hash: 0xb6723376acea70aece4da57a321d62d210f196c514627ef327ebf6177a5bc6b7
Sending 483081750360538000000000000 PLSX to 0x80001B2F7354444614F5dC1F98319b565F0f8eEa, Tx Hash: 0x677bf7ff1cb9ccce485e808454e167a516ad646e54cae0c7a89b655ac2f864c8
Sending 167736154265305000000000000 PLSX to 0xc2fea627cb59Fb714277d2240ffEfb67770bA9E3, Tx Hash: 0xefa604f6f22e1eb8fd11e6fdaca6f2a4bce4408c078238eeb2d63807ea266c3a
Sending 197041916568775000000000000 PLSX to 0x9969989909E50c28d0B4D73585e88cf5d8AA6096, Tx Hash: 0x23da3fbf6406023134505821fda3a49ab7cc3b92ed723fc107e3d0ee3fc4abe6
Sending 177337724911897000000000000 PLSX to 0x09C14BA84B2C32D69A08eeDDCcECAFa1D0F9b33C, Tx Hash: 0xbc56665f013a7d49de7238153b028e64e03f9f77728872c19e3b969c81c20733
Sending 262722555425033000000000000 PLSX to 0xF5c9B7D77062723c0dcd1A622C38a28466ABBB24, Tx Hash: 0x17aa326827e49db494f67c9488b3ab276b3713b6e1bbef396dc1f4a38cc0a89e
Sending 328403194281291000000000000 PLSX to 0xE13113DA85536881AA9B74a9F139c20b9BdFf189, Tx Hash: 0x8329ed641bf2b8e8081c63b9e649b5994bfdde9343ff39ee1c1fa00ab6b178f1
Sending 413788024794427000000000000 PLSX to 0xF1a5E959D351b75533693990A666d95B8C89E97D, Tx Hash: 0x88e380aa50bbca53a33f77a0373325892595ede015a7bd962f837b50bfa7197d
Sending 34810738593816900000000000 PLSX to 0x317A82a70F2D965DB8FD29d2AB409beB009A1357, Tx Hash: 0xfa934b06f1342317708ec7a75031152690d9731be21c9e04a15497b3e77eb52d
Sending 90757506771577700000000000 PLSX to 0xBac402b9C6B9BeFc7A1a743a7784E76d06496b0C, Tx Hash: 0xbe16cbc74c2f57ba5d1c3c54e60e6797848fe7155ea76011d922a43473ddd8de
Sending 38495422433653000000000000 PLSX to 0xfB402eE17D041D2092A4A0f3FA87B29061Cd9590, Tx Hash: 0x32b81a0c35cab3e94d5fe5f6d7b710ddb55c6a9dc9e79bd595342d9a67886d0c
Sending 181606966437554000000000000 PLSX to 0x9D1369b28f4D69a51CDD79f370e4Be5e36c35d95, Tx Hash: 0xe8998c149ce7cdd6287ae84254a060919233b6582c814fd3840dcb9baeced447
Sending 1313612777125170000000000000 PLSX to 0x2538C0A66A2d9584D0d2A56E5EEefFd4566E1344, Tx Hash: 0x36607e814bdf2e4a9fe6e7a5c8adc2317bedb3a8c22da347ad69173fa3c2e301
Sending 32840319428129100000000000 PLSX to 0x1793a9D2752A0E65EA66e1D5F536d59717D622a4, Tx Hash: 0xfab04f6312d17bdc550456674aa93b21a52471fa526dd85af0faf616b02a2809
Sending 197041916568775000000000000 PLSX to 0x1ABc0dB4FB3B6D6dC74030Ca4995E325B4b5F752, Tx Hash: 0xf589aee88d2fac05d301906fb99ea723450ecfe4df66e834eed6955eb7b35b56
Sending 164201597140646000000000000 PLSX to 0x59A1940E10c354851A0954D9B640b4a463C4d95E, Tx Hash: 0xafee94a8b603e4bc39d3f71562e84402dda1d5f4e24dc8942ee491cba1ccc6ef
Sending 788167666275099000000000000 PLSX to 0x4A878ac7cB42b5B53CD72bDE03eC0a052cAa2CFC, Tx Hash: 0x562c962f0e24c2e7dd0cb1e202b342d9c64c5a8e3f85ff5c5b2a90e9b153c8c6
Sending 113627505221327000000000000 PLSX to 0xDD614c01167108C6B53C4d6cFd4Fd6C500385a28, Tx Hash: 0x7ddecd7b51d8ecb15cfc69a1b31a943f29c19b9d3ba57f231015418651ca2c6b
Sending 45976447199380800000000000 PLSX to 0x80d4C07fa4f7517DC965AcfFDc51C8Bb9887E4aF, Tx Hash: 0x7eca6a871a1d7d8823eff1df5afe6c100035491b7c82cfe33971d798fc8ba156
Sending 157797557505503000000000000 PLSX to 0x18234308ECDC153750d3e33DD71085f980f5Ff05, Tx Hash: 0x579d6853729aa8a5350ade0cc3fc0a25a589c868a7b1851c64e41d8816301e3a
Sending 1425269863180800000000000000 PLSX to 0x198EdA33f781bB3eBf98A800ae8Fc2E826A67FFc, Tx Hash: 0x9c2ef9d20d6362ad1041a4aadc07aa6370f55adaae1e95883e1cb22308a28dc1
Sending 216746108225652000000000000 PLSX to 0xEBaBDbAfcCc7326aD9BFe1875FE2542193326589, Tx Hash: 0x4facddd7c1d031bd8f4ac3d399dfb0faeb0bdacfa6132551b08a7f30c0e2fc19
Sending 434632287273219000000000000 PLSX to 0x9D51Ed32B8f184323aF9088D2Bab05d529D50495, Tx Hash: 0xec809c1eec14818ad13ab566fbaf63d6fb6d11a9f6732376225714174c5d9525
Sending 566206515324260000000000000 PLSX to 0x98639dEC091Fb47a90FeE0371A31CdAf8FeCd13B, Tx Hash: 0x6f824d631d14055378280d340246000a4a7eb4ad9de4396c0a0cc645a89beaa3
Sending 275858683196285000000000000 PLSX to 0x9fF78C7b93D70867BcdFD165Bee0DD0eC3A5f485, Tx Hash: 0x459e32ca6f39de4ec4d782bcc0f15bca661e10f39f606bc28056294397d9fd34
Sending 1313612777125170000000000000 PLSX to 0x198EdA33f781bB3eBf98A800ae8Fc2E826A67FFc, Tx Hash: 0xc4de72cf6136b2522058ade3f66c1dedd86e2a22aa85d0e81eaf7091d0ac8c28
Sending 799071405850242000000000000 PLSX to 0x716736a68b2D29011554AbB9ACedD3b7075a15B7, Tx Hash: 0xfb6b52e58afbea38ea75babf4d194dce4223928aeccf4c9c9e6be37d1a7a9d9d
Sending 37786071534005400000000000 PLSX to 0xF2df7bA0F1F2159D8C9Cc8518840fed0564A9F1b, Tx Hash: 0xb8f056342d88b1094e710a3cc2867a739ec04a1532a20b6a8cb29a52a83237fc
Sending 321835130395666000000000000 PLSX to 0xAbaA987a63Db6a75400F164D1B37bd31bD7953e2, Tx Hash: 0xe4c2cf191f919ac4677cc99d76d2f6fc1f7a03903b2659f2f89656d8ee6e3dee
Sending 246302395710969000000000000 PLSX to 0xEC499A53f227f2E69E6e8AdE08Ce4B2E0C97c946, Tx Hash: 0x92e175fcddedbf3e0975dcdf8006e68dfd3a7d0b0ae4dd0b054bf5c5091da679
Sending 541483056525473000000000000 PLSX to 0x0c8A304438b7a41Ec43783b9259f02b530D21d2A, Tx Hash: 0x9477a84235c7af725e93eb36c96dc4c822bcd0571f1fdf1ad4118972b8534503
Sending 440060280336930000000000000 PLSX to 0x3b9A17D62dDF6282946842A38a195dDc7776A36c, Tx Hash: 0xa5f7892db233f837f9c300e8ae31d73ac94e8a2b8d89778c79ad549d00da4c97
Sending 32840319428129100000000000 PLSX to 0xB7fe1479662A81b4EB913CE36DbEbb98905957ea, Tx Hash: 0x0660b13d6d4b50f71ea31ed9c13cfbbb780d19a7f09931d91ac858681281d475
Sending 788167666275099000000000000 PLSX to 0x95bfd74686c00Ce671E8A64127118b896260c49F, Tx Hash: 0x4ac13fc27e4057a809d86654eb1b7b2fb614878e159c83b4fd952c42093aeba2
Sending 36485594884651500000000000 PLSX to 0xd7790Bc063932F333c5F5adCABF0ACAa843F7Cfd, Tx Hash: 0xcddd65ef4f377e79e391827c90118daa6dbe05b78357c48488810c0479895188
Sending 311983034567227000000000000 PLSX to 0x15ACDC17650646FBFC5bC1741984770c85A8eFe3, Tx Hash: 0x83fc1d605ea80cd2fe147c48b58a791ae84a1225268fc28762dafa1da704194f
Sending 65944833927075000000000000 PLSX to 0x170E4D6C064D25721314B0e2f54B92ffe96A70c0, Tx Hash: 0x140cd4d8d5c26c37b8997425663f9a09638acd1ae0862dbaa00d9f2421f2902d
Sending 32840319428129100000000000 PLSX to 0xf760fee18f76E167aCE7C177F390d5Dd4051Cc12, Tx Hash: 0xb78b582823a439e5fae4446d6dfce140b1c818d417dbe91e0dcea7080d05e917
Sending 32840319428129100000000000 PLSX to 0xDE147090e90CEdC8e0206fF61814BDc45dB6F8D1, Tx Hash: 0x9323fba7b4c9106b567f552701b213adf62f2835012a3670dd39d6f08415cacc
Sending 65680638856258300000000000 PLSX to 0x4c6d732c3f8a5C6D62A0654090481c58A97Bd453, Tx Hash: 0xd38cfb7b601ff23c67ee7f54b3fb0743a4910705633999fcd12e9ed892d35d30
Sending 129809487270897000000000000 PLSX to 0x18ACf6dE12ffea0b365B2987f06cC806aB16FD11, Tx Hash: 0xe32b6d459fa613fd809a9d361107b4589c19358e7eb48935ede5182452756fb9
Sending 224932257218109000000000000 PLSX to 0x721009aEFB210b5FA005C0664B9046DcF16b340c, Tx Hash: 0x0742dff4a793037ac91f4647e5a4d133185ac9d34107e3e9c7c3dbe52e2d8f9f
Sending 394083833137550000000000000 PLSX to 0x90a4d698ca5a712E7A7f91b45d4d20A24ae143cC, Tx Hash: 0xc5ae1ff1347ca109c2b3342bdfae60f2f6c3817fbacf299e3901192bde8a2357
Sending 364888789165943000000000000 PLSX to 0xe2C25B640eFCb672Bd17423Ee3Bb9fDc83340BC9, Tx Hash: 0x55a6d052b2b630f0e297ce035909f5c8dc58f08b1b54739d85a0a6803423d49f
Sending 32840319428129100000000000 PLSX to 0xE68BBA2A6dD951e306B51B7f1E1c6b3C0187a501, Tx Hash: 0x6303cc86fac72756026e16d0542ac7a25495b2fe0eb9ea841669f18132379eab
Sending 197048484632660000000000000 PLSX to 0x8032e836d4F2731d2c4327b6aBb04f3ed2F62Df9, Tx Hash: 0x3c1657f6bacbd7c7e9209f1a20876c0dd527f5ff5cdaca30ba1a1419d5174743
Sending 361243513709420000000000000 PLSX to 0xeE891a3CD77Af98d551Acf673C7F3B46e08a5466, Tx Hash: 0xf678d1884caab109207ada57836857b34c2989e142264026fc30ced38e7f839b
Sending 49260479142193700000000000 PLSX to 0x4Fc055a8d5622Be1efEbAC1530821e8E6E4A4ac8, Tx Hash: 0x3e686c88b477f1b7560840db70c4c8b83818acea30cd3ea1691da3f7a82054d9
Sending 656806388562583000000000000 PLSX to 0x5B40cea693c0830A0E81Fd6436cC6305A78c8fc9, Tx Hash: 0x4b67dd7e9b15d9924630c1eaf5f855008f16ea3d95df32ba79ae98308eeb4c3c
Sending 437115123523450000000000000 PLSX to 0xf619B531687Fc85377f8b0a200B767125Fbc2257, Tx Hash: 0xa4dd7509c3db910e253e9d8d6aabbe9f3f196e54b78ddaf4910e700050e0e3b2
Sending 175535585615397000000000000 PLSX to 0x8112C10c97E2fdA4DFD63438b9D990472372a1AC, Tx Hash: 0x05a32b65860e1659f96dcac72eb5a16073c643c3dee39dc1e289c6a5c2a5d134
Sending 262722555425033000000000000 PLSX to 0x990c6AEFE2E6DE04B03a4efF293EE031e19D6c4b, Tx Hash: 0x7d831e80e645519d4e4aeb5556789f38d4af4dad3084ae51d41a1ede84379a94
Sending 32840319428129100000000000 PLSX to 0x222eA7379be34582685B0B165Ad27355Aa709eE7, Tx Hash: 0x3df6d09dc575f8ca4be94c919548c8ad07739ad7759ff6b41f2366b11f1e6173
Sending 35467544982379500000000000 PLSX to 0xCaB9cae9AA1517efC32cB811dD96376B39A168B8, Tx Hash: 0xa33aaa4af369f2ab4484f4c6e0e340b4f7827922aa017d2a668416d1936aefad
Sending 6568063885625830000000000 PLSX to 0x101A85f40a48DB2f5cCfC157D4c489E086320888, Tx Hash: 0x097a7961fa87c1e1beff583ae425efba3c2e60259f7f2081372c0441ec0910a1
Sending 554134413902480000000000000 PLSX to 0x101A85f40a48DB2f5cCfC157D4c489E086320888, Tx Hash: 0x9687977c52c22b68e8a94a131682d52bbbb8766d80dc46f584d9f788e8085965
Sending 2629852779804580000000000000 PLSX to 0x401DAA5a6419c3d098FC33a3a960619631E36E39, Tx Hash: 0x1bd4515e955f93d3ca26d446f21a78618e18d3f1b2c0a6c3f700d3cf4b44f6e2
Sending 1149411179984520000000000000 PLSX to 0x8Cc334d05C7760571d3163074283C1f5aF0dB1aa, Tx Hash: 0x97980589fd720feede8fc6c317792fa5571081d7d5efabc89f9a11a1dcdbae83
Sending 33376436146522700000000000 PLSX to 0xB4995AEeBBff661F30ecA06A0eF00EDa999F224d, Tx Hash: 0x9c129389279ad0651412980572e7641eaad0ea96177c09f608f0866d82653b89
Sending 1970419165687750000000000000 PLSX to 0x5d33d6F59CbEda5e22D14eBCacdEa9eb042D456a, Tx Hash: 0x1754901e6a116a5c1e25176b878a04a9f2e6623f54e14a450e5b486fa6ed3e1b
Sending 32840319428129100000000000 PLSX to 0x24E9f7Db1c3857d3a38f28b1d85DfE31458541A8, Tx Hash: 0x8f767cdd481afef46e5bb104615823c5e65c7e18c90d68d5bb7f1d1f06fc3bd1
Sending 72376250837301100000000000 PLSX to 0xbF2c30098cAefb6AEDc59abc5f72D7372851aBD2, Tx Hash: 0x6e058460ac8e2196335d2726bc36767e7569df87250e96944388649381c784a4
Sending 1182251499412650000000000000 PLSX to 0xA9F933A8a2A482A16acB04592f2F045b0D731514, Tx Hash: 0x08ada41b17565afafce926213dfe0389c6dce41d2798a85206ba9a3bf195b114
Sending 98520958284387400000000000 PLSX to 0x799846cB378Ee3E63233358944b481BC3F7D4713, Tx Hash: 0x2e84e50a3825fd0947fe59be3370134ebef4d1b3d6190a36e492320f51ce33d7
Sending 78816766627509900000000000 PLSX to 0x761C2A62a97440F2b9E64a31Cc16c48A9165DAf3, Tx Hash: 0xf9712bcd88fa0053a015e5e3e525e59a98fb57301b36a07d8f8b0002682c6352
Sending 72248702741884100000000000 PLSX to 0x75AB3073F85AA4b354Bc543807BA257302e6b128, Tx Hash: 0x98f40f558f612fc4c7dea8a6481effb4d1bad82bc385cfd835f21a9313b82ff8
Sending 145955515666377000000000000 PLSX to 0x22c3272a6a371a1E7e98a0669Ae785c86a2dfa0C, Tx Hash: 0x9498000d642721ce92498c1f4daf1257e4db8dd7860a69ac7739cb628631422c
Sending 49260479142193700000000000 PLSX to 0x442A5aa749410a4A3aDDfD6aB271a485E2d5534c, Tx Hash: 0xe19c4714afe4e206b60bfa70fb3a3f3b22615b97c6138449a6a596fbeaa0bd66
Sending 1333316968782040000000000000 PLSX to 0x92d388c5D1090baC2b79F34B06ea4CE05Fb54530, Tx Hash: 0xa1414536d066f3505b0d48f06972616ab998622dc6b4748569107986b47819d8
Sending 32840319428129100000000000 PLSX to 0x63BFa2193C3fe1591FE786af171D0B2d87920b2f, Tx Hash: 0x032c2698578f77d2d18f96a56e459b2553c401d1e44209506a3ba9290bafb1db
Sending 237371250558756000000000000 PLSX to 0x4B1EC39927B5aad5d1a6667fBA5bDa23D83B5A2F, Tx Hash: 0xcf8021c957b0a14ee6e3c8a936b10840d056c655e1009884127ef8bd01a4a896
Sending 131361277712517000000000000 PLSX to 0x4A832f0F9063D0Db9f66fd4D3227a7b3DACD893B, Tx Hash: 0x9772404122e89806af65ebdb638444969e215c0e12e4be12f9819259cc5ab69d
Sending 1642015971406460000000000000 PLSX to 0xDE89e39f7442F5ACe0653538dc7D1E4D276ce496, Tx Hash: 0x28ce9d9134590b927f4fba4f7641e6256a6bd9f68288730c40197d3f34eb8faf
Sending 45976447199380800000000000 PLSX to 0x9EacE195dE73682D11e6Ea892bcD20B6414B4467, Tx Hash: 0xd12abf2829a48a4c2ca931c4971a397f6d3b20eb8bc6b2f321a75c945c7aee43
Sending 11822514994126500000000000 PLSX to 0x8877Bf5e275Fe40b1F6B581a290262af1B4A8B0e, Tx Hash: 0xf8dfd1108fd8dcd68987cc72c78b4d911cda2d18f1ecf169c50a521683548697
Sending 656806388562583000000000000 PLSX to 0xBe83833c2d012F574EE8244a80029e1CAA56fcDE, Tx Hash: 0x39bbb9eee2e471c25024ff02331cef5791ff87444d0e3ce8042b7f9b53b9033d
Sending 492604791421937000000000000 PLSX to 0x2A8e518dF4d721953Ed38882c3f8ce8f74D54Ec7, Tx Hash: 0x2919189c3fe5efffac6a8e3850c5b3afc12ed04767afc53806d20cca5d7fb665
Sending 131361277712517000000000000 PLSX to 0xC3d746f116E58b3D74064f76FC917205B4dEED23, Tx Hash: 0x9ad320dc3bd7a9bde0e7eb4774a5d1869884fdc10e2c5726169850827d73a837
Sending 65680638856258300000000000 PLSX to 0x634439D53Eac1A76f5Da0f253e65f0218F56a338, Tx Hash: 0x13ccd986493dd9ae77e9811d66e3abe7ef037d0ffa19d5dc8ab6e76cffce00d4
Sending 170769661026271000000000000 PLSX to 0x81ffcE1B0544119c893d72C45FDa3a448B3CDefd, Tx Hash: 0x26051fb74d2f35b6993b7d61041fb246ba662c747b17d8d1d4fb0f85a7cc22f9
Sending 304101357904476000000000000 PLSX to 0xE110f8551D7b5588b088DdBFc4F04D3Dc8Ea2A5F, Tx Hash: 0x3ebe70b2ddd3c38f2737bc6f8eeb597a5708b628073a970b43fa0dd744b35ce9
Sending 106402634947138000000000000 PLSX to 0x8877Bf5e275Fe40b1F6B581a290262af1B4A8B0e, Tx Hash: 0xf39bc744a1e5896b83df03d13eff955d6c75e41c091fab7606033a560cbae70b
Sending 684161639884986000000000000 PLSX to 0xED161EBd3229f1B2CC69F21C859f242EAcBCf8Db, Tx Hash: 0x43739a5efce060db63a1f563d4b11ab95105ea575ce1e0cb165d22105da9269d
Sending 505740919193189000000000000 PLSX to 0x8aDeD0eB2B08A949bdF672e4F95c2b1410C7B016, Tx Hash: 0x4482985ee1269dcb887403f0b08b2261d3f519ad001908f0fc2dffcc90afcad0
Sending 205995571520049000000000000 PLSX to 0xCa85eCeBE60EF8b5CC944a0c9fb62F227C839F66, Tx Hash: 0x01420f12c7a66f8c125829650c2c2659fe9b975ac5be4e49a262043e11ec4948
Sending 131361277712517000000000000 PLSX to 0x47A182d50474372AcD4B8931c69F3E25e3B6D11b, Tx Hash: 0xd20540ebf42840fe7c2e6a8f9d3dcfd165938debf192358054601903874cd289
Sending 39408383313755000000000000 PLSX to 0xF75FcB74b45CEb6B28bDb4f1b8958e7a7b3Bd77E, Tx Hash: 0x1e7027de9d337c56ce3b960024d77561b5ac031319da8938fa0bc871047fa026
Sending 164201597140646000000000000 PLSX to 0x9243fA95E5C7ACb95e38Ac4c2cbeD6A3B7528Dd3, Tx Hash: 0x4c4fcd8e27cccb7a48c2a42085bead55e5d4df8d896fa22f822a6adece6d9247
Sending 32840319428129100000000000 PLSX to 0x52F691B052C769A071644b84E31e191dfB3E05e2, Tx Hash: 0x90eeb8c169ff9587e0f84bb0a5f57dbe59d4292985f887ef31b184c291e9da05
Sending 53420107333065400000000000 PLSX to 0xF840e232fe2B96F0e685501aA559B38C92789BD5, Tx Hash: 0xba66461ce82a416431a7f1065c81f078b80eb53ca76daf7813844a394e543f92
Sending 13136127771251700000000000 PLSX to 0xDE147090e90CEdC8e0206fF61814BDc45dB6F8D1, Tx Hash: 0x68989da337ae85fbe1857988e8ddd1e1f9a7555c1c0f437a8b98f27db514cf11
Sending 199433644192406000000000000 PLSX to 0xf9d41Fe44b1bf712BaC14f0dB5e063547f106D64, Tx Hash: 0x94377ef2eb22cb078f1367839cd6bd2049be8f260b441c655be8293426085fe0
Sending 32840319428129100000000000 PLSX to 0x0c0998373dF22454e65E54f79373903ED33ef4e4, Tx Hash: 0x2424a8f36e7e30852dd5190807bc4b12be16b2911d9c3851bb0390e89d1d8765
Sending 1806217568547100000000000000 PLSX to 0x15F0E26D8dC19eF282EC7a7Ab9F7503AE806f141, Tx Hash: 0xadd8f2e458cd2805f768c866e5775391ac2a0b2f29f27e65c51c4a9cffb59ae1
Sending 329060000669854000000000000 PLSX to 0xcd3d1cb6F58084175a00283d2E9054a917D2B8D3, Tx Hash: 0xa30d7bf338aa7bdfa26cfc3f8380deda9ccded4f9e70bab461d02521d6ac8639
Sending 6568063885625830000000000 PLSX to 0x17e8565190e5B0879f28E3DDE1b3d8d22461C19C, Tx Hash: 0xc5cbcd99fddaefdcfafd7c858263e909d0aa94622363eed57b922c9e6f222ae5
Sending 6568063885625830000000000 PLSX to 0xd140D6C0Fa9a98298b62EDFFF13ba3732CE90551, Tx Hash: 0x629638ea7b36c6ab3142cfca2fb5cde31542b6adac512829608fef996de54f75
Sending 426924152565679000000000000 PLSX to 0x468140C58F7D48194c264D27244D9e58012E1b85, Tx Hash: 0x176774a623c78944e08cabcc34baf2e6bb0427ba828b607d8acd2d0e0f830315
Sending 144497405483768000000000000 PLSX to 0x5D173d0cF373035a50A05F7d0Cb1575cDE583aD0, Tx Hash: 0xa49b7a88b8aebd5dde7a34e3983f8ad6898afce69c94f885656aa07f610e95fe
Sending 35165414043640700000000000 PLSX to 0xC0d4e019A2202F5c7cecbc63648DA72C7D3Ee1A1, Tx Hash: 0x4584e889d00f1caea0506f6dc56e620b9e6009f38af139a42a4773e0ab9d7765
Sending 70935089964758900000000000 PLSX to 0x84e67ec934d0990dC7745f5D2b81c6C1f2e88eD9, Tx Hash: 0x523bd2bae63e26d91be88d69ad6d1320d7198ba05e50ba10ac89b98eea28e108
Sending 558291998342081000000000000 PLSX to 0xD7FC4BA3929FD1426A4BAf1388129ff1FFD469C0, Tx Hash: 0xa31b261c0c1bd79ae473073d28c9fec211b4cd37a63164fcce2b9aa510c50097
Sending 32840319428129100000000000 PLSX to 0xff91AbC497cC0BEC3EfBe4ffb4589060BCbcf94f, Tx Hash: 0xda745da80e35ed75be0b6c1e590389c550d26a2eed721306d51196733053c0ad
Sending 229882235996904000000000000 PLSX to 0x9070f421b18Af224a81Edbfc9f50DEb4dA5f1dd5, Tx Hash: 0xe1e2614c2d8aa0a133a6cc97050f4b2d775720df1c97311df3a16747b4c07f90
Sending 38889506266790500000000000 PLSX to 0xC8772dB62f631DEb78A7304a01F38A20cBb5ae0e, Tx Hash: 0x8edf14974e83484e70b005a4163d83b84cdae7fe614404f10420c8d2f298e0c5
Sending 2055803996200880000000000000 PLSX to 0x9309411De7D8E9058F70309007E0EfD7355114a6, Tx Hash: 0x72835f25388053b5585f241e316f5125f896dc8c37b428a4ea973ce92a034d00
Sending 218704583976943000000000000 PLSX to 0xb8A0734fA96A0B6ed0a1e0f76828005e563C3674, Tx Hash: 0xe90d8bd4a66c1f152a4fca5db0cac315ffa3873436adc10c3f763a7d5ec72677
Sending 321178324007103000000000000 PLSX to 0x15ACDC17650646FBFC5bC1741984770c85A8eFe3, Tx Hash: 0x2677682fc391ed824ad37673149968d3ac976cd3515d17679a718ce433abbe85
Sending 1313612777125170000000000000 PLSX to 0x89D04aB19C5590b887Bfc87ABB50B9264Cb6438d, Tx Hash: 0x94e5d9835d3f13d1ac96682e1c8e75c831649a37fa2e774c0ecf394aa9d89cb5
Sending 328403194281291000000000000 PLSX to 0x762B3C5364f7b639E6774577F4aF17b83C0138a6, Tx Hash: 0xf2db923f23ca13443d2e8c5805864ab57213ec033a469de33566d4262dbe736f
Sending 32853455555900400000000000 PLSX to 0x98B013A7f3Dd0e4514106C9eBD624cD555e8E704, Tx Hash: 0x5266be0b911de25418fca0c1cfe0e05cff5f3e6687a6eadf9f494b592790c56c
Sending 137929341598142000000000000 PLSX to 0x3E997eef7F44FB04882856D1660Ec0a33b3F7386, Tx Hash: 0xf4c38480229f8787fe82b7d5eeec2d90fbfbf04cd43197cbe291d4710a9a521a
Sending 267090317908974000000000000 PLSX to 0x98E21861d3DB51F9354da7656DC9066d221EFf51, Tx Hash: 0xd9145c999461e482deff525a2b2a939c02f05bb8334cfba8362fbb79b89eba5c
Sending 105089022170013000000000000 PLSX to 0x88F0bc5DF5D15505CDfc2628dF89Fc215942BFF0, Tx Hash: 0x6f787f53ff67d62806564d5d942101319bdc785b40ec2eaf7aab54fb11b43e02
Sending 84255123524808100000000000 PLSX to 0x6461da9D4EA891A985997d7Cd6D9DBf13D8Fa715, Tx Hash: 0xd79a16b72900f1033b95460297cb2ddfc521ba1a784da78e309aa7748111826d
Sending 2298822359969040000000000000 PLSX to 0x7Ab9B0Ce6A78ccBc9f056FD1C51a6a894015fe75, Tx Hash: 0xd4377d231cfc989580202f976e088222a40fa4cda4557568e865f7a61ca06ebf
Sending 131361277712517000000000000 PLSX to 0xBA6b06ec07719c936afa77668742601E11BE20b9, Tx Hash: 0x9bcced74d5d31e0e409c645072ef47a7959b2d82d6f08364ab9b9d35901a65f2
Sending 101121911583095000000000000 PLSX to 0x6362DE07483Dc4B73A95fA8d54D0D2320B120E3e, Tx Hash: 0x2c9e50bb69b8545938e523fc1e161c10fbb2f76618a4af7e1534e073ff56b4af
Sending 32840319428129100000000000 PLSX to 0x34ce4b326026816e7429a7914F47fF73F1612AD8, Tx Hash: 0xc3ebe76802d81c81edb8a1331c751349523cc70505dfa43bfa8218b94abe6568
Sending 44519378076966400000000000 PLSX to 0x9BD419f11107793924Ee5be468e136759B138043, Tx Hash: 0x0e5e6f752f9cd9c1f09c01a8aabee17ff97963619e7f335b8b200ba0bb8fdcbc
Sending 262722555425033000000000000 PLSX to 0xfd5D0E6C24c2eFE00aD5ADB207f1Fae32CcF8ade, Tx Hash: 0x0a5001764dd9a26d8c91603711443b4cfd7d9805dec626c42d56aa8067001aa8
Sending 1444974054837680000000000000 PLSX to 0x6Ad8eef58c66EB8E9A9825e3f9823a32a8Bb7E00, Tx Hash: 0x6da111daa9860590fbbe3f01fb5901ee4ab46a93281169f501dabdcdaba8de82
Sending 6568063885625830000000000 PLSX to 0x62CF06DE2d2BD6cB3B8df7D3c369aD8D18ab3ea5, Tx Hash: 0xcdfc88792d5c5a3cdee7709e9285f92178f71aaaa2212f0ee6184fd19e1cdcc6
Sending 1970419165687750000000000000 PLSX to 0x9b572c432e81aaB3c217e74E8C35121Bc512b656, Tx Hash: 0xf7535f16fa966c2caef573326b81ff31fdb68857f11f1686ad1f38e6ec563fa1
Sending 88668862455948700000000000 PLSX to 0xeBefEE2f395db4F2E03e40C996598f35bFDCdd8D, Tx Hash: 0x2684dbd05a87c3186cdb6183e1d6439982c2a7b56512eded72cf83b635ed7541
Sending 3658411584293590000000000000 PLSX to 0x46EFeeFbA035f22880fE35A926a2309829b74dbe, Tx Hash: 0x839ba1d672db7c06bffdf2c0c3b5e90c76a6e64fd77f2420f1c75694fdf21a23
Sending 224697325929008000000000000 PLSX to 0xA2aC084122842b18E368E13DEeEcE661eEE29F83, Tx Hash: 0xe3f26a6f5b90ea1ea0c31e4a5ea764b2781ea599c1e3710cd4e36f5502a760e2
Sending 516925165502263000000000000 PLSX to 0x62CF06DE2d2BD6cB3B8df7D3c369aD8D18ab3ea5, Tx Hash: 0xd1b0be2ce89b470db92730abebc495f07dd122e31f77bd58fbf05f716c1d8817
Sending 43874666755980500000000000 PLSX to 0xeEdc773801cB4a89CF8D7F7C50b8400E6CaCa4f7, Tx Hash: 0x71d0b30daa7586f79e6ad22e0683a1f4f4314e8201fde24d626125cfa00fe34b
Sending 525445110850066000000000000 PLSX to 0xa9b0E7e513D11227f3549D67C98950f4752c27d6, Tx Hash: 0xb7e9527bf9570a514ae7b2e24abff5e35f383cadf3dda8611b7f5df7b354aa65
Sending 131361277712517000000000000 PLSX to 0xCC12Ab9546031Fce65983cC41d2798CCb0406402, Tx Hash: 0xedf85abe7e2540b249fe2836ce45130a1356d9616fb7531b442d2b49c0cffb1d
Sending 2103192577135670000000000000 PLSX to 0xa9b0E7e513D11227f3549D67C98950f4752c27d6, Tx Hash: 0xf479a71298387f2e9af32610382b234df1a202972c372bf2f12ac3982b10f011
Sending 656806388562583000000000000 PLSX to 0x68165326C0C9F77A85b993b1b857AB916e53Cf1D, Tx Hash: 0x43fe3791c3bdcb959c5e3327250929e61573bf09a1947807a20e908a8fde92a5
Sending 821007985703228000000000000 PLSX to 0xaD821930571ac75161CeAe3DC0Dc29337C34967E, Tx Hash: 0xb386f90c2cc3ef01901dc2a986ed1ee6792fb38d2081e5ec39001aec8d42449b
Sending 157633533255020000000000000 PLSX to 0xd5F24D0b4Ae774303B5440aD22f64C2DdB8a5750, Tx Hash: 0x777aff3c42035ab770681bde7b8f1a27b8c352a022597f8d2ca4339cffb9dde9
Sending 228618666930950000000000000 PLSX to 0x6d289B29Aa7A8bc6a67EdD1F94c7d2E0c965b9F9, Tx Hash: 0x25ca5c40c5e0cda9b4924bc75e6381c588c6e550f8e8c3bbc74bb1fe6edc6f49
Sending 328403194281291000000000000 PLSX to 0x01E529d31ED8910a584f46f0EA918EBee732b273, Tx Hash: 0x74804e31d5f2c0723159bc9f3b4d4228e1bf0db47a680186f6fdd85a29dd70a1
Sending 102167114780999000000000000 PLSX to 0xd08d553a7434D4A289571F053983Fd5dC502fb53, Tx Hash: 0xa9f0307e783329f38986416865586a8ab8a1cd336d4b2724d93bcb81f3d0aac5
Sending 36124351370942100000000000 PLSX to 0xeBefEE2f395db4F2E03e40C996598f35bFDCdd8D, Tx Hash: 0xdee228d54f6584a3e5b44d9b3ca05461979fcdfbc2257ffb7c7950b8c00206be
Sending 311424749136949000000000000 PLSX to 0x27bd7b5642614668b7d5e5CEf07E5537585cBd92, Tx Hash: 0x690c29f9fc0af96ecc464d101d800df5113b696c1a7ba635e28dc53375ac9c85
Sending 1642015971406460000000000000 PLSX to 0x27a573294Cc43Ae793b9fC5932D48FB36129c44f, Tx Hash: 0x57a3535438078e03c53a0221670780a6c203aa84777633408eaeeb0a8ad0bc25
Sending 6568063885625830000000000 PLSX to 0xA562D60C3380bca21523d6Ca47Fcdc7eB2f1E4aA, Tx Hash: 0xa76c7fd991491a09659c238e29ccb8d6ea77fee3b936bb8db60a2290be123e0e
Sending 33274749138689800000000000 PLSX to 0x26CF5066BDF37220F63eFB8fCaDAD8d3235944ad, Tx Hash: 0xd53a57c750bcb6d6d0d6b5720485b353f29a6e461bfc0102a48946d1d5e60dc9
Sending 40052053574546300000000000 PLSX to 0x540778686462B20c55635169c55A4febD9EBF98b, Tx Hash: 0x10c08bf6f0fc019df47dfa69250ddb64b08c4f118c069aa07b5b1a16362e724d
Sending 116911537164140000000000000 PLSX to 0x4de9F6F29B13EB437C8769279AD04924a7EB0d9A, Tx Hash: 0xe6aba313f0dd96eac4b256dd51a59329d1213417dd93c528f2cdd753ff75963d
Sending 262722555425033000000000000 PLSX to 0xcD050fE35A5fA5bf05c54F8f72299ef49e80cC32, Tx Hash: 0xa07a38c758e34b4d10f1c54a59a5d5bf25280191f1ea202d7f510914b1829d0e
Sending 216746108225652000000000000 PLSX to 0x0d11d0E15a57A05fD21865492e516B3FAE67e0B9, Tx Hash: 0x8b0eeb7067d7d54cf9f58d4f5ccf9d8443bccce70ff9df08a938bb2dda342de7
Sending 45976447199380800000000000 PLSX to 0x623B262F88b7d1f00a98BF227d6405623cED7280, Tx Hash: 0x455bb5eba8f6ee2cdf07688468fc775414c41d28eb303cae66a466fe9c014df3
Sending 470930180599372000000000000 PLSX to 0xd04134a6Ef057274506acF53CED2958829351C04, Tx Hash: 0x5115b1b02a927a3b052f7e1cdd00e5e85cdfa11312479b0e2d8ac2ab73c76c27
Sending 361243513709420000000000000 PLSX to 0x42C97dC4f2F50C4854D0FE645c81a15214b1ae1f, Tx Hash: 0x2163b96830ce68735b0d18fb1e48788282c8dfbddd5d17ceb432ec4d3211e696
Sending 32840319428129100000000000 PLSX to 0xB1DF129E26Ed35d390D439Fd4fF2FE981CBbc95A, Tx Hash: 0xe47305ec91d3120475e762c9f2e06b2492354c1566134d4482575429855b9883
Sending 32840319428129100000000000 PLSX to 0x9f098A146B8324ABC8Ef2E9cA121937a30060c7F, Tx Hash: 0x4f7c775c9c6873df3cb9fdc6bab9b7f6c1832015e216852653fe3f3b38e8c2cb
Sending 32840319413022600000000000 PLSX to 0x7Eb5565521e463F657A9209336c9B179E1D129f4, Tx Hash: 0xbca33a12a94f2ccf6e0f81abea343a9752305b8a9102cee36aa48ae3d1b51540
Sending 78816766627509900000000000 PLSX to 0xd31E88B23e6715eB5a54A36Dd28715E212FE9918, Tx Hash: 0xc17a59abc060fe4b2a5f848cd2a473c306272ab086542c7c4469cd5cf4de0a7d
Sending 32840319428129100000000000 PLSX to 0x3eA46F06e27aFcc4B6F5E8e6423dE3156bf86009, Tx Hash: 0x5b670fbd1912ff43f641d1d4bcf7263e50bda054cf92e10f5940517b628f736d
Sending 197041916568775000000000000 PLSX to 0x98639dEC091Fb47a90FeE0371A31CdAf8FeCd13B, Tx Hash: 0xc43b3f06c6a18f4dd3e4c3a01e2c056ae851eeed259b01942e48c8401820da2a
Sending 32840319428129100000000000 PLSX to 0xd5659cD007C9D92b42f752f5dF3eBdC7c5477dB6, Tx Hash: 0x95dadb27f52e29de8d7956d1333dcbbffe8c04f0f4cf35003773159773c6124d
Sending 3050681769084400000000000000 PLSX to 0x02e34f367a1dbdc91c7063d375E0a18E6F52A564, Tx Hash: 0x77d82e55b8b5ba4030d24081f77b298d0ac392875c4a3c6581646190777c0eef
Sending 817894723421442000000000000 PLSX to 0xA562D60C3380bca21523d6Ca47Fcdc7eB2f1E4aA, Tx Hash: 0x6da1a4b8903856fd4bc68085538699f9dfe1db1b2dd7c6e953ed73918252a13c
Sending 139295498886353000000000000 PLSX to 0x98639dEC091Fb47a90FeE0371A31CdAf8FeCd13B, Tx Hash: 0x58c67f0a63ba53c1b4d9c1a55d83223f98f1c78b715552ff70c3cb1d4b0db835
Sending 328403194281291000000000000 PLSX to 0x68165326C0C9F77A85b993b1b857AB916e53Cf1D, Tx Hash: 0xbfaa87d83176ae65c018f54955e14511cef4ee511c22335678c8f4bc47ef2973
Sending 39408383313755000000000000 PLSX to 0x71F945397A4d28E7eC7035ddaa9a0E3034Df70E8, Tx Hash: 0x3478d21069627682b0aff989da4b0317fbf2c0ab6676b24464d7298fc77b9950
Sending 198251566570137000000000000 PLSX to 0xdFA9f10025A3DA255ca4f42B15B1cA4330c8648A, Tx Hash: 0x01660f61074052b0e6802c9949a95e143a54d74e07c1872bec41892529ddd844
Sending 32840319428129100000000000 PLSX to 0x42C97dC4f2F50C4854D0FE645c81a15214b1ae1f, Tx Hash: 0x85f3ea11145fad22c6a9f1f3ee5ad0dd22ee84812a2c38b301126cceedb8feb0
Sending 3853259767524560000000000000 PLSX to 0xa2FE3C73e23AA9772375CFF06B118cC9f4d27249, Tx Hash: 0x58045018a0d6a974149089e6c8c4dca64bd20ea6feb93fb406aa7e401816ddfd
Sending 32840319428129100000000000 PLSX to 0x993E0da247aCe10970112fAb15F4E1557A517223, Tx Hash: 0x2ca51665c422a37006f2c4e4bfb6ba1c64cb6f3bb6b097cb639a8b8f5db9b8c7
Sending 433492216451305000000000000 PLSX to 0x60430ED06e79512FadA1Dc638C982Dca3a3734c0, Tx Hash: 0x478a11cefd3240b080ca94888d48c08de09fd850b9e84b038cb90bb951f1f130
Sending 183905788797523000000000000 PLSX to 0x0536A3C5058861300949356454D49405fAf91fE7, Tx Hash: 0xeaffcb9d260e48b821752cdb1caaa285ada63396329e9b7ee4af63155105e895
Sending 197041916568775000000000000 PLSX to 0xEEc583E9F5818102E7b8F168549ED969473EC394, Tx Hash: 0xd40e8503a0898f715a359a3c0fb2ea0496c30d2ebafbc0a260c46396f7d93de0
Sending 114591647442184000000000000 PLSX to 0x960Ab90a529Ab252d104fBaE87934d8F07D800aB, Tx Hash: 0x0cbd2c7529c686e260895baacc692ab2682a19cff0dcb2e7205021ca729f2009
Sending 118225149941265000000000000 PLSX to 0x8877Bf5e275Fe40b1F6B581a290262af1B4A8B0e, Tx Hash: 0x3a6a2e4e0efd93cfb6791a51a25db06d575f11fc14b661e890a1b1b96ae478fa
Sending 246302395710969000000000000 PLSX to 0xCdd82623Fd7ceFE9D082ec05E3a713bEc07b891c, Tx Hash: 0xbe420f7d90ba25a0c7bdf4fb4e9a83b3af87b7075990049facdfe8f46702d818
Sending 111657086055639000000000000 PLSX to 0xF604EbbE7cbcD96e07754703Dbfc5Fe32855D3Ba, Tx Hash: 0x3da272b7a60375ff9541c9e265999f94e5e770d7f0bd3b237eeff334f001838a
Sending 33483048138571900000000000 PLSX to 0x08e283b57A257a511B430Fb156414348B41a29ef, Tx Hash: 0xa521f80bfe3287fbb6a9209e37f2e2b061147701e39c66f052848d335e2f6089
Sending 111657086055639000000000000 PLSX to 0x56a0FD1520E2fdf3846ED29edEACF88bE79eDeaB, Tx Hash: 0x149f5de90d2d4d20656709c87a1c6f8addd6ca770d938d4046d244211363fe78
Sending 110015070084233000000000000 PLSX to 0x0ea141316b956e5037fc2715329BdAE44F2247dd, Tx Hash: 0xa081aab5b0d47f03423fbc9fc30acf080ac35372e75179d9271bdca045716df5
Sending 206894012397214000000000000 PLSX to 0xB15AC4Eeaf38CD6bbecE10E93360dB86b3d93089, Tx Hash: 0x3d0e23eaecadca8fdbcf870ef0f08904276f68661fc433b95f6c10165d0ab5ca
Sending 164201597140646000000000000 PLSX to 0x3E17A67754C972EC9BF80f47f133f11eAc37DC75, Tx Hash: 0xe8d45221e3e519d05bca96d90f6529f9e8aca911f739c4d78aa299c4abc2340e
Sending 116760471694770000000000000 PLSX to 0x99E90E7894BB35241A28B0f19e5207906237DAaE, Tx Hash: 0x6f3e0e36257af7b6cfb75764460bb8c240f355b203fae6480c4619bfe263e3f2
Sending 14449740548376800000000000000 PLSX to 0x0b30fcaB28a8D0F38Ac7F72b8AB02eA07FDBD849, Tx Hash: 0xae54eef2ab4351db3122b2b41f7a2ae5259a15ca3cd4abb76837f1aff045d0c3
Sending 341539322052543000000000000 PLSX to 0x0db3e48b47B0409DB2d96F4760F1E6dca47DD26d, Tx Hash: 0x2db14c75a73abdf4500b004488772319f2133c654793d99949cd42764e308ad3
Sending 49170102583127500000000000 PLSX to 0x4749df399c57242840e7114E4c8De7fDbAB0b5Cf, Tx Hash: 0x475e6bcf10c6e9cc8a6316e587eb764df603e8e74bd29d88ae4823b26b168a22
Sending 168372317708018000000000000 PLSX to 0x68165326C0C9F77A85b993b1b857AB916e53Cf1D, Tx Hash: 0xb95d9a9b1d446eb4a8b2e74941e6555418aff0ec124bf44359cc76894444402d
Sending 78816766627509900000000000 PLSX to 0xae450bB47079eeFa6369FF8af177560661890f40, Tx Hash: 0x51b73bbd35c7bb3dc28e215701077b72feb1aa00bcf741e0800968d8c2dd4403
Sending 65680638856258300000000000 PLSX to 0x7B6B847191C08bB0Fc6BEe83e20cBbE40C385B14, Tx Hash: 0xa83cf092800c672784c5c95603c9e912b4d92e894f7803779b6c9e29ff5a741d
Sending 1893417416099440000000000000 PLSX to 0xD1Ed278283424151c64E45fAAB8dBcC4C14479f0, Tx Hash: 0xfdbd6bcfd1a656e1655fcf510a2a03650d81e1428b3c8cd563a4dc230c1912f4
Sending 558285430278195000000000000 PLSX to 0x05AA1758E60e0B37FB662cdf4bEe17c5d87A88BE, Tx Hash: 0xb82e0cb6f4b960f465f3d04d54a1d0af5fb5e386660dc742ea3b3fe097cb4fc2
Sending 65680638856258300000000 PLSX to 0xDb728a9740C3a1A3431b5F50510D7763Cb2d3DEC, Tx Hash: 0xa234869bd1a557f4bc66a26938d68ce4538c12dba39e6b43370402cac09fbad6
Sending 19704191656877500000000000000 PLSX to 0xDb728a9740C3a1A3431b5F50510D7763Cb2d3DEC, Tx Hash: 0xb967e11d7200e04a45d8482c50975ac5af16c9f409a76c667dce6770a52354b4
Sending 105089022170013000000000000 PLSX to 0xbACF9358f70FA8745389e1c90AcE46D96dF3366d, Tx Hash: 0xf348c58bda2aaf2944658985079ff4d9bac16c6183943e8ba6337440f51f647c
Sending 216746108225652000000000 PLSX to 0x3B7922Db0CA6E5AA17429fa28071684004034D81, Tx Hash: 0x825dd4392207f9c34e02870cbb79dd05b4f8c73a79e454520dabd63a2dc37074
Sending 114676368144428000000000000 PLSX to 0x3fd9af277cB13693AF9DC9599b7c69965776B9E6, Tx Hash: 0x6b816abaed1747678511abee324ec1ee3adf12dbe6e8a4cb47f03aa21f8302e0
Sending 2456455893224060000000000 PLSX to 0xAbc6650c06EaeD6eADcf0bBdf77D2D47F81c5b3c, Tx Hash: 0xc02331c12422ca3063cc1658bdcd1f8f806cedb591b234b5b5df91ff1079f7d6
Sending 229153180905599000000000000 PLSX to 0x3B7922Db0CA6E5AA17429fa28071684004034D81, Tx Hash: 0x97018202cb5e05652fd2ad5bf43f15c044d6636c63ff141de082831ab3206493
Sending 164205408922761000000000000 PLSX to 0xAbc6650c06EaeD6eADcf0bBdf77D2D47F81c5b3c, Tx Hash: 0x724e04a43a65842e68fa2449c468dfbe9e3337fd47fa6bbc8b21685f2ad496af
Sending 98520958284387400000000000 PLSX to 0xeE891a3CD77Af98d551Acf673C7F3B46e08a5466, Tx Hash: 0x82eaf3d704643d5c7558bcdf9d781f42b769ca47c9c2ff2e7064e4e737e6301c
Sending 668957306750991000000000000 PLSX to 0x07bb3d8b9BEaD0F4fa15d2C0A2Fa53b99b5Bdc87, Tx Hash: 0x40205f11717619bcba3121e8239193ec852cfdccc5d75779c41577391df9455a
Sending 450552422772770000000000000 PLSX to 0x513de75dd0cd8801D09fde9E7A098C26f40E6F42, Tx Hash: 0x8b13553e45a88f57ceac6bb382bbd4785df876e02ad1fc273ce5eff35d7321b1
Sending 985209582843874000000000000 PLSX to 0xDef5BB9Dd46eCD69eD3020A78BEfBD4b645edBDc, Tx Hash: 0x1f7beaff91a97904fbf9184b8e1cdb729c6f32695b5418ada84e7848e2063a2c
Sending 27007878697693400000000000 PLSX to 0xDE147090e90CEdC8e0206fF61814BDc45dB6F8D1, Tx Hash: 0x27e8bf2e835ca47be32546febeb16db62893e537b54b801b19794331e4ded432
Sending 88668862455948700000000000 PLSX to 0x53067D270415b5eAdE508c45c3023f51248c6954, Tx Hash: 0xc23bc886a54c8084a2904b26efb646a3a322312e0df1e2d7d01454c408375ab2
Sending 78816766627509900000000000 PLSX to 0xB14C80D624e9f93b199aAE316DA60627dB592757, Tx Hash: 0xd94119bea8ab2416c3ccb885714f00f2bc21f5d222a9463646a33e80bf0d82b2
Sending 412775974880648000000000000 PLSX to 0x0b5E6eD140D0e0C577Cf85666Ca64E06d7eF9707, Tx Hash: 0xe2670d1ec3d9eaeb51d9b4f11756066fd694a012fbba1d195346e641cd89b00b
Sending 115499403428730000000000000 PLSX to 0x3171355FB8fA42d83374439D5FB39200bd79c3c6, Tx Hash: 0xc762d1a4f2743e3d4d9670dd0f81edf402b2db14e71f69ab0d86cbd661823f3a
Sending 70054969404085100000000000 PLSX to 0x832e7DE2D93C91e2b4DDCf10B3f35d6Dc5d12aA4, Tx Hash: 0x7690b51849afce5dfb6179ba726110facf18802832b1132905f59ca7d790d974
Sending 334714972314100000000000000 PLSX to 0x3a814C3a1869be23fb6F54a8b839D453149Fab1d, Tx Hash: 0x141724703ed1b8e583b068c5a020b1140163130ba99107d062ffff9ad040b768
Sending 36124351370942100000000000 PLSX to 0xa7850DF2207d063EF8AEbcd3fDfBF3277B6370bc, Tx Hash: 0xe265fce0b4e24144344502de867b5ea7ae4770ac3e041aebe77a6e2db2e0b886
Sending 51079832838512100000000000 PLSX to 0x269DF84C8FA6D83E498b96B329cb9Fa659E45dA5, Tx Hash: 0x0c53fd946db1caf3d74fa091958c771daa18f07c3642d703d16c60469e3743a6
Sending 98520958284387400000000000 PLSX to 0xe321A19C0987117135CfdbDaD20D51b0cA1d01Cb, Tx Hash: 0xa4671e24006868651ba9c56f2a60702a8066182455c0dbd2a940759a07692947
Sending 118225149941265000000000000 PLSX to 0x31C33E1E0d847130f6aFef9a3061F9815F28E2f0, Tx Hash: 0xaae387b4cd2eb9fb2f64193f77c8747ea800ca2e39fc42dc9c1d6779b7be2f6a
Sending 656806388562583000000000000 PLSX to 0x7A8791B44ad51aB82b46812F617672C0E1C854FE, Tx Hash: 0xf60b477dc5adcd3b7165cf9fd96e9bf144b17d507c56516bc53c4ad135b1fa3b
Sending 77174750656103500000000000 PLSX to 0x07DA05fD58962D698f623c652A40123c9914b08F, Tx Hash: 0x512f1176feb9cfd19b53d456ea003d1d8c7d5f85189d0c08a658bd5938a1b2d4
Sending 218597731329391000000000000 PLSX to 0xC046a433C09957Bf06EAD0f34348Fc1384971e4a, Tx Hash: 0xc31971e6c8ef7e3d6e448b9d6aca2091992c114e43cd32e7eeeeb251877fc017
Sending 1642015971406460000000000000 PLSX to 0xFf8c8A26c47013C976D522E5CE6E17Ed74D585AF, Tx Hash: 0x09058947bf7fc50c12e51a3071b73efb3241d8851c39d8037a2e2f7d33008865
Sending 328403194281291000000000000 PLSX to 0x0Af2d545B16B1B6cD2C73f40d2425588cC16c366, Tx Hash: 0x133a4708369ca4345a3c4056e234d0f32630ecf72d20670e3e17c389a28d0a32
Sending 146139421455175000000000000 PLSX to 0x2D24cE19d20071f61346EBD06F8aD56698195100, Tx Hash: 0x4989caad8e007268348f02194ff6a7beef472a9c89fd02bb1072a0c88622d6e6
Sending 165659707323255000000000000 PLSX to 0xF504D4aF6514B3bE0307836cb901903FdDe2Cdb1, Tx Hash: 0x3ffaed8243427b9d5473440746791f489f6d81a1a83f4b667fb3bde1afa7d75a
Sending 68964670799071200000000000 PLSX to 0x59B80e781AB6173245CE7D0eE1a9da933EC018Ef, Tx Hash: 0x60882d7abc3e7af298776713d683481fa569ca3a954fa8be3a70072c0cdfeffb
Sending 32873159747557300000000000 PLSX to 0xf2169ABFe6EC6f51d7aaAbE62669a5cb1b38fDE7, Tx Hash: 0x8d09a4a02f34627e8b79ceb58179dce638ca2fb0c4727af1d192e91dd3f3da17
Sending 197041916568775000000000000 PLSX to 0xAC9917d3c0B7472f9D5E5f24e2FC252991A69872, Tx Hash: 0x1bf1394a76bd08ee0db104ac3e3be64230c270ad6929cc89742c60b128fc934e
Sending 1237705662798990000000000000 PLSX to 0xD7725f3b891d1F0B6f75a27C276A3B6EF873E728, Tx Hash: 0x36505d887714bb273c820840e950967884cd08d8db12f665db9cbec4b8f0bd91
Sending 262722555425033000000000000 PLSX to 0x92CC95EE43A5677634bde01DEb409D40C33BbD23, Tx Hash: 0x7fa42bcaa17889b2df1fcebbe0ec62f925b1626cbda9007aeb69b2808fc32837
Sending 36489243838223800000000000 PLSX to 0x0DD0d160Ac1354AFA305c441085819BFed84D7c2, Tx Hash: 0x05bbd253a5112e20c2d852cc976ee77f9aac31e77b8a2a861ab28d390db8bc03
Sending 42399662010153400000000000 PLSX to 0x361A0E3c2Ee3F3A3b308E92182ef356De631da44, Tx Hash: 0x04f57032f7b8b456bce0e4c898e343273ea9ff2079b32855e3104c55098f6e09
Sending 32840319428129100000000000 PLSX to 0xc87BA892e17F80D66BD6c82Da210ac141918FCdD, Tx Hash: 0xed5a671b42c7e22bcd811f83aa9a689a68b623a6b42a1249401d2035f6a18150
Sending 1510654693693940000000000000 PLSX to 0x2dbB80cF69ABA7a65E8a0B98Ef0209916E7dEA26, Tx Hash: 0x0961de5fedb77902724744c2f67ff733e6dec244fdba8eab12d6d621f908bb69
Sending 6568063885625830000000000000 PLSX to 0x3338E9e36C2F19ACc3Bf9b7E4EC594C59351e922, Tx Hash: 0xa7df63f3b4414c05d01253c54ef7aaeb3f3696ccbe4dcdc282d5d94b433833f0
Sending 4130129932559230000000000000 PLSX to 0x3338E9e36C2F19ACc3Bf9b7E4EC594C59351e922, Tx Hash: 0x1853d20c4b8cb4a0549ab8eed923bc1dc9da3265dc5c902a8ee48dd51eca5a02
Sending 328403194281291000000000000 PLSX to 0x81B8a69af4575C6d2291B418872d743a563a6306, Tx Hash: 0x3b0c623bc58e4667fff9eb6148981fce2f8e722be5c537e4f0acd985ebb0d300
Sending 61397288436510100000000000 PLSX to 0x8F7eBd90C40aB3a9bA735D5028BC32AE7bc9F9cA, Tx Hash: 0x40042b9e505890b1fb3107b7fc73e44b99fd782131b98fc8c36fac0268294837
Sending 131361277712517000000000000 PLSX to 0xa9B9B228028f152761993fF6A188411EB3D36537, Tx Hash: 0x688e9496fda5839357157c06af3e876388928bc1580481ec2a6af789a91ba075
Sending 197041916568775000000000000 PLSX to 0xecDB9b7EAca5372D635625a0c8abd1E7fecf3C97, Tx Hash: 0x03dc716cfbcaedfb9e1c204ee9fd6c985bfb7d07ee4ce761b4cdec696f2a337a
Sending 65680638856258300000000000 PLSX to 0x96aF8c6Baf77f1d12E5fF35CC00585C722cB25A1, Tx Hash: 0xdbb039847cedaf252cdf5bbf8ff7bdeb5cd6111df0cdfa8644706dca33a8b6ae
Sending 119314640937735000000000000 PLSX to 0x2F6e69d015DA10d55EA410AdF6f3A3B554cFCa92, Tx Hash: 0xd8f180baef87b4cab3beeefa21b35c29b435bf0124080d806e6581def463646b
Sending 123710626448021000000000000 PLSX to 0xA836E01D02809BD8e6B1F1E227636AAfbAcF5AB9, Tx Hash: 0x9e136f97b7b26d69c08ccc01ff6161016d4a1bdb6f475c320312a239c9d7fb3b
Sending 76293725819828800000000000 PLSX to 0x2F6e69d015DA10d55EA410AdF6f3A3B554cFCa92, Tx Hash: 0xf2dfabe0236392c04aacc26ec7927b8c82103120eb77f2b13fe79a874686c564
Sending 459764471993808000000000000 PLSX to 0x9deC42DF948d5165A9f42dE3b0c8C6839D79a876, Tx Hash: 0x07c3a444b403af823b185b83823d43d707299ee28cbad87c685c420410521bfa
Sending 1313612777125170000000000000 PLSX to 0xC5d7B42CDb68395530cDf6bF86B60a2253b7e93D, Tx Hash: 0xd67eee7a65042909a5a7dfa85d068a713dcd5a8f30a231b246f70047ad3ff90b
Sending 34768382923195700000000000 PLSX to 0x9015292f500829e4AF3Bd1856805a5F39c2A8d00, Tx Hash: 0x0d11311d8075e21d3666b950d6dcd7de5abdeaa3de162192d07c20039b8c99bd
Sending 329067424050270000000000000 PLSX to 0x1aBfA5BFd5b287a670B690901Ec18f11023Ba282, Tx Hash: 0xee68b64644be3b068ef1b2785d576c24929a76d042a1f4c9d719ef28cfc2dfe0
Sending 32874893201946600000000000 PLSX to 0x5bbE783586d92C7199bF05b0f762439183d3CA4A, Tx Hash: 0x59fa2cafa00ffc98e328575dc0c1e76cb2adb022a53d372a5c1df93e6811c315
Sending 83272344988448500000000000 PLSX to 0x5AA7c888A1FA357EC5b8527553f312307686F5De, Tx Hash: 0x452559a75b4e1652d5d2833c1a55e62163b0dd6f6c86a3a0a401a1bca3221ae6
Sending 78159960238947400000000000 PLSX to 0x066066eC567FdfC4CCc3bF070842E7f3042e6FCe, Tx Hash: 0x8c9b828d80c643dbf160a5d6a3338b8ca3459f7f6d278ef57562eae273cab525
Sending 604261877477576000000000000 PLSX to 0xC3d7163c52002eE6Ade9f2c0dF148deBD1512D11, Tx Hash: 0xd3b695d86cb6b083a0ea2caddc6a824264fe2acccf42e4bb3f8d16883556fd86
Sending 32840319428129100000000000 PLSX to 0x6Fa46a9dEFaF2A85fD8C2Cec24e0F9594E964aa6, Tx Hash: 0x22438b85ffb6ed91a85983430d84d9b8c96f3ff80687e915fa13a15c448fe713
Sending 159479159206881000000000000 PLSX to 0x8437C014868e2a0765C01CFEf08559A96192d372, Tx Hash: 0x36027d8f70ab70aafafb6debcc3a0c957348f59d98232143a66422d642e01ee5
Sending 1182251499412650000000000000 PLSX to 0xd140D6C0Fa9a98298b62EDFFF13ba3732CE90551, Tx Hash: 0x91ca60effb43195e9b761982cd18dc6f556d42841fe21c6db82f2b4cf14042a1
Sending 459764471993808000000000000 PLSX to 0xbe0Abc22d67a0B0e404F08c51C7f09d5Cb16B342, Tx Hash: 0x9d116a21fc5a54bfa21e8c7ce4f904ed94787ed1ed8319b06199287589ba4279
Sending 1610311927030540000000000000 PLSX to 0x38E3411fe0b670CedBE6bB7600c063c19C1E9bb9, Tx Hash: 0xee90a9f93262c000b5fabeda912a76f7a342d781e6ae7a9675cb7a2c7b48f041
Sending 525445110850066000000000000 PLSX to 0x8515C39797F4c145b3f6987Df3AA7B4DA3B5D424, Tx Hash: 0xe5d52ef07ab465228976b3caca1f3aa1aa92efcf4db7507a368a470bd3762231
Sending 328403194281291000000000000 PLSX to 0x1f997286F4217E0FE76Cd8ccF8fA4609f2dC2B46, Tx Hash: 0xb18f8ca4ebc3adbf48c8daabf2b929f8b5723501f4fe1a9748cdbff684910cdc
Sending 90369991002325700000000000 PLSX to 0x58c340195a47D5Fae67474de6E72B8b9b53ef7c8, Tx Hash: 0x9a960aa355b9cc64b1a837a861011be7c69e3cee045e268a2faa8d9023d67a9d
Sending 49260479142193700000000000 PLSX to 0xdb67aCd7406403C035c38965CBE9435e187EB2B9, Tx Hash: 0xdaa362c6b418d42d65873abe11fe42bdc651aef5f1396d61a9464adc2b7f7eff
Sending 59112574970632400000000000 PLSX to 0xd3393c42554F487a425878Ece45674F9983953E7, Tx Hash: 0x88abb2dae30328d8ac08cc5315a62ca720b95e27f014b3d021f52255bc87c2cf
Sending 164201597140646000000000000 PLSX to 0x6FD3D5DC46e49BE296c934b97533123C86229999, Tx Hash: 0xc0fc0b4339a24e0e6d8ea55110b26864005eac80ed5a4c44b0332513149835d6
Sending 1116570860556390000000000000 PLSX to 0x17e8565190e5B0879f28E3DDE1b3d8d22461C19C, Tx Hash: 0xfc10acaa49fbd6bed0d6b88999c4cc3274b010c2d190c2e7ce7664ee480b737b
Sending 50574091919318900000000000 PLSX to 0x91d005acd5B31BeFF2574e457BD4bD86692F2218, Tx Hash: 0xa3d22025dbc0f39da6bea96fb38dbb5b59a398f59e87219ddc61dd9b7984b3fc
Sending 116911537164140000000000000 PLSX to 0x4070cc36cE0a014466BDcd1e8D5Dd078aD707b46, Tx Hash: 0xbc331dc0859a0a69e3472f16206b4ca9031d784da92754b82204b5d30d4f5070
Sending 123559387346562000000000000 PLSX to 0xBC449F38AD45fd352d77b87f66b8b6ca57ce5b2A, Tx Hash: 0xaecdf15e948031b994075b98c2316db9f11a6d6e56805b11e223c9d5efbb148a
Sending 32840319428129100000000000 PLSX to 0xc150fF3948CB6E236F58C5EDd4a1BF8644393B6c, Tx Hash: 0x7f1d6ce00ef8e5f219c3993b81627317cf9b0af078d32b92032acd57ede26328
Sending 7455428587928870000000000000 PLSX to 0x8B1a025274aEF931e906CA4b220987A65C5DA17b, Tx Hash: 0x661cd1bf63e2e60e6b37a565070135a5d743cef95a9537614d7b3f7cffbdfa86
Sending 826899539008635000000000000 PLSX to 0xb084D5Fa554966Ee944537c366FD6630Cb3DcEe3, Tx Hash: 0x38767d4127455c28464d37d184b5abb3313b2d2a7c4301edc308bafcf737f20b
Sending 1263413064847330000000000000 PLSX to 0x8fF49EbCF37aADE1c0796Cdac6fBea2c078F9D25, Tx Hash: 0xd80cd2089e3e860dabfa553ee491c0adc871be652d99504b9389a9b7062a0ffe
Sending 38423173730911100000000000 PLSX to 0xf1592c3Fb67D365a97366613974E04b48A1f24eD, Tx Hash: 0xf8dc3f4e582b395d6598fa511dbe9c44fbf2e8ba3fd77e4615d8c3cb5f67526e
Sending 103274161817560000000000000 PLSX to 0xf1592c3Fb67D365a97366613974E04b48A1f24eD, Tx Hash: 0xd37deed95870874f84155ea926fdc4e8ef6a9224a077b700f640111229855dba
Sending 1970419165687750000000000000 PLSX to 0x6D16120210147AD06c0C4aA98f88167Cd4227Ca4, Tx Hash: 0xba303e17da45df455753282ec5c62539cd4dac48d004029e50445214480ea896
Sending 522717331010829000000000000 PLSX to 0x9D51Ed32B8f184323aF9088D2Bab05d529D50495, Tx Hash: 0xba8b2c85ad6d93c8c67e93616b3d4a021a6041da1b860b05e429fcec43bf84ec
Sending 206724191804013000000000000 PLSX to 0x25EdaeFBB8f37658153a823069cD36E10fd65aD5, Tx Hash: 0x3c2cb393c8b2baaff3d4018d407a40ee567e536741b5ae3ced9c651f7f2f42af
Sending 164201597140646000000000000 PLSX to 0x4Fd42bC441f0a106c40413BCF509023086baC0aF, Tx Hash: 0x08c3d6f4cb23a5bd487fa75af7c38b14c7533bb11c3591a5c30025a3095e320f
Sending 50574091919318900000000000 PLSX to 0xd04134a6Ef057274506acF53CED2958829351C04, Tx Hash: 0xf3d766e0b821d0b13bf6d44e034862a83ba639b59121215c1cd542e3d67eb4fe
Sending 2108348507285890000000000 PLSX to 0x770182aa0a27B5C2AEd56664D1CaB045982Db057, Tx Hash: 0xbc3faccdd7f5edd859e8da4a7fb4c4d0ca954bfb132c15efbdf7f7ce060419b8
Sending 40623475132595700000000000 PLSX to 0x361A0E3c2Ee3F3A3b308E92182ef356De631da44, Tx Hash: 0xe3d059873e568bc14f1c0f7a22f6977721aa2e28bdbac70247ced83a2c87c292
Sending 101804990227200000000000000 PLSX to 0xc081E65fa0bEEc962D3Eb3aC1a29Cf3D5201D116, Tx Hash: 0xf5e69b0b0484283d995bf5cd1ce6debeb4ccf7c71d52b5839f3787433a6715ab
Sending 985209582843874000000000000 PLSX to 0x1E6ac7ef902913c3546813eA3EE06Eed36C356D9, Tx Hash: 0x19531961664eea9891afd887635752e2bcf487267bade04acf84c6fe08de9cdd
Sending 64543300536109900000000000 PLSX to 0x9B55D908e15257E6FF285E6A08E5167245D1a0ED, Tx Hash: 0x6c2b18b82a20b3b2e70c0b989385aade43b9a182b28c51c97d8cc43c8af071a1
Sending 32840319428129100000000000 PLSX to 0xfD03AC27148Cfd601da5596Fa1991D6614732b45, Tx Hash: 0xa54e36c14c337f8c293f91d0ede322c7c6abd38ca01e8a57cce0f77ff5227799
Sending 66337445244820900000000000 PLSX to 0x31C6B6f34c83da316837AA7B1d061Fa51dFd0f42, Tx Hash: 0x65224b78b21bc4003118103f8d9de4efbc883e31bad93443840a9d87acf76afd
Sending 164201597140646000000000000 PLSX to 0x3F81F841f7294CB5CF5fd660400ddad6Cff83381, Tx Hash: 0x6358e7e447c853e8013b03665ec77a689293d780ea1d7a69e54a661b059d3d16
Sending 163603750974309000000000000 PLSX to 0x84e026cCf7f2bA03E0577eB0D43B51653A685BaA, Tx Hash: 0x3720c2e434cfb8dfc1716769d1d1789e6580d140308db9e75d55bf6a168e55e7
Sending 1722422209494290000000000000 PLSX to 0x02e34f367a1dbdc91c7063d375E0a18E6F52A564, Tx Hash: 0xbf56092d0717915dbd7b316f1c5ca529e372840f7652cc99dff4a5b6b7cd1267
Sending 125515700854310000000000000 PLSX to 0xb39969cCA1b1bee3F3e0073941F4c1F44320ff86, Tx Hash: 0x5987a78a3203e436ebf30c74459269471d884f8000d312b161972b2c42298496
Sending 365365685220643000000000000 PLSX to 0xeAa1d67D18883fd0A87E2f08b697B85c7A712Bcc, Tx Hash: 0xebf4cda9f508b7ebdc81219a196ba38753954224e834dccf841de7b5dcb572e6
Sending 997539092412940000000000000 PLSX to 0xC10c92112f582A3877D17C70673A7B3a3Ff57f1d, Tx Hash: 0x9837217c5c6e5ac444c3417ecf3a667c9e4bf6c4b2390de6d1ceb171aacbdf30
Sending 907943980729377000000000000 PLSX to 0xC5787B68B52A994Aa9Dc9cE9f7A4F8e1694465a5, Tx Hash: 0xfb2d4f2825eb421c80b0b93d33387bd97efcb9b11c04004d98841633bb36e24f
Sending 131361277712517000000000000 PLSX to 0x52E756e44f2Dc98f21227f183857D79C83e4fFE8, Tx Hash: 0x7299426421f3b9be80e00a2085de3806249bff4a41b298d3e45092fdb85789f6
Sending 900369901633245000000000000 PLSX to 0x3bD21067a31D343fd83d64DF3795Bc0B66BFa47c, Tx Hash: 0x2f61fac260e94cc0364e391bc19f8467df5794e0e87e9501750ded8f667a8c0f
Sending 328415308032711000000000000 PLSX to 0x5a5AaDdaD79ac866b812E8bf952b503ba98522AE, Tx Hash: 0xd7ac783abf7db3294ea06bb5b3c25e9b46ead2f00cdb14c1eefdb6b5721dbf53
Sending 42692415256567900000000000 PLSX to 0xb118B9cbB14AF0BF6269d14FccB559b4884510e6, Tx Hash: 0x341cbdbb314cf069e91395bb9cacb52a34fcc946bb8953115e7dd7c29cce1b0c
Sending 98520958284387400000000000 PLSX to 0xFa8575aa490272Cb1d321BDF9d09c5C21845b9ab, Tx Hash: 0x50ef5becdcd9756b19b96154b5ecafba7add20c359e48f34c6942a0e25ccb55b
Sending 357311449085139000000000000 PLSX to 0xD976891378bDB926e87E63352c620970287cE9Ff, Tx Hash: 0x7b4021f35e8153b2d4796cbb93461d56a28d491efa08d1fdd9c9e2e75ea7ebd1
Sending 198397217420156000000000000 PLSX to 0x036F08837E17dcc2C7182B584C929C60c2E2e512, Tx Hash: 0x015946c019a7503e2a28ed13832a03e4ecf9bdbf024ad01b1a7eb68fadb44995
Sending 236974454140742000000000000 PLSX to 0xd5b9eE81a5Fee0604716a47ca6e02809e498c216, Tx Hash: 0x03c75276b2d42c7951f5d21343e8bee1eb11f05308bf0b9ce75a79c3eb44538e
Sending 242485487957969000000000000 PLSX to 0x0C27354c6E7071F6BFc339b01F9DA9912552d00D, Tx Hash: 0xfb6cde765a15c800df6affc34773c8db11d00513a980b5269a71d73da60104cd
Sending 250752038683809000000000000 PLSX to 0x2e329B6D1478ad5A86F8CC7C5c7193335d2Cb2b3, Tx Hash: 0x747dabb14a17a4c3655a3f6a9ca8bea056b7ed12941c7f28dea9e620fa4ddfbc
Sending 283818241587168000000000000 PLSX to 0x9f063756d6e2F81fF40FA7fC69DbE9eC1dc24d15, Tx Hash: 0xc07af6f550b25199688273ea699b2edb07675979caeadfc84d4c4130bf8d00ba
Sending 294840309221621000000000000 PLSX to 0xAe6696bab108D4d9D496180EA3c0f57805945235, Tx Hash: 0xcf41dda6a33b7f0bdb959d917e531837236d694a0ecd2274a9b04fd227e62ba9
Sending 311373410673301000000000000 PLSX to 0x049Ee15A7804CbB0B70f7cbeBC1a73DBc72a2Cf0, Tx Hash: 0x69072154792cd09f0461a7984e73e2ec5eb2c5dc82eb9bf9ac3b77c5ed758bc6
Sending 349950647393887000000000000 PLSX to 0xb17A3CF39d91d6Eab458469faD1562d7819f959f, Tx Hash: 0xee87d7a97d4e66ad727274d3bab2c4677a0378e420bf3f9193c618fcf9918460
Sending 341684096668047000000000000 PLSX to 0x7eD67fb1965CEe3914E8915C3F97750172c2eA3b, Tx Hash: 0x6a0372b7e240a6e73ae74eb6650b286ad3330420facdc2673fa0583cbb86577f
Sending 245241004866582000000000000 PLSX to 0x852c431857F8aF13450AbBcef2046a6fEd0cb4A5, Tx Hash: 0x4028bb978b2c4037bac568c8c84f5cc7a9c18d5f387e100cf2030bd647ce6934
Sending 198397217420156000000000000 PLSX to 0xedbCa2a89688611f16E100aaB2087C5010bEF1aa, Tx Hash: 0xca4750930ed928f920dee7d35f405f93044380ca34b9f7dd178bfd83dbf308c6
Sending 236974454140742000000000000 PLSX to 0x3C3c842AD4Dd9CB8a45Ff6e78F2693d4A3C22F1F, Tx Hash: 0x66b16711648ae10626dbbe5ccc90be0603bfc0295b350e6fd31a9756af6944fc
Sending 242485487957969000000000000 PLSX to 0x1EF2Bd018430afd1D2185C9D2b3b1Bdeb86b1b51, Tx Hash: 0xd211872e5bbc210f5283d60c97dcd59ad5957dd3993381848d904e5c8b8795d3
Sending 250752038683809000000000000 PLSX to 0xed2f418cAC4faCAD9e4f6242bD1d46bd24b2Fd46, Tx Hash: 0xbce55bcccc9c15ff902d92e106c2fa89f6caae89b07d046a7647a3b95b4100f8
Sending 283818241587168000000000000 PLSX to 0x9Cc809EF473A95B543023bdd3A27afcB5C382051, Tx Hash: 0x41635bf6bd7b2e06c468123c3eee2b2f67092eb8fbd492d706a471fcbfeaac2c
Sending 294840309221621000000000000 PLSX to 0xf776866AE8CdCe52C30eae2E8b3F00017527C68e, Tx Hash: 0x5f6fdb24df5fb9885a7020ce94c6271088b0451eaf32798af05d560f3b611476
Sending 311373410673301000000000000 PLSX to 0x459c950F0D6b42336D4Cfd82B62adC3e080a0C9d, Tx Hash: 0x0e6662df21c761ade78cce2b45e139e05143538c44a8308cd2bffe94775a97a0
Sending 349950647393887000000000000 PLSX to 0x04d5cEC4D7284BA77f327a38661cC0D0211C308a, Tx Hash: 0xe082fb58b5efb6dc704963f89b7f453487169a9d302706f50a00802961cd1a0d
Sending 341684096668047000000000000 PLSX to 0x0e63Fc22a5Ec210Ee00bf2521ee9Bf5a0102Faa9, Tx Hash: 0xc632817983b113b0b0ba93307295e106af35a5e273290cea7fd989e1759913a4
Sending 245241004866582000000000000 PLSX to 0x924A28cf7185Dc5d9ABC1d36F65cf69F7b9ca7D2, Tx Hash: 0x93e0e6278a8142f0d862aee3835dab7d2d8cabe607d53bd66d70caf8eef80dc0
Sending 181864115968477000000000000 PLSX to 0x043922560d45953e1e0299aD14EEf45A2903466B, Tx Hash: 0x900245474ad4b280328353f5b75fea38680834da87e74567af67170a5399b1f0
Sending 206663768145996000000000000 PLSX to 0xA3B4dF06Bb534363B6a94a613cF22A7E84C95e11, Tx Hash: 0x4014b5f5150f7baec075ce7e50a64ba10030aa684f8a8a39a7ad21cf8dbb35d4
Sending 217685835780449000000000000 PLSX to 0x1cDf46c6A94B9E19Cae3797ffdE6C61AF8E8F361, Tx Hash: 0x9557d255437d7200994a121970443754ccc4b57535a7f6eefbf711a0f4935b16
Sending 253507555592422000000000000 PLSX to 0x5C36B7E385cf3d5f5Fe8F55b22776eB8EFF1DF62, Tx Hash: 0x293eda06b6283f7d80a6976562029a23a29533fcfa4ed67ff214137a52148aa1
Sending 283818241587168000000000000 PLSX to 0x3f000b6b300791Cc7245a5b8C96261e2Aeef5CcD, Tx Hash: 0x8444c8242804523724b70db8e5efcbbb1192d9630d57f697056bc4a5b4eb53b1
Sending 292084792313008000000000000 PLSX to 0xFD7Ef5A56B207a6dFe8389f57f4FBb5615B973FB, Tx Hash: 0xf4e0ceb0111dc8f448ca7c9afd40d829c53c4ee84c8912ea4de17aea1478309c
Sending 305862376856074000000000000 PLSX to 0x82376e7727b209bED678e9EE8b8732C8d43c3404, Tx Hash: 0x7d58353ffe66700be0bd31d5d6488f063959743aa10a5d7771090ae5ea12cc99
Sending 319639961399141000000000000 PLSX to 0x524991FD054D2DC14a4B16466bDF3ED610523C6c, Tx Hash: 0x0c27d0622657c6e7b6eb97bb6cb0ddb6c9bb19dedd4ac36547ba8627ed1bcb45
Sending 338928579759434000000000000 PLSX to 0xe2195F20F39c480218B053B248216933Cb709E71, Tx Hash: 0x1ca12ee0a83084fce8406a0eb9fced5041bb2406069665dd05f7a978f6a6d504
Sending 355461681211113000000000000 PLSX to 0x686F06E8239184b084cf4a2199dbA5D9f82b771D, Tx Hash: 0x8ccf1e5f00ed93120649ff72550c2d74dd7a009e5c143549da7215714bfeba78
Sending 104709642527305000000000000 PLSX to 0xdA068f855B82E4a42185BfAbCb5e8f58FB08F01B, Tx Hash: 0x60a46adf79593777cc8b93c7e8062181210bc73595fb662c4a6c846016ca8900
Sending 176353082151250000000000000 PLSX to 0xbe26be0F20d6CAE2665b9Ee0D1DB0a400b7220a9, Tx Hash: 0x125f4a55664a26db8c231368353b8c5acb635adf4254d20b52e89b48716245f9
Sending 242485487957969000000000000 PLSX to 0xF9512998E5E375453c321478112D9819E2A0025A, Tx Hash: 0x96324db1ed77fa01a461326dad1db92f347d71354bf67c504c2dcf570a2fadd1
Sending 250752038683809000000000000 PLSX to 0x93fA0Aa4aF5bFbFb1FdcbF41E1eEb1a9d01D18cF, Tx Hash: 0xcd91ac415b5cd12d5a8532de90833aa10ca745837cc62d7349e7bc528b87be7c
Sending 275551690861328000000000000 PLSX to 0x59F8753c19A6673c355239F48B4707E9e8A64368, Tx Hash: 0x46fa6660e351983f4dc8e775cad9d9fd588a992f329a8d565a39996121cd934d
Sending 289329275404395000000000000 PLSX to 0x9529a954EFeD8e07DF2Fe54210d29598b73Fa885, Tx Hash: 0x28660f54caa7f94fded5a782af0cd66be5676e6ff6cd7d45731819525ba5189f
Sending 311373410673301000000000000 PLSX to 0x6DEbE62eb9eE496Bd4e37a2A3Bd07bC40d935A9B, Tx Hash: 0x3e8b59798f2ea928d6678e017af4d24561605acec0b0822fc65269300b4d4a60
Sending 325150995216367000000000000 PLSX to 0x0222E824622f110A33b9F34C575AeE19417Fd64f, Tx Hash: 0xea892e19f1d84ab7420e0b3da2af55e904e3340b028f398e5f877416e4086502
Sending 366483748845566000000000000 PLSX to 0xc814b2256f51381bD1335E0DbC04AB6B67f0C252, Tx Hash: 0xae99d6baca82ca3df8b91e428d5a015aee39a8d59bdabc9f7b4c42df7c485dd6
Sending 413327536291992000000000000 PLSX to 0xdE98f4d79a84fc76C5119d29625B8d9c79A307D3, Tx Hash: 0x3a50f8e704f38382f5b2d7aa6e81e070bec42cbeb2c59e69d9f9159982d2fa76
Sending 132264811613438000000000000 PLSX to 0x20aAb41f1a0Fe924Fe80E06B87c0B5F40Dd3dEEc, Tx Hash: 0x2bfc94c676e14bdcefdf5c1e32e25c72ef63cfe3d2cbc9def06ff0f633218c94
Sending 148797913065117000000000000 PLSX to 0xe522E3B379839E1bd1fF0730a66A5cd7aa8f8090, Tx Hash: 0xd923acb8628cbbb9c764a7fa5828388b9e4ee5fc299f4c33b64f8ec68bf119e4
Sending 214930318871836000000000000 PLSX to 0x6d05d852804377275bf942B03f49b12f7649B0F2, Tx Hash: 0x356776425c457408e1d30e9fd2ffd8c6f8ccfbd73b8d06430228df8bf988295a
Sending 250752038683809000000000000 PLSX to 0x4E1571644A11186b3e31D67E00cC37E86BD925a5, Tx Hash: 0xfdf66167207159553ac8ae466a0ed2d4cc3b053e0dd24c8b976c28141be5ff59
Sending 289329275404395000000000000 PLSX to 0xc84eB27faF8523E5BECF193268DaB8F93a671ADB, Tx Hash: 0x2206d7956dfd53fd8217afcd01d36ee5f581659e308cf7e7c4772e77f16a3356
Sending 281062724678555000000000000 PLSX to 0x5Bf1DfFb100E9d0c7E54a039f41512726f38d6Ac, Tx Hash: 0xb4834bc0d00295405c8612e63a3c9392570c0c60f8a566e7f6118b6b308080be
Sending 338928579759434000000000000 PLSX to 0xd3E00417b7528A957b937b9A6A6A3832250D2321, Tx Hash: 0x87a7eebef013fc1586a54504b2b6abbd446d5955340abc1da38250986f30d1b1
Sending 352706164302500000000000000 PLSX to 0x495cBACfA0e1615A24484FB3130e3fE847174545, Tx Hash: 0xf8253af42a2a28cb58cf13d89bfcf07e154e65c3d1051a12b34013c190f2ba0e
Sending 366483748845566000000000000 PLSX to 0xA036Bf7A387740a1f040F524409a2D0aF8e00d87, Tx Hash: 0x376f52f331bf2d513849a44e1965ae27d04ddd5ad5d3f1e9a6a00a6e99bf9408
Sending 380261333388633000000000000 PLSX to 0x3c8e75434e2bdd5Adc0571460590fcFE85f37fcf, Tx Hash: 0xd67c1ce3a28491775ff901af61c4bfd54b0a064a352882aaf5de1aac4d47231d
Sending 195641700511543000000000000 PLSX to 0x3f5359953C907C5f2FE9E2247CEE3Ed40ef3F4Bb, Tx Hash: 0x51bfb28259cf7cb208d91b30a26a01f9bd23f408d73d00e2de0eb76ce4437bfa
Sending 231463420323516000000000000 PLSX to 0x4083485762e742f0afbF24E2DE02Cc51BCadeB42, Tx Hash: 0xdb5318d5c38aff5921517afaedbfa852d988c62c89171f051871791a3e0e550e
Sending 239729971049355000000000000 PLSX to 0xE340F56c7106A6B984a88E43661D33D353934039, Tx Hash: 0x726eafdaa56a600eb53cacb616364f005da15fbaffc2640d0f68c31e788bc322
Sending 250752038683809000000000000 PLSX to 0x54D9F52727B3057490BEcBbEFc476844067f3A17, Tx Hash: 0x83c7494bf626626431c5803f9f553bc1f60306031f178df97e2bf172a37fe680
Sending 275551690861328000000000000 PLSX to 0x932f9156abf597eE3910Ac0e5d34a51D357e3ABB, Tx Hash: 0x8249d8250038b2129e3c9a353b8f2d942774dfc0f88d84acd49784c8169a427c
Sending 289329275404395000000000000 PLSX to 0x70100026F6a03BBB7816978ba734FA38fe0dDA37, Tx Hash: 0xe60f929c2c0293c00ad4ec0696691f5bd12b0ade99ad5e74088069110555ba47
Sending 305862376856074000000000000 PLSX to 0x24561eaF4e1e5F24A2f38cDe77A682abe020008e, Tx Hash: 0xf1b476aa544bc41d7c4535e7a4108f5641dedb36e0957e5a032e83f14a429014
Sending 311373410673301000000000000 PLSX to 0x462DE1D41335C4fB55Ab667Af01E0b6Ca9705009, Tx Hash: 0x6135d60288aaea6d7c4733fefbaf8f689aaa452a1bb4e1f39fe65966beb8a9d0
Sending 319639961399141000000000000 PLSX to 0x2b5bC8011BFFdaC3813eef9B1B17E22146AdB206, Tx Hash: 0x3d905472f9fb886416d2883db637d78badbe1ee75fc7e4bd3e89cca0598b6825
Sending 336173062850820000000000000 PLSX to 0x4C5B195b767f75c02910813E0FE96DF93a5e6C6b, Tx Hash: 0xabce31e598fca9d055f1b64c25771534affd62b67eb6d71f370d35721b9b4918
Sending 187375149785703000000000000 PLSX to 0xEe9Ed9e3BbD6E22F6Bb2C4DC13C193e1eb96DAC2, Tx Hash: 0xb5b4f14a12f23e8863d5ea89614d58d596dbf6a42d4c4d11ae08f46fd4ff0518
Sending 203908251237383000000000000 PLSX to 0xED8DC42710e9885A3D9E563D9D956710569Ddfb4, Tx Hash: 0xe26533378472d641531aa5932ba10c5c7b226b85813a215a45e1f3b0097c1370
Sending 214930318871836000000000000 PLSX to 0x611551C8Cd8c9ACF276e4754943D2552A4a6Ec56, Tx Hash: 0x651388c9da36b700ca8cc5a56ee0086707f8397b71d91feeca051214f2aaaed8
Sending 250752038683809000000000000 PLSX to 0xF5edbf5aae39Ec31AA912F82aCa3Dc3D257ddb15, Tx Hash: 0x42edccb3423c8a2f431e6d78985392c8347bf1a562978906c0623fb443e0f03c
Sending 289329275404395000000000000 PLSX to 0xBDC347ef34EB3b0FFA40A7c520e3b39ff9B320d4, Tx Hash: 0xf6b3da6aa4523d0731dbdb32c45d8db316fdbc94e2bb9276d71edf1afbbf3d7f
Sending 281062724678555000000000000 PLSX to 0x4ff4aC50f140C64d6dAa5eEdCb8d6E71570cd97E, Tx Hash: 0x9dcf139f3f4d021f80ef44f4d52d471aa526cc337766426b0f7da13121c2e59c
Sending 311373410673301000000000000 PLSX to 0x056F7Ff4b11b959f6F9ccc991E9c4E0e6efAaE3b, Tx Hash: 0x40e80163bce7bb746b2aea820f1ad6b13755d4aa7276497b139c93fdb4e34b55
Sending 325150995216367000000000000 PLSX to 0x9f3D3F98b297A108894077451C81617D4531B2cb, Tx Hash: 0x9a2f0ac2226488a9d303d4918805a8b2ca1df8da4b0972bef8f63686e4bd33dc
Sending 338928579759434000000000000 PLSX to 0x5774Ccb1A91DdC263564509Ed913806206CE6CEE, Tx Hash: 0xbea199e18b88379130b1a84d95808559fe3984506213bcad9c44b8c22279223e
Sending 352706164302500000000000000 PLSX to 0x5524B5B2876CB76675209743e47D5406CA76Ac8f, Tx Hash: 0x85dacc5e828f707ef5391b6fb7ba92fb688b13c572ffb9dd296fee95b8ec1413
Sending 66132405806718800000000000 PLSX to 0x6da3DDAF2E1AE40724EC73c5845eB242271C7883, Tx Hash: 0x743148ff362fcde5226aeb9a141a6d57ebf47917e52687932bba27aea3db2bc0
Sending 74398956532558600000000000 PLSX to 0x9bC98077A87A22CAbc367FeF82e0A142B50528d8, Tx Hash: 0xd278b1ab620fe1645800057a814c768cd40769b3515266f0641440430a716fe5
Sending 74398956532558600000000000 PLSX to 0x9bC98077A87A22CAbc367FeF82e0A142B50528d8, Tx Hash: 0x47c7c705c9950af68d297e64a8bc27a1f4163e520ef35077cfb4f8e8899f63bb
Sending 107465159435918000000000000 PLSX to 0x093143abF58e8b4337aeCF5B668eeaa174cD5AA1, Tx Hash: 0xd1812d35efc1af4368141e6bef6251124dd6e403c9f2f40086050db409bd5df8
Sending 111598434798838000000000000 PLSX to 0x3bb01b577bF78F89aD08B6632Faed1c8540Ad157, Tx Hash: 0xfb7b276cc23b26987f6764cc31eb98d2e1f7a0b16f5a0a1b4ac3e2ebab9d2385
Sending 126753777796211000000000000 PLSX to 0x432e7A14b1F79cCDBfd864fa20b939C15d01c022, Tx Hash: 0x5dd9a020733f9559601041fa75eefef36da466f632f4e296fdcc20c532fc4cd7
Sending 130887053159131000000000000 PLSX to 0xbEcF094024B73B5F90705Ac67C92d54C88AeEdBb, Tx Hash: 0xe0bb77bfc5c7631f2dbc3b22a1edd45db717d1f2da527e28a7505e3346d2bc6a
Sending 144664637702197000000000000 PLSX to 0x6ea9A55e4c1ac9C10979626Ab53e6B1fE342828e, Tx Hash: 0x66904546cde055f2012cdecfec2c9aaff61d31c6b93342c5bc712d4ac0e42122
Sending 162575497608184000000000000 PLSX to 0x3E9F9a90c96530b0b1A75Bf82c65D9e19bfeDE14, Tx Hash: 0x14d033bacb100b42158c7e66428c257ddef17b17e55b33d2c65032a814e2bbef
Sending 177730840605557000000000000 PLSX to 0x27aB5e25e2cFA736281E8bc3e6Ee761b4F5d23FE, Tx Hash: 0x94e949e42a3065c844309ef5067b409ef0570e559bc5dd10b05a35d3efa2ba7a
Sending 275551690861328000000000000 PLSX to 0x56bAeEca0460f9De69942Ffc45D1B780c92b1b4b, Tx Hash: 0x7eea1cdcc686e92feb41a659750cdaca74fca2df917ea6a158334230d14b1cae
Sending 93687574892851600000000000 PLSX to 0xC70F215c61FCF4671380895d39E3aCBa67d77f16, Tx Hash: 0x94dbd25567d4e7888c2c4ca66d23d8d7f1960ae639536353d2dd91ea85c94edb
Sending 101954125618691000000000000 PLSX to 0x6EB96583202cEe5EE2305cB55a16E36fC9991183, Tx Hash: 0x570c7fa3e44ca62d441e32bff776094ff11cc1398cb37349a4da097996c73f2c
Sending 107465159435918000000000000 PLSX to 0xcE7BfE161987B59C98B25b284D68dc436ABbd7C6, Tx Hash: 0x4f6fe6fbe7a8a0b469b3e3e2caf56b3519f7f2f0033cbefe525db9d3c79661c0
Sending 125376019341904000000000000 PLSX to 0x64494533046E58b6faD854d828a380F56B2636Fe, Tx Hash: 0xf00a94ed16d2314a1557d711b49f824208f44c3348f69db24d973df0ef952c6e
Sending 144664637702197000000000000 PLSX to 0x79f733A804104C5b1C7C5800675dAc1268476c33, Tx Hash: 0x92afaf368fe881e9ab6b90bea30d80da726f0ac86dd5014ebdf59076b46c2af4
Sending 140531362339277000000000000 PLSX to 0x1a0331E2fc1D9513984A444EA8b4Ccd682154E59, Tx Hash: 0x76412a2a57e0834bc8af194106ffb70cfe582a3e38d8d24dff06958bb085b83d
Sending 155686705336650000000000000 PLSX to 0xe10a3D4Dd2D38d0bA0Fd2B3b646C2EFbD7FF65Cc, Tx Hash: 0xc8a17011a82be92af87c71e185968eb0e6a69624db1d72fd743366a0382bc918
Sending 162575497608184000000000000 PLSX to 0x3c41Bf4b1f7077beC7293D480cD9EDFCFA50988a, Tx Hash: 0xb5ccaa7cbfd4a5b66dd4bfdd541186d0c87090824f081f06e8d97c0203b77128
Sending 169464289879717000000000000 PLSX to 0x1ae78a9424f0dCf3402fe3e5F2cC3b3C47A931F9, Tx Hash: 0xe45cbe68864364db6266c8120a6a13fbb7fec5162e473917f4f84c0c7fa177bb
Sending 176353082151250000000000000 PLSX to 0xa1961f549684B9cdBf2D12C6f4Fd5995C50Affb6, Tx Hash: 0x0ece11265ecad30505be7895e804f5c799d71252ff31c9bf9ad3ea023802dded
