Sending 147767723241551000000000000 Beats to 0x0927E1C093058AA4DeBf9bED5b5130aB1c26Affe, Tx Hash: 0x71ce2f68ef986756c42003f43fa0048d44c5a4897a5730612ff399f32328a3f6
Sending 62731580621413100000000000 Beats to 0x0927E1C093058AA4DeBf9bED5b5130aB1c26Affe, Tx Hash: 0xa5b181e93493242b9af74a9fffe6c2bc8cfb7f8b2e4756708c1c839dff8dc6c2
Sending 12144821052305600000000000000 Beats to 0x8dC1a913f3d774246be39747d3d35C42a21eb76A, Tx Hash: 0xaa9ccc9361a12200bfb8f39630cf008c63bbcb98407406c5e12b60ad9b82d0f5
Sending 108734739743783000000000000 Beats to 0x0927E1C093058AA4DeBf9bED5b5130aB1c26Affe, Tx Hash: 0xd899e6cbff3751730969f600a744196510421e947bb866d3d7d5ca6a8c193dbe
Sending 58549475246652200000000000 Beats to 0xf62d020cC9da296eADDe43C691E9252fa9c10B2c, Tx Hash: 0x8452931d760558032938d2f4cfa737505f2935c74600fe5b84d1143d032ff782
Sending 765021383924007000000000000 Beats to 0x253584543D8273444dE5A029B5a56D083958190A, Tx Hash: 0x883047e0db8c82fc00e50041d89066c8f9f94c00ab46053d6c8178141a254170
Sending 6970175624601460000000000000 Beats to 0xeb1562f715529273448BCaDbB8580b2C5DC4a70d, Tx Hash: 0x9cf11610523003959cec6424d58043a52b19f16c676c8852698e8594368b00a2
Sending 401482115977044000000000000 Beats to 0x12a39B66f8eda3581ff6Be04e8fFD8F5FeaABE11, Tx Hash: 0xd39b609b9da2453941d0c9de3a7ab7fad611bde6361822d77d47f96dd5f21868
Sending 950151321774290000000000000 Beats to 0x266684b45560e26a7c7e6f2280993ebeab010517, Tx Hash: 0xd65c47941293d64a4c50ab0504a21e73793116244494f7ffb6e615e0aceee944
Sending 1030718902593310000000000000 Beats to 0x89c5B98d68BCb9eBC1A6B36CF864b7b43699D05a, Tx Hash: 0xac8fb8025011411596bc85e9f1e25b06bc1d1ecf694f11e6595a0f3db998d066
Sending 2788070249840580000000000000 Beats to 0x89c5B98d68BCb9eBC1A6B36CF864b7b43699D05a, Tx Hash: 0x9d4eb36a7e1e308cb567fb66706667abcf36ff65cdae94e51893d8ae604246ca
Sending 363316222326976000000000000 Beats to 0x89c5B98d68BCb9eBC1A6B36CF864b7b43699D05a, Tx Hash: 0x98c909fe12e6d81dae7505ad0fb60f10321f663c71a8b6637200bbf087f3aac7
Sending 501852644971305000000000 Beats to 0x266684B45560E26a7C7e6F2280993ebeAb010517, Tx Hash: 0xd7a6c87d00efe7243d1e5a8ecc0663017e77061b19af0275338819b052489231
Sending 27880702498405800000000000 Beats to 0x266684B45560E26a7C7e6F2280993ebeAb010517, Tx Hash: 0x2215f1198aab4a3ad72f9e16d374c3004104ad7a8ce9ec495c14aa9324edd3a1
Sending 5576140499681160000000000000 Beats to 0x35EfCe5f4bd52356e8215BCB9dC7687aDe6B6400, Tx Hash: 0x25bb42f03b130d4544380e8d637f81e3a97862f1c1223a17196d351171dd02e5
Sending 278807024984058000000000000 Beats to 0x35EfCe5f4bd52356e8215BCB9dC7687aDe6B6400, Tx Hash: 0x30d5f641f59fbf3e5e1e2e19e34a23f76fe4b05c396f18bd28dc6e37f8b6c9e7
Sending 34850878123007300000000000 Beats to 0x35EfCe5f4bd52356e8215BCB9dC7687aDe6B6400, Tx Hash: 0x5df9e0b5c9b4e8e3637c42edf210c7b6f245e0acdd021aa52202180cd71e9227
Sending 34850878123007300000000000 Beats to 0x35EfCe5f4bd52356e8215BCB9dC7687aDe6B6400, Tx Hash: 0xfbac1a9adc2731f59588bc309fec6d8b93111e81f0263f7d80b5b3adfc4bde66
Sending 278807024984058000000000000 Beats to 0x2589eCe7a6E4d35a3b21C8d60036026DD06247C5, Tx Hash: 0x1dc1186796a800d98279fa7817d2c65907d06eb0caa59c6407f71e94ef3f9994
Sending 791876437523303000000000000 Beats to 0xeBF85E5b0dEa00AB110eE1857f709E35ACA5309B, Tx Hash: 0x8af88757715c6eb4cd0b4617b69bb91e4d369dd8ae157b1653e0e1a343d4999b
Sending 6970175624601460000000000000 Beats to 0x131E18f1caCAf72B55Eddf4491E0499164346bc2, Tx Hash: 0x32da5427d23d72eb72399dcd3156663be6e48510582196857f4d234447991df8
Sending 278807024984058000000000000 Beats to 0x2589eCe7a6E4d35a3b21C8d60036026DD06247C5, Tx Hash: 0x04b64866b4287f5bc4a4b70e32ff6f5018c56824023d6f00d300482d696dff9a
Sending 2865514477170400000000000000 Beats to 0x98de4611DbEb65aBC0C86f16BB6495e7a013c511, Tx Hash: 0xe2708af5c344c036e08c2d37d4ff0b74feb89843843e0441f8a8f0672e3ed307
Sending 593610824963808000000000000 Beats to 0x1823ddE167bE01a9b2fB0c595F385E0D5E0d0AF4, Tx Hash: 0x17c1da31a68adc756b2b78acb081046a66b0de6aa5bcf45ac4399e8c16a50cd9
Sending 3287134824562050000000 Beats to 0x1823ddE167bE01a9b2fB0c595F385E0D5E0d0AF4, Tx Hash: 0x07ac290abdb649d92de5ca7dcc54d2bcc08b3312125f42def03ce692fa372769
Sending 2788070249840580000000000 Beats to 0xD3E684B4C0E04c38DbA74022bF0dA66fE608E386, Tx Hash: 0xc4dbbb07429c1347988a47ac578a4f62d0381856c52a44dfd62976fd975e7e9b
Sending 5573352429431320000000000000 Beats to 0xD3E684B4C0E04c38DbA74022bF0dA66fE608E386, Tx Hash: 0x882e00a6fcd794922cca315e6cb73ace34fa80c44f70fb10bcf44911612246a5
Sending 2788070249840580000000000000 Beats to 0xC5d7B42CDb68395530cDf6bF86B60a2253b7e93D, Tx Hash: 0x1472b5cd76a0b15fbdc718d6da0d4ccd7b324666ce8a6db934d983f5650a38e4
Sending 2788070249840580000000000000 Beats to 0x27a573294Cc43Ae793b9fC5932D48FB36129c44f, Tx Hash: 0xd3624e99dfdce2362c6889263615ca72e8a93752783b39bc3bc6682656e13bda
Sending 1074931522340800000000000000 Beats to 0x099612344304432B9990Cbd1A10952C57DF51642, Tx Hash: 0x059072734c5b7fc4e6a0add95f79cce11c38355470c12f1b160ce5e218e15c48
Sending 278807024984058000000000000 Beats to 0x2589eCe7a6E4d35a3b21C8d60036026DD06247C5, Tx Hash: 0xc49a13760c01e980b066ed87ff5d2b5934df8d957ce53ba0b781c0f8802033c7
Sending 6970175624601460000000000000 Beats to 0xDb728a9740C3a1A3431b5F50510D7763Cb2d3DEC, Tx Hash: 0x404471dceb994d9db62717c2d938fda5ac436ec7752655bface565869ccdafc0
Sending 12546316124282600000000000000 Beats to 0x198EdA33f781bB3eBf98A800ae8Fc2E826A67FFc, Tx Hash: 0xb31bca9da7d259a47a3bbb8628b2ff2efdb9caedc7d4206aff7ed2f69dd99d49
Sending 1394035124920290000000000000 Beats to 0x131E18f1caCAf72B55Eddf4491E0499164346bc2, Tx Hash: 0xb0bf5f1915d299a4b1a8fa294e209924f40242cd71db87c34f7a813ff948bf2f
Sending 9371763576409140000 Beats to 0x1823ddE167bE01a9b2fB0c595F385E0D5E0d0AF4, Tx Hash: 0xfde88945d949ab61e4aadc2a8d194c37fc7b05e25e4195074a254c96071da175
Sending 5576140499681160000000000000 Beats to 0x35EfCe5f4bd52356e8215BCB9dC7687aDe6B6400, Tx Hash: 0x0a1fb6c2e68e0f6824bfbc6238c0cfe5282d9cfe838d2f8153ec2f02466ec0ce
Sending 8364210749521750000000000000 Beats to 0x0aF7d613b3fe444999f2e136d765414f5cc59e8a, Tx Hash: 0x98570696e4a34740e020e1002365c2a6f200a906d0c9776b8d67c33d6c49d889
Sending 3066877274824640000000000000 Beats to 0x3247E9a9B64BaEaA342d22e43b0E7E34c678E265, Tx Hash: 0xc980a583a4bd2ebcd8cdda31979fdd0884dc48c35efa1ffb393fd3bfa45989ef
Sending 585494752466522000000000000 Beats to 0x98de4611DbEb65aBC0C86f16BB6495e7a013c511, Tx Hash: 0xfc0b71e3eecdf701516752ac859ee692f42b1ba712a71358ee6812bddc282b9d
Sending 278807024984058000000000000 Beats to 0x98de4611DbEb65aBC0C86f16BB6495e7a013c511, Tx Hash: 0x63f90f3cfe357451ccedc2dd3e2181212b3ae6bdb180f91f7d164c3515228a00
Sending 557614049968116000000000000 Beats to 0x131E18f1caCAf72B55Eddf4491E0499164346bc2, Tx Hash: 0x76493a8855ea9a9eed0330f83afebd7a359d3c82d09eef7fafc9a380de8ef68e
Sending 644044227713174000000000000 Beats to 0xBb86ccb4eF165535Bef08BFC616a171855c27885, Tx Hash: 0xfbfe203465612f9308d4ebc6599b9697c1509fa8a755b1130ecf08ebc59ff62b
Sending 116624978550832000000000000 Beats to 0xBb86ccb4eF165535Bef08BFC616a171855c27885, Tx Hash: 0xa081b3bd8fc6b1fd0acd36b9327d9f3287b8278ccd3120e8ab7df47bf7200b18
Sending 2509263224856520000000000 Beats to 0xbB3D74A438DD479717Bf75D691D0F3270a02D6Bb, Tx Hash: 0x4bfd5a920a920cfea06933c44ab85d1d82ba36206a199b8a96b51137c3afd18d
Sending 2509263224856520000000000 Beats to 0xbB3D74A438DD479717Bf75D691D0F3270a02D6Bb, Tx Hash: 0xf0647ee89c02ee2dc8fc7bee1c2bf6ca950f213851b9c5419169ce9f9bb93733
Sending 501852644971305000000000000 Beats to 0x15F0E26D8dC19eF282EC7a7Ab9F7503AE806f141, Tx Hash: 0xde3c8d29b0a165a6b634e731d0fbe8370870c1f93d7c0b4488e0ba09f663c191
Sending 1249613085978550000000000000 Beats to 0xbB3D74A438DD479717Bf75D691D0F3270a02D6Bb, Tx Hash: 0x3d08aabfd0d9dc21444fbb127b1457f41839cc20de5f37ccc4c3121e7aeb606b
Sending 88746032946529500000000000 Beats to 0x4de9F6F29B13EB437C8769279AD04924a7EB0d9A, Tx Hash: 0x289fc163d5e5bd1d8b27b07ae7ed7d7e3b83f5bc858239c7cd8361ef3a459148
Sending 75277896745695700000000000 Beats to 0xF3BBC28172f170Cc840158E44815649ACfB1Ee9B, Tx Hash: 0x857053f49add6239283889daaeaf971cb9b76c1337ba0dd724971e32b847b2f4
Sending 163102109615674000000000000 Beats to 0x0Af2d545B16B1B6cD2C73f40d2425588cC16c366, Tx Hash: 0x09b8bb0a71413be92bbf6ebe75322f499f29a072cfb07a70d3bbcaa41c7a77fc
Sending 1254631612428260000000000000 Beats to 0xDef5BB9Dd46eCD69eD3020A78BEfBD4b645edBDc, Tx Hash: 0x41f60b0bc6e707c67a483c114fa8064e34c44b64c4c674c67e2a470e695c32c9
Sending 328826399301323000000000000 Beats to 0x43296325cDC248D86dEb2f613Ff1E4D8563d7A2a, Tx Hash: 0x828d1cd46b9cd9f9c044aa9eebfb32cf0c80bbcb0073879834a7d5fa1aa81c40
Sending 4767600127227400000000000 Beats to 0x5cE18C3B827C4Dac1fF0C563460869aFD25B4b19, Tx Hash: 0xc5a7b04dd651dea87d6b434466b2457a3f125c198a34c8ab03682789b20a66a6
Sending 71940576656636500000000000 Beats to 0x1921FAa0f7739Ad9C78056C7F31c602b3c7E5c97, Tx Hash: 0xf73747881f9888f1262fe927806434ffc6ab454ed0805af3a4fed83b6f85cc76
Sending 3883219729023440000000000000 Beats to 0x579c9678ad78EaFEA39fC652990447e885244E1F, Tx Hash: 0xc5bcc05918eb17333bbb0418d507584d1bf2d243d824b32741fb0c7fd4661d03
Sending 404942389964121000000000000 Beats to 0xDd3386c673Be94A58bc74d0bc33C1Ce510c8E76d, Tx Hash: 0x5bf210b88ddcee743f1dca31892099739a8658ea1baafd67f6aa30b9b848e2ef
Sending 627315806214131000000000000 Beats to 0xe0C9a710baA7A11C45EdD2158A9c8a240aa08df3, Tx Hash: 0x8304d98d339122adb49d15ce4916572fc817d0a4d69b9be19ee1b52391c0396c
Sending 1254631612428260000000000 Beats to 0xd04134a6Ef057274506acF53CED2958829351C04, Tx Hash: 0x8e1646fd3bd773b5cc50feb391824625521e772416c91f83fbb04919e29ea564
Sending 2508008593244100000000000000 Beats to 0xd04134a6Ef057274506acF53CED2958829351C04, Tx Hash: 0x199e7d8806b3ef65c1e31ef498e6d1193f1fceddccbd71e77b7536c6a9e99023
Sending 501852644971305000000000000 Beats to 0xF5D7B1B20288B9052E9CbdBf877A19077EdB34d8, Tx Hash: 0x9e9efe01e8e30cb9d2ba344552a12a8591099aec2514f84e733efc2368596798
Sending 1003705289942610000000000000 Beats to 0xE726fCF4E6FEAA807792efbCb9Ecc80072660cF2, Tx Hash: 0xe31df7b8bb374284faa56733ff7eb8163f5b337cc467bfc0a033f740b49f2443
Sending 2509263224856520000000000 Beats to 0xD1C4c78472638155233A1cB9CECEBed04C04E9B8, Tx Hash: 0xea1d9d2dcb3335d0322c174ab155c70768b25daa2dc9b908227f4dd231b68885
Sending 750269704232100000000000000 Beats to 0xD1C4c78472638155233A1cB9CECEBed04C04E9B8, Tx Hash: 0x5c4b5c4f894835475fc9bc28f66339c8cbc6988e10a54c32106c17c6e09477fe
Sending 1254631612428260000000000000 Beats to 0xD976891378bDB926e87E63352c620970287cE9Ff, Tx Hash: 0x82adbd48eeceef1ffdf6655e20cb7bf51b07b41cb75e965ff074e71814e8d02d
Sending 125463161242826000000000000 Beats to 0x42C97dC4f2F50C4854D0FE645c81a15214b1ae1f, Tx Hash: 0x1fd5c183dec1153c7d76299ced64eff88638498fb44ebeb4d5051d6a8b477bb0
Sending 4787956493296490000000000 Beats to 0xeBDa6A6010e6a138463B9c2eE9A6AB048e5D0a54, Tx Hash: 0xb2cf7b1155375be9f1689393d5c8f31e3cc87ad7bc3021ecf2e55609e35b43be
Sending 50185264497130500000000000 Beats to 0xB76756D45ee4683756Aaf257a6A8eC093FC6ED0b, Tx Hash: 0xb8406f455435fd2ca7193a2a07e302c4b96268e77730b09de9a96076119f2a8b
Sending 1003705289942610000000000000 Beats to 0x24B4f85307a182F0e8d373b360B2547F2C1C783C, Tx Hash: 0x0f4ff8cb8a90880f9d74e1b93e1f9e0374cc569f614d54a5d1360833e38c7841
Sending 627315806214131000000000000 Beats to 0xB0B734CFC8c50F2742449B3946B2f0eD03E96D77, Tx Hash: 0xd4732e97792a4d8f87e14f8533f70e7b321fa80c66b634eca5b97a9727eb1ee9
Sending 163102109615674000000000000 Beats to 0x32A75C51EA891707c2Ad76a5780b37F5bfD725AC, Tx Hash: 0x1fcf8e19072e75a0da20f86c45a431c28640b744b99051c2b7a48c3215614d6f
Sending 2509263224856520000000000 Beats to 0xd140D6C0Fa9a98298b62EDFFF13ba3732CE90551, Tx Hash: 0x7899bed17b780b7398df7be65ef0fd9ab58719b9a1fba9983be1100b7fb15466
Sending 923408866747201000000000000 Beats to 0xd140D6C0Fa9a98298b62EDFFF13ba3732CE90551, Tx Hash: 0xd559fedca9458226701abd2ec07bcf4e7e4f26c2168887bbd61ef2ef6e00855b
Sending 2509263224856520000000000 Beats to 0xD15e6Bb0804bb234fFd7e6eC1bb22b92B70C2a15, Tx Hash: 0xd661152e057d5f765d8ac741491573816e9669b439258aaff0a64d8c2222a903
Sending 1314853929824820000000000000 Beats to 0xD15e6Bb0804bb234fFd7e6eC1bb22b92B70C2a15, Tx Hash: 0xffbc09c9e840e9776649330b46585522e5d1213b0b301815ba2ee3d64d13e029
Sending 376389483728479000000000000 Beats to 0xe0C9a710baA7A11C45EdD2158A9c8a240aa08df3, Tx Hash: 0x720d857731ad224e751122473316cb136ddbf227005fb74ed33644f425c33b1a
Sending 351296851479913000000000000 Beats to 0x5D759cBc617284f6392A323c9e90E18f752dEAe3, Tx Hash: 0x99c223cb09d3ab98948280acaf79e9a78440aec2a3733a3f7bcdafa3ea9c8db4
Sending 250926322485652000000000000 Beats to 0xe0C9a710baA7A11C45EdD2158A9c8a240aa08df3, Tx Hash: 0x61d48ecc02f87f288d0a485903ebb1051aac7c5b360cefc96b059f931c9308b0
Sending 1979808684411800000000000 Beats to 0xCB12038A1794849Ca975E0EE98195f49687A71E9, Tx Hash: 0x913f353579185bb85b7b28abe96b11186d4b883dffbd7a7802d91dde8ba33671
Sending 116126192783135000000000000 Beats to 0xCB12038A1794849Ca975E0EE98195f49687A71E9, Tx Hash: 0xc52c17f920ced1f999ce0a24b9b725aaaf00298d046022b2bfd3bba7db2d0704
Sending 3090584236159040000000000 Beats to 0x1793a9D2752A0E65EA66e1D5F536d59717D622a4, Tx Hash: 0xdb1c2529229de5aa6cb5fd6ca7f7c60076261690c985f1cd2cd7e68597f25bac
Sending 32620421923134800000000000 Beats to 0x4bf4fabdC36C1f8E33EeB501A48d7426D9241896, Tx Hash: 0xe46d0ad1cde133749d0aa4f570ac6e610d41a877f3f1af7b258c84c1a6cfcb3e
Sending 67750107071126100000000000 Beats to 0x8a463603daAc0F4cfd72255F28d781396A7ed1e8, Tx Hash: 0x4b6b8704ae1a72acda9f10702235369c71518af0abd6115db41dd40e77851014
Sending 263221712287449000000000000 Beats to 0xB0B734CFC8c50F2742449B3946B2f0eD03E96D77, Tx Hash: 0x1939003482d9ca86cd702ec83134bf3b4ca8c818f8a92629bcfd82456691a8c7
Sending 125463161242826000000000000 Beats to 0x0d11d0E15a57A05fD21865492e516B3FAE67e0B9, Tx Hash: 0x66a198999a06f11e5105a279b5023fdb3ae642b31f26392094ea161c837b617b
Sending 1254631612428260000000000000 Beats to 0xFf8c8A26c47013C976D522E5CE6E17Ed74D585AF, Tx Hash: 0x99b652eac3fd44817976561e671f92a23e2d9bd0b1856dfd48d04010d2c7ada5
Sending 702593702959827000000000000 Beats to 0xC5787B68B52A994Aa9Dc9cE9f7A4F8e1694465a5, Tx Hash: 0xcc958fdc4f7d141b3e3b93f488e3aae4b2ad83f69a89152bcbc280829f4769e5
Sending 50688043060231700000000000 Beats to 0xA8619E6830c4069440f9a6819EB16bEe2da05227, Tx Hash: 0xa8b2ec291c194bba165cd9619d32cceeffd6d13627b2c6f27d06ecc570b68e56
Sending 26891773980787400000000000 Beats to 0xA2aC084122842b18E368E13DEeEcE661eEE29F83, Tx Hash: 0x518182e5f1ee6878f7eb77512dc06448f27accb29bdddfb4021f2a3f70cb039d
Sending 50185264497130500000000000 Beats to 0xB821aFE1F6b6f9EEd0B05b1cE7d9cE1220C043B4, Tx Hash: 0x8ee2a45b2e97fb262cfae1ce80ff865906a781a32af4f5d03e1772db80489e94
Sending 200741057988522000000000000 Beats to 0xB821aFE1F6b6f9EEd0B05b1cE7d9cE1220C043B4, Tx Hash: 0x02006fad421b62faadeebe9397d062f35f74328fe376e882fc1d091c3eb5ef71
Sending 22003729218766900000000000 Beats to 0x1793a9D2752A0E65EA66e1D5F536d59717D622a4, Tx Hash: 0x882dce45de2edf90c37d20bfb166e34ba3a02f7503fd6e4f5e660b26f3636903
Sending 321185692781635000000000000 Beats to 0x6b2615167103190C7f0F5D2800e11247675b64eC, Tx Hash: 0x31f3ea3a31915bf508a972a19d34a9f78bc8daaf3bc6869333ad2a332b71b670
Sending 250926322485652000000000000 Beats to 0x3205a3Fe0FEb25b693316072D07C49405f4821CA, Tx Hash: 0xffbb66ddbf9873dcae3ba7140f8357ea7baee4f44ed4bd5491a914fc6711cd27
Sending 140089031245345000000000000 Beats to 0xced2d8a158EdAbae3BeBd59325f54eC21C27F2b9, Tx Hash: 0xf423cb08ab87208536bff45e9748e5585075c5f8c9cedfecb864c0d700e081bb
Sending 250926322485652000000000000 Beats to 0x98D7a623705a62153D6E88d43eA745708BECb7FD, Tx Hash: 0x0d5cd9887eea9254b09c8cdeac6dff0863fb9c9b0420346a9f7934313331f440
Sending 2509263224856520000000000000 Beats to 0x9b572c432e81aaB3c217e74E8C35121Bc512b656, Tx Hash: 0xffe2e217d85ea8d17c43a1a9dfd1712c445692a1e4556d917810403ecbcb8761
Sending 42657474822560900000000000 Beats to 0xD976891378bDB926e87E63352c620970287cE9Ff, Tx Hash: 0x1bdf3761516e9eecabeceae28c0b96c4360b1413eb5d728883e15a6e058c9a94
Sending 147981289422689000000000000 Beats to 0x4d620f510a56819e5122c4129Ed6a82c198e99A8, Tx Hash: 0x5e63f92f519ee9656b1a72d94dd16e0cb2bd16c0ef0ead4696928035b5c815ac
Sending 80027932030349100000000000 Beats to 0x4d620f510a56819e5122c4129Ed6a82c198e99A8, Tx Hash: 0x5d3f160e6d4f435f0a6ccf254db676dd015804c6cffeffe7f1f674214330bf97
Sending 2760189547342180000000000000 Beats to 0x83AE044DB86C835Cd83233D800D5d7F9EA447B0B, Tx Hash: 0xcee443c9effee8977579676c22624732c1b418f963a63e5caa3172557fd4f5ab
Sending 250926322485652000000000000 Beats to 0x13fFD067063174c330b61a522784e5B28b345339, Tx Hash: 0x4e9631da9ceace63a1e8ffa6fd5e623f6cf913380fca6a0a6e0ae4c23888dec8
Sending 32206393491033500000000000 Beats to 0xA2aC084122842b18E368E13DEeEcE661eEE29F83, Tx Hash: 0xed1ab7ab8e1091c0641ae33f7d145ab803e4e980f15347b62c43976c073c0a27
Sending 2456568697134540000000000000 Beats to 0x0d1A4A73569f977a2c61E35b8efda0C27c46f294, Tx Hash: 0x74cdf900f47a082d69963d691587d67d12f988ae3857fb37e5d2dacbc5f9878a
Sending 250926322485652000000000000 Beats to 0x4440fDddC07597Fc01bEb8fb97b6974238C3E0dE, Tx Hash: 0x8db799a904bf63f7a730d99a689ec47a2387c5fb35cc1722318f8623d77e30fe
Sending 25092632248565200000000000 Beats to 0x0CeFCf0fBa4ab6F491Ba4C1BC7ECb4A90D0A54DC, Tx Hash: 0xee18d9971dad62ded38e79fa3afe3de0c959d613b3e1384a7f13f52ec45d2479
Sending 250926322485652000000000000 Beats to 0x0CeFCf0fBa4ab6F491Ba4C1BC7ECb4A90D0A54DC, Tx Hash: 0x577cd52f869354c38c9bff2889242ee72979494b129eac0977f995a21848db51
Sending 1254631612428260000000000000 Beats to 0xC6A9B0669262FFd606294FB28D308B647C4c2cbf, Tx Hash: 0x507aa4852271103c3cffdfc7714c1f360db64e33270903c306756c6f880530e5
Sending 125463161242826000000000000 Beats to 0xf3CFEE4a574c22789BE6C483370a0a36f21Bc1D8, Tx Hash: 0xefdea75a247bc78cbfa87c49a556a3b877b8ab38a7492096a53e2669d97497fd
Sending 376389483728479000000000000 Beats to 0x4440fDddC07597Fc01bEb8fb97b6974238C3E0dE, Tx Hash: 0x08e593e886e87d406cb1f2912e745932bc4dc11ad2a03f6326eb6eada4880f32
Sending 1505557934913910000000000000 Beats to 0x98D7a623705a62153D6E88d43eA745708BECb7FD, Tx Hash: 0x7b1564a088a68a88b4a896ca20ca218339e255f09fa739a1cfafc5ef427e5bfa
Sending 125463161242826000000000000 Beats to 0x70974E1b2e5557AF2ea18189037aDE2b89b2ec61, Tx Hash: 0xdc48f8c149b88abde9e4192ef46c1f47cdd8d1f31f18d3b1f052e31c07cd7220
Sending 250926322485652000000000000 Beats to 0x4440fDddC07597Fc01bEb8fb97b6974238C3E0dE, Tx Hash: 0xe83221f1ab9dc60be6d7efbcf689d9c08640398dee5f00d69b3de7b349494708
Sending 1254631612428260000000000000 Beats to 0xba553713885EC425F7483A4d1fA72c0fF937eA04, Tx Hash: 0xe606fbc9a0f494b17bdb67f62f4a8de5381eccca2bdc71501695f058cb205175
Sending 2509263224856520000000000 Beats to 0x17e8565190e5B0879f28E3DDE1b3d8d22461C19C, Tx Hash: 0x905c00e77e43e91106b3c700de0482ceada0eb2acf09f55f4c7596332041fa3c
Sending 199642000696035000000000000 Beats to 0x0CeFCf0fBa4ab6F491Ba4C1BC7ECb4A90D0A54DC, Tx Hash: 0x8597d51b63f22aaa898c919d662f294715bc128d056beb774a8370905c5433ba
Sending 276018954734218000000000000 Beats to 0xBf52864FeB04CEc892F4368BB7A285955AFfFcE3, Tx Hash: 0x3e4ac19d91dac696b778fa03a27312a110df5554ab2d03ce846c63ab7c63611b
Sending 250926322485652000000000000 Beats to 0x89D04aB19C5590b887Bfc87ABB50B9264Cb6438d, Tx Hash: 0x4f26d3b27762f80a6b9b77d4341fdc30ffde318e3ca0bd0750824602725d6b3f
Sending 250926322485652000000000 Beats to 0xd6407F4cF659f971fA49759a6C94B477080E32ad, Tx Hash: 0xf90927109d3ba2eb1a92294f3a26119604f5282f896211c4e70f7612e46b502e
Sending 3134318184905060000000000000 Beats to 0xd6407F4cF659f971fA49759a6C94B477080E32ad, Tx Hash: 0xf9dd0866307a98664ef39d7d6e310e1f7a9635962b9a12611d6251c85712cfdb
Sending 7527789674569570000000000000 Beats to 0xd6407F4cF659f971fA49759a6C94B477080E32ad, Tx Hash: 0x4f9a4293a93fa63727cceb790f80d19b69d42e529b4b3dc11eb97875af1385a9
Sending 10037052899426100000000000000 Beats to 0xd6407F4cF659f971fA49759a6C94B477080E32ad, Tx Hash: 0x62c09a7482519da01eb877fd2a8bec5d268b167563f708a586f016661615bba8
Sending 5018526449713050000000000000 Beats to 0xd6407F4cF659f971fA49759a6C94B477080E32ad, Tx Hash: 0xe7dca6255f015b1a2404f72df7483d1171b8a52933a1a2b4347e310785141b79
Sending 5625512205279390000000000000 Beats to 0xd6407F4cF659f971fA49759a6C94B477080E32ad, Tx Hash: 0xbe729fd1df6bfefe5ce081f97fcb1225cd0687c060ae380a5bef8afd7e5fc812
Sending 1380577179526070000000000000 Beats to 0xa2FE3C73e23AA9772375CFF06B118cC9f4d27249, Tx Hash: 0xeabef5ba50717daea7b2a051d5e6784b54cdf6cdcf972b6351dfb8ba1abdc6a7
Sending 6998703047822290000000000000 Beats to 0x83AE044DB86C835Cd83233D800D5d7F9EA447B0B, Tx Hash: 0x8b3e677d09a0ff3380d724ba64e157f66447de5d5f69754df55dbd50e3772067
Sending 2509263224856520000000000 Beats to 0xC046a433C09957Bf06EAD0f34348Fc1384971e4a, Tx Hash: 0x75f504155da5784892a1b46389d6633157b4e21a70e46ae0bc28c68ea1dd8d39
Sending 358878430908530000000000000 Beats to 0xC046a433C09957Bf06EAD0f34348Fc1384971e4a, Tx Hash: 0xbb1f256a2cfbc9093d10f4dd7f332bce410075db331538e219a43cd9b4d49d01
Sending 180666952189670000000000000 Beats to 0x0C40cdecB2c514327316c460D36C2Afc0FDc8ab8, Tx Hash: 0xa8a0e49d01494a1caadf43f41924935d56f92eabf489838f5b321551b74543f0
Sending 752778967456957000000000000 Beats to 0x17e8565190e5B0879f28E3DDE1b3d8d22461C19C, Tx Hash: 0x99b9d2bc2a6d72e6ca8fb603c1955e6ef15ca8b489cd9b4aef595bb8d63476dd
Sending 501852644971305000000000000 Beats to 0x24B4f85307a182F0e8d373b360B2547F2C1C783C, Tx Hash: 0xed2c647cb2412ddef031537783e5ef5d08cbbb060888983248205a9ec57b0469
Sending 273469543297763000000000000 Beats to 0x0d1A4A73569f977a2c61E35b8efda0C27c46f294, Tx Hash: 0x16655e0e6c0977eec58d064991b5742ed78eced46471d784dc8284c446f3f3f5
Sending 125463161242826000000000000 Beats to 0x5BA97E16d5B25E63aF7934471a0C7ed49f8df8Ff, Tx Hash: 0xa155686208c23d951c44b066129f071269fe1f3e2c6734026e666196b72a782e
Sending 195722531538809000000000000 Beats to 0x9a6567989997Dfbb90a0C802AD4db4714D71cBBf, Tx Hash: 0xc9e972e86ce69b51354a00d84adba46a90f2a96eff08ea1d507148efc001ea84
Sending 94097370932119600000000000 Beats to 0xE205334b535C12e687d052f1Cda7F00CD5E6f7Ce, Tx Hash: 0x947e187112a3624a2c4e014782b394b6c64969682122f350f43b0008d64da1e6
Sending 27601895473421800000000000 Beats to 0x7B87952b9E7480Fa4766870105e6436D86009727, Tx Hash: 0xd357677bf3cbe2b60c86536022f42127f52f2a99ee36d3b14d33f1d90bf9809c
Sending 97000000000000000000 Beats to 0x036F08837E17dcc2C7182B584C929C60c2E2e512, Tx Hash: 0xf79dc054d65cd3cc3597f8f021ecfd715a80df8e06063071355a370fc5fa8c8c
Sending 54000000000000000000 Beats to 0xd5b9eE81a5Fee0604716a47ca6e02809e498c216, Tx Hash: 0xb0a19a154dde90b00e8aca3daf15dfcf3c70709653d858916a8009e6af3977ac
Sending 54000000000000000000 Beats to 0x0C27354c6E7071F6BFc339b01F9DA9912552d00D, Tx Hash: 0x45e9183ef37529907305ca4ad61ad1ad863ba1e04b989a1a442efc956144a984
Sending 76000000000000000000 Beats to 0x2e329B6D1478ad5A86F8CC7C5c7193335d2Cb2b3, Tx Hash: 0xc418404910910a483bff85bf0a9b14511214b48ebb9fcf71478cb7d80d306410
Sending 97000000000000000000 Beats to 0x9f063756d6e2F81fF40FA7fC69DbE9eC1dc24d15, Tx Hash: 0xf22896bcf5ee87f4567084f83353b4a29cd8e7140d1a4953810bc9d747a1ce73
Sending 69000000000000000000 Beats to 0xAe6696bab108D4d9D496180EA3c0f57805945235, Tx Hash: 0xac036be8512f2b4651ab3d3470d379787a6eb3a4753c7ea9b0f74f2009f22052
Sending 87000000000000000000 Beats to 0x049Ee15A7804CbB0B70f7cbeBC1a73DBc72a2Cf0, Tx Hash: 0x0dceadaf82dea71441aeb475bbbb45465b42aa28a561312080327525b0b78c65
Sending 50000000000000000000 Beats to 0xb17A3CF39d91d6Eab458469faD1562d7819f959f, Tx Hash: 0x8dc2d420698e1352d5182f2549e579be1d9b29ddb0e09696d7d331ad0e5b0fab
Sending 71000000000000000000 Beats to 0x7eD67fb1965CEe3914E8915C3F97750172c2eA3b, Tx Hash: 0x377df42360cfc0454db8afd3f0a9ff4ea974dee45417eb20815f59d8f5df5140
Sending 78000000000000000000 Beats to 0x852c431857F8aF13450AbBcef2046a6fEd0cb4A5, Tx Hash: 0xa05338723a1cde3f2699fa6456dc66b6df3a20831dc55f6368a1cce2291b6028
Sending 40000000000000000000 Beats to 0xedbCa2a89688611f16E100aaB2087C5010bEF1aa, Tx Hash: 0x357b4774693ecea60628510c550268ebc2370e758f8315dc0c40efed82265e48
Sending 89000000000000000000 Beats to 0x3C3c842AD4Dd9CB8a45Ff6e78F2693d4A3C22F1F, Tx Hash: 0x23bf0bc801d6fe2b4110f0f4e666de7dded5cb1cf387015ffe78a41e0f18916c
Sending 57000000000000000000 Beats to 0x1EF2Bd018430afd1D2185C9D2b3b1Bdeb86b1b51, Tx Hash: 0x47f7a15144690f27de37bfc6528d68fd81142f6f75214a7c0d32b4764f5d8bd6
Sending 108000000000000000000 Beats to 0xed2f418cAC4faCAD9e4f6242bD1d46bd24b2Fd46, Tx Hash: 0x9daecca9f347ee8d8c46417500963ac791c8ce8cc85c1937ecb8621a73f76fbe
Sending 85000000000000000000 Beats to 0x9Cc809EF473A95B543023bdd3A27afcB5C382051, Tx Hash: 0xc712643c4fa13b8b12e4efea74d63e5e3166da6a4f7c62494fa9f7ab450037b4
Sending 69000000000000000000 Beats to 0xf776866AE8CdCe52C30eae2E8b3F00017527C68e, Tx Hash: 0x8269f14b5f2ffdfbddc0aae0c6c6aa713c6c4a0db3cc38b581b86f0a3e5c0393
Sending 80000000000000000000 Beats to 0x459c950F0D6b42336D4Cfd82B62adC3e080a0C9d, Tx Hash: 0x6918f4c70cc66ef2f8e310b04d75ae2af5cd5386e5760caac0d8c9a098115245
Sending 88000000000000000000 Beats to 0x04d5cEC4D7284BA77f327a38661cC0D0211C308a, Tx Hash: 0x5d8d707357559cbffbe9cedc7812983edf0ac064ec24ec8c039991a10644a7f6
Sending 73000000000000000000 Beats to 0x0e63Fc22a5Ec210Ee00bf2521ee9Bf5a0102Faa9, Tx Hash: 0xc115237ea50e78482edf75baab39acb7b0a056d893f78c4a2271838de7dac68d
Sending 68000000000000000000 Beats to 0x924A28cf7185Dc5d9ABC1d36F65cf69F7b9ca7D2, Tx Hash: 0x59e771703c32119c2d932d4e17fb607cbc2c19b6dadd0df2dff357adbb0ec416
Sending 99000000000000000000 Beats to 0x4598b08d8d643D56A2CbfD8B209e04e0A64DF8C0, Tx Hash: 0x4b7d7338eaaf985b9d1a03470714aaa0f9fd84b70554d2d4aae52fd1fdadc5c4
Sending 60000000000000000000 Beats to 0x8004f71Aa54E18e9c3f08a408AA7D1e1eCb0d9B4, Tx Hash: 0x6c35ae534f5d5e4ee66d55cadc186d1306f3d486e1f8303189be617f8d10f5be
Sending 102000000000000000000 Beats to 0xD043ba8f1dEA725115479C180e482C30828b92d1, Tx Hash: 0xc273325c15d7217b0e13fd28b00c5f652262fdcd040d951ca582e505f5b30ca5
Sending 107000000000000000000 Beats to 0x42A7cC593801C36F579FBcf1Ce798eb30542D6fd, Tx Hash: 0xb55aca1fedfadb9a57e383f1cdbb37b5150e971fc4e350cccaf52a0aa3d64d56
Sending 86000000000000000000 Beats to 0xb8BD8E83ecFc974b7cb9951eD623A688ED3c7Ee9, Tx Hash: 0xb662c336b9a88c974a1790d78af6ec84095cf4c7eee625a99c644f2048a1c1e7
Sending 71000000000000000000 Beats to 0x9d1C424B504ccC28EBEE9C40e7e7729c0354b183, Tx Hash: 0x689086c8774447d95d76d9f966433becfca472f37e9cd4a95a260087f6a9d44b
Sending 86000000000000000000 Beats to 0x08a2F2D75D9b36eEB27617f13234B3c6DDdFE791, Tx Hash: 0x0967140e30729274ba6d9dd94b847e3bffeb5a0988bf8e6747d51ff48d13a2a2
Sending 74000000000000000000 Beats to 0x91f58D2967F2EdAabfE7d8D2B86CDFb160c3095B, Tx Hash: 0x8c4b8ea3393f32a67faff5df2f511975e3dba6fa5f8ac87ba8d2b535d2d60b25
Sending 57000000000000000000 Beats to 0xF42BD2eFa745CeAF829eE4b6E09F04AABbdcE24d, Tx Hash: 0x569cc3d6c5e926ae362b1d7ca276d361b30aabcbf983308d8b4c03c3a0090c27
Sending 79000000000000000000 Beats to 0xA3A32b02b1B9bf33af880869e07DD7d7eCAD8F87, Tx Hash: 0xd5c67c41651131878159b07a926402ee84418dae02c9c1182d35e9b0345ae633
Sending 86000000000000000000 Beats to 0x1BEDD466065603d592e8e71e95e6082b9f3Ac85A, Tx Hash: 0x6b15b0b80d5dfc545980eddc422e49aa23b79a638a2646ceab3e11361ba2a761
Sending 50000000000000000000 Beats to 0xf100B0067151189673a55f7ff4E0FbdB44DCF7f8, Tx Hash: 0xa3bfc2a428ce9fbda57b5dcc952048a80843dc41ce6ad2ec9d6df7bc60aa97e7
Sending 107000000000000000000 Beats to 0x88170234F6054951FA5c069Dcb42a2F3F4FaBfc4, Tx Hash: 0xf7cd539b23797a07187d0635783cec7675cd62a822f50bc9cb45206c650b2f68
Sending 58000000000000000000 Beats to 0x4089D58D232b1C16534e38F940a66597c76B4941, Tx Hash: 0x9e365a7c2b8c274feea01a29bd127c6cb68c389ef6f87052d371079dbbf31eb7
Sending 78000000000000000000 Beats to 0x043922560d45953e1e0299aD14EEf45A2903466B, Tx Hash: 0x23c5c3649c7041c1ceeff3acaec1836fa54dc94d13c196c69510504dd0c37ca9
Sending 59000000000000000000 Beats to 0xA3B4dF06Bb534363B6a94a613cF22A7E84C95e11, Tx Hash: 0x440607a751d069a540676a610ba9b9212facbe2a2e5a7a4f0b9ea4c47db9a069
Sending 96000000000000000000 Beats to 0x1cDf46c6A94B9E19Cae3797ffdE6C61AF8E8F361, Tx Hash: 0x90a4f0091028779359ba90c963b984e22605a199ee1a638dc792321ae5a78413
Sending 68000000000000000000 Beats to 0x5C36B7E385cf3d5f5Fe8F55b22776eB8EFF1DF62, Tx Hash: 0x2c26b0de8347d515d37dde5fe9c140210a3270f1b64792f6f94f65a02769e2cf
Sending 47000000000000000000 Beats to 0x3f000b6b300791Cc7245a5b8C96261e2Aeef5CcD, Tx Hash: 0xc7b1a680bf9fd74f58d93612ff89da031ded596ccf8999c7279f0dfb58ecdcf3
Sending 104000000000000000000 Beats to 0xFD7Ef5A56B207a6dFe8389f57f4FBb5615B973FB, Tx Hash: 0x5c9595e76179a1db16e00253b7c097aca31fc545cb4e27d98fc1aa772d08d1a6
Sending 60000000000000000000 Beats to 0x82376e7727b209bED678e9EE8b8732C8d43c3404, Tx Hash: 0x8ce46df3da15e66312e1ddce9a59be45733e81084669c733ec29052b04ffe807
Sending 46000000000000000000 Beats to 0x524991FD054D2DC14a4B16466bDF3ED610523C6c, Tx Hash: 0x81f8354701519e439f814b2eeca91039b60c1fe30e87688560bb327063a2b006
Sending 69000000000000000000 Beats to 0xe2195F20F39c480218B053B248216933Cb709E71, Tx Hash: 0x9ea14eac1c3264ab3afcb76f855bb0fdf92e3281ea048ccb36ae8ddff68a096c
Sending 78000000000000000000 Beats to 0x686F06E8239184b084cf4a2199dbA5D9f82b771D, Tx Hash: 0x1bdf2fd89fefab40751703ecb45119e66d5d4f5dad92fdac1dbb5737a79945df
Sending 59000000000000000000 Beats to 0xAE4E2bbAe1889156b5e00f5b755703fd8691eBa1, Tx Hash: 0xb7a8d71df46f2b811d6a7361e57d8829afd0b760012e3e261779b1dbbe3006e0
Sending 96000000000000000000 Beats to 0x2A838A7e0bE95D247ba8B5EF412A82d9C5785070, Tx Hash: 0x26e4bd90c243e83eb8a1e7a06877f9039f2d5fd8791c021bdb55bf7018725b12
Sending 68000000000000000000 Beats to 0x35Ca10b69a9DF909e7e1c3150Ee426762E41dB14, Tx Hash: 0x1ac2b306b0970d41bfb191adb5244394c3bc04a062f10a782e2f42181a58c698
Sending 47000000000000000000 Beats to 0x31035fA56674C0Ea4c1C7a1C1743548309Ea2C52, Tx Hash: 0x4a9b701ee5a2a379588d06938c5917be95cb8ea2dc483b1b8ed8069a134722ee
Sending 104000000000000000000 Beats to 0xE50b00a33d78C8eA34a95471Be10b39BCe53AF23, Tx Hash: 0x2b0a93f298e2409b99fcda9665981aebb50988090dc26de58900bd4a140e4cfd
Sending 60000000000000000000 Beats to 0x3610051db1C4D146Ec3E3d5F5635377cAef46bcD, Tx Hash: 0xa3a4ee7577d416a8ed856118e86c85a36b0d452dd8c502fd9d0defcfcc69b5d1
Sending 46000000000000000000 Beats to 0x85f1a34459eE34F4A105884c44c750781a316B35, Tx Hash: 0xf4d4282757029a20851ee9d6265a2847b645f3e3a8711ab992b8215eb8045867
Sending 69000000000000000000 Beats to 0x0A78EE864224C926cA12FeaE6C310dd7b0A4ea70, Tx Hash: 0x6c4bc30c22c970f89f71cfa9be8b1081dc0f4143c29fca46279ff00897732cf6
Sending 99000000000000000000 Beats to 0x0b9CB02b9E4e4f5546121Bae1088272eB2059dB3, Tx Hash: 0xca892730f013f1af3c637d20909445f2117fc1a400c43eb8e4a1f124e99227a8
Sending 96000000000000000000 Beats to 0x97c40BE51795c85e5032F3FCBc57889De4321143, Tx Hash: 0x62eef6616013d77281f984aa0da2a8e628730440b4f6724e7d9f3c69297b43b7
Sending 88000000000000000000 Beats to 0xdA068f855B82E4a42185BfAbCb5e8f58FB08F01B, Tx Hash: 0x07eaa060c27940dec18b159c81c2eaf76eac9062e872b2596f73725da70dc0d8
Sending 100000000000000000000 Beats to 0xbe26be0F20d6CAE2665b9Ee0D1DB0a400b7220a9, Tx Hash: 0x5a593ee4df83d8a4c19a42214c0cd7dcb0cb7bc12914dc7d49c6dc1786b4be4d
Sending 94000000000000000000 Beats to 0xF9512998E5E375453c321478112D9819E2A0025A, Tx Hash: 0x590415c319c1760bdb547e43bf23425342d4764fdf14a6e008e9e16042de683e
Sending 54000000000000000000 Beats to 0x93fA0Aa4aF5bFbFb1FdcbF41E1eEb1a9d01D18cF, Tx Hash: 0x6cf9713a86211d4a4bc00d3d2824a66b032adb7c7f83d384f28e4eeaa8524b11
Sending 80000000000000000000 Beats to 0x59F8753c19A6673c355239F48B4707E9e8A64368, Tx Hash: 0x28da9bc4007a0d977af827e417c8f56c5c671f844451dd91ffff4da1d178faad
Sending 60000000000000000000 Beats to 0x9529a954EFeD8e07DF2Fe54210d29598b73Fa885, Tx Hash: 0xf647ef9162eb5e143388dcc73ede7d4b818043c4c47e4c9a71f7dc032892cb1b
Sending 77000000000000000000 Beats to 0x6DEbE62eb9eE496Bd4e37a2A3Bd07bC40d935A9B, Tx Hash: 0xca8cccfdcdad1c2c5f26000ce0268b0be62ebbe97a75cbf4c91790fc1e04bbfc
Sending 72000000000000000000 Beats to 0x0222E824622f110A33b9F34C575AeE19417Fd64f, Tx Hash: 0xde4f5c01d998efd37fed4f11f120c2b3362284992224e6f04674452edf3ee940
Sending 100000000000000000000 Beats to 0xc814b2256f51381bD1335E0DbC04AB6B67f0C252, Tx Hash: 0x051d34ba50533febe43d50d1869644e2235b09087109ebaf2afcfe89265bdec6
Sending 43000000000000000000 Beats to 0xdE98f4d79a84fc76C5119d29625B8d9c79A307D3, Tx Hash: 0x373c9667c3d47beb8baaf2199c2e6635fd3ff32236a76f60c3bf799c8522907e
Sending 98000000000000000000 Beats to 0x2ba224cD628F4d3da8Ec0a69333F8ADcaeaf42D6, Tx Hash: 0xf6fae22335f84f7c778efdabdfb824766c179db040c0c1a4000c951baafdf753
Sending 78000000000000000000 Beats to 0xBA1A5111E598a52c6bE456D6e4C623af5050C4AD, Tx Hash: 0xf0e9bb0087d4abde5a6d886447d314e9b68764429aba2e7d451abdc86a85017b
Sending 77000000000000000000 Beats to 0x75142290EC2d089fb5225F57F8D9f2113045F833, Tx Hash: 0xde08d2399c34d48e36fbab3695502d84646f3b81cd4327bc54ead713b53c1a8a
Sending 92000000000000000000 Beats to 0x344d8Bc21d4B6E1AC175cfCC61e6b0b8c1820c20, Tx Hash: 0xb5977f66454f3a108860896825344e1527b59a3e6529e226444265c0de255537
Sending 55000000000000000000 Beats to 0x397d9a4d19A9dB3B591423a64Bd88BB44D1dA91a, Tx Hash: 0x9931890f1709c2a342c3173633f23cdb4cb3c4cf8b21f7825e1e692c89715b73
Sending 61000000000000000000 Beats to 0xBaca36162d7f0d87D8DbC993c2A41b83016d3d8F, Tx Hash: 0x387df18e4b570e7c5eeace3a2a02452634ac70f1cb023557b8ea1f4af61c1cdf
Sending 96000000000000000000 Beats to 0xd800602C63e3b29b0441D0474E06385a32Ad8038, Tx Hash: 0x2f72fa1d52d00ac4607edca43fd8da05c85df3cda20252d53930563dbd43f7a3
Sending 75000000000000000000 Beats to 0xC54F77D988868Fecc9927DA6cc0CE8F8B8dDdb68, Tx Hash: 0x66033add77977c20047d96311ec1205f94cbce345e2d51fc0e60f18a2b854dfd
Sending 43000000000000000000 Beats to 0xC2a3C16526C452FB573528997167f92b290575B9, Tx Hash: 0xf352b2853e2b1a1ac0d0ce21c823f703c70abcf8ddd9b624825d7f45b4b21933
Sending 46000000000000000000 Beats to 0x806aD2ee30DC110fb96462D89946f955B31449d1, Tx Hash: 0x5c024e6ba63720257766921ae524f4998327524c3b02022f4dd3fc8220bdbecc
Sending 76000000000000000000 Beats to 0x83d9a4fC6D349FEA4eFf4C82eA0B30c7D030EA5D, Tx Hash: 0x160150affa57513b0b9a989770054d772cc0d84b1dbc0b3a9126876c6c39acb2
Sending 72000000000000000000 Beats to 0x20aAb41f1a0Fe924Fe80E06B87c0B5F40Dd3dEEc, Tx Hash: 0x04a42132bc68da39a71674e22bda3bbe267a28ed85edc1c6b6ac8447aed0ec38
Sending 57000000000000000000 Beats to 0xe522E3B379839E1bd1fF0730a66A5cd7aa8f8090, Tx Hash: 0x6c9003c93cbff046391afc11130da40092f0c56214268e936e90f075e8104caf
Sending 74000000000000000000 Beats to 0x6d05d852804377275bf942B03f49b12f7649B0F2, Tx Hash: 0x2af98c4c12bb38e5e4e515b0b6fb823e4d7ace3977356c9aabe2cf78e548b3dc
Sending 77000000000000000000 Beats to 0x4E1571644A11186b3e31D67E00cC37E86BD925a5, Tx Hash: 0xb5f3f499241fd8887dbf683e861b596dd6ca479da9d1d39e999ae85cc883dff7
Sending 94000000000000000000 Beats to 0xc84eB27faF8523E5BECF193268DaB8F93a671ADB, Tx Hash: 0xf3227bfc88257c940f21a1bc067202b4f8f20e20c9e036086958ffd1891669e9
Sending 78000000000000000000 Beats to 0x5Bf1DfFb100E9d0c7E54a039f41512726f38d6Ac, Tx Hash: 0x6489fb9b317474e521b2f3e3b821549867b9afa1e9e2651a9ba4eee5037d573f
Sending 104000000000000000000 Beats to 0xd3E00417b7528A957b937b9A6A6A3832250D2321, Tx Hash: 0x4f29d640ce603a26a76ed70b57d1d15d077fc689a4a01d0ee8dad416b1e6f4b1
Sending 85000000000000000000 Beats to 0x495cBACfA0e1615A24484FB3130e3fE847174545, Tx Hash: 0xcf418a7e0fa21d5cf2f33ffb3c5d18ded6dac2919b4f2d3348334645f404a68c
Sending 96000000000000000000 Beats to 0xA036Bf7A387740a1f040F524409a2D0aF8e00d87, Tx Hash: 0x41137464672eced9fe5e54a5ffe80acfaa88c1f2847f14bdac1aa493640bcc0b
Sending 47000000000000000000 Beats to 0x3c8e75434e2bdd5Adc0571460590fcFE85f37fcf, Tx Hash: 0x8f4631b78da53381fc78cb981f10eb6b3a6001a0f598724fecdc8d635f6e7f60
Sending 51000000000000000000 Beats to 0x7342440A3C15c865393ed4FFd9D74105AcFa4d81, Tx Hash: 0x56d0e83a948ee8c1f1c48cf92f42968c005a09a6087a99952cf49caf48c94711
Sending 62000000000000000000 Beats to 0x741E59F5BB43a1DD20BAe9f2b1F8931fa79b9D2e, Tx Hash: 0x9e58861ef337a12ee53be12a8d20c98e1fee0ae34deb86a618237e4aaa460266
Sending 78000000000000000000 Beats to 0xc732839DE8fdb7EF4c9277E2b88da91F890E1506, Tx Hash: 0xbc0a3141f0874469c99df90a5597a930abc46ce0bcd38606b1b9dd4a46ef390e
Sending 77000000000000000000 Beats to 0x09C21377caF7bab0d0f36A2140e6fDBd80389c10, Tx Hash: 0xb7e36f416923b6d1932c20ec7bf46fa16af90893d380a415abed58db38461f8d
Sending 71000000000000000000 Beats to 0x8EEd7c6D7d991BCA29C42556540A82883cB72CA5, Tx Hash: 0xdf4c6038867f11e9e2d291105d7b8d8909367912effc33f1aac90f9e72f8a0fd
Sending 43000000000000000000 Beats to 0x0a9F5b9Fb29CD66CD1c379C75834DF783966B57F, Tx Hash: 0x55102452d42d24e93075acf16df1857d78d2c27a6bf462f181300646148d8579
Sending 47000000000000000000 Beats to 0xE9563E05Bf22fB1A6C3f84f06067034356Ca264E, Tx Hash: 0x0f5650030e420ec52e9e13669591bec692b3288b98033b72c44c9c13d75205bc
Sending 98000000000000000000 Beats to 0x9b343fd2a02ce97bFC3EfeFffda845Ab76ABb085, Tx Hash: 0x97a219cf3ad93cd0bbb1b1d801f1bed67f1a76b745c583c1e711b2180c40f467
Sending 89000000000000000000 Beats to 0xF676BF32Af0A738e148705a0857B1777639e2452, Tx Hash: 0xf533e8718816cf9d542a452c1318fb21df9905cf86db82221e2caf9de4c93857
Sending 45000000000000000000 Beats to 0x289Aa187b0F249fC4e32d126E80AB3FE4698F82a, Tx Hash: 0xb3cb5a28ec63f5189045b232218f2f9eb44ec90f44776eec8e4f660430efff0d
Sending 85000000000000000000 Beats to 0x81f3A2DADbf36344Aa62F483fE25a88D7914eEF0, Tx Hash: 0xd46fd0e08af13590180775d456896613102b81d68a94b4250c8222108144dcdd
Sending 55000000000000000000 Beats to 0xDD45f058548D2Ac77cF0bEc7748E1392797eD4a8, Tx Hash: 0x68b06548e181bada2827fbba2c2776438cc118ef699a1d2305fc3c6d06dc5b3a
Sending 94000000000000000000 Beats to 0xBe99dA3D6cb8E27304600F5C74BcF8a681e8e8c6, Tx Hash: 0xfd71a188df364dc2f22b62d4bd4f6041fd21dfc3a25d3817ca9335e3334a2e7d
Sending 60000000000000000000 Beats to 0x3f5359953C907C5f2FE9E2247CEE3Ed40ef3F4Bb, Tx Hash: 0x1722d5f4960c34c3c836da3576f8251179324e7d7e5b55f088978d8c91883fbf
Sending 59000000000000000000 Beats to 0x4083485762e742f0afbF24E2DE02Cc51BCadeB42, Tx Hash: 0x6256c78b0c700deb232ee1f6bf222b5cf13a532bf35e76a0e792534e20db9aa3
Sending 62000000000000000000 Beats to 0xE340F56c7106A6B984a88E43661D33D353934039, Tx Hash: 0xb165a068efd6fa009c9e8ab6c1d1cc8444b194b608bbebae4171807d81725275
Sending 63000000000000000000 Beats to 0x54D9F52727B3057490BEcBbEFc476844067f3A17, Tx Hash: 0x33a8786d4e5f9ee19e3ce23eccdce5243e2f4d9bf1b99623cde80e8958b11f68
Sending 102000000000000000000 Beats to 0x932f9156abf597eE3910Ac0e5d34a51D357e3ABB, Tx Hash: 0x544d20aafafc0b7f9eb4b0e137dc3938a793479e301d5a57bdf1790e023f444b
Sending 60000000000000000000 Beats to 0x70100026F6a03BBB7816978ba734FA38fe0dDA37, Tx Hash: 0x1aefba9932c856dd071f72227983b0cd94d99ebc33ffb9d396fe9edbca85aa19
Sending 84000000000000000000 Beats to 0x24561eaF4e1e5F24A2f38cDe77A682abe020008e, Tx Hash: 0x1cc3ef09dd7c8a4cbe1211d33a8bcef71dc64276de7aa334772bf305de534302
Sending 68000000000000000000 Beats to 0x462DE1D41335C4fB55Ab667Af01E0b6Ca9705009, Tx Hash: 0xb7cc2b14ae8c2b8c11a33fbeb0b6e125caf9a80a749acca1a4a4e7ccebd33bd8
Sending 84000000000000000000 Beats to 0x2b5bC8011BFFdaC3813eef9B1B17E22146AdB206, Tx Hash: 0x4ecdc6941f690ae3d1cc8a59d53e95bb5bac313426ad451d5cf2ec1700f5092d
Sending 92000000000000000000 Beats to 0x4C5B195b767f75c02910813E0FE96DF93a5e6C6b, Tx Hash: 0x6dbd9537b8be2a4314cee370048800d7175ccaa70c059540b698f4163829926b
Sending 89000000000000000000 Beats to 0x33BEF1b5698d2462fb4cF0daa6a60C06E432b4fd, Tx Hash: 0x53eb7557fee97a8d4f31b752ea471a290d3aeb29d14c6e5a922897cc2dc37888
Sending 64000000000000000000 Beats to 0xE6d4dEE39E7c5d49873FDd2de38EE529B9dd0f81, Tx Hash: 0x7c14c638b1b3d779faa5b71fd1ce41f536a7e439b3606f49ae4273c4dd29d575
Sending 83000000000000000000 Beats to 0xfAFb936DeC6300BD5876116445858ae697e37C64, Tx Hash: 0x8f9353a6bbe1e3c5455fe625a13d4282793de4b7ba8ea264cb5ec1e30ee1e458
Sending 64000000000000000000 Beats to 0xD7c2a1CF49d41b43Ff1589f8486Aa77AF3afFa54, Tx Hash: 0x4392e42696547daffda096d501760ec6a4171e8fd711848603b9e272359f4c7f
Sending 106000000000000000000 Beats to 0xfe82aA43196E816063d300e8f6b45d457Cd22e1b, Tx Hash: 0xa58d63ea744ca1bbc3fff5433d71f86aada8d05b87a558a02037b973c525744f
Sending 91000000000000000000 Beats to 0x20236Be2bf8004C3795b8BD5D80BDC85CDD7CF0A, Tx Hash: 0x2135631703b1b0c1c313ff6102a5dcbe30bac41a302e9b87943d1755ceafbb7e
Sending 85000000000000000000 Beats to 0x1076A5254b06BbAF0131eC08883ED1782D5862ED, Tx Hash: 0xb74f465538335f4946aeebcdb67700ed4f6c4d35412d80d81d6715ebec248033
Sending 104000000000000000000 Beats to 0xB6224129b748b9d4D38E0Dc24205cC0B0323D7Db, Tx Hash: 0x1eddfbc276e8eb57ce6de3db8f3540193107154563b0aa69d8152e05dcbedcc1
Sending 88000000000000000000 Beats to 0x17924EEb419808FbBa8288f58eA8ae9aaff36AaF, Tx Hash: 0x4387dd91ec2b31d4e3139ccc2230a020f5dd9843b2715e595f18c1c0fcbf5157
Sending 63000000000000000000 Beats to 0xcEE3cbe80DFFd1868D9461167d4263610aC65280, Tx Hash: 0x1dd039b1670ee06f292f0015b8c003ba2eed9e5dbe44e4cb7fee1884a86d64a1
Sending 63000000000000000000 Beats to 0xEe9Ed9e3BbD6E22F6Bb2C4DC13C193e1eb96DAC2, Tx Hash: 0x1249396f34197cd45a774108e4a9b20171b8940096ceadbaf437ef6d4f0b1460
Sending 54000000000000000000 Beats to 0xED8DC42710e9885A3D9E563D9D956710569Ddfb4, Tx Hash: 0xa6a1a6a0f55ca6b1e5506213106e6a385e4251d92c1746ab9c7510d3720b5bb6
Sending 104000000000000000000 Beats to 0x611551C8Cd8c9ACF276e4754943D2552A4a6Ec56, Tx Hash: 0x81b394248c082ebfa4e1f41c7c7e29e56f9003d79101885d1868473494305ea6
Sending 78000000000000000000 Beats to 0xF5edbf5aae39Ec31AA912F82aCa3Dc3D257ddb15, Tx Hash: 0xb0d1fe1eab95780852d61a4a289fd2b6476ad95e58873d3f9b84236bfa69961a
Sending 60000000000000000000 Beats to 0xBDC347ef34EB3b0FFA40A7c520e3b39ff9B320d4, Tx Hash: 0x55f6de6a79745f05725887ada136a573298611070a3688b3951e7263d6602c9d
Sending 44000000000000000000 Beats to 0x4ff4aC50f140C64d6dAa5eEdCb8d6E71570cd97E, Tx Hash: 0x38e85f96ddada359c3537c9b2e6d6f452528878ecf796bc143e85286b49bc252
Sending 80000000000000000000 Beats to 0x056F7Ff4b11b959f6F9ccc991E9c4E0e6efAaE3b, Tx Hash: 0xc086026e427f41646ac9041b7faa5d4b7d9670f0a217551670a1f6b8a44de5c2
Sending 87000000000000000000 Beats to 0x9f3D3F98b297A108894077451C81617D4531B2cb, Tx Hash: 0x984f87352fbb3d70b61d8df5a43629ee901888d8a04acf580103f29890fac027
Sending 50000000000000000000 Beats to 0x5774Ccb1A91DdC263564509Ed913806206CE6CEE, Tx Hash: 0x2a327c2bf4a85cf9776abbea5ca92157663aa8356117aac777df924defbd5a86
Sending 67000000000000000000 Beats to 0x5524B5B2876CB76675209743e47D5406CA76Ac8f, Tx Hash: 0xc332ab0d30048bea0281fd74fc8e368693abf1f5aa5d8927e9b65b23365ca4c4
Sending 50000000000000000000 Beats to 0x621793FC0cA3EA1f8F06E50F571eaf83f46b513F, Tx Hash: 0x867144d476df652a77720a627d80018b01e617878c1ec03846d1e24501631736
Sending 44000000000000000000 Beats to 0x3e9edD1A88e79cF265676787669007DE42C52Cd4, Tx Hash: 0xb0c2f026296285cefff0c868b5b55e908ce3d4785355b9d52a50890fc29082f3
Sending 68000000000000000000 Beats to 0xcFC26FcCC7696Eb6B56fEF6d0098fCf4f607C9e8, Tx Hash: 0xb1ac3c5c694941d8947b2bb2b6c62af1c5c2467bb3a23b1e871f13e5dbe5abcf
Sending 63000000000000000000 Beats to 0xE0d984e084dF4Ff2cD9c02bBd3EAcA89d2BA8f7d, Tx Hash: 0x5eeed1ccf691f09733e7f660ea6999bbbc97509b5360eb6f1bbb432292895450
Sending 63000000000000000000 Beats to 0xC88C64AeEA39aCfc78eDFbAE1A05892a6Ff38eCE, Tx Hash: 0x66c9d0d6b6ff7fc7dc1692f8019e996880e7d79911945a8331e65b2795ee786a
Sending 55000000000000000000 Beats to 0x3169CC0dcDaE60202BFc8D8Bef799d066589A302, Tx Hash: 0x4d3820f3a369d65960873f5cf96bec2cce0684241b7f55068c2b4996f6559dab
Sending 59000000000000000000 Beats to 0x09846a6064D0Ca529d1f6028C5c73b845042EF82, Tx Hash: 0xd6abded118ce66398dad79c9531088b125dac69b004df0251f19b7012ee0fafa
Sending 46000000000000000000 Beats to 0x87DF08B27E5d5C84B91ab2ba6B3701969Ad4d2C0, Tx Hash: 0x018d142d4b7c1098e915a78cf38c5ddb6d8fc257a54fbe3e0db112d685f6f057
Sending 67000000000000000000 Beats to 0x5FFD377fb8904c1a4C65647f43bC55346888c399, Tx Hash: 0xba10fc7727c2b01f7c45799c50338dc7b11b00662cf712354212b1f5b59f3f09
Sending 75000000000000000000 Beats to 0x9a3c1b59658287A49D348AAFDeF020EA80A32A0E, Tx Hash: 0x624b296e2a1234304806c77614b06bbc7b0bf955ab3b859672ad96ec56ea0d01
Sending 98000000000000000000 Beats to 0x6da3DDAF2E1AE40724EC73c5845eB242271C7883, Tx Hash: 0x490b032586ccb9b5cfc14128677142332b943f917dc7a2d332dc50a07dc7865c
Sending 56000000000000000000 Beats to 0x9bC98077A87A22CAbc367FeF82e0A142B50528d8, Tx Hash: 0x4e11b3a024ef51efe009d1620b80d5c029065908d87492a15b54a4c099a3d838
Sending 83000000000000000000 Beats to 0x093143abF58e8b4337aeCF5B668eeaa174cD5AA1, Tx Hash: 0x9221262d9cbf986d00ed1be178d73455765d5652df14697c38cd5ff6acecb72a
Sending 41000000000000000000 Beats to 0x3bb01b577bF78F89aD08B6632Faed1c8540Ad157, Tx Hash: 0x6f3a43b79fa845ee731b92e9657c63aee00f9065bfcc3fb69803564c613ab823
Sending 57000000000000000000 Beats to 0x432e7A14b1F79cCDBfd864fa20b939C15d01c022, Tx Hash: 0xaa369015ffc067e33973c34a03161897974816837c007937fa324280322e98ca
Sending 52000000000000000000 Beats to 0xbEcF094024B73B5F90705Ac67C92d54C88AeEdBb, Tx Hash: 0xaf17e60f4b67d51b8aa992a2327e0e785c9353d497b6da4d898c659120186e60
Sending 58000000000000000000 Beats to 0x6ea9A55e4c1ac9C10979626Ab53e6B1fE342828e, Tx Hash: 0x2ad08f9555e811c0692cb33f808702a3d5bbfff2641bfdf4ee602036cdba81ec
Sending 75000000000000000000 Beats to 0x3E9F9a90c96530b0b1A75Bf82c65D9e19bfeDE14, Tx Hash: 0x5542f3d51ea1cff758f9e7dfe90c136bfd003e30ba4099660a0e3e8067804ce1
Sending 76000000000000000000 Beats to 0x27aB5e25e2cFA736281E8bc3e6Ee761b4F5d23FE, Tx Hash: 0xd3d7a222e4524a2d7cf211176288877520d7080e1e1c138dbd66d5072e325e12
Sending 51000000000000000000 Beats to 0x56bAeEca0460f9De69942Ffc45D1B780c92b1b4b, Tx Hash: 0xc785858a6131011bf9cdaa8cde6f542156dc05a429e656e847e53be493718f9c
Sending 63000000000000000000 Beats to 0xC6Cc3F5F6de4c37Ee0571a905318Eb236721f83D, Tx Hash: 0xd67259f0abf8c0bbd89b20a4656622d498c7c818da2741cd89cd4229b38a28b9
Sending 88000000000000000000 Beats to 0xAa62C409cCe148971f40361Fa9cdA5a79845E80E, Tx Hash: 0x324ebbe97378d116d5f0eef9a5446c2b2a8c8aa95b2a1cdda9dc0ff4ca2fc116
Sending 85000000000000000000 Beats to 0xbF81c47040B2a0bD99A5407a2397A708D31C36ae, Tx Hash: 0x4b0e2402f61b09c61a22c1b5799544295315febcb6ec8f0a46dae418a9a1c450
Sending 68000000000000000000 Beats to 0x63967167409967c9D170bC9506e4fc09760233E8, Tx Hash: 0x1a8f160134132bf809e993ab40fe2720990de80665aae8e9fbc1aaabf2b9167b
Sending 58000000000000000000 Beats to 0x3AC9222a1A6f79F4d321C7fdC57557aBFCaBeCc1, Tx Hash: 0x92257c47acc88024ade992b305f186525449967d8741fae5a7f16a8fbe01ce5a
Sending 66000000000000000000 Beats to 0xEc06995368a4c4E282e5B28B6270F3c5eD37A758, Tx Hash: 0x46b37d7a83cb8b3f4ecbc24102de1cd36ec1e6ac2163b2e4b5a524897f294696
Sending 66000000000000000000 Beats to 0x2c132355663693560f4c05b27F72d0d4B85b65Ff, Tx Hash: 0x79b0a8908886fb9a3a173fe66fbfd94bfec42a871142b5b7bb13b9f54020c66b
Sending 41000000000000000000 Beats to 0x29bbab1481F78f8C533c5Fe948024ec38ef14fAA, Tx Hash: 0x4d0ef479488401ac1dd489a88ae8fa661ce067dfc1a0ef051ca402865aaf673b
Sending 108000000000000000000 Beats to 0x9FB9A38958F29Ac6672074A27Aae65edb1e620fe, Tx Hash: 0x1e9a661ffe3097de7ed1fdc9d15874a8ab1ee9e682930ca0778082c3148e91f4
Sending 92000000000000000000 Beats to 0x749E710e4d6c1CF43e2CF17AFF5178d39E8d0dB3, Tx Hash: 0x2f58cb7ab98d72d8d2370e518d8eb3ee29104ee10bcc70378ef9aba216301613
Sending 104000000000000000000 Beats to 0xC70F215c61FCF4671380895d39E3aCBa67d77f16, Tx Hash: 0xbeef4aa78a89a2cada4c15d5ba9191b42c74034f968097637c50960b2f1a4848
Sending 80000000000000000000 Beats to 0x6EB96583202cEe5EE2305cB55a16E36fC9991183, Tx Hash: 0x4e9515c6b7b4303335d67e2d70a51490ffd67bfb353c690dc9370bfe61fd3914
Sending 96000000000000000000 Beats to 0xcE7BfE161987B59C98B25b284D68dc436ABbd7C6, Tx Hash: 0xea170b9397d5b1c5018342ec354241eb6bd1867d8cf99456ea4b0caddb5f5e39
Sending 61000000000000000000 Beats to 0x64494533046E58b6faD854d828a380F56B2636Fe, Tx Hash: 0x8bb3e4edfa41b27a947c1b1d173d88da4bb25739faa72b7ea6c8a8fcbf0f909f
Sending 52000000000000000000 Beats to 0x79f733A804104C5b1C7C5800675dAc1268476c33, Tx Hash: 0xd23c29aa13ded7340d78ce062f511cf4870b90d975d49484e62d01c5dcf4e4ed
Sending 45000000000000000000 Beats to 0x1a0331E2fc1D9513984A444EA8b4Ccd682154E59, Tx Hash: 0x829fd197989f767dfec8291a3c45acf2602971c1686b06f1497b2fe53b18d937
Sending 63000000000000000000 Beats to 0xe10a3D4Dd2D38d0bA0Fd2B3b646C2EFbD7FF65Cc, Tx Hash: 0x35bf7d471af10735675867485990099d275201a338f860cf85fadd3fb7fba8c0
Sending 59000000000000000000 Beats to 0x3c41Bf4b1f7077beC7293D480cD9EDFCFA50988a, Tx Hash: 0xcbbc44ae113c28f022801f33c5913cf929a6fcb98dc053b714907ef3e2998909
Sending 102000000000000000000 Beats to 0x1ae78a9424f0dCf3402fe3e5F2cC3b3C47A931F9, Tx Hash: 0x6e35c6d4eb1906eaf6a8fc4a51a85e011c086c32be9a10fb542757fc6143c9ee
Sending 46000000000000000000 Beats to 0xa1961f549684B9cdBf2D12C6f4Fd5995C50Affb6, Tx Hash: 0x51b2e9996b36e0dc6aa9f28a17ff103fde71347d135a036ba0e827a8df5ff027
Sending 50000000000000000000 Beats to 0xd236D4CE96e73AaeA5D3A21897e8D0d79b939177, Tx Hash: 0xf1661cb35dc7282337147409ccb65565114ed61771318b2ea82d3fb926ac8a82
Sending 52000000000000000000 Beats to 0x215dbe57Ab6B5753967692611De47FD01D81fD33, Tx Hash: 0x7f18f942058fc34e378e8998b029fa63e3636f28d2e2546523fef93e5ff08d8a
Sending 84000000000000000000 Beats to 0x5147B71F17C17a0dCC508b515c7bd250A4e16F2a, Tx Hash: 0xe782eb8c8f9da7a0e8a33f3fdd6c2c8c4503c3464388ea8d1a61e1eeb6530005
Sending 104000000000000000000 Beats to 0x443DfcbD35c67565f02F5566440BCc87Be6F6FB2, Tx Hash: 0xde8e1571ae3a2c9b6310bd86975cd4a9e0435572c0b66fd9a528d36758b37136
Sending 106000000000000000000 Beats to 0xb900fA4245216df5F88fC1a395e134AC662829F6, Tx Hash: 0xca7db7a7a8be94158925b66eafc5ff462a2d14edb9f9368f95b51b98a6e566df
Sending 92000000000000000000 Beats to 0x21E5F76B15Ad16A60Cdb981af845fFAAA7e99a0E, Tx Hash: 0x33f286772929b179145b48dd8d5cf1f02d86a3224419f319a2b628d415b87933
Sending 60000000000000000000 Beats to 0x8D99360c1C9EFb6Dd4cFeeE27757944e8AA2Eb7d, Tx Hash: 0x9c8649a6ccbdaa7fd77c967e150374015c9bba65190fb4a1a65d3b4b8b127603
Sending 55000000000000000000 Beats to 0xeD62ec6bfeed00ceC62d90108073511C0714561e, Tx Hash: 0x5bc9fbb9522159d130883aab45d974e7dfedfa88322eeaef3ae8ede5dc85d786
Sending 41000000000000000000 Beats to 0xBA81D61bda420F6994b49c71b81caed47Fd10305, Tx Hash: 0x5773cfdd9be766c30218000c38a7792f7804c4f03eabd884f07d0ead2d862d88
Sending 69000000000000000000 Beats to 0x0cBB3609B7E2B669f951880135CeC5cC9029fb8D, Tx Hash: 0x2222bc98db3c1326ba459032f49c236d4b93efb74dc678c8bac702bb5c145361