Sending 6970175624601460000000000000 Beats to 0xeb1562f715529273448BCaDbB8580b2C5DC4a70d, Tx Hash: 0x5a4c9e47ca1fc18dee89b276c5be234eac3d8893be2bb83e74c1b1c65c7c8bed
Sending 147767723241551000000000000 Beats to 0x0927E1C093058AA4DeBf9bED5b5130aB1c26Affe, Tx Hash: 0xbd2788d345847527f122312592e2cf9f82ed4793a2b09ab403a2df62a3840730
Sending 62731580621413100000000000 Beats to 0x0927E1C093058AA4DeBf9bED5b5130aB1c26Affe, Tx Hash: 0x63fe985757a684cab8d141a21edb9f956ff3b0f8bcfe2deba7c815927c5d4772
Sending 12144821052305600000000000000 Beats to 0x8dC1a913f3d774246be39747d3d35C42a21eb76A, Tx Hash: 0x30919b7aa88c9f1e9f94db2263cafdacca57fa6d5dd9649a0dad8edf3c01d521
Sending 108734739743783000000000000 Beats to 0x0927E1C093058AA4DeBf9bED5b5130aB1c26Affe, Tx Hash: 0x2f0b7bf594f15b3ecc99bbc5085d9bc9a0b71e6cbeddade33f6ea2997d0035d2
Sending 401482115977044000000000000 Beats to 0x12a39B66f8eda3581ff6Be04e8fFD8F5FeaABE11, Tx Hash: 0x64f65f4b57c4612a643cca2b4c38c42aeab221cf1fa4a656346890f631fc8240
Sending 58549475246652200000000000 Beats to 0xf62d020cC9da296eADDe43C691E9252fa9c10B2c, Tx Hash: 0x384c761f1374ee265b5f55dee6c04deedf4a37b20bd232b882868d977fc3ab4c
Sending 950151321774290000000000000 Beats to 0x266684B45560E26a7C7e6F2280993ebeAb010517, Tx Hash: 0x700a65465615deeeeabd6b47681559007e204bacf5ad02c33957f9d060187e1a
Sending 164576998777840000000000000 Beats to 0x266684B45560E26a7C7e6F2280993ebeAb010517, Tx Hash: 0x713bec90a00de59cdd032e62f3c31994bda24608cf18f63753658bc404ea2bb1
Sending 501852644971305000000000 Beats to 0x266684B45560E26a7C7e6F2280993ebeAb010517, Tx Hash: 0xd8509a8ca698664c1e13376dba59f6510aa1ee06d6d43087965ab2dd75f51478
Sending 27880702498405800000000000 Beats to 0x266684B45560E26a7C7e6F2280993ebeAb010517, Tx Hash: 0x7481daece96279e5ef8b76336a6227a924c3441802a96c0884df059a4e6f5591
Sending 5576140499681160000000000000 Beats to 0x35EfCe5f4bd52356e8215BCB9dC7687aDe6B6400, Tx Hash: 0xd95e17ef947d8ce9e78f053c1bad7b7023e61a1b0f6b386445e47f56c2ff1442
Sending 278807024984058000000000000 Beats to 0x35EfCe5f4bd52356e8215BCB9dC7687aDe6B6400, Tx Hash: 0x7c1569cdfa4673c8a45cf8efe997fad357e6cfb498682a130d1388791dba3bb5
Sending 34850878123007300000000000 Beats to 0x35EfCe5f4bd52356e8215BCB9dC7687aDe6B6400, Tx Hash: 0x547d7379075bbb323004cd61a24a3d1c68419104db64a4de837476d49d4df8b1
Sending 34850878123007300000000000 Beats to 0x35EfCe5f4bd52356e8215BCB9dC7687aDe6B6400, Tx Hash: 0x5aee4eb378b58be2415af3d34adf77e30ff2d32e038f2fa9adb9efdeef2abfde
Sending 278807024984058000000000000 Beats to 0x2589eCe7a6E4d35a3b21C8d60036026DD06247C5, Tx Hash: 0xa35370ca9531332b6d24559dda2213b665c93b85c472c466b8d6c2bb98bcd7f2
Sending 791876437523303000000000000 Beats to 0xeBF85E5b0dEa00AB110eE1857f709E35ACA5309B, Tx Hash: 0x19235a13748b019374391c922ba528ecec21f8fb6ad51177da924d194405e9bb
Sending 1030718902593310000000000000 Beats to 0x89c5B98d68BCb9eBC1A6B36CF864b7b43699D05a, Tx Hash: 0x57943efa6460634b589f081cc0bc29f3567fddac573fcf4acd3fdc1cb21f25a3
Sending 2788070249840580000000000000 Beats to 0x89c5B98d68BCb9eBC1A6B36CF864b7b43699D05a, Tx Hash: 0x166199eace4d8809761832c7cd889951d4a2d457bfabdc6af1d9d04cc2329395
Sending 6970175624601460000000000000 Beats to 0x131E18f1caCAf72B55Eddf4491E0499164346bc2, Tx Hash: 0x5f61c5ed6ffef49fc353a1e7980e9185dc6ffeb94e4653e6d7942d420e6fdfbf
Sending 278807024984058000000000000 Beats to 0x2589eCe7a6E4d35a3b21C8d60036026DD06247C5, Tx Hash: 0x4bdc307c85c3deb352d0cc42009f23ace49e209bffb3c12a2f5528afe1a433a6
Sending 2865514477170400000000000000 Beats to 0x98de4611DbEb65aBC0C86f16BB6495e7a013c511, Tx Hash: 0xa68922445adbe47c9d7ec19846a1475650013cfcf588378d062e34e498b3a6b9
Sending 593610824963808000000000000 Beats to 0x1823ddE167bE01a9b2fB0c595F385E0D5E0d0AF4, Tx Hash: 0xfbeebc07c2665001dc4dec53240bc889cf94ab4e11f76ecfdf0bee37faf6add0
Sending 3287134824562050000000 Beats to 0x1823ddE167bE01a9b2fB0c595F385E0D5E0d0AF4, Tx Hash: 0x3958f05806444321e0d47a902a213a8ad389678a03a46897670f76e876195f7c
Sending 2788070249840580000000000 Beats to 0xD3E684B4C0E04c38DbA74022bF0dA66fE608E386, Tx Hash: 0xc41912159a139cba4e4ce4557a6fc68c56b8df102265674d25d8333764598f58
Sending 5573352429431320000000000000 Beats to 0xD3E684B4C0E04c38DbA74022bF0dA66fE608E386, Tx Hash: 0xc4c6fdf3ed254e8fdbcc922963b85c57f9644f73dac37b3fe34ee1dee435b98d
Sending 2788070249840580000000000000 Beats to 0xC5d7B42CDb68395530cDf6bF86B60a2253b7e93D, Tx Hash: 0x0093afbf89dba471264d884e69859bad7add9ae7c2f3533b573e15efcac38d20
Sending 2788070249840580000000000000 Beats to 0x27a573294Cc43Ae793b9fC5932D48FB36129c44f, Tx Hash: 0x619fb6d0282e8505785edc2240da1c5c309dfddd212f14cfc9a05d2944e521d9
Sending 1074931522340800000000000000 Beats to 0xBcdaA8d559F9DE00666711B98B25D986b3714314, Tx Hash: 0x810cf473e84347fbd7560ea03e4ab742ed586b472f862d2d3be7e9ddf74981cd
Sending 278807024984058000000000000 Beats to 0x2589eCe7a6E4d35a3b21C8d60036026DD06247C5, Tx Hash: 0xb30bf1d57c4ffbf4d0848c99334a657410b1bcf87d498c127903649803723522
Sending 6970175624601460000000000000 Beats to 0xDb728a9740C3a1A3431b5F50510D7763Cb2d3DEC, Tx Hash: 0xfd46c06d90e943a49fc770d43c430fb9ab87025f5ae0686526bd3416cbedd3f3
Sending 12546316124282600000000000000 Beats to 0x198EdA33f781bB3eBf98A800ae8Fc2E826A67FFc, Tx Hash: 0x27efa12e8c7ee86a230bc8a0854bbbb5f2c2fe647950c4dc92281efa380bfab4
Sending 363316222326976000000000000 Beats to 0x89c5B98d68BCb9eBC1A6B36CF864b7b43699D05a, Tx Hash: 0x6cb1690c23c88844bc69d2f3d2b533a05149b5d151f60dd82d6d34c322ab20de
Sending 1394035124920290000000000000 Beats to 0x131E18f1caCAf72B55Eddf4491E0499164346bc2, Tx Hash: 0x00447666735d1e5926430b0ae1bb33eaae5cba4e2f74b04b0143f2e283238fff
Sending 9371763576409140000 Beats to 0x1823ddE167bE01a9b2fB0c595F385E0D5E0d0AF4, Tx Hash: 0xf1434ee55ffb7c25117b21e22e4e2dd9072143ebea71013689bf0dae6bc9af82
Sending 5576140499681160000000000000 Beats to 0x35EfCe5f4bd52356e8215BCB9dC7687aDe6B6400, Tx Hash: 0x55adadcf680c8a78624e8aec66fc5031ecf786860beef28709b80d235de19daa
Sending 8364210749521750000000000000 Beats to 0x0aF7d613b3fe444999f2e136d765414f5cc59e8a, Tx Hash: 0x4e8b957bc8e402240582ce6362cfe90c37b7c5dffd07e1d2d55947a0aac98116
Sending 3066877274824640000000000000 Beats to 0x3247E9a9B64BaEaA342d22e43b0E7E34c678E265, Tx Hash: 0x5efed8df0356788288c1ab58e9419c412d963ef1566efed566f6be687bc938cc
Sending 585494752466522000000000000 Beats to 0x98de4611DbEb65aBC0C86f16BB6495e7a013c511, Tx Hash: 0xae05ae6f08079729f2cacef6828a089e46be2506f13cb3ef7aa6ffce4d1f24f4
Sending 278807024984058000000000000 Beats to 0x98de4611DbEb65aBC0C86f16BB6495e7a013c511, Tx Hash: 0x9c1f3969584da3b7b0afc1cb93bc842be3b67a9b23ee3f3ec736fd271f6088b9
Sending 765021383924007000000000000 Beats to 0x253584543D8273444dE5A029B5a56D083958190A, Tx Hash: 0x0e88b1720ce94891a3c461b4bc6e2a575537a6d7854969fd0966a8d3bfbaf9e0
Sending 557614049968116000000000000 Beats to 0x131E18f1caCAf72B55Eddf4491E0499164346bc2, Tx Hash: 0x326059dc6b2a43870e86eb33878e5c9f27a9bdfbe7a2da062157fb525239d8cb
Sending 644044227713174000000000000 Beats to 0xBb86ccb4eF165535Bef08BFC616a171855c27885, Tx Hash: 0x57eaa1da0931da39c4e4a01bea810e0bbb9c072ddf96b0c2ecf4bc17f72c397a
Sending 116624978550832000000000000 Beats to 0xBb86ccb4eF165535Bef08BFC616a171855c27885, Tx Hash: 0x71c088c9e9b05008e052444ec7d761fbf1a968dbea58bb952e5c11e01dd17137
Sending 2509263224856520000000000 Beats to 0xbB3D74A438DD479717Bf75D691D0F3270a02D6Bb, Tx Hash: 0x9c48c1508c0ba28eb0b5bc5fc3b0434ec113c86f9d874426225fe60f92b1e9b4
Sending 2509263224856520000000000 Beats to 0xbB3D74A438DD479717Bf75D691D0F3270a02D6Bb, Tx Hash: 0xfecef2613af6424edb2384aa19ac0b4b7a586f693ae3d55126faaa6c7450a974
Sending 501852644971305000000000000 Beats to 0x15F0E26D8dC19eF282EC7a7Ab9F7503AE806f141, Tx Hash: 0x1150daef5cac5749aa5cfd31ad5c8b855b24a44989b69a033f815bc846bdb206
Sending 1249613085978550000000000000 Beats to 0xbB3D74A438DD479717Bf75D691D0F3270a02D6Bb, Tx Hash: 0xc81a5476c898ee1b1d101d33cee07a155971c494f09065b10e3ff636626a9866
Sending 88746032946529500000000000 Beats to 0x4de9F6F29B13EB437C8769279AD04924a7EB0d9A, Tx Hash: 0x98f72d40574a2d4ac183ff7c76fdc39d6178e2b7f4ebb81be44f3c77478d8d83
Sending 75277896745695700000000000 Beats to 0xF3BBC28172f170Cc840158E44815649ACfB1Ee9B, Tx Hash: 0x01f97ffa884f33ad0efc07ef37342f6f4c38ea84fda1b7d28d2b0700bd47c951
Sending 163102109615674000000000000 Beats to 0x0Af2d545B16B1B6cD2C73f40d2425588cC16c366, Tx Hash: 0xb4797199ee195ab8c04c7ee0acec5a547b0ccb09c8d9fa3a173115fe3cd793cb
Sending 1254631612428260000000000000 Beats to 0xDef5BB9Dd46eCD69eD3020A78BEfBD4b645edBDc, Tx Hash: 0xe297c4ea9a75d824932afebfd37682497026282bf8f9d04dda8e9037101c501a
Sending 328826399301323000000000000 Beats to 0x43296325cDC248D86dEb2f613Ff1E4D8563d7A2a, Tx Hash: 0xc86d38c1f3db17a91b019473585ee79d87c7e3ff3b5d57cf7144c72d87ce6347
Sending 4767600127227400000000000 Beats to 0x5cE18C3B827C4Dac1fF0C563460869aFD25B4b19, Tx Hash: 0xcc0decce92eae5ad6284c9df96a3d563f1a09dd54d8a6279dbe36a89fdaa596b
Sending 71940576656636500000000000 Beats to 0x1921FAa0f7739Ad9C78056C7F31c602b3c7E5c97, Tx Hash: 0x93a408dfe972423e2b6889947468306fbc4af0f482230078f1fce7383fbd2768
Sending 3883219729023440000000000000 Beats to 0x579c9678ad78EaFEA39fC652990447e885244E1F, Tx Hash: 0x8c55856a66cbbdd45b44ebee1bc8878a6a626481d0961aeec24e2a2df49dac4b
Sending 404942389964121000000000000 Beats to 0xDd3386c673Be94A58bc74d0bc33C1Ce510c8E76d, Tx Hash: 0xa0c54b567ffc6195dfc9b72c5ae6036620101ef0adcac25fe379c9fd63b41bb2
Sending 627315806214131000000000000 Beats to 0xe0C9a710baA7A11C45EdD2158A9c8a240aa08df3, Tx Hash: 0xf934dc512745c6de0ea923545b850702dc5abfbe502c1f44c3bf0eefdbbbe7c3
Sending 1254631612428260000000000 Beats to 0xd04134a6Ef057274506acF53CED2958829351C04, Tx Hash: 0x2ef0fbf6cc170e8f0a4698541061ec2ff8d0813decf104b95250193d610ce135
Sending 2508008593244100000000000000 Beats to 0xd04134a6Ef057274506acF53CED2958829351C04, Tx Hash: 0xd3b53a99f94ca7ce0fb297613ef7f7b9932c358a83cc7474b374cbf04282ad91
Sending 501852644971305000000000000 Beats to 0xF5D7B1B20288B9052E9CbdBf877A19077EdB34d8, Tx Hash: 0xb14a6695ca77f589f3a4ad7560ffdb1b123cff1df104258049e2638d9b9d57b5
Sending 1003705289942610000000000000 Beats to 0xE726fCF4E6FEAA807792efbCb9Ecc80072660cF2, Tx Hash: 0xbe48624cca41cc43e18de22686c1e5f9734b8ddc131f688ec893e04e9adb4a76
Sending 2509263224856520000000000 Beats to 0xD1C4c78472638155233A1cB9CECEBed04C04E9B8, Tx Hash: 0xc1f63da566a20646869ff23facb1d6ede983ba6b2ea5b2d725dc07fd9bf0d38a
Sending 750269704232100000000000000 Beats to 0xD1C4c78472638155233A1cB9CECEBed04C04E9B8, Tx Hash: 0xc8072c8617eaf804a807e1310848e6582d02854ababa2b8aa2b662ac19b2516b
Sending 1254631612428260000000000000 Beats to 0xD976891378bDB926e87E63352c620970287cE9Ff, Tx Hash: 0xe276f458fa477e995b59eae1a8d45057e3d533c0e762252198d5b1ac943e80de
Sending 125463161242826000000000000 Beats to 0x42C97dC4f2F50C4854D0FE645c81a15214b1ae1f, Tx Hash: 0x214718f0a21c406f296413f1891501486030e1b9aa93fa18e0da02fd7cb55245
Sending 4787956493296490000000000 Beats to 0xeBDa6A6010e6a138463B9c2eE9A6AB048e5D0a54, Tx Hash: 0xcf6a34b4506838112f06ac0ad4a423b514435cfc62f2db5ef1c7ecbf7b895044
Sending 50185264497130500000000000 Beats to 0xB76756D45ee4683756Aaf257a6A8eC093FC6ED0b, Tx Hash: 0x3684059cc40b765cf5027ea9e31de0d9eba19e0edda769f8f1252194cc66eca3
Sending 1003705289942610000000000000 Beats to 0x24B4f85307a182F0e8d373b360B2547F2C1C783C, Tx Hash: 0x9abf192d742f0b72f06d796098d05327febc035f865ce1b61e3f39fbb590de22
Sending 627315806214131000000000000 Beats to 0xB0B734CFC8c50F2742449B3946B2f0eD03E96D77, Tx Hash: 0xa0137a99a7a60bda54e3c44da27f74e3d1daae037b2ce3fa8388a839bdc986b4
Sending 163102109615674000000000000 Beats to 0x32A75C51EA891707c2Ad76a5780b37F5bfD725AC, Tx Hash: 0x4009cda0b8431ee5ff957bfb64db6298c62b7bb05f2d0203ae67df008f03a120
Sending 2509263224856520000000000 Beats to 0x80fD7eBd413B53bd0470CA5Bb4349BE30728ad60, Tx Hash: 0x515732f89e25938be5c1dce58d8257b7be11e3bfa098d9f415aa0ee7b7c016c2
Sending 923408866747201000000000000 Beats to 0x80fD7eBd413B53bd0470CA5Bb4349BE30728ad60, Tx Hash: 0xff6226bbe105809ddd98cb2776427d26bcb2acaa2011adf67a0582dc628b92e4
Sending 2509263224856520000000000 Beats to 0xD15e6Bb0804bb234fFd7e6eC1bb22b92B70C2a15, Tx Hash: 0x419f9cc59d38eb1b0c102bf78ded62d569963a4cb63cc7b23d752c86940316bd
Sending 1314853929824820000000000000 Beats to 0xD15e6Bb0804bb234fFd7e6eC1bb22b92B70C2a15, Tx Hash: 0x36ed760b71c21886f760dbe6a2037b82f738d333a01f7d59d6c1d9a82f90d830
Sending 376389483728479000000000000 Beats to 0xe0C9a710baA7A11C45EdD2158A9c8a240aa08df3, Tx Hash: 0xc0aa988d3accd52f021ce1364a3cec16d6c84e3b9f823130a84b47462fd29c3b
Sending 351296851479913000000000000 Beats to 0x5D759cBc617284f6392A323c9e90E18f752dEAe3, Tx Hash: 0xe46b6b5b7ba6a195e568f348ef71f36e42f79d96117dc7b378bfaeed821bbb09
Sending 250926322485652000000000000 Beats to 0xe0C9a710baA7A11C45EdD2158A9c8a240aa08df3, Tx Hash: 0x6baa4c6e25994eae657ee8dacabbc41b38dc07ef0b2b1d65c84921a5acef1484
Sending 1979808684411800000000000 Beats to 0xCB12038A1794849Ca975E0EE98195f49687A71E9, Tx Hash: 0xcef3b6627a1730c7f59c0e0d19d3e8748ae96e9c61adc1f2bcf1ad819e5774cd
Sending 116126192783135000000000000 Beats to 0xCB12038A1794849Ca975E0EE98195f49687A71E9, Tx Hash: 0xe0232f7c773af8465a3dbe82de5f240d18425bbecaa41bd9ed0606985d23dbc5
Sending 3090584236159040000000000 Beats to 0x1793a9D2752A0E65EA66e1D5F536d59717D622a4, Tx Hash: 0x5f6f18bc3b6af2e0489c0aa4eda771e0b350caf6fd57d19d859c0271187dc203
Sending 32620421923134800000000000 Beats to 0x4bf4fabdC36C1f8E33EeB501A48d7426D9241896, Tx Hash: 0x82c41c28d57ad6f744d1e95d3d5e896e61196bf98382933b0309034601fcd1cd
Sending 67750107071126100000000000 Beats to 0x8a463603daAc0F4cfd72255F28d781396A7ed1e8, Tx Hash: 0x7f7d57f46634a46bb61fb059a85dcd140a4f973ac53fee06e9c20ad14fde90ca
Sending 263221712287449000000000000 Beats to 0xB0B734CFC8c50F2742449B3946B2f0eD03E96D77, Tx Hash: 0xfdc2e6c3dbbbc6bfe0d6221ca81b30b4472e8a87bededf44fb4ef5986cf5c908
Sending 125463161242826000000000000 Beats to 0x0d11d0E15a57A05fD21865492e516B3FAE67e0B9, Tx Hash: 0xbaf7cf28ce5c8c64f571647470503b8ac8c917e01a020ebf8fdedfe40e8749fc
Sending 1254631612428260000000000000 Beats to 0xFf8c8A26c47013C976D522E5CE6E17Ed74D585AF, Tx Hash: 0xe76de162ac3cffcc6f58d4c617bf22bfbb28d9233a05b38fabe27bdf9788af76
Sending 702593702959827000000000000 Beats to 0xC5787B68B52A994Aa9Dc9cE9f7A4F8e1694465a5, Tx Hash: 0x641969fe029a260ac64572e9bc15b6e3a3ecb9af7b1d9399c8d2a51c361492d4
Sending 50688043060231700000000000 Beats to 0xA8619E6830c4069440f9a6819EB16bEe2da05227, Tx Hash: 0x43549d77012051083009392582789bcd5b79f5c20576f7444e41a6479cdfadb9
Sending 26891773980787400000000000 Beats to 0xA2aC084122842b18E368E13DEeEcE661eEE29F83, Tx Hash: 0x6c767dfbe368e79c303ed9f27976e058178a74236fc4e8fc20336efe69dbd68d
Sending 50185264497130500000000000 Beats to 0xB821aFE1F6b6f9EEd0B05b1cE7d9cE1220C043B4, Tx Hash: 0xe3eec80985313eba3a95b75d9bd6ab62547f7d3ba707b0ffd93546892753bbd0
Sending 200741057988522000000000000 Beats to 0xB821aFE1F6b6f9EEd0B05b1cE7d9cE1220C043B4, Tx Hash: 0x693c6afb7ed8cf7ed535cb2090ebff31c74d0fd06a2c07a6c183736bdb95c59a
Sending 22003729218766900000000000 Beats to 0x1793a9D2752A0E65EA66e1D5F536d59717D622a4, Tx Hash: 0x1556dea49a186efd5646e52625d540fbdf4535fc69bd3cfd1885ff3ad497a4cf
Sending 321185692781635000000000000 Beats to 0x6b2615167103190C7f0F5D2800e11247675b64eC, Tx Hash: 0xacf562adee06c45bc97d1aa3570fca0dfa7d9e248df45e300d272ec417a1625c
Sending 250926322485652000000000000 Beats to 0x3205a3Fe0FEb25b693316072D07C49405f4821CA, Tx Hash: 0x4638d04810832fe30bb1cd95ecb75843232004c207f523f5b54e1ee4afeb15be
Sending 140089031245345000000000000 Beats to 0xced2d8a158EdAbae3BeBd59325f54eC21C27F2b9, Tx Hash: 0xa0dd5ca0351c77cf63f1fe2bf30e09d283f7ff5c77913ad6a32be5684484650b
Sending 250926322485652000000000000 Beats to 0x98D7a623705a62153D6E88d43eA745708BECb7FD, Tx Hash: 0x9e3f4b9ef82ddcf82e9bdb913742c0235dfd1a981c55996eaa6b35c8a4b6311a
Sending 2509263224856520000000000000 Beats to 0x9b572c432e81aaB3c217e74E8C35121Bc512b656, Tx Hash: 0x79a54412e15565155d6c00f4641566baca5afc0b8d1ef6dfe17a472e0b3ea9ff
Sending 42657474822560900000000000 Beats to 0xD976891378bDB926e87E63352c620970287cE9Ff, Tx Hash: 0xc967efc5e8b8f1317a6a98704d8ed1eaf9e8c1db0a2dd1390ea4bd30f4115526
Sending 147981289422689000000000000 Beats to 0x4d620f510a56819e5122c4129Ed6a82c198e99A8, Tx Hash: 0xe71dcaa35ff500002f00d2261ceded756bc34dd6ee8eec43394aa3703319cbce
Sending 80027932030349100000000000 Beats to 0x4d620f510a56819e5122c4129Ed6a82c198e99A8, Tx Hash: 0x220d3e90f387727f28d5b46fa8e001f2a23ce69f08a75303a5f79d67d4c0527b
Sending 2760189547342180000000000000 Beats to 0x83AE044DB86C835Cd83233D800D5d7F9EA447B0B, Tx Hash: 0xe48d188e5dbd022bc27def9042452fe73f7e6bb0d84d3e790e9e01e1e601e5af
Sending 250926322485652000000000000 Beats to 0x13fFD067063174c330b61a522784e5B28b345339, Tx Hash: 0x0dda45ef616381f425e764242ecdef28eb971bfd3e6e5fb088133891c5ff6d5a
Sending 32206393491033500000000000 Beats to 0xA2aC084122842b18E368E13DEeEcE661eEE29F83, Tx Hash: 0x9bc9aeea4618cb69da1e3f190a69ae07e3a4592841c07abc2ca8fdaa0750bfda
Sending 2456568697134540000000000000 Beats to 0x0d1A4A73569f977a2c61E35b8efda0C27c46f294, Tx Hash: 0xa792ad9cf1291f19c0ec1b01cb7627425a047b86bc8860bb6c5dcca643d978f7
Sending 250926322485652000000000000 Beats to 0x4440fDddC07597Fc01bEb8fb97b6974238C3E0dE, Tx Hash: 0x449bd93a6573f45108d53f0cd2a673846fa8455073a13bc15a192c73ada2a1c6
Sending 25092632248565200000000000 Beats to 0x0CeFCf0fBa4ab6F491Ba4C1BC7ECb4A90D0A54DC, Tx Hash: 0x986db765f7405c8c1b1ac2bbbf8ad61658d077603df5d1c15b85d320ce187a85
Sending 250926322485652000000000000 Beats to 0x0CeFCf0fBa4ab6F491Ba4C1BC7ECb4A90D0A54DC, Tx Hash: 0x954d3698d4fe22fa02c35f6a26f7ddd039bb064f2f23d798e0938f507ecd51ac
Sending 1254631612428260000000000000 Beats to 0xC6A9B0669262FFd606294FB28D308B647C4c2cbf, Tx Hash: 0x1b4131904fb87a33568976f32cf694ca23134130e86c9d2957734a836e72d7d8
Sending 125463161242826000000000000 Beats to 0xf3CFEE4a574c22789BE6C483370a0a36f21Bc1D8, Tx Hash: 0xba709bed94b4f5f8ddd501258578784dc30be739f585197a0df9711efa396464
Sending 376389483728479000000000000 Beats to 0x4440fDddC07597Fc01bEb8fb97b6974238C3E0dE, Tx Hash: 0xbdc1d099196dc024f4d3213f03f0578b7553a8601337dbe1a0b502ecefc17df1
Sending 1505557934913910000000000000 Beats to 0x98D7a623705a62153D6E88d43eA745708BECb7FD, Tx Hash: 0xa6ef9272939f7e72e5cd9c23c70f4cf0d80cb6c60914159a6fa2649a75808297
Sending 125463161242826000000000000 Beats to 0x70974E1b2e5557AF2ea18189037aDE2b89b2ec61, Tx Hash: 0x212fa8236ccd71d5eb27426ef6f253614d7e585fe87b02bde64b838eb789a3ac
Sending 250926322485652000000000000 Beats to 0x4440fDddC07597Fc01bEb8fb97b6974238C3E0dE, Tx Hash: 0x7d278b662f0b1b7176a805c239a354df085a953d11539c70413082808ccc35f3
Sending 1254631612428260000000000000 Beats to 0xba553713885EC425F7483A4d1fA72c0fF937eA04, Tx Hash: 0x83510140195322da1a195049be4bb54662c23c558946ed5cb7ced6cb334558a4
Sending 2509263224856520000000000 Beats to 0x17e8565190e5B0879f28E3DDE1b3d8d22461C19C, Tx Hash: 0xb8da44a022bf70e8e8dcd8bc822db5397c97c1d611eee34abab515a651a31e3a
Sending 199642000696035000000000000 Beats to 0x0CeFCf0fBa4ab6F491Ba4C1BC7ECb4A90D0A54DC, Tx Hash: 0x7319b144023ecb0b85e61a5332098b60a3f637a8e34690302318062c554a7218
Sending 276018954734218000000000000 Beats to 0xBf52864FeB04CEc892F4368BB7A285955AFfFcE3, Tx Hash: 0x4dfe379a12cb7043fcd442536f53ab844ebf2d33bc35f13a6e006ae62ea5ba0e
Sending 250926322485652000000000000 Beats to 0x89D04aB19C5590b887Bfc87ABB50B9264Cb6438d, Tx Hash: 0x7a5b087b36f959d9730da50e2d083aeb4cb2d67e6c8663cb434ae223cd7c3af4
Sending 250926322485652000000000 Beats to 0xd6407F4cF659f971fA49759a6C94B477080E32ad, Tx Hash: 0x4b710ffffb1712b00fdb08d89a67e0818e90bef6ac330fe7ed91c839718abe13
Sending 3134318184905060000000000000 Beats to 0xd6407F4cF659f971fA49759a6C94B477080E32ad, Tx Hash: 0x565083082d80c4068b42b9edfa5e2d6074dba33abbc659458b6f728e7dc7f2c8
Sending 7527789674569570000000000000 Beats to 0xd6407F4cF659f971fA49759a6C94B477080E32ad, Tx Hash: 0xd7e11b9c833083802a3949966cb3769f634be26df3b368104288b21ff6836762
Sending 10037052899426100000000000000 Beats to 0xd6407F4cF659f971fA49759a6C94B477080E32ad, Tx Hash: 0xd4b7683cb448ed95d10c482bac29914adf4bb869d632d355c3cd1d825e460cf9
Sending 5018526449713050000000000000 Beats to 0xd6407F4cF659f971fA49759a6C94B477080E32ad, Tx Hash: 0x0081cdfa959624e8f73ffcb9525f0dc741a79c4f426d7760da6e3efee44849b6
Sending 5625512205279390000000000000 Beats to 0xd6407F4cF659f971fA49759a6C94B477080E32ad, Tx Hash: 0x6440c0c08698c0f7a9b255f4c99e9f0015fba00064c0998246cfb72b79a6a3c4
Sending 1380577179526070000000000000 Beats to 0xa2FE3C73e23AA9772375CFF06B118cC9f4d27249, Tx Hash: 0xf15ada641bf028dbca958e9e13bb923c5167dbeba4aec9c33bc38167b8861e77
Sending 6998703047822290000000000000 Beats to 0x83AE044DB86C835Cd83233D800D5d7F9EA447B0B, Tx Hash: 0xa9edafbc03ea47dcf43a735eff15b2dc43f47d0935bf914d769ebc5908addedf
Sending 2509263224856520000000000 Beats to 0xC046a433C09957Bf06EAD0f34348Fc1384971e4a, Tx Hash: 0xcc3c730286b5bed77e8de4fe1e1acf54073387620ff31b5c71f6331cd89743d8
Sending 358878430908530000000000000 Beats to 0xC046a433C09957Bf06EAD0f34348Fc1384971e4a, Tx Hash: 0xde7cdf8c260a3f9e70fd38a64ebcc56493cae1f57acbdbbc110d40c57ac9e28d
Sending 180666952189670000000000000 Beats to 0x0C40cdecB2c514327316c460D36C2Afc0FDc8ab8, Tx Hash: 0x9a142cc997d0c3e590c18c8015c1c8f88d4f0d8103c8656d9262635ce5f265d2
Sending 752778967456957000000000000 Beats to 0x17e8565190e5B0879f28E3DDE1b3d8d22461C19C, Tx Hash: 0x5d8d3ab3d1d655a2fbbe2cc60cba265b798c5ab576245ebb6dc1dee96b71eb0d
Sending 501852644971305000000000000 Beats to 0x24B4f85307a182F0e8d373b360B2547F2C1C783C, Tx Hash: 0x326a31962046875434b134f29c22d103d793929a019be9018ae9fd38909102ce
Sending 273469543297763000000000000 Beats to 0x0d1A4A73569f977a2c61E35b8efda0C27c46f294, Tx Hash: 0x41b37ff2735065235d0243fc5c445956e46c4c00d25b51424889c185d105194b
Sending 125463161242826000000000000 Beats to 0x5BA97E16d5B25E63aF7934471a0C7ed49f8df8Ff, Tx Hash: 0xe594c6120f67d6087810f90d5c224ac1ae7d2e7accaedb02e3f8c78ec72ef44e
Sending 195722531538809000000000000 Beats to 0x9a6567989997Dfbb90a0C802AD4db4714D71cBBf, Tx Hash: 0xd3c11e042781a5115caa9c8f0c93e0d8f24dc2606387ef755d2adbbfa17341d5
Sending 94097370932119600000000000 Beats to 0xE205334b535C12e687d052f1Cda7F00CD5E6f7Ce, Tx Hash: 0xffb740beb9cfb06192a35eb74cb3648faf79294290023b3d64e188b261c110bf
Sending 27601895473421800000000000 Beats to 0x7B87952b9E7480Fa4766870105e6436D86009727, Tx Hash: 0xa38a6f5ab48dad2ec2e2232c32a4ff1f7a4b3e24464f2f4ef19a8bd5141c3833
Sending 97000000000000000000 Beats to 0x036F08837E17dcc2C7182B584C929C60c2E2e512, Tx Hash: 0x160b31c266619bae93134e463eabf532ceb6430c0b7b89b4a0b03089801fb81a
Sending 54000000000000000000 Beats to 0xd5b9eE81a5Fee0604716a47ca6e02809e498c216, Tx Hash: 0x064e8dc1bdd55b8767be8917a142ad2458fe1cb171ce375e5afcd9ba99d58d74
Sending 54000000000000000000 Beats to 0x0C27354c6E7071F6BFc339b01F9DA9912552d00D, Tx Hash: 0xdb7b7897b04edc99773ce1031b91e29922e27ca747f2ad457fa69fbf6c7ab1a4
Sending 76000000000000000000 Beats to 0x2e329B6D1478ad5A86F8CC7C5c7193335d2Cb2b3, Tx Hash: 0x125ce8895f8c54c62dcadc117acb195b567b16fd924240020c810e49522a83cf
Sending 97000000000000000000 Beats to 0x9f063756d6e2F81fF40FA7fC69DbE9eC1dc24d15, Tx Hash: 0x43de70783c740384f84d5c271f57929bc48a25401f0c0cbcc9a612d99dafef12
Sending 69000000000000000000 Beats to 0xAe6696bab108D4d9D496180EA3c0f57805945235, Tx Hash: 0xe6379512fdafed9f3a90117248fc0394c85c220676218ed0222bcb88163902e4
Sending 87000000000000000000 Beats to 0x049Ee15A7804CbB0B70f7cbeBC1a73DBc72a2Cf0, Tx Hash: 0x5476b3c89fb65fdb2f5a491c7e88cd4ee0e2c4869bdf4f99abf29fe524525b40
Sending 50000000000000000000 Beats to 0xb17A3CF39d91d6Eab458469faD1562d7819f959f, Tx Hash: 0x62f6ade1da3f9e64129d7eede6bdb3c22f9cece360e6ec4f841b7aa3266684eb
Sending 71000000000000000000 Beats to 0x7eD67fb1965CEe3914E8915C3F97750172c2eA3b, Tx Hash: 0x1820fb559b4b1310d93e54671e716e1a40c3a81bea14c1534a938b747cb417c0
Sending 78000000000000000000 Beats to 0x852c431857F8aF13450AbBcef2046a6fEd0cb4A5, Tx Hash: 0xbd9b090fcf1eae17f8b01c258c90d7489ea965a67281af7c34fd2d28a20a7cac
Sending 40000000000000000000 Beats to 0xedbCa2a89688611f16E100aaB2087C5010bEF1aa, Tx Hash: 0x534c386e5beebb143819f8dd1f8e2dc6bf645248b878ee9cc047a2f98d08b237
Sending 89000000000000000000 Beats to 0x3C3c842AD4Dd9CB8a45Ff6e78F2693d4A3C22F1F, Tx Hash: 0x45700c2107f47cf1f8636cd4d0914cc46f402c41746f2717610cc2ed37e2e2c4
Sending 57000000000000000000 Beats to 0x1EF2Bd018430afd1D2185C9D2b3b1Bdeb86b1b51, Tx Hash: 0x990a6643aad1e20c1385a03663d3d13d5dbf617a21ae772687332b24a4eab817
Sending 108000000000000000000 Beats to 0xed2f418cAC4faCAD9e4f6242bD1d46bd24b2Fd46, Tx Hash: 0xf9ad1f778e94809882e0e9714567a11a1d20202341de6eced2937b8288898dde
Sending 85000000000000000000 Beats to 0x9Cc809EF473A95B543023bdd3A27afcB5C382051, Tx Hash: 0xb543b9a318b99503f7ed01afdfd75e2b957265a868e3af0d7e82ee8534a513ee
Sending 69000000000000000000 Beats to 0xf776866AE8CdCe52C30eae2E8b3F00017527C68e, Tx Hash: 0xbc1d7ec1c03b49d034641b6c225b819a6bbbec402f399642c1e8973c74d4c0fe
Sending 80000000000000000000 Beats to 0x459c950F0D6b42336D4Cfd82B62adC3e080a0C9d, Tx Hash: 0x97613286b7bb9b064880959f7f8fc00ea29da9250b5a48849a0f0430b2bd87c2
Sending 88000000000000000000 Beats to 0x04d5cEC4D7284BA77f327a38661cC0D0211C308a, Tx Hash: 0xa03fa68398b87ae820c7c43dc69f531e1a456494d0ad058eeccffdac61ff1636
Sending 73000000000000000000 Beats to 0x0e63Fc22a5Ec210Ee00bf2521ee9Bf5a0102Faa9, Tx Hash: 0x48971ac0f59536390c0bab3a95b8e5516466d9e66d5e056e3d4ade2a629b4d5f
Sending 68000000000000000000 Beats to 0x924A28cf7185Dc5d9ABC1d36F65cf69F7b9ca7D2, Tx Hash: 0x9711de0db5ecb0278402f6c9533919394b32902c3961a0ca5f62a46ac77f9ac6
Sending 99000000000000000000 Beats to 0x4598b08d8d643D56A2CbfD8B209e04e0A64DF8C0, Tx Hash: 0xb42455823a7012453d8be9d3d79e01fdffdc7c44136451363e3bbf11d1df4f81
Sending 60000000000000000000 Beats to 0x8004f71Aa54E18e9c3f08a408AA7D1e1eCb0d9B4, Tx Hash: 0x2053792a0977bcef8407fa781da88fe67abaf09507424e3d15d3caf015562894
Sending 102000000000000000000 Beats to 0xD043ba8f1dEA725115479C180e482C30828b92d1, Tx Hash: 0x7aa1f9b34e7bf91c6be22e3ac96fd99f25f4e928bd3374793536318189a411dd
Sending 107000000000000000000 Beats to 0x42A7cC593801C36F579FBcf1Ce798eb30542D6fd, Tx Hash: 0xa3a772028e3549b30d762584a9d3f93b3174d60b7808b2f60d0d2602e7f012fc
Sending 86000000000000000000 Beats to 0xb8BD8E83ecFc974b7cb9951eD623A688ED3c7Ee9, Tx Hash: 0x9c9f85f1a0786deed3d53a87e397f22496cfa426a027cba5eaffe51d65e7bc59
Sending 71000000000000000000 Beats to 0x9d1C424B504ccC28EBEE9C40e7e7729c0354b183, Tx Hash: 0x74002a423863818fc7216454f67178acd8fd7b8b6abb012a2e3d3a6da8c18397
Sending 86000000000000000000 Beats to 0x08a2F2D75D9b36eEB27617f13234B3c6DDdFE791, Tx Hash: 0xcf89c7ebbac5367a5f82fe28150b63c7071ce0fcd6efe8a8855d016777f5fff3
Sending 74000000000000000000 Beats to 0x91f58D2967F2EdAabfE7d8D2B86CDFb160c3095B, Tx Hash: 0x70e314137cd94e469a13b2d3bedaf6d404bd2a03545c8c616c362fd62364e20f
Sending 57000000000000000000 Beats to 0xF42BD2eFa745CeAF829eE4b6E09F04AABbdcE24d, Tx Hash: 0x30e6c5d232b89f4579399a420e32f568a4411d7e3918f8bd182951b044857a73
Sending 79000000000000000000 Beats to 0xA3A32b02b1B9bf33af880869e07DD7d7eCAD8F87, Tx Hash: 0xe725c44ed5551d82264e23c2eabaccc06376b808c022310c63b5fad81a2136e0
Sending 86000000000000000000 Beats to 0x1BEDD466065603d592e8e71e95e6082b9f3Ac85A, Tx Hash: 0x1cdfec3310358187c3e4cce86dd4e552b59ad72542069813aaa19f5a1ad60597
Sending 50000000000000000000 Beats to 0xf100B0067151189673a55f7ff4E0FbdB44DCF7f8, Tx Hash: 0x9244cb4c40d458d27ee6a7e76e4fd0d26617bd9fef5a0dd66ae3e47c4d580f16
Sending 107000000000000000000 Beats to 0x88170234F6054951FA5c069Dcb42a2F3F4FaBfc4, Tx Hash: 0xdfd5bac2164f67750ee9c989ba3fdf493e43370e19b8a0c32f0f9d6a1857307f
Sending 58000000000000000000 Beats to 0x4089D58D232b1C16534e38F940a66597c76B4941, Tx Hash: 0x7978f4b429a36dead993fb919c0d7e07a1395af941447ed18a0bf07065265af2
Sending 78000000000000000000 Beats to 0x043922560d45953e1e0299aD14EEf45A2903466B, Tx Hash: 0x9c8224a47fe5943205ab03b05404cb0bbcfca278a5044520b0e7d2c4ef844713
Sending 59000000000000000000 Beats to 0xA3B4dF06Bb534363B6a94a613cF22A7E84C95e11, Tx Hash: 0x1b299688cf5c8bd9468e8fa30dc1d4d0d4a3668b3a73e7744f529289f7b9445f
Sending 96000000000000000000 Beats to 0x1cDf46c6A94B9E19Cae3797ffdE6C61AF8E8F361, Tx Hash: 0xbb9a375b0db3f2491ae4f989ee4db686059186152120aeba4970b5a58d34eab8
Sending 68000000000000000000 Beats to 0x5C36B7E385cf3d5f5Fe8F55b22776eB8EFF1DF62, Tx Hash: 0xa087494431377928765269964f9b2833232f3bb10a806a0bf9a0e8b42a2cf67c
Sending 47000000000000000000 Beats to 0x3f000b6b300791Cc7245a5b8C96261e2Aeef5CcD, Tx Hash: 0x73c05b7552478ca03c6d987fda6cec7e9024c567f56314679619bcf0bb5778de
Sending 104000000000000000000 Beats to 0xFD7Ef5A56B207a6dFe8389f57f4FBb5615B973FB, Tx Hash: 0x581220e390d2aae0a30e8abfcc944fd25d13fdd613b536dc0336b33adbe36b5c
Sending 60000000000000000000 Beats to 0x82376e7727b209bED678e9EE8b8732C8d43c3404, Tx Hash: 0x6c7024b7b463ecd3a8f9594578e154d77b92e8ec4091f765a7d40a81a0a637b2
Sending 46000000000000000000 Beats to 0x524991FD054D2DC14a4B16466bDF3ED610523C6c, Tx Hash: 0xbcf9678d6e0bc3c998952ffe1cce29c8cdcec4373fe66d4713f209d8881e0d5d
Sending 69000000000000000000 Beats to 0xe2195F20F39c480218B053B248216933Cb709E71, Tx Hash: 0x7db8d88d8a79c9d823bd276f2200d42b52bc70bf4b6164d9150ea9af5b9df720
Sending 78000000000000000000 Beats to 0x686F06E8239184b084cf4a2199dbA5D9f82b771D, Tx Hash: 0x1ac5d36755c3cf354875781ec2f5334c7c17a73592aeccac4d36c4545edf8c27
Sending 59000000000000000000 Beats to 0xAE4E2bbAe1889156b5e00f5b755703fd8691eBa1, Tx Hash: 0xb3d687d13fa785afed0b63cc6ed98c9639dd533835f66913adb592eb10d0b3b8
Sending 96000000000000000000 Beats to 0x2A838A7e0bE95D247ba8B5EF412A82d9C5785070, Tx Hash: 0x647bce1eeb00ede52434508fbc8ad01880ffc7cd446b972831c1eada89a25197
Sending 68000000000000000000 Beats to 0x35Ca10b69a9DF909e7e1c3150Ee426762E41dB14, Tx Hash: 0xedd05ad60c804eec0ea65b35ec71800f4533ea9bfe26d72b7c29f3b332f6e340
Sending 47000000000000000000 Beats to 0x31035fA56674C0Ea4c1C7a1C1743548309Ea2C52, Tx Hash: 0x6d4589575775b12dd916517fbce8091b647d3521d99802ead6f2b0ad1ba61e0b
Sending 104000000000000000000 Beats to 0xE50b00a33d78C8eA34a95471Be10b39BCe53AF23, Tx Hash: 0xcb752dc09a9a29bbe2eedf0ed73aa6bd42b0c2042082b561eeb78ad6b1ca0120
Sending 60000000000000000000 Beats to 0x3610051db1C4D146Ec3E3d5F5635377cAef46bcD, Tx Hash: 0x692265aec43d690616bb7575bb5a4c7beacd48f90414fa6f43df40081444c49b
Sending 46000000000000000000 Beats to 0x85f1a34459eE34F4A105884c44c750781a316B35, Tx Hash: 0xf7add87d7dc1062de16be0a66cc6d654762615fef7abd7126aa8bc7365207fd9
Sending 69000000000000000000 Beats to 0x0A78EE864224C926cA12FeaE6C310dd7b0A4ea70, Tx Hash: 0xff3bedcc56db25c02cbd0314bd17f08a58a036a9b609e483a504e7eaac2bf2e1
Sending 99000000000000000000 Beats to 0x0b9CB02b9E4e4f5546121Bae1088272eB2059dB3, Tx Hash: 0x671ce46660a1ba7f2f9396923e57ba009e31bd31b7853b430487803dab5aa76f
Sending 96000000000000000000 Beats to 0x97c40BE51795c85e5032F3FCBc57889De4321143, Tx Hash: 0xcdddc126021a927a2627f88b3c640bddff10e881596d21d7cede5016a527d649
Sending 88000000000000000000 Beats to 0xdA068f855B82E4a42185BfAbCb5e8f58FB08F01B, Tx Hash: 0x93578ae3effb9df194afdcb3c58e75ca4879ccb18150e4ef5f24445019ff6948
Sending 100000000000000000000 Beats to 0xbe26be0F20d6CAE2665b9Ee0D1DB0a400b7220a9, Tx Hash: 0x698f4f423bdc0c7e0dcacb276f688da69e73e0e40bb243834e258f949c6db5f0
Sending 94000000000000000000 Beats to 0xF9512998E5E375453c321478112D9819E2A0025A, Tx Hash: 0xe30fac504d208118f61bbeab24625c15d249e62f590928b78fc15df1023716fb
Sending 54000000000000000000 Beats to 0x93fA0Aa4aF5bFbFb1FdcbF41E1eEb1a9d01D18cF, Tx Hash: 0xddc6eedee1620209f6fd2d7e664e5931b12dc952964c87455074a96a2493ca40
Sending 80000000000000000000 Beats to 0x59F8753c19A6673c355239F48B4707E9e8A64368, Tx Hash: 0x6948b83de9ce1aa2a3fe669945fc08c6bfe824e7d166ceafcf27ba4a15cbc9c6
Sending 60000000000000000000 Beats to 0x9529a954EFeD8e07DF2Fe54210d29598b73Fa885, Tx Hash: 0x9fd62546e6ad4fc0317aea888c2f8d345dce2980cf245f6b8d49215868dcfa23
Sending 77000000000000000000 Beats to 0x6DEbE62eb9eE496Bd4e37a2A3Bd07bC40d935A9B, Tx Hash: 0x2781932f6c7215ea489c2f643164875779ed34453407393831bf3489ed4723c8
Sending 72000000000000000000 Beats to 0x0222E824622f110A33b9F34C575AeE19417Fd64f, Tx Hash: 0xd7db0c2a8ade9e0c58b056ec2861746211e628df2ebfa30cc99e82ee6406bdb5
Sending 100000000000000000000 Beats to 0xc814b2256f51381bD1335E0DbC04AB6B67f0C252, Tx Hash: 0x73da73650c1692b2be54a854da13d958601cde55c8ab068f25c62feecc929016
Sending 43000000000000000000 Beats to 0xdE98f4d79a84fc76C5119d29625B8d9c79A307D3, Tx Hash: 0xacdc8dd36471ed1f349dbc18e1e9245c7ab8a2b23385165078bbee64d78ec390
Sending 98000000000000000000 Beats to 0x2ba224cD628F4d3da8Ec0a69333F8ADcaeaf42D6, Tx Hash: 0xe2ed922de2a27f0980e0f28cd7d70e8590c7898dfc2b4a07cc88f8604d294bae
Sending 78000000000000000000 Beats to 0xBA1A5111E598a52c6bE456D6e4C623af5050C4AD, Tx Hash: 0x1f681c6f8a741bff83a78e66d173139a7cc36cc4229fe8113e03b431d4c66f52
Sending 77000000000000000000 Beats to 0x75142290EC2d089fb5225F57F8D9f2113045F833, Tx Hash: 0x7582060dae4b7c3f0cf47ec01d79c010650c66700428dac8f65674c78ab2c195
Sending 92000000000000000000 Beats to 0x344d8Bc21d4B6E1AC175cfCC61e6b0b8c1820c20, Tx Hash: 0xe7716f32d2aff8fea3de0c7be830fea51f6d4551eff5362f4feeb0793c39329d
Sending 55000000000000000000 Beats to 0x397d9a4d19A9dB3B591423a64Bd88BB44D1dA91a, Tx Hash: 0x24835443a4ba0f6ae3529ea9009bc889133e0ae7706c1c285f4eade5e38f19d5
Sending 61000000000000000000 Beats to 0xBaca36162d7f0d87D8DbC993c2A41b83016d3d8F, Tx Hash: 0xb31bbc49c5b2819a9074a614b98dbe481cffff1390b704fe41163bfd2c03ecd5
Sending 96000000000000000000 Beats to 0xd800602C63e3b29b0441D0474E06385a32Ad8038, Tx Hash: 0xcce8eba62a2ed70c69f88f6125bf009631f8b8e5e87a2f1d348b6a17d86cf46f
Sending 75000000000000000000 Beats to 0xC54F77D988868Fecc9927DA6cc0CE8F8B8dDdb68, Tx Hash: 0xd77c5ac0df529d04c0429316980509fadad51d7a16e1b5f8a90ae9951cbfca5a
Sending 43000000000000000000 Beats to 0xC2a3C16526C452FB573528997167f92b290575B9, Tx Hash: 0x9aac5e6465df95810777ae16b5c18b58357829c39bbffdace9bf5125bd0f4bbe
Sending 46000000000000000000 Beats to 0x806aD2ee30DC110fb96462D89946f955B31449d1, Tx Hash: 0x0dbb35adf7a39aecebf1eb5468ab83d65c31e2ed0add81b13b2e590c6eb6f779
Sending 76000000000000000000 Beats to 0x83d9a4fC6D349FEA4eFf4C82eA0B30c7D030EA5D, Tx Hash: 0x6337a56fb2c3676749bb15c782a019808c35dc1b5fc09b664df133906aaac7a4
Sending 72000000000000000000 Beats to 0x20aAb41f1a0Fe924Fe80E06B87c0B5F40Dd3dEEc, Tx Hash: 0x5a9af6c3e6ddc65c3104dfcd594c68907ee1ab27b1bde98237b0a6a20e64813b
Sending 57000000000000000000 Beats to 0xe522E3B379839E1bd1fF0730a66A5cd7aa8f8090, Tx Hash: 0xdd8c79af092c470a98649531f83da49e018d2c7c6a0ff79e2a0ddad46ec35071
Sending 74000000000000000000 Beats to 0x6d05d852804377275bf942B03f49b12f7649B0F2, Tx Hash: 0xfe2f521e2423ee21abbce30be5462ea37cbeabecbc5f3dce413c03711402343c
Sending 77000000000000000000 Beats to 0x4E1571644A11186b3e31D67E00cC37E86BD925a5, Tx Hash: 0x971ac79903aae969aa73938b9c64a1c60f1878e553700760cb1a28bc384d9b5d
Sending 94000000000000000000 Beats to 0xc84eB27faF8523E5BECF193268DaB8F93a671ADB, Tx Hash: 0xfb1c5cf62711d8f3c73ba5d4533ece98ba53d496137dd303394345762f50e4af
Sending 78000000000000000000 Beats to 0x5Bf1DfFb100E9d0c7E54a039f41512726f38d6Ac, Tx Hash: 0x1676d274d9a874c585ab4eee0db164cfd4b55e8340d01ce0cee379e253ca0b80
Sending 104000000000000000000 Beats to 0xd3E00417b7528A957b937b9A6A6A3832250D2321, Tx Hash: 0xc64b7bcc73a40fde5245baadbd0953848ef379a213b20b794db9c7389bc61eba
Sending 85000000000000000000 Beats to 0x495cBACfA0e1615A24484FB3130e3fE847174545, Tx Hash: 0x38ae753abcee83b19f9e0098dabcf3e406bed5be6e122af25938513321096050
Sending 96000000000000000000 Beats to 0xA036Bf7A387740a1f040F524409a2D0aF8e00d87, Tx Hash: 0xbf5b559664cf749b6fb4c1fde2f00406393ac81d50ad9d7fb8f23b1c2f60b0ae
Sending 47000000000000000000 Beats to 0x3c8e75434e2bdd5Adc0571460590fcFE85f37fcf, Tx Hash: 0x85206e54c109440b95e7659fa3f66a92ad682335681befcacc8e48c35fdcab5a
Sending 51000000000000000000 Beats to 0x7342440A3C15c865393ed4FFd9D74105AcFa4d81, Tx Hash: 0xf945235f00a85c96231c0a047e8a772e8961900d501d952f5c26a10ef5277547
Sending 62000000000000000000 Beats to 0x741E59F5BB43a1DD20BAe9f2b1F8931fa79b9D2e, Tx Hash: 0xc7e0193a7635fc7a746eb74b43f64d7c720d610088da09c41630c37f2b3ee999
Sending 78000000000000000000 Beats to 0xc732839DE8fdb7EF4c9277E2b88da91F890E1506, Tx Hash: 0x593546bed6983a19e231360629158d8a7b3ebe6901e1907106600e074403b885
Sending 77000000000000000000 Beats to 0x09C21377caF7bab0d0f36A2140e6fDBd80389c10, Tx Hash: 0xc48cf7aeb23cac07a5bccbfa0cb37942fe612c555aa1708201795491f4d85528
Sending 71000000000000000000 Beats to 0x8EEd7c6D7d991BCA29C42556540A82883cB72CA5, Tx Hash: 0x35d6e2fad38b2a3a1376a1c8502d5d5d27851a45fb386c0aa00269fcde86e511
Sending 43000000000000000000 Beats to 0x0a9F5b9Fb29CD66CD1c379C75834DF783966B57F, Tx Hash: 0xde8c9cb316910f662e92d6199a49fca841347a3ed6cb04d87c410a568c45d280
Sending 47000000000000000000 Beats to 0xE9563E05Bf22fB1A6C3f84f06067034356Ca264E, Tx Hash: 0xf91af48775643eddc41844f2141d72a86534b9e43b150174ff9adf5b15ce6637
Sending 98000000000000000000 Beats to 0x9b343fd2a02ce97bFC3EfeFffda845Ab76ABb085, Tx Hash: 0x9e2adc26ab7e4fdd7f7a2dfd908d46fb01ec7a1971bdc72ab335c83905e39830
Sending 89000000000000000000 Beats to 0xF676BF32Af0A738e148705a0857B1777639e2452, Tx Hash: 0x2d986f5fe398b70519a5d24fac6c2f5dcb380d15697df6e3c7521e979cd5cb9c
Sending 45000000000000000000 Beats to 0x289Aa187b0F249fC4e32d126E80AB3FE4698F82a, Tx Hash: 0x2c4100126bdd46287dc856fab8d5928769d585e9d299d03bee7ac79b6ee54023
Sending 85000000000000000000 Beats to 0x81f3A2DADbf36344Aa62F483fE25a88D7914eEF0, Tx Hash: 0xfcfbd2c7b3639dc7ef81ef5f5d05a23bb118928c7db5f4e12c6aa4bccf3cad07
Sending 55000000000000000000 Beats to 0xDD45f058548D2Ac77cF0bEc7748E1392797eD4a8, Tx Hash: 0xb8d0770b545438171513a589e827811a1a42bbfa4845a74bdb8517bf03de3a77
Sending 94000000000000000000 Beats to 0xBe99dA3D6cb8E27304600F5C74BcF8a681e8e8c6, Tx Hash: 0xdc96c173154f195129ca78aa204f4e0f3632bd4edc1d65f387baa0ae0f8dd34e
Sending 60000000000000000000 Beats to 0x3f5359953C907C5f2FE9E2247CEE3Ed40ef3F4Bb, Tx Hash: 0xb91bae696f0eb0d592e742f7fd21b71c1677ebf5d1106eaa2d61ad6093122558
Sending 59000000000000000000 Beats to 0x4083485762e742f0afbF24E2DE02Cc51BCadeB42, Tx Hash: 0xfbbc20f51ff53fa40f6f1fcbe310c66d3a8bced686a98f6ba41b91a65bb50478
Sending 62000000000000000000 Beats to 0xE340F56c7106A6B984a88E43661D33D353934039, Tx Hash: 0x938224418a5d304e3a1bba2b3ef28345ddbb3869c6aafb981923e7a3743eadc5
Sending 63000000000000000000 Beats to 0x54D9F52727B3057490BEcBbEFc476844067f3A17, Tx Hash: 0xd83b0bb9b505f36bea3d22a8b0cd903c49702a36d018d17c35b7497cc5eef365
Sending 102000000000000000000 Beats to 0x932f9156abf597eE3910Ac0e5d34a51D357e3ABB, Tx Hash: 0x2ed3b333d811df1166834bf0f15133498df67b138b8fd85ab433e80c4b91a5c1
Sending 60000000000000000000 Beats to 0x70100026F6a03BBB7816978ba734FA38fe0dDA37, Tx Hash: 0x904e26aba11762747ee991553cbe9000fc6fdf519972999a71bb256d9dee87a0
Sending 84000000000000000000 Beats to 0x24561eaF4e1e5F24A2f38cDe77A682abe020008e, Tx Hash: 0xc71efa33a72065edb530bbef0e72da68f0b0c2f5b97074dc90175c7146119514
Sending 68000000000000000000 Beats to 0x462DE1D41335C4fB55Ab667Af01E0b6Ca9705009, Tx Hash: 0xe1cda36d2bc03f91a4819a1985f036ff0f78cb3b6823e63a05d2e3a8a3acc05e
Sending 84000000000000000000 Beats to 0x2b5bC8011BFFdaC3813eef9B1B17E22146AdB206, Tx Hash: 0x7b7da9c3174eda17008d212b7759c2d96d9953c837d39a28d9d53691d4186e3d
Sending 92000000000000000000 Beats to 0x4C5B195b767f75c02910813E0FE96DF93a5e6C6b, Tx Hash: 0x82a801797cc633b251c274a61ae4fbefd09fc4121d35b0caa37c7c72ac2fced5
Sending 89000000000000000000 Beats to 0x33BEF1b5698d2462fb4cF0daa6a60C06E432b4fd, Tx Hash: 0x00e9b33ebc688e585c600a37bce961602963c29b3beba5ae49a5c6a2d10f0908
Sending 64000000000000000000 Beats to 0xE6d4dEE39E7c5d49873FDd2de38EE529B9dd0f81, Tx Hash: 0x50d001235b300143bb8cb5c75d0ae884d6b755f528b8f7fd88651fde0add0039
Sending 83000000000000000000 Beats to 0xfAFb936DeC6300BD5876116445858ae697e37C64, Tx Hash: 0x564af42880f2eb0f5c33b3b1277a9e2636ca664b0c431cab4b28c65d324e8bc4
Sending 64000000000000000000 Beats to 0xD7c2a1CF49d41b43Ff1589f8486Aa77AF3afFa54, Tx Hash: 0xb055153e1f17f2ac2a6c8068f6eb1c6016a049aeb8cdea41b7526b24b61e08a8
Sending 106000000000000000000 Beats to 0xfe82aA43196E816063d300e8f6b45d457Cd22e1b, Tx Hash: 0x911393af25ec5fb6b416f07c82f1bb7a3ebb417374f1afb2c36405a9a448ee14
Sending 91000000000000000000 Beats to 0x20236Be2bf8004C3795b8BD5D80BDC85CDD7CF0A, Tx Hash: 0x2dd3ca5ee5da693dd2898c6271f7ef514e3c43042e2be1fe63a74c793e2c2214
Sending 85000000000000000000 Beats to 0x1076A5254b06BbAF0131eC08883ED1782D5862ED, Tx Hash: 0x243de043914465f420b46d88804625d7e867e94ee2ad24353a461b4445078114
Sending 104000000000000000000 Beats to 0xB6224129b748b9d4D38E0Dc24205cC0B0323D7Db, Tx Hash: 0x9995b320767c8a0e6396a306f92ad70aef482f610134e0137ce006e4e608f025
Sending 88000000000000000000 Beats to 0x17924EEb419808FbBa8288f58eA8ae9aaff36AaF, Tx Hash: 0x1f4b95060963499d3eed2a34788910d2f4ef7949ad575fd014d657b27db4dbfa
Sending 63000000000000000000 Beats to 0xcEE3cbe80DFFd1868D9461167d4263610aC65280, Tx Hash: 0xac0fecd527c767fe87698897817f3b6ba5c822c632b97975306c67c9c35c9d1d
Sending 63000000000000000000 Beats to 0xEe9Ed9e3BbD6E22F6Bb2C4DC13C193e1eb96DAC2, Tx Hash: 0xa1baaa0545e1febf789395b02b85856f01ee615fba038b83d1dc6fcb5a97e237
Sending 54000000000000000000 Beats to 0xED8DC42710e9885A3D9E563D9D956710569Ddfb4, Tx Hash: 0xeb97d15fd4594550560b78e636a6c473b75de2b0f5534f50f73f4dccbced558a
Sending 104000000000000000000 Beats to 0x611551C8Cd8c9ACF276e4754943D2552A4a6Ec56, Tx Hash: 0x0eb4ac7fabd13407d659ca4ed8d5ce4e9fc4abe13803d92ec5ebfb4c9b41160a
Sending 78000000000000000000 Beats to 0xF5edbf5aae39Ec31AA912F82aCa3Dc3D257ddb15, Tx Hash: 0x38fcddd645e6bc3d6e338eff7963f605e061e7d1212142c5127153e37e9ff934
Sending 60000000000000000000 Beats to 0xBDC347ef34EB3b0FFA40A7c520e3b39ff9B320d4, Tx Hash: 0x4698ef2c79b87d3d334895573ed5ba8dd36a7eed36c60ccf32a719852b4cd7bb
Sending 44000000000000000000 Beats to 0x4ff4aC50f140C64d6dAa5eEdCb8d6E71570cd97E, Tx Hash: 0x3b2d35651f75906001dcd58a029128b1dadc2f771abd32fcc20fcf3707761931
Sending 80000000000000000000 Beats to 0x056F7Ff4b11b959f6F9ccc991E9c4E0e6efAaE3b, Tx Hash: 0x75e8f708a7a096a7083fe9c9653fd1f1c236d79eaf70f232b84258fad1582531
Sending 87000000000000000000 Beats to 0x9f3D3F98b297A108894077451C81617D4531B2cb, Tx Hash: 0x08f1376a57c7c5ca98a40bb6af3f9c98c86e94d050367ee3d34fc97d591225e6
Sending 50000000000000000000 Beats to 0x5774Ccb1A91DdC263564509Ed913806206CE6CEE, Tx Hash: 0x558a6165a62aaeb10aed40fc0036cedde2d7f0e98f1cff65abfd8ea8a3d69059
Sending 67000000000000000000 Beats to 0x5524B5B2876CB76675209743e47D5406CA76Ac8f, Tx Hash: 0x389fb298075f7f55f30c31b173aec647bc7e282205de001da18a4a78dd344b36
Sending 50000000000000000000 Beats to 0x621793FC0cA3EA1f8F06E50F571eaf83f46b513F, Tx Hash: 0xa56e13fb29d8f4869477f4d1feb42c9a636eb90651d4d3eb8f810e2f2fad26b9
Sending 44000000000000000000 Beats to 0x3e9edD1A88e79cF265676787669007DE42C52Cd4, Tx Hash: 0x3c7e071d80734ebe92a9e49166b136f4f38d9810b70611f222095ff468cfa5a6
Sending 68000000000000000000 Beats to 0xcFC26FcCC7696Eb6B56fEF6d0098fCf4f607C9e8, Tx Hash: 0x5ddd6327ee83959f2c60b7ad0334362f160dcbd6e5bef2fff2a25a96d13a78f9
Sending 63000000000000000000 Beats to 0xE0d984e084dF4Ff2cD9c02bBd3EAcA89d2BA8f7d, Tx Hash: 0x00d1dd583e6d95c7dd35e8a82955fcacab3474dff46becd7b4b66cd81752007b
Sending 63000000000000000000 Beats to 0xC88C64AeEA39aCfc78eDFbAE1A05892a6Ff38eCE, Tx Hash: 0xb7194fcb1a2fb4e995749ae9988d5c3871fa5201c5490aff30afb3742ac18a7f
Sending 55000000000000000000 Beats to 0x3169CC0dcDaE60202BFc8D8Bef799d066589A302, Tx Hash: 0xad43bff274d2978aadbdb4ed5ff635c9c09b62ca054bba0050e172aedd200243
Sending 59000000000000000000 Beats to 0x09846a6064D0Ca529d1f6028C5c73b845042EF82, Tx Hash: 0x1a34fbf9421b63a1a26dc82a778bab8b03ebb0220b76eb3034917d4a8c69fccd
Sending 46000000000000000000 Beats to 0x87DF08B27E5d5C84B91ab2ba6B3701969Ad4d2C0, Tx Hash: 0x33d31fdcea5b100f0430d7e9841ce42facf0f44734ec94ebc00f1cb3e67c6d8f
Sending 67000000000000000000 Beats to 0x5FFD377fb8904c1a4C65647f43bC55346888c399, Tx Hash: 0xc73657f796b92b459102f073b13123b7dc5b85cab1cdca9cf40ac985bfb5fcd6
Sending 75000000000000000000 Beats to 0x9a3c1b59658287A49D348AAFDeF020EA80A32A0E, Tx Hash: 0x2c1976dad1138df45a2176049055a8561fbd0b4e2ccce4fbbe8654e8a3b2558e
Sending 98000000000000000000 Beats to 0x6da3DDAF2E1AE40724EC73c5845eB242271C7883, Tx Hash: 0x746b0c96f67c91dc071e2535ded7f1841d44b457c8e616b849812bd66b4a0c9f
Sending 56000000000000000000 Beats to 0x9bC98077A87A22CAbc367FeF82e0A142B50528d8, Tx Hash: 0xd2bf0ca964bb67260b734ac1df144606b791ee92eb1a9aaf659060124efe0a52
Sending 83000000000000000000 Beats to 0x093143abF58e8b4337aeCF5B668eeaa174cD5AA1, Tx Hash: 0x4fb259edcbd09d9b24634a7c0761019258906357701ae9b0e7173e9a844e7ffb
Sending 41000000000000000000 Beats to 0x3bb01b577bF78F89aD08B6632Faed1c8540Ad157, Tx Hash: 0x645992390c04d89692c2c8b6fafb033b00f49c8db983047a7964ee33159a570a
Sending 57000000000000000000 Beats to 0x432e7A14b1F79cCDBfd864fa20b939C15d01c022, Tx Hash: 0x1c15f9b89b2b90954cdcb6c89e0b5fa12f1e85d7e5ec33cdcbae7ea8662b4da5
Sending 52000000000000000000 Beats to 0xbEcF094024B73B5F90705Ac67C92d54C88AeEdBb, Tx Hash: 0x3ace2787a910f0153728be67a0988f9d2bd407ab288e804f3bb0816750c3d72b
Sending 58000000000000000000 Beats to 0x6ea9A55e4c1ac9C10979626Ab53e6B1fE342828e, Tx Hash: 0xfb3ef7e4ee87e936f715229fcd3cc12a6212c0df60587f5461d4d7baf79d7f1c
Sending 75000000000000000000 Beats to 0x3E9F9a90c96530b0b1A75Bf82c65D9e19bfeDE14, Tx Hash: 0x779155e5f037394af6ca5f46129054f17ffc3b4429ce5b6f0ae2fe673ad857d9
Sending 76000000000000000000 Beats to 0x27aB5e25e2cFA736281E8bc3e6Ee761b4F5d23FE, Tx Hash: 0x59dc1557d814ac56bc98c8d932571900f4f13f5edaa5a743487705d57fb7df09
Sending 51000000000000000000 Beats to 0x56bAeEca0460f9De69942Ffc45D1B780c92b1b4b, Tx Hash: 0x97d3b5d21cc209bdfc75d566a4942dcb9f31c474be8539b9487264c041d879ff
Sending 63000000000000000000 Beats to 0xC6Cc3F5F6de4c37Ee0571a905318Eb236721f83D, Tx Hash: 0x0f574d9a36c80d6226fd2392fb9cdc0e4219258ec2c42d717a017f2168e2da28
Sending 88000000000000000000 Beats to 0xAa62C409cCe148971f40361Fa9cdA5a79845E80E, Tx Hash: 0x5e068d440ebc12b6aa76b87600004592d74f99af178d391493f22b82ab9aa80d
Sending 85000000000000000000 Beats to 0xbF81c47040B2a0bD99A5407a2397A708D31C36ae, Tx Hash: 0xd32fe9080cc234f908e7ba47afbc2a5a26ff8dc5ec275f9cec58172081bd9832
Sending 68000000000000000000 Beats to 0x63967167409967c9D170bC9506e4fc09760233E8, Tx Hash: 0xd11010be5a80661b7959894714df1a6c687dd7a85202bd0120dd110584f6d068
Sending 58000000000000000000 Beats to 0x3AC9222a1A6f79F4d321C7fdC57557aBFCaBeCc1, Tx Hash: 0xd7f4a941b269faf9fb192c8555d93d6d964e9518ce05d34a82a17f0041f032f4
Sending 66000000000000000000 Beats to 0xEc06995368a4c4E282e5B28B6270F3c5eD37A758, Tx Hash: 0x89fc17d85b3cbab559bad6affbb4b5996b19304291d2385b7d0b8b1615ead3a9
Sending 66000000000000000000 Beats to 0x2c132355663693560f4c05b27F72d0d4B85b65Ff, Tx Hash: 0x8cf1bbcb3c8e1e376d346008ef7c1732ae04c567b35ce80e2fcb912143d0a6a7
Sending 41000000000000000000 Beats to 0x29bbab1481F78f8C533c5Fe948024ec38ef14fAA, Tx Hash: 0x08c9bdc3d08ba96c888f92eee88d65990b4a69ab6c9b61ad37ef3adab684214b
Sending 108000000000000000000 Beats to 0x9FB9A38958F29Ac6672074A27Aae65edb1e620fe, Tx Hash: 0x5bd71b2fdae1fea3b12ce477baaffdcfa5e8abd90ab8cc6ff81283fd3d066f87
Sending 92000000000000000000 Beats to 0x749E710e4d6c1CF43e2CF17AFF5178d39E8d0dB3, Tx Hash: 0x9fb268a9bd47f964b7c817c3d139012091a777146089c2b75eb65ea24140c316
Sending 104000000000000000000 Beats to 0xC70F215c61FCF4671380895d39E3aCBa67d77f16, Tx Hash: 0x6a06d78a8d224a0207d544d8f2f15fe5fc143bbc545319bef0faa5fe7f56c19e
Sending 80000000000000000000 Beats to 0x6EB96583202cEe5EE2305cB55a16E36fC9991183, Tx Hash: 0x99a3c60f5c47106ce0d082901914d5489d45de1764bce6dea3815b6191dbf9d0
Sending 96000000000000000000 Beats to 0xcE7BfE161987B59C98B25b284D68dc436ABbd7C6, Tx Hash: 0xb2dad73aa293eadb1ea5e4951a9b9a9cdc8f3ca56596c248b82a7b11a8f5f624
Sending 61000000000000000000 Beats to 0x64494533046E58b6faD854d828a380F56B2636Fe, Tx Hash: 0xf052b7f95b9286edcdc2027206432ac174c3284d0c284fdc3c45d4cfa76d5851
Sending 52000000000000000000 Beats to 0x79f733A804104C5b1C7C5800675dAc1268476c33, Tx Hash: 0x7d48d159cb935261ff16954cebd3885d7d5ea5d4a207f44073b11edcaec39c8e
Sending 45000000000000000000 Beats to 0x1a0331E2fc1D9513984A444EA8b4Ccd682154E59, Tx Hash: 0x50f2df0967dbe279d23d3d08f45a1beffd7af35896f112bc7c7967f93e0ee8ed
Sending 63000000000000000000 Beats to 0xe10a3D4Dd2D38d0bA0Fd2B3b646C2EFbD7FF65Cc, Tx Hash: 0x207593976e41e8e5057344b0e9860d4d855025787974633493f274d844bed2f8
Sending 59000000000000000000 Beats to 0x3c41Bf4b1f7077beC7293D480cD9EDFCFA50988a, Tx Hash: 0xe1d3be9d9da41c69e969553809517e9f6711d7a2f171231951e11a00400962cb
Sending 102000000000000000000 Beats to 0x1ae78a9424f0dCf3402fe3e5F2cC3b3C47A931F9, Tx Hash: 0x8affcb85e821360408645e6e836ac7c6576056f8b4729d2598e04728594afbad
Sending 46000000000000000000 Beats to 0xa1961f549684B9cdBf2D12C6f4Fd5995C50Affb6, Tx Hash: 0xf9fc8693b4bc7a24c473d2841ba4406d7abe501647979c4b432ae1bb8ab3b680
Sending 50000000000000000000 Beats to 0xd236D4CE96e73AaeA5D3A21897e8D0d79b939177, Tx Hash: 0xea69cf198acab3d68799b8efa3d61a121929ad4dfd05517cdcf1f1d197951643
Sending 52000000000000000000 Beats to 0x215dbe57Ab6B5753967692611De47FD01D81fD33, Tx Hash: 0x4e0543749e322f29aeee084ac08373af24d32e7197d3fd6ea493f533d2e9ed72
Sending 84000000000000000000 Beats to 0x5147B71F17C17a0dCC508b515c7bd250A4e16F2a, Tx Hash: 0x8a391f8cb92f0c3a68449860dc15a069a29177a2bad3de0861eed8e80da569a8
Sending 104000000000000000000 Beats to 0x443DfcbD35c67565f02F5566440BCc87Be6F6FB2, Tx Hash: 0x9e002b05cdb96bca94a81c00d383f3f24ade1d23530ef33bc5ceb2c11f052aa1
Sending 106000000000000000000 Beats to 0xb900fA4245216df5F88fC1a395e134AC662829F6, Tx Hash: 0x67a5ffcf4c11ad2383eeb154247b331226f96e89f63d88bc93cfc452a060ed27
Sending 92000000000000000000 Beats to 0x21E5F76B15Ad16A60Cdb981af845fFAAA7e99a0E, Tx Hash: 0xa052a92cd8a897b7bcdb7c9fe7a7473c80df8850e55965a95916a6a8b03c317b
Sending 60000000000000000000 Beats to 0x8D99360c1C9EFb6Dd4cFeeE27757944e8AA2Eb7d, Tx Hash: 0x70a05cf8909a83e75a12d4ab787293ea694d7ed19f0d8642e2807b1866f6de66
Sending 55000000000000000000 Beats to 0xeD62ec6bfeed00ceC62d90108073511C0714561e, Tx Hash: 0xf7af4ec97461446cbbd4b172cc3b36e03909489e7efbb79eb56b6713755d8e1f
Sending 41000000000000000000 Beats to 0xBA81D61bda420F6994b49c71b81caed47Fd10305, Tx Hash: 0x91ee959c9c58d1e190e3d04ad3633552a38fd428b176e2ccfa1c9e049802b226
Sending 69000000000000000000 Beats to 0x0cBB3609B7E2B669f951880135CeC5cC9029fb8D, Tx Hash: 0x72acb291b4302cfa9a2fad5ac7775bb65c071059d27d7b61ed74869907e25c89