Sending 33278190353837500000000000000 PLSX to 0x385acE8f75bB08EacbAb18CAddDAA0af39661351, Tx Hash: 0xf9cbc011ab9c72ddd97cd9d46f6e0febb12990f5f2c1f0baa76973970304fc16
Sending 6568063885625830000000000000 PLSX to 0x6817307d05DEf89A62E4dacDe0B0eb62cF78DFB6, Tx Hash: 0xd0ba524eec7596c75cbbf134fc35de366c44d6b7295db2c64c0c593c0fedbf31
Sending 948720339034842000000000000 PLSX to 0xA37994682d9056Eb1101777d881834Cb69E1ba52, Tx Hash: 0xbe1ff849e34affec65aadbda4ecf39175f0f157a364358dcedcb66563f0f9429
Sending 10946773142709700000000000000 PLSX to 0x253584543D8273444dE5A029B5a56D083958190A, Tx Hash: 0x398965c6b04d1db924febc6a0f65e08832ca4a6f58c8616f6561ca03b880490f
Sending 7297848761806470000000000000 PLSX to 0xE07137332370A3F6931FE49c9557f05163A32ff9, Tx Hash: 0x1e1b9cde7fcb37f1aac4df3625760978fe96103be663a0794aa2907116080381
Sending 9122310952258090000000000000 PLSX to 0x35EfCe5f4bd52356e8215BCB9dC7687aDe6B6400, Tx Hash: 0xeb12bb28329e27f8e6ab5117f017539dcf1f8e5883647dfd476341be0344838d
Sending 8297654042173960000000000000 PLSX to 0x131E18f1caCAf72B55Eddf4491E0499164346bc2, Tx Hash: 0x05c4ecdbd4700b4be575bfb3246d6d7ad4dbafcbdf179cd9960b8d3f96778300
Sending 3648924380903240000000000000 PLSX to 0x12a39B66f8eda3581ff6Be04e8fFD8F5FeaABE11, Tx Hash: 0x02e26acefa79206f63af1b552b891ec99913826a9e5263739996576a4d11c4fc
Sending 1459569752361290000000000000 PLSX to 0xf62d020cC9da296eADDe43C691E9252fa9c10B2c, Tx Hash: 0xafeae8344716aa660721692e772f8cbc308b296dd0e5b21e5df03ec5fdc26f3d
Sending 1094677314270970000000000000 PLSX to 0x01C57Ed711288DD7660B7644F2cEe41bbC6e75E1, Tx Hash: 0x60cb3eacbf0cfc804351f32b9f160e15e6c477a05af29484a9aa60305a25803e
Sending 4865227642638470000000000000 PLSX to 0x838888bb525601F7070B0E238f4F83d42e6f411f, Tx Hash: 0x37aa26f5ffd459b610764e336b6ef8da1d96905226306136289eebad0165e3ae
Sending 3648924380903240000000000 PLSX to 0x45d81FE3768A72e67a11E06f2bA0745DA4cACB64, Tx Hash: 0xf26e6ee1b73df30929f4964a6c2f6a42ee6a98e70e5b5183be9e500f4e1441e4
Sending 1820813266070720000000000000 PLSX to 0x45d81FE3768A72e67a11E06f2bA0745DA4cACB64, Tx Hash: 0x12111112ad967b51b36c9f7899ec954bc7add275d92e10a5c75337ce3209d4a8
Sending 2554247066632270000000000000 PLSX to 0xAE38425f1F091AC485FCaf402312cdC6d120f973, Tx Hash: 0x37311f324ea57c53ed228827b38600adb2dc28da405a16ca46fecb9bb8153703
Sending 7297848761806470000000000000 PLSX to 0x23974f15e670995D82161a1A757cCc74703aB050, Tx Hash: 0xa450862de63f2f5e390206b319b8bac2afd428127aee6afb49e0ae823b6725fe
Sending 14595697523612900000000000000 PLSX to 0x131E18f1caCAf72B55Eddf4491E0499164346bc2, Tx Hash: 0x7c63e8618947c35c358444420f2aea9d38f902547f1060177a00b742fec2cc6e
Sending 5838279009445180000000000000 PLSX to 0x2589eCe7a6E4d35a3b21C8d60036026DD06247C5, Tx Hash: 0x83de299abafb8c56041f215ca3dfde1cc01c09e5f47af3a19396d3efac0a87f4
Sending 2919139504722590000000000000 PLSX to 0xAB2032221bc6602B1Ab57965778596D718fC2436, Tx Hash: 0x1d40b2b73e3fd804f6408887ac5f3fff15f5148bd9602c61956eebc7f220c8f3
Sending 2298822359969040000000000000 PLSX to 0xE691d00625733231f95974D06cb71a3feb42488e, Tx Hash: 0xc77632201daf9509da0b1c7dd406ccf57c638570eb7f404e851c7dc8c082fa54
Sending 34987541336465900000000000000 PLSX to 0x2F8Afc192503501DEB75915279d821b1c3BA4E2A, Tx Hash: 0x7a255f9af262bd337c7796d5b6f592a0b4231ebaf01c7d7f27785d7ed8ad88a0
Sending 190473852683149000000000000 PLSX to 0xA3f2a9E5a134733F382499a5751924A1628485Ab, Tx Hash: 0x68e4322fab9f3ee84aeb86b359fba205d01c47b874dac19b1d6ffc960030120a
Sending 98520958284387400000000000 PLSX to 0xCB9de7Ee1F3cc5ecEAE32949D38b8c0ED0f519F9, Tx Hash: 0x2d1a946325d155470f913bae541e5b1ca6d7d64e01c54ff8e99b30c4cbcd6950
Sending 195916100082056000000000000 PLSX to 0xDD4B29173638d5ec69dAB4f6CB943fa65e4c1022, Tx Hash: 0x725e2cb2ada23e730f1c2e615161c17e9ca35fb01df58aacdbabee005f39a7cb
Sending 65680638856258300000000000 PLSX to 0xD3e0459BaC7d94134dd7870B3BA03A4aBD6fa0de, Tx Hash: 0xd4028c5a00257dbba7fc17f6bf6b520db65c88a91abc6270398e1d3f9e94c1bf
Sending 453402028560907000000000000 PLSX to 0x35EfCe5f4bd52356e8215BCB9dC7687aDe6B6400, Tx Hash: 0x8485ff64ffdb1869faa7a01f08f1cf93f2345c0e492d1bbf27740ee1f515935f
Sending 157633533255020000000000000 PLSX to 0xDD4B29173638d5ec69dAB4f6CB943fa65e4c1022, Tx Hash: 0xef61a9a520383c46b085c7082cf5a5a598abd078bee62421d1ed9b680141845f
Sending 396151022014773000000000000 PLSX to 0x8c6B3B5ec6AE2A7dD1CaFE95c97b4A94E7ed19C0, Tx Hash: 0xe9aabd6c75bdabd84016b67ee7aa890326f4360e12893b205dc5299ec5f2a374
Sending 65680638856258300000000000 PLSX to 0xa2c6781D166e938b41980DaCeDe05F5eDaC3d4df, Tx Hash: 0x359d0c74315aaa41ab56c893b31f7b9afe9e01a699f37832b807db218721aa2a
Sending 1642015971406460000000000000 PLSX to 0x6DF95c1F5AdD9cE98a013AD9809782d10272c6b8, Tx Hash: 0xa2ca6e056bea1e7f39ffa4ea21cec36a1ae1b25591be64090fdda59c0a8c4d7c
Sending 35139141788098200000000000 PLSX to 0x8CAd02A7BD7Db34Ef5f40a93Ed013453210beC57, Tx Hash: 0x15a95b0fa32d3e6949af6f6a55836f24f723b58878b293fb8a80124668991b60
Sending 197041916568775000000000000 PLSX to 0x8bF6E454a979F8b919b44a56ea225B109580033A, Tx Hash: 0xcbddaab8234fa8e13d71274b914d38561430c8135d066f3bbe0faee7641c70dc
Sending 131361277712517000000000000 PLSX to 0x3cFf749408403Ad2FCA3A178ffB24710945bCAD5, Tx Hash: 0x47494e468758ade472bc197d455920556f1e8a601fd34d38bc10521b2da802c1
Sending 103644048115176000000000000 PLSX to 0x9c764e9Bf131E84C10dD1Cb0feC37762Aa130DEF, Tx Hash: 0xf816406a43098822308a1ff807f7a90f370b5dc51c134937c98ba17b84d208e7
Sending 467368252896493000000000000 PLSX to 0xF62C9e760D9a3c907D0fDc663c98F5ac57cbc8CB, Tx Hash: 0x9be7a8164df50f63835bdb187535811509efbf935ce32decea0db0308cb361a8
Sending 6568063885625830000000000000 PLSX to 0x75Af9F6794efC6bFda32e56864F1689366FF6085, Tx Hash: 0xe17632d34a8ace1ff6b6636cc89a20f45d6cf53bcab872dbea44dca1a0fe7091
Sending 229882235996904000000000000 PLSX to 0x622119fF96412c4A647A4Ebfb891cE2Da974ef33, Tx Hash: 0xa2c9f6f023d3911c364e680f3840b5d589c3a8ec6188042a8d25b7439b0d0383
Sending 446549050550124000000000000 PLSX to 0x7E6cC2aC67f13070D63257c7D1a5487cFa17E543, Tx Hash: 0x44dd98203ce926b21ab07c35f94fc36d721e747f33d7ee54d45020667e44b2c7
Sending 459764471993808000000000000 PLSX to 0x2dbB80cF69ABA7a65E8a0B98Ef0209916E7dEA26, Tx Hash: 0xb1e947ead7cd7e3df53828e7a8a7d0e3b4114003699b5811d9e16f99b412544b
Sending 131361277712517000000000000 PLSX to 0xd8a7AC8C7a9Ff2151e8983556E4A11171f998B7a, Tx Hash: 0x6f66666cea86222bfca7e3308dbe0de40d1f7bde047c34b0cb5f19618d41d8fa
Sending 328403194281291000000000000 PLSX to 0x4A99b0467572cEE1a36CB4b8BC4Bf0972510E99a, Tx Hash: 0x9ad3b18b72f93c8378a60d5dbd7c12058de5a51171d6153eab0999903f9f7772
Sending 196151674079065000000000000 PLSX to 0x7Ef6D517Bc55EDec7471Aa18643b1c7DEd5cfc99, Tx Hash: 0x2af4014818bc6aef075783920f3f2d350e37f39f90675b0c3ae7a28513ed7dd7
Sending 1609175651978330000000000000 PLSX to 0x1A5ebbdcCFB388bceE1d5403281E94aF7A8f87A6, Tx Hash: 0x2d0918d1d9460957ab8fa726137ca85630f01bd409dddd89551ca4b9b90184d1
Sending 49260479142193700000000000 PLSX to 0xDd3386c673Be94A58bc74d0bc33C1Ce510c8E76d, Tx Hash: 0x89d4cf36f410df26fb2d7276ecb6661f0294cbe66f889daaa5af3309e236ff28
Sending 295562874853162000000000000 PLSX to 0x24Fa4555357363B2DDB31Ac13245f3A526fd32eE, Tx Hash: 0x048e528c4c21e928d1870e4fe1d96796c1a2899b395e091618446bd557953fa9
Sending 656806388562583000000000000 PLSX to 0xC0877993530258dbF4Be8EC2d3e2afC6A48d2235, Tx Hash: 0xe76a9bc4baf90d922ac30b8381b25b0c397b75fe5b47784f41cdf2f5db5fa773
Sending 499172855307563000000000000 PLSX to 0x0be300b61ebAee92EE06e59c107969982F33FFfF, Tx Hash: 0x11fa542c7343b0e811cac43fd980ba83288e470bca386ddc2873195611f5513c
Sending 749448806500732000000000000 PLSX to 0x37F435C2c1AD65744AEA93C5afE2156f221c84A6, Tx Hash: 0x391e4bd4633d5e44f8b78b465eff40f42531a315f0c8d61a10bdb9351f2a5bd9
Sending 229882235996904000000000000 PLSX to 0xeB2f979Fb8EC9acda530F42a96660133Bf23360C, Tx Hash: 0x07e1a3b89c42b6a3edcad215ce74db0ebe29254c40b118b4c93ea3488b449269
Sending 328403194281291000000000000 PLSX to 0x3FFdc01D99417a57809B58e95111E8E18f8F9757, Tx Hash: 0x775169e79acb62fbdf0a4cd4464c63be440e15efdcb024b6478427b7150ac4f6
Sending 899956113608451000000000000 PLSX to 0x03e315F3DBa2820999DC157fC26948AB0C368eB4, Tx Hash: 0x345dce5bbc96ef7c1bf2cdcf1cfd0ace67b6e2886ce27cbed592ace9cfa572ac
Sending 295562874853162000000000000 PLSX to 0xA3A0D13cDE51D73116A3150e8c5fa11d96E10534, Tx Hash: 0xdab645f7d7ad258f8c571762250bb343629acc085bc9cb5f80575a808d75ce62
Sending 364829676590972000000000000 PLSX to 0x3E17A67754C972EC9BF80f47f133f11eAc37DC75, Tx Hash: 0x69ae3e446452ab18d0012c0a11dc46fbf1f8eb82bf969452c8e436f995d4edac
Sending 169915812721140000000000000 PLSX to 0x8A1E083624Ca6bbC65bAfE126A3f18254bD6A955, Tx Hash: 0x35d616d93923415900be8bf66370cac0827ed9685cdd81dd3dcd688e19fb11ac
Sending 233363309856286000000000000 PLSX to 0x540778686462B20c55635169c55A4febD9EBF98b, Tx Hash: 0x3da1b0b730ecd02b4a224c184e6e4e00f3758926a85ff726e949fd896a293923
Sending 111657086055639000000000000 PLSX to 0x0d11d0E15a57A05fD21865492e516B3FAE67e0B9, Tx Hash: 0x42bfcc28d3c1ff4ccb2ccf3001a54067ddf23adbea1a2526fe81225819e3ae7d
Sending 43787094760193500000000000 PLSX to 0xb70D282c64159EC501375c9Adf35C51B26F19Df8, Tx Hash: 0x76238d260ff877659376be8a6e7b81dedf77253a3e425e054f1d77cf4dadca4a
Sending 199032039926119000000000000 PLSX to 0x711bEaf0D11DfE260C106e1BA82023E5E411e07E, Tx Hash: 0xe4e322d98787231be097befc15694bd9d6b5274bebb3e1507415414298e26b24
Sending 6568063885625830000000 PLSX to 0x2f82F0573543df16EB0B3172B1F03165521D0dB6, Tx Hash: 0x425d2f1029cf4cdf24a2ea9e5662ac3db530db5bfd467cf900ab1b66c0308930
Sending 426981776452517000000000000 PLSX to 0x2f82F0573543df16EB0B3172B1F03165521D0dB6, Tx Hash: 0x427b037b791a519a573dbd3ea59826e28cbbaa188fadec294f8f0564ae4d6c9e
Sending 722487027418841000000000000 PLSX to 0xd392425b84b6CF0c0424e8893C5970a727C443f5, Tx Hash: 0xde3e921107a1c395d4318554459d3cc4128633b9980b627a61318ef62b4df99a
Sending 483081750360538000000000000 PLSX to 0x80001B2F7354444614F5dC1F98319b565F0f8eEa, Tx Hash: 0x9932ed57a4a805cd6b7b0f5b79b4bb1cdeda5b7727ce1e28bf3fde9b37b65467
Sending 167736154265305000000000000 PLSX to 0xc2fea627cb59Fb714277d2240ffEfb67770bA9E3, Tx Hash: 0x713e27eac8c4dc7ed5065065e3e0aa5b077d4e6afd16f9c3846471c1cdadae11
Sending 197041916568775000000000000 PLSX to 0x9969989909E50c28d0B4D73585e88cf5d8AA6096, Tx Hash: 0xb74aaef614027f5f44ac74bba307836a5dce357f709fd9ad31cc4d58414819fc
Sending 177337724911897000000000000 PLSX to 0x09C14BA84B2C32D69A08eeDDCcECAFa1D0F9b33C, Tx Hash: 0x579f45ce59205de35410367ae2edfeb38948b2ada1e6d2eceac01b5a3f836db4
Sending 262722555425033000000000000 PLSX to 0xF5c9B7D77062723c0dcd1A622C38a28466ABBB24, Tx Hash: 0xda67a43ae491fd0dde503c6418ce30e40832c34cbac733bd1c7502804afcfdfe
Sending 328403194281291000000000000 PLSX to 0xE13113DA85536881AA9B74a9F139c20b9BdFf189, Tx Hash: 0x3e64e1714810e7aa8ed0d221fbce42ff3f67da19df6d7d212613e5349df1c3ca
Sending 413788024794427000000000000 PLSX to 0xF1a5E959D351b75533693990A666d95B8C89E97D, Tx Hash: 0xf4ecbf72de7824562c4cc6e21ee052533fc4ac54aad3d8425b6b442d15a1f3e3
Sending 34810738593816900000000000 PLSX to 0x317A82a70F2D965DB8FD29d2AB409beB009A1357, Tx Hash: 0x8fdcdf36feef25f0ebe0651e1cbe9a7aa9f29c41b04e78b719c4b2c5e7124fb0
Sending 90757506771577700000000000 PLSX to 0xBac402b9C6B9BeFc7A1a743a7784E76d06496b0C, Tx Hash: 0x3fcff70bf774e612649bb325158d88c9588ac3b9b664fd4a23c766d5e282abad
Sending 38495422433653000000000000 PLSX to 0xfB402eE17D041D2092A4A0f3FA87B29061Cd9590, Tx Hash: 0x4660ea1db1de1f79f22f79bb3ce52acfeffbcf241ea25e5aec3e83dbcf04744d
Sending 181606966437554000000000000 PLSX to 0x9D1369b28f4D69a51CDD79f370e4Be5e36c35d95, Tx Hash: 0x46df10c93e176255901e495d6143888874808fb76e8b72c923c3288fecb72d4b
Sending 1313612777125170000000000000 PLSX to 0x2538C0A66A2d9584D0d2A56E5EEefFd4566E1344, Tx Hash: 0xf1a7aee9762e58b84fc016893a83b4168b448e4ef0921817233b43caa396bc83
Sending 32840319428129100000000000 PLSX to 0x1793a9D2752A0E65EA66e1D5F536d59717D622a4, Tx Hash: 0x82b46d8a7880251aa099634d1117abdb62c62ce12cb45aeb3a3f5ea8ae58b89d
Sending 197041916568775000000000000 PLSX to 0x1ABc0dB4FB3B6D6dC74030Ca4995E325B4b5F752, Tx Hash: 0xe4c414cbec5ff2b299fe2e22fc80f099122ad3903451bff5b0ddc38b1c5f2fdc
Sending 164201597140646000000000000 PLSX to 0x59A1940E10c354851A0954D9B640b4a463C4d95E, Tx Hash: 0x8c42313bbeccc076cd4d8c33f52a2735b3dbabb0d240607a360d21bf09ac29bd
Sending 788167666275099000000000000 PLSX to 0x4A878ac7cB42b5B53CD72bDE03eC0a052cAa2CFC, Tx Hash: 0x8ff6a76acdfe3d1367e40cdf3fa337dfa0e03588b41728c34d5eab706704945c
Sending 113627505221327000000000000 PLSX to 0xDD614c01167108C6B53C4d6cFd4Fd6C500385a28, Tx Hash: 0x7770b3a287034381b0a755fc618c7de518e853fdaf7c65ff65429ec15faa76de
Sending 45976447199380800000000000 PLSX to 0x80d4C07fa4f7517DC965AcfFDc51C8Bb9887E4aF, Tx Hash: 0x19464437568d9ca2be09c2cecc2e39aeaf880833a73f048a724c1c1d1c11d685
Sending 157797557505503000000000000 PLSX to 0x18234308ECDC153750d3e33DD71085f980f5Ff05, Tx Hash: 0xb56ad5c75c01a3195daf2a9fbd3008c012e2414f794d817c23d8ef6e5978b6a5
Sending 1425269863180800000000000000 PLSX to 0x198EdA33f781bB3eBf98A800ae8Fc2E826A67FFc, Tx Hash: 0xf7af913eb8dbb773d31323ecc478b1968c1bf4bc394757ce8684f15f6674e2a4
Sending 216746108225652000000000000 PLSX to 0xEBaBDbAfcCc7326aD9BFe1875FE2542193326589, Tx Hash: 0x29b20d6ea12adc4bc36f999d327ba86b7a9340f7920a1099219f37a9fe9c9855
Sending 434632287273219000000000000 PLSX to 0x9D51Ed32B8f184323aF9088D2Bab05d529D50495, Tx Hash: 0xb481c99df4a1412376c7edf20684f530f1c2d6c9d2c4ddd70c2f3387a0ba786d
Sending 566206515324260000000000000 PLSX to 0x98639dEC091Fb47a90FeE0371A31CdAf8FeCd13B, Tx Hash: 0xbc907408bf2fcb4dee2718e208eb82085c5c089cb448a44f0b5c3772192dbfe2
Sending 275858683196285000000000000 PLSX to 0x9fF78C7b93D70867BcdFD165Bee0DD0eC3A5f485, Tx Hash: 0xf22a1b4a7b5ebf779a18db04aab056545fe08301a20be9ef065155bd85e1ff1e
Sending 1313612777125170000000000000 PLSX to 0x198EdA33f781bB3eBf98A800ae8Fc2E826A67FFc, Tx Hash: 0xc0a4fd73408de0adc19eb1f3d2be671852ed6a7d56735a09cb5a887abcaa5ea0
Sending 799071405850242000000000000 PLSX to 0x716736a68b2D29011554AbB9ACedD3b7075a15B7, Tx Hash: 0xdf0350b45508bd7156c31c3015e03bed964fd812ec977f25a5240f88d234cfbc
Sending 37786071534005400000000000 PLSX to 0xF2df7bA0F1F2159D8C9Cc8518840fed0564A9F1b, Tx Hash: 0x4c9b1553feaf366ad52d1f25b0d67c20ad030ad81b73f5398428df66d1451211
Sending 321835130395666000000000000 PLSX to 0xAbaA987a63Db6a75400F164D1B37bd31bD7953e2, Tx Hash: 0xebc2e89cd55fab5956e32efc379685179d8768bd0157695633bcd3dc21995258
Sending 246302395710969000000000000 PLSX to 0xEC499A53f227f2E69E6e8AdE08Ce4B2E0C97c946, Tx Hash: 0xa00b69a4a81ea89faba7ee6e3a19fd4df78b0324fecb3f49acb44c336aae52c3
Sending 541483056525473000000000000 PLSX to 0x0c8A304438b7a41Ec43783b9259f02b530D21d2A, Tx Hash: 0xf8d530b70e4652d29e9fc54b4dc67d4a9718eea631d0dc036e27a7f7fa290695
Sending 440060280336930000000000000 PLSX to 0x3b9A17D62dDF6282946842A38a195dDc7776A36c, Tx Hash: 0x1bad54148735e104aecbe6d76d93aa07b840d4f3f63be1af60477caaaf9e24d8
Sending 32840319428129100000000000 PLSX to 0xB7fe1479662A81b4EB913CE36DbEbb98905957ea, Tx Hash: 0x9245cccf582c6cebc0ad2c98dcefe406021b3e6bab7966edd87049f5c2bab602
Sending 788167666275099000000000000 PLSX to 0x95bfd74686c00Ce671E8A64127118b896260c49F, Tx Hash: 0xbb28fa4a85fe74fb04377513c40470dfa92b6eedb99652ed9fd98e7adec0bab7
Sending 36485594884651500000000000 PLSX to 0xd7790Bc063932F333c5F5adCABF0ACAa843F7Cfd, Tx Hash: 0x3fa72ff5c7f7cd25559775ef72817568ec8c913f569d862e8ad18a4d734c7daf
Sending 311983034567227000000000000 PLSX to 0x15ACDC17650646FBFC5bC1741984770c85A8eFe3, Tx Hash: 0x4a0a15fdd63f8f407a921275050d2c76f80a771d6715591eee66462a289a9263
Sending 65944833927075000000000000 PLSX to 0x170E4D6C064D25721314B0e2f54B92ffe96A70c0, Tx Hash: 0x30c0090831a9876494a169f2ec739b0edac324f767bfe4e2711000dd742e61cf
Sending 32840319428129100000000000 PLSX to 0xf760fee18f76E167aCE7C177F390d5Dd4051Cc12, Tx Hash: 0x4cb0450582f714ce628f4c4820d077fb4efca6248d0d31ebcd2c18b0e05ce2e1
Sending 32840319428129100000000000 PLSX to 0xDE147090e90CEdC8e0206fF61814BDc45dB6F8D1, Tx Hash: 0xe0a83190fc1a9000b0753a8fa3f8d5c80cdbb2b1096509529c418c423133fbef
Sending 65680638856258300000000000 PLSX to 0x4c6d732c3f8a5C6D62A0654090481c58A97Bd453, Tx Hash: 0xb6c0f9527f614517691eeb246dc1715eea30af0260752e74876013d27cc81e64
Sending 129809487270897000000000000 PLSX to 0x18ACf6dE12ffea0b365B2987f06cC806aB16FD11, Tx Hash: 0x91fd46a13b4be0524cae810b84b329b1863de36cfdc167ad536d1a1795ea043c
Sending 224932257218109000000000000 PLSX to 0x721009aEFB210b5FA005C0664B9046DcF16b340c, Tx Hash: 0x5d654895a31bbefb4d9e3c9292054fc0182c968e8cb119e506eee05620cbc496
Sending 394083833137550000000000000 PLSX to 0x90a4d698ca5a712E7A7f91b45d4d20A24ae143cC, Tx Hash: 0x2bd7cd8bb394af58664bef44088a4e28aa54b0af184a2085fb46c63fcb4feeaa
Sending 364888789165943000000000000 PLSX to 0xe2C25B640eFCb672Bd17423Ee3Bb9fDc83340BC9, Tx Hash: 0x019424c6d7d4b133c5f7cef4d930141da01da59edb5fd59bb17d5dfa7d4c1118
Sending 32840319428129100000000000 PLSX to 0xE68BBA2A6dD951e306B51B7f1E1c6b3C0187a501, Tx Hash: 0x9b79e8bad36c6d3e2b16af923f3a00c975428dc916032967f302570bb8b46744
Sending 197048484632660000000000000 PLSX to 0x8032e836d4F2731d2c4327b6aBb04f3ed2F62Df9, Tx Hash: 0xf4b1416d0370bdfa8e5859601e0645aa32d969b2e7b369c9666b532a234f8d16
Sending 361243513709420000000000000 PLSX to 0xeE891a3CD77Af98d551Acf673C7F3B46e08a5466, Tx Hash: 0x05f286421534f83f46c317e26b6c5867165e0331dfc2b5d658591abf158ea5c4
Sending 49260479142193700000000000 PLSX to 0x4Fc055a8d5622Be1efEbAC1530821e8E6E4A4ac8, Tx Hash: 0x61c5b4dbbc1eace3ed1c105cb80b7486c8563c74ed73e944618353fca23b3f2a
Sending 656806388562583000000000000 PLSX to 0x5B40cea693c0830A0E81Fd6436cC6305A78c8fc9, Tx Hash: 0xbce79c81b7b1bb88cd4aa110ad0ae7eb3ddd21d4f0f1226b05ff4d57d595477a
Sending 437115123523450000000000000 PLSX to 0xf619B531687Fc85377f8b0a200B767125Fbc2257, Tx Hash: 0x608e53ea45f6fe4fff0405783510320e4c5f44b2cefcf279ccfbea675686abb4
Sending 175535585615397000000000000 PLSX to 0x8112C10c97E2fdA4DFD63438b9D990472372a1AC, Tx Hash: 0xcc4eae900309d03816a4cc34cffdf0fd15232f4ca539627a00efb4277690db4e
Sending 262722555425033000000000000 PLSX to 0x990c6AEFE2E6DE04B03a4efF293EE031e19D6c4b, Tx Hash: 0x3ee6541e2a9f50ccdf1fd7d0f9cbc5c6a484dce9774b444698da5ea83c3accaf
Sending 32840319428129100000000000 PLSX to 0x222eA7379be34582685B0B165Ad27355Aa709eE7, Tx Hash: 0x955b2e55ffccb05c3cccb4738125cf3c027c6f1ffc5b6d2229bd82774c62e8c9
Sending 35467544982379500000000000 PLSX to 0xCaB9cae9AA1517efC32cB811dD96376B39A168B8, Tx Hash: 0x4825fb177c5ab148440dfc9d7864e474e1c5ee5ed70c011f9753542bdc799233
Sending 6568063885625830000000000 PLSX to 0x101A85f40a48DB2f5cCfC157D4c489E086320888, Tx Hash: 0xd8d6e1e61baaa8af6bd04fc7ecbc8cebe3332da7da4602ffe295e2df47c830e3
Sending 554134413902480000000000000 PLSX to 0x101A85f40a48DB2f5cCfC157D4c489E086320888, Tx Hash: 0x7ce04150cd89d50f1e1bdd0e4f6fd29202b9d8a66d5b49c5152c5d34572a4ee1
Sending 2629852779804580000000000000 PLSX to 0x401DAA5a6419c3d098FC33a3a960619631E36E39, Tx Hash: 0x2a09cce8e59fb86079c006d956ce393841f531a39a5c641bc62472085094cfd1
Sending 1149411179984520000000000000 PLSX to 0x8Cc334d05C7760571d3163074283C1f5aF0dB1aa, Tx Hash: 0xc15ad449dce743d4e0b5ca136d49f9217a7c1dfd871bc0e5d76c480f0fdeb9e9
Sending 33376436146522700000000000 PLSX to 0xB4995AEeBBff661F30ecA06A0eF00EDa999F224d, Tx Hash: 0xfb14855b5bf3d1061c043f9b4cb1f1908f4f46a134655924e2862cac98245418
Sending 1970419165687750000000000000 PLSX to 0x5d33d6F59CbEda5e22D14eBCacdEa9eb042D456a, Tx Hash: 0x42fdc4e664b0e679e6a86d3716c6c4903f939748c9a95834a73f3e0da0fd5980
Sending 32840319428129100000000000 PLSX to 0x24E9f7Db1c3857d3a38f28b1d85DfE31458541A8, Tx Hash: 0x8df69f50a8a2e4ddd2d5f8a14f6519fbd3fcee82e06f7e322f2d50b48207bdbf
Sending 72376250837301100000000000 PLSX to 0xbF2c30098cAefb6AEDc59abc5f72D7372851aBD2, Tx Hash: 0xf6a1c514d71cb955cd6ae9ed1b96c779b3a1f25168945f46057625a7d39a1d72
Sending 1182251499412650000000000000 PLSX to 0xA9F933A8a2A482A16acB04592f2F045b0D731514, Tx Hash: 0x6167257d016859ee2e7a045efd86cff220af5883c04f4bbaf6d60849276ac1d3
Sending 98520958284387400000000000 PLSX to 0x799846cB378Ee3E63233358944b481BC3F7D4713, Tx Hash: 0x670a15584b474cdf8de2b106ac5aa4fcdad0b505712eae8c36640e65488c48e5
Sending 78816766627509900000000000 PLSX to 0x761C2A62a97440F2b9E64a31Cc16c48A9165DAf3, Tx Hash: 0x5745695e641b1d8db98d2221eb8f65db6fe1bc2d78dcce803641b6b7255a1ee9
Sending 72248702741884100000000000 PLSX to 0x75AB3073F85AA4b354Bc543807BA257302e6b128, Tx Hash: 0x38850cde59e6fdf7f5d531242744a90b0771a75f2ebac53c7b54231e4d853e1b
Sending 145955515666377000000000000 PLSX to 0x22c3272a6a371a1E7e98a0669Ae785c86a2dfa0C, Tx Hash: 0xb3737cc490b66a51d9197999184b5a27595798433bb2952a6d10cd1bcae70767
Sending 49260479142193700000000000 PLSX to 0x442A5aa749410a4A3aDDfD6aB271a485E2d5534c, Tx Hash: 0xc06b244b234b69c9b37518dea71683ac438f666abd2095a6f90f1a84e6a861b7
Sending 1333316968782040000000000000 PLSX to 0x92d388c5D1090baC2b79F34B06ea4CE05Fb54530, Tx Hash: 0x11eb48b7390ae623d81037fd0bd1d4bde0451415d79304c88f7502c3fae9f0a9
Sending 32840319428129100000000000 PLSX to 0x63BFa2193C3fe1591FE786af171D0B2d87920b2f, Tx Hash: 0x9f99a259e725f032e7587a49c544f16002e9e6fbd0dec5ce069d82130045abbc
Sending 237371250558756000000000000 PLSX to 0x4B1EC39927B5aad5d1a6667fBA5bDa23D83B5A2F, Tx Hash: 0x0a1ce67add842c8ac025f4e1361d4e4c8f146b5e71a748823e0f8af4d83e4870
Sending 131361277712517000000000000 PLSX to 0x4A832f0F9063D0Db9f66fd4D3227a7b3DACD893B, Tx Hash: 0x877c4e5bbcfe1c67ea14e0db1e787a913bb5610b73b0af183308943b0e221d34
Sending 1642015971406460000000000000 PLSX to 0xDE89e39f7442F5ACe0653538dc7D1E4D276ce496, Tx Hash: 0x7f60cb01157485f21610b98ee350d3a68dc76a747a4764682237d8f2c0aed106
Sending 45976447199380800000000000 PLSX to 0x9EacE195dE73682D11e6Ea892bcD20B6414B4467, Tx Hash: 0xcea29dc042630b53debbdd959f6f39c278f5c0750c0d2405823ae3e3fef68170
Sending 11822514994126500000000000 PLSX to 0x8877Bf5e275Fe40b1F6B581a290262af1B4A8B0e, Tx Hash: 0x13ecd0e4302c6240fba0e9fcecf03afb7265a984c593276b190e3cda8e0bd1dc
Sending 656806388562583000000000000 PLSX to 0xBe83833c2d012F574EE8244a80029e1CAA56fcDE, Tx Hash: 0x458bf0f3929c13cbf8ec86b26cae5dd769ca3b02ed3fefcbc36f7ee61f716343
Sending 492604791421937000000000000 PLSX to 0x2A8e518dF4d721953Ed38882c3f8ce8f74D54Ec7, Tx Hash: 0x32082a35a5f8141a07e2415af8f84a9450da28513fb2ec947467e9d903b02ef5
Sending 131361277712517000000000000 PLSX to 0xC3d746f116E58b3D74064f76FC917205B4dEED23, Tx Hash: 0xfbd13c36f677fc89389eb42a06e37a875eeeba602edc8ecedf234d75c1e7820d
Sending 65680638856258300000000000 PLSX to 0x634439D53Eac1A76f5Da0f253e65f0218F56a338, Tx Hash: 0x85919d8bdfb2ac349134e5232c9b25b9411a3fa101ee356ecf7c18d6405769af
Sending 170769661026271000000000000 PLSX to 0x81ffcE1B0544119c893d72C45FDa3a448B3CDefd, Tx Hash: 0xd8e1031930c8b68a6aa56cba041710396054d8d307ec976e28617501d6cbf31d
Sending 304101357904476000000000000 PLSX to 0xE110f8551D7b5588b088DdBFc4F04D3Dc8Ea2A5F, Tx Hash: 0xf5c6cfb759651ed01b9381b3e2ab87874a8bfc5c8778f10ebea02579069cea1a
Sending 106402634947138000000000000 PLSX to 0x8877Bf5e275Fe40b1F6B581a290262af1B4A8B0e, Tx Hash: 0xf6e767fb3a0525834237e38da907e0f240d35107691fb27a7618860a65ce1bd4
Sending 684161639884986000000000000 PLSX to 0xED161EBd3229f1B2CC69F21C859f242EAcBCf8Db, Tx Hash: 0xd0bc4733328b8167829f58b3db05ec5eb482259384e4dddf389bc5bee77e722e
Sending 505740919193189000000000000 PLSX to 0x8aDeD0eB2B08A949bdF672e4F95c2b1410C7B016, Tx Hash: 0xf33bf101132ac38fd47a356e3142f4a18cba336e1b8256a74f540f0cf696c43b
Sending 205995571520049000000000000 PLSX to 0xCa85eCeBE60EF8b5CC944a0c9fb62F227C839F66, Tx Hash: 0x95504e719128f76dc37b232b5c18f53dc60fc1ae849e7039e4ffaef5b0ce6614
Sending 131361277712517000000000000 PLSX to 0x47A182d50474372AcD4B8931c69F3E25e3B6D11b, Tx Hash: 0x121952feaec0c907b27375cc4319c5725320db9756b286596c5beed5210af74f
Sending 39408383313755000000000000 PLSX to 0xF75FcB74b45CEb6B28bDb4f1b8958e7a7b3Bd77E, Tx Hash: 0x9f34ba3a1321fa82bb81933bfc4161588d45fd6e3079ec7546fe25f27cc1a4c0
Sending 164201597140646000000000000 PLSX to 0x9243fA95E5C7ACb95e38Ac4c2cbeD6A3B7528Dd3, Tx Hash: 0x6b717d3baa35cb84c825f99493c762b39ca2b46c100eb3829f19ce5f5ce008ed
Sending 32840319428129100000000000 PLSX to 0x52F691B052C769A071644b84E31e191dfB3E05e2, Tx Hash: 0xb5d1100705855c4fe957add205bfc37c536825321d3b80d58bd9953869f488a8
Sending 53420107333065400000000000 PLSX to 0xF840e232fe2B96F0e685501aA559B38C92789BD5, Tx Hash: 0x91c983a4c38be72dbc2ca536cb178dd81cff9eee92dad3fe78f1c2abdee2c005
Sending 13136127771251700000000000 PLSX to 0xDE147090e90CEdC8e0206fF61814BDc45dB6F8D1, Tx Hash: 0x8b93479aa0036a890172691031623843a37839dcbad5b3efb5bae28da1d72fa5
Sending 199433644192406000000000000 PLSX to 0xf9d41Fe44b1bf712BaC14f0dB5e063547f106D64, Tx Hash: 0xae93aabfa1cf6b08dcfc64997873df6478632131fabd047d2442ee9ab78370e7
Sending 32840319428129100000000000 PLSX to 0x0c0998373dF22454e65E54f79373903ED33ef4e4, Tx Hash: 0x0e37ec6767bd986119eead7328fbafedc2175d7ce8bbd2065d01ccb96354b03f
Sending 1806217568547100000000000000 PLSX to 0x15F0E26D8dC19eF282EC7a7Ab9F7503AE806f141, Tx Hash: 0xc5ce574010b515e0c90717752b4e0d1609e0e0b652d6f148f13b435ddff7596b
Sending 329060000669854000000000000 PLSX to 0xcd3d1cb6F58084175a00283d2E9054a917D2B8D3, Tx Hash: 0x93de280cac8156e2f6a6cd9d6211c02a7cb3b83cdc14e3a0ddd0be0937ffa292
Sending 6568063885625830000000000 PLSX to 0x17e8565190e5B0879f28E3DDE1b3d8d22461C19C, Tx Hash: 0xbd0cdc4b5f1307d8d9ed0d6ec274d0b4a88d4ef29df9a59bfc5a0aa13f50bcf7
Sending 6568063885625830000000000 PLSX to 0xd140D6C0Fa9a98298b62EDFFF13ba3732CE90551, Tx Hash: 0x30dfc0993845677689e9735283af2e10f2b8600723456c8e7a902b7dfca49257
Sending 426924152565679000000000000 PLSX to 0x468140C58F7D48194c264D27244D9e58012E1b85, Tx Hash: 0x9b2de6ac747bc92b1fcabded295310bf7936d49dc1badbbebc33d99274456e0d
Sending 144497405483768000000000000 PLSX to 0x5D173d0cF373035a50A05F7d0Cb1575cDE583aD0, Tx Hash: 0x68a039dc8d432b3bf8218be2642afa1b9cc773c2273f2660f06803a510ea34db
Sending 35165414043640700000000000 PLSX to 0xC0d4e019A2202F5c7cecbc63648DA72C7D3Ee1A1, Tx Hash: 0xe5a09d5db862ed7f6d81db823d1d16e6303fd4d4451b27cff0707b99c1e4c5c4
Sending 70935089964758900000000000 PLSX to 0x84e67ec934d0990dC7745f5D2b81c6C1f2e88eD9, Tx Hash: 0xa2f39d2612165d494d47fd5e70c15ab1f285f2d13c00aba66b8ed7650a9870df
Sending 558291998342081000000000000 PLSX to 0xD7FC4BA3929FD1426A4BAf1388129ff1FFD469C0, Tx Hash: 0x064ed8849228cae279b97ee5f5bb404c58b6fa1e0bd7c0b31f527b40607fa700
Sending 32840319428129100000000000 PLSX to 0xff91AbC497cC0BEC3EfBe4ffb4589060BCbcf94f, Tx Hash: 0x831a283721b4dea78878444ae1010390bfb62122faa93b2ff14837a19a204c7c
Sending 229882235996904000000000000 PLSX to 0x9070f421b18Af224a81Edbfc9f50DEb4dA5f1dd5, Tx Hash: 0xe2fa535dda45627cb2c8242b5c0b8b4d8859c3097b078deed09fbbc6019fb5a7
Sending 38889506266790500000000000 PLSX to 0xC8772dB62f631DEb78A7304a01F38A20cBb5ae0e, Tx Hash: 0x0121f0c7cdb534c79c044cb1f8d8fc0f1f5ce6e6a267334e04e733d7e0b9acc9
Sending 2055803996200880000000000000 PLSX to 0x9309411De7D8E9058F70309007E0EfD7355114a6, Tx Hash: 0xee8e6d215de26688b8deaa811633ae640b533bdd0c3c393b81a3fd0564d0113b
Sending 218704583976943000000000000 PLSX to 0xb8A0734fA96A0B6ed0a1e0f76828005e563C3674, Tx Hash: 0xc0418633ea2f9fb201f022b1043b082b50dc6c07764b0836b72e83a838920100
Sending 321178324007103000000000000 PLSX to 0x15ACDC17650646FBFC5bC1741984770c85A8eFe3, Tx Hash: 0xde2256a45ff109792f2cc11174dfd0fdad50243057590379911bccdd37ef9841
Sending 1313612777125170000000000000 PLSX to 0x89D04aB19C5590b887Bfc87ABB50B9264Cb6438d, Tx Hash: 0x2f93129e8124e62109da749a7d20d5ee5863d99e815f2d0d734fa860e697d159
Sending 328403194281291000000000000 PLSX to 0x762B3C5364f7b639E6774577F4aF17b83C0138a6, Tx Hash: 0xf2c747d1cc16dba65b187ed9f50e7b57e45638717474705c1ad6e88d92a4cb5e
Sending 32853455555900400000000000 PLSX to 0x98B013A7f3Dd0e4514106C9eBD624cD555e8E704, Tx Hash: 0x317c69a0b986d001b18dc2364771b9f64c071d50dfdd07614cba1b37f70ec4ea
Sending 137929341598142000000000000 PLSX to 0x3E997eef7F44FB04882856D1660Ec0a33b3F7386, Tx Hash: 0x9fcf8f65f330e45f6ef69e861821ea2fd3db4faa0c5309a4f4b5a20107b227fe
Sending 267090317908974000000000000 PLSX to 0x98E21861d3DB51F9354da7656DC9066d221EFf51, Tx Hash: 0x04bbbe47506cfa631e074c6caa815494d022d91653e138027262a958bf97e9ff
Sending 105089022170013000000000000 PLSX to 0x88F0bc5DF5D15505CDfc2628dF89Fc215942BFF0, Tx Hash: 0x7407fc52a405123ee3b43afd3d0a0ff3e9db963b7045cdfe01f739b7bd477fe7
Sending 84255123524808100000000000 PLSX to 0x6461da9D4EA891A985997d7Cd6D9DBf13D8Fa715, Tx Hash: 0x39a941ba25f4a026ad320d87f8743a61bcdfe539b0523641d5fb07a48e48a93b
Sending 2298822359969040000000000000 PLSX to 0x7Ab9B0Ce6A78ccBc9f056FD1C51a6a894015fe75, Tx Hash: 0x4539eac000fd2f79422ed9273c64db8f2a3cf135f5db6bb7070ac7dea7262409
Sending 131361277712517000000000000 PLSX to 0xBA6b06ec07719c936afa77668742601E11BE20b9, Tx Hash: 0x1ff1b69baa94fe8a115f0de3a274c187a4a0b0280a58c7250391bdd78f0550f3
Sending 101121911583095000000000000 PLSX to 0x6362DE07483Dc4B73A95fA8d54D0D2320B120E3e, Tx Hash: 0xb180f57eb5a39314a4d891caaf819e759ade95cf23ab037a563d20f9aa5e3f88
Sending 32840319428129100000000000 PLSX to 0x34ce4b326026816e7429a7914F47fF73F1612AD8, Tx Hash: 0x91719f0001ce3c90e6ae8db9f959a1658e98ba316f4494c648752652dafc889e
Sending 44519378076966400000000000 PLSX to 0x9BD419f11107793924Ee5be468e136759B138043, Tx Hash: 0x62b9964cfe53f295d6725910997d7cc55dbe59e085a74860e636bc7760ccad59
Sending 262722555425033000000000000 PLSX to 0xfd5D0E6C24c2eFE00aD5ADB207f1Fae32CcF8ade, Tx Hash: 0xb83256ab595b61684776b3a70f155bf012bc2b605719c98dfd1d57e40e0c4be4
Sending 1444974054837680000000000000 PLSX to 0x6Ad8eef58c66EB8E9A9825e3f9823a32a8Bb7E00, Tx Hash: 0x05978222764084a8374292908d5868edeb210308e4f2c75da4c72208821fdc21
Sending 6568063885625830000000000 PLSX to 0x62CF06DE2d2BD6cB3B8df7D3c369aD8D18ab3ea5, Tx Hash: 0x3c3df2bc975d0dd6d0c863ca01f6fabe92f34c5e1e0ea307d3a8fc7b8ad3ee14
Sending 1970419165687750000000000000 PLSX to 0x9b572c432e81aaB3c217e74E8C35121Bc512b656, Tx Hash: 0xfab02af64dea87f79eff6112932ea3fd99d6348c64e952e7e44f3ba43988ec62
Sending 88668862455948700000000000 PLSX to 0xeBefEE2f395db4F2E03e40C996598f35bFDCdd8D, Tx Hash: 0x0c7b5f338976ca55aece9b239655203250161a8c82d3bd2d99b4ef372ed0bc1c
Sending 3658411584293590000000000000 PLSX to 0x46EFeeFbA035f22880fE35A926a2309829b74dbe, Tx Hash: 0x3556e1ba5aacb689f3b84da8c7ef66381352106a02784e0cb73ffaee5f32fe80
Sending 224697325929008000000000000 PLSX to 0xA2aC084122842b18E368E13DEeEcE661eEE29F83, Tx Hash: 0xe95d65cf5dacf379cc1c68b02714404ca6d693687e52ce8425ca9b7958c5b752
Sending 516925165502263000000000000 PLSX to 0x62CF06DE2d2BD6cB3B8df7D3c369aD8D18ab3ea5, Tx Hash: 0xefb0613a724df0484b14936f5e7d723bfd45a57880f09441c106a889483663f1
Sending 43874666755980500000000000 PLSX to 0xeEdc773801cB4a89CF8D7F7C50b8400E6CaCa4f7, Tx Hash: 0xf572df0e81e9f5a705ae0cdd996322d7640dcb5d3d487312f8c7fe15e0c4903c
Sending 525445110850066000000000000 PLSX to 0xa9b0E7e513D11227f3549D67C98950f4752c27d6, Tx Hash: 0x7b820ef1279fc0217d2535b36900f7678fd815b70cbb75bacf9c6c8e964366d2
Sending 131361277712517000000000000 PLSX to 0xCC12Ab9546031Fce65983cC41d2798CCb0406402, Tx Hash: 0x5df57d985c4f36ee7cfbc51927f02d080cc75e7ea8d02509c6d0baf2f530a153
Sending 2103192577135670000000000000 PLSX to 0xa9b0E7e513D11227f3549D67C98950f4752c27d6, Tx Hash: 0xdf84af933a4aa1155077fbbeef416bbb0d75b4286931ee1dd2a04408759729dd
Sending 656806388562583000000000000 PLSX to 0x68165326C0C9F77A85b993b1b857AB916e53Cf1D, Tx Hash: 0x88585d7d78906ec74d959da3a42b3b3ceeab89c41fdd9bf300cff49445beda2e
Sending 821007985703228000000000000 PLSX to 0xaD821930571ac75161CeAe3DC0Dc29337C34967E, Tx Hash: 0xf78f42a339f61484412fa35d942fcf4e9f52f25a8af892427be186877e5515f9
Sending 157633533255020000000000000 PLSX to 0xd5F24D0b4Ae774303B5440aD22f64C2DdB8a5750, Tx Hash: 0x21024afa54f5e509e38ba8563c1bc32f13119be2871da194c985d51e75af59ec
Sending 228618666930950000000000000 PLSX to 0x6d289B29Aa7A8bc6a67EdD1F94c7d2E0c965b9F9, Tx Hash: 0xdc151d949094b0c5dce0149f961a0bfd275a39b1ba96c4e8414a6cb7e44d18ee
Sending 328403194281291000000000000 PLSX to 0x01E529d31ED8910a584f46f0EA918EBee732b273, Tx Hash: 0x90e611955177ec9ef8a949c5dd84ebe269c38b058b37bc0f49a628d979681a68
Sending 102167114780999000000000000 PLSX to 0xd08d553a7434D4A289571F053983Fd5dC502fb53, Tx Hash: 0x0e919a2b36cdcc9450c7a1cd69e8e907da4a4401376e370a6b8b93122f75875d
Sending 36124351370942100000000000 PLSX to 0xeBefEE2f395db4F2E03e40C996598f35bFDCdd8D, Tx Hash: 0xad83ac269128823a7ea6f8a8234143fc19188711b9817778398e1ff63142669b
Sending 311424749136949000000000000 PLSX to 0x27bd7b5642614668b7d5e5CEf07E5537585cBd92, Tx Hash: 0x649585f2e6a6524cba756f41ca5d056a9ed2bf3f2bccf067e4d8316e94105c02
Sending 1642015971406460000000000000 PLSX to 0x27a573294Cc43Ae793b9fC5932D48FB36129c44f, Tx Hash: 0xb69fa275fe8f0fb9fcbb98ae778f47463ee4b80269a075c44db0a62a0f2c83c2
Sending 6568063885625830000000000 PLSX to 0xA562D60C3380bca21523d6Ca47Fcdc7eB2f1E4aA, Tx Hash: 0xff888728e75daa33524c4234b5e45f73709a913abf22d3d70d49320a99a674a1
Sending 33274749138689800000000000 PLSX to 0x26CF5066BDF37220F63eFB8fCaDAD8d3235944ad, Tx Hash: 0xdeca8ea9e486bedeef9f250ca0440f67cff7e5d80e2a21c41f8fb213fdcf2245
Sending 40052053574546300000000000 PLSX to 0x540778686462B20c55635169c55A4febD9EBF98b, Tx Hash: 0xb26a455ca9ee3a47d14ec0dcc653ec6258061b3bb7c35632d252751625488e48
Sending 116911537164140000000000000 PLSX to 0x4de9F6F29B13EB437C8769279AD04924a7EB0d9A, Tx Hash: 0x6057bd367cbd5aba8790c200da686b8f100b311721d7f707fd0f028f3bfecb3a
Sending 262722555425033000000000000 PLSX to 0xcD050fE35A5fA5bf05c54F8f72299ef49e80cC32, Tx Hash: 0x95ff997c8f9a6c6425920c67dd193c8b9c28b1e2a0b8a85c762105cd5cc6f1e2
Sending 216746108225652000000000000 PLSX to 0x0d11d0E15a57A05fD21865492e516B3FAE67e0B9, Tx Hash: 0x818aedc608817596482c7efc3706254de0e04c3dc079a004f4c7893e479d52d3
Sending 45976447199380800000000000 PLSX to 0x623B262F88b7d1f00a98BF227d6405623cED7280, Tx Hash: 0x657c3c2c88d9afd9e8603f8f4c0892d98dd204b0dcda068d621fc10e4b8706d4
Sending 470930180599372000000000000 PLSX to 0xd04134a6Ef057274506acF53CED2958829351C04, Tx Hash: 0xb127cf8c9a509ec742d5604c9c768c48f3e1b102cac5705c93d71fa8b3fa18e4
Sending 361243513709420000000000000 PLSX to 0x42C97dC4f2F50C4854D0FE645c81a15214b1ae1f, Tx Hash: 0x9860b9dece19017b4bed5c2d313c3bd55edbb555965d677ebc5b82144c955807
Sending 32840319428129100000000000 PLSX to 0xB1DF129E26Ed35d390D439Fd4fF2FE981CBbc95A, Tx Hash: 0x72685160e60dcb95a4b3422b90634e851469f78e585f7ea80b4bfda275afc02d
Sending 32840319428129100000000000 PLSX to 0x9f098A146B8324ABC8Ef2E9cA121937a30060c7F, Tx Hash: 0xabf0c96ea885fbfde4287acb1deae35231e023c0b5deaaac04c66fe8bdbbd39a
Sending 32840319413022600000000000 PLSX to 0x7Eb5565521e463F657A9209336c9B179E1D129f4, Tx Hash: 0xd9e063849e11c48dcf411c96b7ff6aaf4916a474a83484a347512c1457cce388
Sending 78816766627509900000000000 PLSX to 0xd31E88B23e6715eB5a54A36Dd28715E212FE9918, Tx Hash: 0x0b7e6f0946db17afa2e359bf6b604caa9eb813b9c10d990a5317e662be687828
Sending 32840319428129100000000000 PLSX to 0x3eA46F06e27aFcc4B6F5E8e6423dE3156bf86009, Tx Hash: 0x6fef6d8c8a311f516bb56ef1a6a948d90543f97f25a8453aa817892bbe3d1093
Sending 197041916568775000000000000 PLSX to 0x98639dEC091Fb47a90FeE0371A31CdAf8FeCd13B, Tx Hash: 0xa3cd3d3042f6c45b497bbad74884a01439162fa6f7d7cd4514be985370000aff
Sending 32840319428129100000000000 PLSX to 0xd5659cD007C9D92b42f752f5dF3eBdC7c5477dB6, Tx Hash: 0xb92ff0b7f90052b1aadf43fb90091f1f3491cff56ed08fe2bd771e7e484661bc
Sending 3050681769084400000000000000 PLSX to 0x02e34f367a1dbdc91c7063d375E0a18E6F52A564, Tx Hash: 0xcec815b5e1150a06a993d014d8cd1c0b054e774734a567c42e57f2010de968f7
Sending 817894723421442000000000000 PLSX to 0xA562D60C3380bca21523d6Ca47Fcdc7eB2f1E4aA, Tx Hash: 0x634fcc0888995eb6c8045e644ef8964cbeb1fa178cd2ee49f04e0e79e9ab03cc
Sending 139295498886353000000000000 PLSX to 0x98639dEC091Fb47a90FeE0371A31CdAf8FeCd13B, Tx Hash: 0x3a6db015ee187a7e1c5be03cb42f6db975380c73706f9b2c4fb11c0fbd33255b
Sending 328403194281291000000000000 PLSX to 0x68165326C0C9F77A85b993b1b857AB916e53Cf1D, Tx Hash: 0x5b865f610daa121c109d8369251c511782236cee77f1c428b927b2168b8fa209
Sending 39408383313755000000000000 PLSX to 0x71F945397A4d28E7eC7035ddaa9a0E3034Df70E8, Tx Hash: 0x933fc6edb705f66bc5a7a360a20a2816f6281f32a7c66632e9c46f91e9111eab
Sending 198251566570137000000000000 PLSX to 0xdFA9f10025A3DA255ca4f42B15B1cA4330c8648A, Tx Hash: 0x784ce87ff063f889628519955f5f50bd7f18c5a8d00efafa008f48a99523b7b2
Sending 32840319428129100000000000 PLSX to 0x42C97dC4f2F50C4854D0FE645c81a15214b1ae1f, Tx Hash: 0x68a70c40c2b9548661634fbff8f0a5cc3fab64a3fbbecbcaa2067de01b7c8d76
Sending 3853259767524560000000000000 PLSX to 0xa2FE3C73e23AA9772375CFF06B118cC9f4d27249, Tx Hash: 0xf88ce0214eb352935b734833fe1b6226ef76f2717c50f2e1655317c94d957fa9
Sending 32840319428129100000000000 PLSX to 0x993E0da247aCe10970112fAb15F4E1557A517223, Tx Hash: 0x731aede7e6811fc58dfdbd8098ddac3513e824fab21fcc5b82bd56fec1cd7e41
Sending 433492216451305000000000000 PLSX to 0x60430ED06e79512FadA1Dc638C982Dca3a3734c0, Tx Hash: 0x746b8064e9bc5661cc87750d61d7c84b12e19bf1834a2041744b4068660c621b
Sending 183905788797523000000000000 PLSX to 0x0536A3C5058861300949356454D49405fAf91fE7, Tx Hash: 0xeb976502e7c2fb6e9b7dfb195f99b80cc94265acc56eca62993cf3318d1fd60e
Sending 197041916568775000000000000 PLSX to 0xEEc583E9F5818102E7b8F168549ED969473EC394, Tx Hash: 0x692c5f0cd8838f06adae03e96db586dc5710a546fc7993a722a615e4140aff4e
Sending 114591647442184000000000000 PLSX to 0x960Ab90a529Ab252d104fBaE87934d8F07D800aB, Tx Hash: 0xf84bbd8436d152029515120cb9713183b5559cb1c218d6d398bf16a519ef44fd
Sending 118225149941265000000000000 PLSX to 0x8877Bf5e275Fe40b1F6B581a290262af1B4A8B0e, Tx Hash: 0x7868631706a36d596042b750f44b67d65f62b877b4f71a4b45dba2c60ffcc6d8
Sending 246302395710969000000000000 PLSX to 0xCdd82623Fd7ceFE9D082ec05E3a713bEc07b891c, Tx Hash: 0xa6c86f3b93ac48d5061888dbcaad993e4fc3e1368740ff2af466ade4af187cf0
Sending 111657086055639000000000000 PLSX to 0xF604EbbE7cbcD96e07754703Dbfc5Fe32855D3Ba, Tx Hash: 0x77027664a34d6e3cfe4f745c41f3485245ee21bb8ba535b61fe7aa82e0ef7be3
Sending 33483048138571900000000000 PLSX to 0x08e283b57A257a511B430Fb156414348B41a29ef, Tx Hash: 0x9e7d3f60ac74761d3a43599406932ab893e0faebc0ba215dff4f6dcd9668bd3f
Sending 111657086055639000000000000 PLSX to 0x56a0FD1520E2fdf3846ED29edEACF88bE79eDeaB, Tx Hash: 0xd094d4409a250c3975b65e203be48ad1bb09eae79353474ec9ca8fff649a4736
Sending 110015070084233000000000000 PLSX to 0x0ea141316b956e5037fc2715329BdAE44F2247dd, Tx Hash: 0xb19f0ded9a26f36e6347c8ce3442fbb9b26a074ac55153ad5aa6547d16e3f538
Sending 206894012397214000000000000 PLSX to 0xB15AC4Eeaf38CD6bbecE10E93360dB86b3d93089, Tx Hash: 0xaad0a10b7b621fbbc70ba6368271b657d9ac267f7b5bf41eed88e5bcb2a0bcdf
Sending 164201597140646000000000000 PLSX to 0x3E17A67754C972EC9BF80f47f133f11eAc37DC75, Tx Hash: 0xc80264a62b0a72a469a0a38f2b8acac63c776d437a579f4de040e0c6e6525a66
Sending 116760471694770000000000000 PLSX to 0x99E90E7894BB35241A28B0f19e5207906237DAaE, Tx Hash: 0xc528fb8f859c017591f44c74865e7c10f1bc127e45a46d4d441cfcc29860b38c
Sending 14449740548376800000000000000 PLSX to 0x0b30fcaB28a8D0F38Ac7F72b8AB02eA07FDBD849, Tx Hash: 0xb6d62eb2f5356cd2a7ce326b103b9376d2059ad75d537240ca73ccbc532d39bf
Sending 341539322052543000000000000 PLSX to 0x0db3e48b47B0409DB2d96F4760F1E6dca47DD26d, Tx Hash: 0xcdc0ed6e73f95bb89f0f357facad127546ff51ef1ede3da349418908d803beac
Sending 49170102583127500000000000 PLSX to 0x4749df399c57242840e7114E4c8De7fDbAB0b5Cf, Tx Hash: 0xdcc78c1cc47a2d988289abb6ccc594078a90a0b7054e09ca6127b4bd9613b8d7
Sending 168372317708018000000000000 PLSX to 0x68165326C0C9F77A85b993b1b857AB916e53Cf1D, Tx Hash: 0x60254241c22be13e3fc18b0ceaccf697bc8cb6ba698f06e2a62d70f75305f2d5
Sending 78816766627509900000000000 PLSX to 0xae450bB47079eeFa6369FF8af177560661890f40, Tx Hash: 0xc995c9be5db9504116e21a996d8ff3e6bdac12540fb09262a4e0fbd2481a5564
Sending 65680638856258300000000000 PLSX to 0x7B6B847191C08bB0Fc6BEe83e20cBbE40C385B14, Tx Hash: 0x49ef9c08ef5dd5ef1b9fea77bc292d636eaeb6f6aaabb0c4232658436ba7e7f5
Sending 1893417416099440000000000000 PLSX to 0xD1Ed278283424151c64E45fAAB8dBcC4C14479f0, Tx Hash: 0x25e0a7bffbb4a9e51facb07da6508b96ced4ca61a63c544fc1efc328e3a678da
Sending 558285430278195000000000000 PLSX to 0x05AA1758E60e0B37FB662cdf4bEe17c5d87A88BE, Tx Hash: 0xafbc951f8ced7ee06c832fe822b3a3b4587cf2937bb92716d04b68b9bf1ad2f6
Sending 65680638856258300000000 PLSX to 0xDb728a9740C3a1A3431b5F50510D7763Cb2d3DEC, Tx Hash: 0x5e8dd8041bacea230f1c97e04d7048d2c2a3f02b7d9b21dfe2add7be5c3f4e0d
Sending 19704191656877500000000000000 PLSX to 0xDb728a9740C3a1A3431b5F50510D7763Cb2d3DEC, Tx Hash: 0x54f43de20f82fbdd72712604c152f2566f6219a1f6a5b22d7fea66dfe897126b
Sending 105089022170013000000000000 PLSX to 0xbACF9358f70FA8745389e1c90AcE46D96dF3366d, Tx Hash: 0x45721b159008e1068e6bfdef751fb55a9e093e83e992610b2b01607f5115fe8d
Sending 216746108225652000000000 PLSX to 0x3B7922Db0CA6E5AA17429fa28071684004034D81, Tx Hash: 0xb4f4add97951fa23958516fe6bbd994ae7bf5ae31a08e81420b6cee03a5022f9
Sending 114676368144428000000000000 PLSX to 0x3fd9af277cB13693AF9DC9599b7c69965776B9E6, Tx Hash: 0x0b39861775c966d10a28c9dbcd703da00356edff1352e2ec8d0f41a8c041aa01
Sending 2456455893224060000000000 PLSX to 0xAbc6650c06EaeD6eADcf0bBdf77D2D47F81c5b3c, Tx Hash: 0xf1f641a4b303f9d139fc92af6da1e1c6b934053c7386dc201e9b19f35590aff8
Sending 229153180905599000000000000 PLSX to 0x3B7922Db0CA6E5AA17429fa28071684004034D81, Tx Hash: 0x5989ab0399dd7667cc4ac93acde0ef1bc054dea39ccab302fd5c90f830edc89a
Sending 164205408922761000000000000 PLSX to 0xAbc6650c06EaeD6eADcf0bBdf77D2D47F81c5b3c, Tx Hash: 0x49525d9d7d05e1d1ad9717869e957f11ad67377b2b93744473d6a5f084096f2b
Sending 98520958284387400000000000 PLSX to 0xeE891a3CD77Af98d551Acf673C7F3B46e08a5466, Tx Hash: 0xd51d7855c450890c639af3619888c889b091e841e193a5988e79343aec8902e8
Sending 668957306750991000000000000 PLSX to 0x07bb3d8b9BEaD0F4fa15d2C0A2Fa53b99b5Bdc87, Tx Hash: 0xfef14353e4b3a4d553ad2a56195e11c2271652ebc14a1aa03a244e76f5cf3e6d
Sending 450552422772770000000000000 PLSX to 0x513de75dd0cd8801D09fde9E7A098C26f40E6F42, Tx Hash: 0x60e78894c392775b198563e233ee6ee1354990dbed7266a9c5f32badea183c7a
Sending 985209582843874000000000000 PLSX to 0xDef5BB9Dd46eCD69eD3020A78BEfBD4b645edBDc, Tx Hash: 0x789ea6c249e8ee20d1ca3d44f2921404a9e54b1d586119d44190a1896958184f
Sending 27007878697693400000000000 PLSX to 0xDE147090e90CEdC8e0206fF61814BDc45dB6F8D1, Tx Hash: 0xe8998327d74066b9ff14381f2b643e8489c625105d04de481d4fb5fc21b38859
Sending 88668862455948700000000000 PLSX to 0x53067D270415b5eAdE508c45c3023f51248c6954, Tx Hash: 0xfcb7b457bc892553dda5f8c8e6401c7d28a5163748341864c95daa7d853a7321
Sending 78816766627509900000000000 PLSX to 0xB14C80D624e9f93b199aAE316DA60627dB592757, Tx Hash: 0xf1d756c399a74ffdf3da83a35fc77a0833c36a18304e62bdd35baa010c64f680
Sending 412775974880648000000000000 PLSX to 0x0b5E6eD140D0e0C577Cf85666Ca64E06d7eF9707, Tx Hash: 0xd75607a528a50d186510254615c7d4a8e3929652ca0c1e16b89d46b57446080b
Sending 115499403428730000000000000 PLSX to 0x3171355FB8fA42d83374439D5FB39200bd79c3c6, Tx Hash: 0x071418ab987d4dcb493ca054d1628131190780e049a582c2cd4ead6a9cfa4a57
Sending 70054969404085100000000000 PLSX to 0x832e7DE2D93C91e2b4DDCf10B3f35d6Dc5d12aA4, Tx Hash: 0xabe4f7b42740cf631aecd48f750ba73248e4f2fa3076cf4c32c11e033c07182d
Sending 334714972314100000000000000 PLSX to 0x3a814C3a1869be23fb6F54a8b839D453149Fab1d, Tx Hash: 0x2688ffe96389f4c1ad829d339f0d54e0e710f8f524b72aef5fbc505b7b22abb0
Sending 36124351370942100000000000 PLSX to 0xa7850DF2207d063EF8AEbcd3fDfBF3277B6370bc, Tx Hash: 0x5efd1d7ba2b751f0627d41b7a58946a9cbf6cee13a6f35e605e5daac0067f517
Sending 51079832838512100000000000 PLSX to 0x269DF84C8FA6D83E498b96B329cb9Fa659E45dA5, Tx Hash: 0xd60957ff6e64e1b4e1014c7bc0f08ed52c1369a4868db9461299a94a98f740bc
Sending 98520958284387400000000000 PLSX to 0xe321A19C0987117135CfdbDaD20D51b0cA1d01Cb, Tx Hash: 0xf8e0fca443ba6b75099fcfddd643407372753ed2fe9e79a4bea4757fa35b7142
Sending 118225149941265000000000000 PLSX to 0x31C33E1E0d847130f6aFef9a3061F9815F28E2f0, Tx Hash: 0x3f0343107e62d10e0b0e9654943e42af0e029fe9098d4b3feeffb31ec1c467cf
Sending 656806388562583000000000000 PLSX to 0x7A8791B44ad51aB82b46812F617672C0E1C854FE, Tx Hash: 0x625e0ed66f0ca03e88784e8029c4c7b572924f10396211b8543cfc21c38386f4
Sending 77174750656103500000000000 PLSX to 0x07DA05fD58962D698f623c652A40123c9914b08F, Tx Hash: 0x4621752076737bf69621cac17e54f70a29c6dd631cce66edce1d11c821c50182
Sending 218597731329391000000000000 PLSX to 0xC046a433C09957Bf06EAD0f34348Fc1384971e4a, Tx Hash: 0xda239f6b0dcaa15da9b7ebaaf804453325f5a9b6c5856583942b5d0903bcfe10
Sending 1642015971406460000000000000 PLSX to 0xFf8c8A26c47013C976D522E5CE6E17Ed74D585AF, Tx Hash: 0x049a5496809825cffa71075d857b7ba579903bb647ae2afc84a13f96c4102174
Sending 328403194281291000000000000 PLSX to 0x0Af2d545B16B1B6cD2C73f40d2425588cC16c366, Tx Hash: 0xed5689fc751daaf6b6a9fdda9b2fb9955b4fb451aed6276e9c1aedda692b06d3
Sending 146139421455175000000000000 PLSX to 0x2D24cE19d20071f61346EBD06F8aD56698195100, Tx Hash: 0xd5971ae01899cc9e3074354b453a269beb65e2153d875099723569700fa3e35b
Sending 165659707323255000000000000 PLSX to 0xF504D4aF6514B3bE0307836cb901903FdDe2Cdb1, Tx Hash: 0xa554575f69aa6efdd7a3620548e0a65ad5e550e2ed24c30816526e4ee867289b
Sending 68964670799071200000000000 PLSX to 0x59B80e781AB6173245CE7D0eE1a9da933EC018Ef, Tx Hash: 0xc3554261da5c399f7f0c118a3bad1491d806daa0d1b428036e2c51a0d253a76f
Sending 32873159747557300000000000 PLSX to 0xf2169ABFe6EC6f51d7aaAbE62669a5cb1b38fDE7, Tx Hash: 0xdd48f206eee8a5089eeb5278a16c0354a27cd972d4b6b1abb77eb6b7eee20240
Sending 197041916568775000000000000 PLSX to 0xAC9917d3c0B7472f9D5E5f24e2FC252991A69872, Tx Hash: 0x05aa12b21fae6964f666fd6612d2ad091b085a6e4bd36bae177996f0b18b2770
Sending 1237705662798990000000000000 PLSX to 0xD7725f3b891d1F0B6f75a27C276A3B6EF873E728, Tx Hash: 0x81b851e3ba48da044fb19ce40eb3b820a575bf5c2992eefd1d2e6bb0eeb91332
Sending 262722555425033000000000000 PLSX to 0x92CC95EE43A5677634bde01DEb409D40C33BbD23, Tx Hash: 0xca4ccf99a23336f410128df842d6a3f66ff80dc83f6c2fac10f66c9cbc87b69b
Sending 36489243838223800000000000 PLSX to 0x0DD0d160Ac1354AFA305c441085819BFed84D7c2, Tx Hash: 0xb11b2f5eb5618079a9154f7730a86d55e8b3fc286d0eef6543dbeafa83af988b
Sending 42399662010153400000000000 PLSX to 0x361A0E3c2Ee3F3A3b308E92182ef356De631da44, Tx Hash: 0x6bcff1b50ff7c6e226d219c02658dd381eb6143e813772d8bb38973c082af770
Sending 32840319428129100000000000 PLSX to 0xc87BA892e17F80D66BD6c82Da210ac141918FCdD, Tx Hash: 0x0ec696d4d9b6cdffa6b2a97ba647886538fa9fc71fffe2816bf03c0daaf89297
Sending 1510654693693940000000000000 PLSX to 0x2dbB80cF69ABA7a65E8a0B98Ef0209916E7dEA26, Tx Hash: 0xed55195bb688e4ea4920934a2d9c81cd85e4033d0868df2516ef18e5d5a3a9e3
Sending 6568063885625830000000000000 PLSX to 0x3338E9e36C2F19ACc3Bf9b7E4EC594C59351e922, Tx Hash: 0x7a3a86eceb5ce7f7ff41969a5dba11a4bdb714a67985ce507008e52a343defd3
Sending 4130129932559230000000000000 PLSX to 0x3338E9e36C2F19ACc3Bf9b7E4EC594C59351e922, Tx Hash: 0xdae3e713f6455f888c3ab6876397bec817e4bab0b21cd30319c4f0645b2dd663
Sending 328403194281291000000000000 PLSX to 0x81B8a69af4575C6d2291B418872d743a563a6306, Tx Hash: 0x9944f752fbc639cc8e615996c0233cb0cb81c8958a516a234512a2f4c183887f
Sending 61397288436510100000000000 PLSX to 0x8F7eBd90C40aB3a9bA735D5028BC32AE7bc9F9cA, Tx Hash: 0xfdcf9b7a1256d8f214bd3b25813f64047d680eddd3cec45bd1fce4109667512c
Sending 131361277712517000000000000 PLSX to 0xa9B9B228028f152761993fF6A188411EB3D36537, Tx Hash: 0x0fe71e02183ab21ace8d5a88163d19165888ff61d49af79340b601de1a5a5cf2
Sending 197041916568775000000000000 PLSX to 0xecDB9b7EAca5372D635625a0c8abd1E7fecf3C97, Tx Hash: 0x3b8aabcc98a0d46525c30737ae584115ac4e0e6225f4b86ca0c1d03ab05f11d7
Sending 65680638856258300000000000 PLSX to 0x96aF8c6Baf77f1d12E5fF35CC00585C722cB25A1, Tx Hash: 0x7eec76db2edbab931e74b709d9e5a0008cd3b8277b4a06fe3e974440a2c84874
Sending 119314640937735000000000000 PLSX to 0x2F6e69d015DA10d55EA410AdF6f3A3B554cFCa92, Tx Hash: 0xf1285afab15f53b46a11e7599635ddc90ee22dbca8fdd5414b65a8dfdbe562d0
Sending 123710626448021000000000000 PLSX to 0xA836E01D02809BD8e6B1F1E227636AAfbAcF5AB9, Tx Hash: 0xa071c9bc362a58a77a4835d771d125d9f872bb01f3e8c8b67111b1bbe2900ee1
Sending 76293725819828800000000000 PLSX to 0x2F6e69d015DA10d55EA410AdF6f3A3B554cFCa92, Tx Hash: 0x3bd1635ef7b25f47ce723b60c520f0458a21efd66edfb28648556fbdf54ff0ed
Sending 459764471993808000000000000 PLSX to 0x9deC42DF948d5165A9f42dE3b0c8C6839D79a876, Tx Hash: 0x9bde999a758e7786cff2603bddb39f3307314d252fb2842c31c454752509ffde
Sending 1313612777125170000000000000 PLSX to 0xC5d7B42CDb68395530cDf6bF86B60a2253b7e93D, Tx Hash: 0x2ebe90469d719f78052103a4246c3a8c819904c145701b604644f069050f8641
Sending 34768382923195700000000000 PLSX to 0x9015292f500829e4AF3Bd1856805a5F39c2A8d00, Tx Hash: 0x082dad6c0cb68424bf1a7cfe83b449e9b8451e606a7d8334264dc3f67d47c5a9
Sending 329067424050270000000000000 PLSX to 0x1aBfA5BFd5b287a670B690901Ec18f11023Ba282, Tx Hash: 0xf32bfe3d1843ef18a1bfc3d995262445319c2ed7f1d5b036d28787c6a1f0f443
Sending 32874893201946600000000000 PLSX to 0x5bbE783586d92C7199bF05b0f762439183d3CA4A, Tx Hash: 0x69f630411f16debc2cf1fb45886d1bebb6fc4062fad6b840a721241676f9125d
Sending 83272344988448500000000000 PLSX to 0x5AA7c888A1FA357EC5b8527553f312307686F5De, Tx Hash: 0xa265deb1a99085a9d2367639d1a1d16705df3e3f6786a67a3c6d8e03f4691aef
Sending 78159960238947400000000000 PLSX to 0x066066eC567FdfC4CCc3bF070842E7f3042e6FCe, Tx Hash: 0x1a240b4b0c8a731b98478cc496af8a58a1b1b632619ad8e38735edbe7c37f9bb
Sending 604261877477576000000000000 PLSX to 0xC3d7163c52002eE6Ade9f2c0dF148deBD1512D11, Tx Hash: 0xf5db4cc6a35f4ed522166ab6b2fb702f92c612d6aa61f6b3671d7674a173763c
Sending 32840319428129100000000000 PLSX to 0x6Fa46a9dEFaF2A85fD8C2Cec24e0F9594E964aa6, Tx Hash: 0x5285e2933cba73f3b15c8ae9b7bf8f5ad45d9edede34d1598c3d7dd7b7053f00
Sending 159479159206881000000000000 PLSX to 0x8437C014868e2a0765C01CFEf08559A96192d372, Tx Hash: 0xb9dd7868bdfe493492d14824ef075b1c3d32404dd2fc66596bf60e54ca745f3c
Sending 1182251499412650000000000000 PLSX to 0xd140D6C0Fa9a98298b62EDFFF13ba3732CE90551, Tx Hash: 0xe7ed8bbb2e6a1d7a131f610873beee40a9f18710e4ea986241974e55c5475fed
Sending 459764471993808000000000000 PLSX to 0xbe0Abc22d67a0B0e404F08c51C7f09d5Cb16B342, Tx Hash: 0x22f5b0459483e0af1d7d233b6d71a7206dd5c9512d6b20cc5cab88067a0f47be
Sending 1610311927030540000000000000 PLSX to 0x38E3411fe0b670CedBE6bB7600c063c19C1E9bb9, Tx Hash: 0x78e170e3a59322ae9b22bad64f501134b803b0d962e205fe887011627ed84372
Sending 525445110850066000000000000 PLSX to 0x8515C39797F4c145b3f6987Df3AA7B4DA3B5D424, Tx Hash: 0xf8ebfec836bcc1ca7f1eb93dc1f2f5e3f2edd2594eefd7a8f12a4494557e5ff2
Sending 328403194281291000000000000 PLSX to 0x1f997286F4217E0FE76Cd8ccF8fA4609f2dC2B46, Tx Hash: 0xb991fbb3af6608eb6f8efe3de8aef5ad36fb6111ba8d7915b323bc2ce1fdda5d
Sending 90369991002325700000000000 PLSX to 0x58c340195a47D5Fae67474de6E72B8b9b53ef7c8, Tx Hash: 0x87413863e77dd067737250825693f94fcb0d30f3fbfd839235bbb975c8a183ca
Sending 49260479142193700000000000 PLSX to 0xdb67aCd7406403C035c38965CBE9435e187EB2B9, Tx Hash: 0x4ab3314e7ef94b646bbc19d7a1813fd3f7c07b6de753806c19b5e46524b34298
Sending 59112574970632400000000000 PLSX to 0xd3393c42554F487a425878Ece45674F9983953E7, Tx Hash: 0xd138340869128ab4c51385643a699bc0aed737aba030aa7ce68a331377d32063
Sending 164201597140646000000000000 PLSX to 0x6FD3D5DC46e49BE296c934b97533123C86229999, Tx Hash: 0x87f7b8edcbe211e791688e4279fca0a006c37d1ab9f81281dc9ddbe2f83c1cd9
Sending 1116570860556390000000000000 PLSX to 0x17e8565190e5B0879f28E3DDE1b3d8d22461C19C, Tx Hash: 0xbe7ccf46992d25fe95e19ef4bd5089925f33837bff181fa4ee14e35f3031c4fb
Sending 50574091919318900000000000 PLSX to 0x91d005acd5B31BeFF2574e457BD4bD86692F2218, Tx Hash: 0x964f84b4a4eae400cf186c19d55098aa3396f19894a197a79039864eee6e6400
Sending 116911537164140000000000000 PLSX to 0x4070cc36cE0a014466BDcd1e8D5Dd078aD707b46, Tx Hash: 0xb30fdec8a393f2724984d66e562725e4d3efb838486df3341d756c534323fae1
Sending 123559387346562000000000000 PLSX to 0xBC449F38AD45fd352d77b87f66b8b6ca57ce5b2A, Tx Hash: 0x8b73ca465f8344865f5e34e1c1a1a37da97206565489493bd23d5814428929cc
Sending 32840319428129100000000000 PLSX to 0xc150fF3948CB6E236F58C5EDd4a1BF8644393B6c, Tx Hash: 0xb95ef7f7df16ea8920c8ccb7d70407a42c39b80675989c9814eba556e0c6970e
Sending 7455428587928870000000000000 PLSX to 0x8B1a025274aEF931e906CA4b220987A65C5DA17b, Tx Hash: 0xc050d887612cc644b1117d9ffb8fe26e5dea62ea50a34a3e95be76085ba09a29
Sending 826899539008635000000000000 PLSX to 0xb084D5Fa554966Ee944537c366FD6630Cb3DcEe3, Tx Hash: 0xd2912861e29c07877cfbf80e5f108a6328c0782f4328472a2d2c522e6aee5349
Sending 1263413064847330000000000000 PLSX to 0x8fF49EbCF37aADE1c0796Cdac6fBea2c078F9D25, Tx Hash: 0x994f692774fb30d10741c4c548d54469e5bffac6f1605e7a985a83295d57f8e8
Sending 38423173730911100000000000 PLSX to 0xf1592c3Fb67D365a97366613974E04b48A1f24eD, Tx Hash: 0xa6d5d9bd4356d7fc3be5ac28c53ce13fdf3bca32abb312b647cc8c3fd1fc7075
Sending 103274161817560000000000000 PLSX to 0xf1592c3Fb67D365a97366613974E04b48A1f24eD, Tx Hash: 0x09e93510ecb48c0603ee6d1eee2a58b913cf102684ee3c80485b99312e6db671
Sending 1970419165687750000000000000 PLSX to 0x6D16120210147AD06c0C4aA98f88167Cd4227Ca4, Tx Hash: 0x94b4d9e31ecc0ceec926ee0e75d5989c4d7e85aab6eb14ff380c0a0d0ee32870
Sending 522717331010829000000000000 PLSX to 0x9D51Ed32B8f184323aF9088D2Bab05d529D50495, Tx Hash: 0x325413be300e7e06222aaff063b5b5775b5d8ee178c7cd4b44721ddc3bae48e6
Sending 206724191804013000000000000 PLSX to 0x25EdaeFBB8f37658153a823069cD36E10fd65aD5, Tx Hash: 0xc4bbe88ba8d5bc23a67003c56f2f157b51a386b671f12743da1d7b938dd1dcc4
Sending 164201597140646000000000000 PLSX to 0x4Fd42bC441f0a106c40413BCF509023086baC0aF, Tx Hash: 0xd10a2911c99f734acd22b2308e9efd8317619b8b977b7346802acdd7eaea5e87
Sending 50574091919318900000000000 PLSX to 0xd04134a6Ef057274506acF53CED2958829351C04, Tx Hash: 0x21140373e19237ed5908dfaac8142aec71b51a138a07d8760ae6b5daf0a45b74
Sending 2108348507285890000000000 PLSX to 0x770182aa0a27B5C2AEd56664D1CaB045982Db057, Tx Hash: 0xc2f651db5f54f37f43a683a2961e1faf6e826bb20bef008b1ac4e06b7edbf86b
Sending 40623475132595700000000000 PLSX to 0x361A0E3c2Ee3F3A3b308E92182ef356De631da44, Tx Hash: 0x52b22d137eeb70ca8c8db91f37449c686cad7ff059bdecad4e0c694239df5d03
Sending 101804990227200000000000000 PLSX to 0xc081E65fa0bEEc962D3Eb3aC1a29Cf3D5201D116, Tx Hash: 0x639cd4effaa3acfe408b5903b2712d9c357222f387e8977f4e3b842456231e6b
Sending 985209582843874000000000000 PLSX to 0x1E6ac7ef902913c3546813eA3EE06Eed36C356D9, Tx Hash: 0xc04ab67308ac0217860e4f5339ecc783457780c2faa8bfdb3ba38e523be877d5
Sending 64543300536109900000000000 PLSX to 0x9B55D908e15257E6FF285E6A08E5167245D1a0ED, Tx Hash: 0xa15ea68aa8645d8fbadd0b830a7e1f9fbd03581e45375705c94ae6f571ac0010
Sending 32840319428129100000000000 PLSX to 0xfD03AC27148Cfd601da5596Fa1991D6614732b45, Tx Hash: 0xa9c8fe476b18f0841535db8b4374d4b7ea62f72860774a8492bae23a2286e832
Sending 66337445244820900000000000 PLSX to 0x31C6B6f34c83da316837AA7B1d061Fa51dFd0f42, Tx Hash: 0x2772da99a6a6c7ec16d19d31e3a1a44710b04dd1915bf4d9d0c54bf73c224aa5
Sending 164201597140646000000000000 PLSX to 0x3F81F841f7294CB5CF5fd660400ddad6Cff83381, Tx Hash: 0x139e822c00e6ae94bb120da50ca5e7809f55e4fad52bb2cba96a283224afd9db
Sending 163603750974309000000000000 PLSX to 0x84e026cCf7f2bA03E0577eB0D43B51653A685BaA, Tx Hash: 0x27484e8af4173c914b0e09927b44c5869ec6903ff0a70b690ff92ecdc7b49d9a
Sending 1722422209494290000000000000 PLSX to 0x02e34f367a1dbdc91c7063d375E0a18E6F52A564, Tx Hash: 0xc04ead72dee4d8ed60a157ead0656799d6b11fbd36d61c9686b8c4e1e076a048
Sending 125515700854310000000000000 PLSX to 0xb39969cCA1b1bee3F3e0073941F4c1F44320ff86, Tx Hash: 0x5f1e4936a18737b8b9031040d68ef84041d40bbe59a8c1eb726e153167aed2ed
Sending 365365685220643000000000000 PLSX to 0xeAa1d67D18883fd0A87E2f08b697B85c7A712Bcc, Tx Hash: 0x5daabd229256f0106c6b6e94abbef9491edd68914836dea414dc7668695b8f42
Sending 997539092412940000000000000 PLSX to 0xC10c92112f582A3877D17C70673A7B3a3Ff57f1d, Tx Hash: 0x153da425032fccc81102c542d20d47c336b0480574e51b9187e780d13d7f414b
Sending 907943980729377000000000000 PLSX to 0xC5787B68B52A994Aa9Dc9cE9f7A4F8e1694465a5, Tx Hash: 0xaf1b0f21ebc2b515c37f0922d37850cf7d781e9e3b7107fa6914e557d761f20b
Sending 131361277712517000000000000 PLSX to 0x52E756e44f2Dc98f21227f183857D79C83e4fFE8, Tx Hash: 0xa65ddf9fd61182ce9aa8ec629b6900f0442d5390cb4dc83589f99fe1cf55d51f
Sending 900369901633245000000000000 PLSX to 0x3bD21067a31D343fd83d64DF3795Bc0B66BFa47c, Tx Hash: 0xefb4c3781d45df8eebd3aa845265e88767ba62ee156100c85d65245f131fc98c
Sending 328415308032711000000000000 PLSX to 0x5a5AaDdaD79ac866b812E8bf952b503ba98522AE, Tx Hash: 0x53b7d252b19f50263bacd1fcacd9d9e8ddcebbc457a7fa7e0f209c221ec5036c
Sending 42692415256567900000000000 PLSX to 0xb118B9cbB14AF0BF6269d14FccB559b4884510e6, Tx Hash: 0x5e62b3d96fefdd34f5866fefb304801d07d8eac842bb4be0997cf43bdae38fa4
Sending 98520958284387400000000000 PLSX to 0xFa8575aa490272Cb1d321BDF9d09c5C21845b9ab, Tx Hash: 0xebfeb4d99307153273e65897976e4a5a66c8b86b3745d53b1fe3853551f9be36
Sending 357311449085139000000000000 PLSX to 0xD976891378bDB926e87E63352c620970287cE9Ff, Tx Hash: 0xc1f784fb0cf550245c71fce19a1a32d10028d2225c9cfd1008c233dc6fbba0af
Sending 198850619450000000000000000 PLSX to 0x036F08837E17dcc2C7182B584C929C60c2E2e512, Tx Hash: 0x74bb1dffa68d6e66b7af05d6f4e0a441d1ce9a68090f7c35092ad0a2cb65f729
Sending 237516017670000000000000000 PLSX to 0xd5b9eE81a5Fee0604716a47ca6e02809e498c216, Tx Hash: 0x4e3c84d607a3e4203f46f35961ef0be43f3a12e3b318885ccbb715bd5237631f
Sending 243039645990000000000000000 PLSX to 0x0C27354c6E7071F6BFc339b01F9DA9912552d00D, Tx Hash: 0x6e4d139330c9f17493c1a9eb69eb600923fac760dd52ffd9a8ae84d841a13792
Sending 251325088470000000000000000 PLSX to 0x2e329B6D1478ad5A86F8CC7C5c7193335d2Cb2b3, Tx Hash: 0xba6d03e44e0b5f77ac4dec8935967dc07d1d6e9d7d166567330529c20bf135c3
Sending 284466858380000000000000000 PLSX to 0x9f063756d6e2F81fF40FA7fC69DbE9eC1dc24d15, Tx Hash: 0x91543fead67e4e1d7f906bcdd96f8ac53cf454f6c281d3f18dcefdfae495dc50
Sending 295514115010000000000000000 PLSX to 0xAe6696bab108D4d9D496180EA3c0f57805945235, Tx Hash: 0x7ba584de0572970f98250863ce80daeeb8e7ad70e21dbc5f17dd41dc98b9f839
Sending 312084999970000000000000000 PLSX to 0x049Ee15A7804CbB0B70f7cbeBC1a73DBc72a2Cf0, Tx Hash: 0x07c95a1d7ac31cc7743f22fe70974dcd304253ae67e148c49ea5960338ace397
Sending 350750398190000000000000000 PLSX to 0xb17A3CF39d91d6Eab458469faD1562d7819f959f, Tx Hash: 0x33f92042166c79b2e7c21ed98fcfd70f2c1e694deb8b13f4e42f4a1563ede3e2
Sending 342464955720000000000000000 PLSX to 0x7eD67fb1965CEe3914E8915C3F97750172c2eA3b, Tx Hash: 0x544bcd2915e562efadb0b524c4923b5a08b027d47ae15f498acea9b02688d214
Sending 245801460150000000000000000 PLSX to 0x852c431857F8aF13450AbBcef2046a6fEd0cb4A5, Tx Hash: 0x83e5a358fe3b01ceca9f1ee017b51e85157e22c4673b1c7311fb7e7fa65e9818
Sending 198850619450000000000000000 PLSX to 0xedbCa2a89688611f16E100aaB2087C5010bEF1aa, Tx Hash: 0xc43ec74f100d059d91c506a6e2ff1164b71cb26a8c610618f7713e5ae79f4041
Sending 237516017670000000000000000 PLSX to 0x3C3c842AD4Dd9CB8a45Ff6e78F2693d4A3C22F1F, Tx Hash: 0xe99d19b6745e65f4709e8233ba59a3fa2ec46b8672e794a6dde5726634991df4
Sending 243039645990000000000000000 PLSX to 0x1EF2Bd018430afd1D2185C9D2b3b1Bdeb86b1b51, Tx Hash: 0xfde7b5717bf5dc1048e4150447b1ac93ea7aabdb99082e5f864a857defbc4511
Sending 251325088470000000000000000 PLSX to 0xed2f418cAC4faCAD9e4f6242bD1d46bd24b2Fd46, Tx Hash: 0xa78ecf018565180c3c9edc198c3b92ac8e30127e130d06fecd6fe9cc34fd8990
Sending 284466858380000000000000000 PLSX to 0x9Cc809EF473A95B543023bdd3A27afcB5C382051, Tx Hash: 0xd9dbc754b1735e83ded7b13d11e1374f635a7391b74dc8418605080b62aa86ea
Sending 295514115010000000000000000 PLSX to 0xf776866AE8CdCe52C30eae2E8b3F00017527C68e, Tx Hash: 0xfbb20cae16eb1c2c87724e0a8dfaa20629780521e6e9d6899520adbb0d308076
Sending 312084999970000000000000000 PLSX to 0x459c950F0D6b42336D4Cfd82B62adC3e080a0C9d, Tx Hash: 0x2ca28dbd3e4e3d2d35649b6bc9f07652b5c8a7aa5d27c2efc6556711f2682fef
Sending 350750398190000000000000000 PLSX to 0x04d5cEC4D7284BA77f327a38661cC0D0211C308a, Tx Hash: 0x071865f991af37b07b89b8e90560522ac27ccf47c628ec8969e80829712dfb7b
Sending 342464955720000000000000000 PLSX to 0x0e63Fc22a5Ec210Ee00bf2521ee9Bf5a0102Faa9, Tx Hash: 0x1d797b503e85a689c198e0b58636fe0c8217a7f9cedfa2def47002d016d1f2e7
Sending 245801460150000000000000000 PLSX to 0x924A28cf7185Dc5d9ABC1d36F65cf69F7b9ca7D2, Tx Hash: 0xf57e7b919490a9cfcad4f9cbac69e628cda34d5a1ed37c9c33e043e2d4949186
Sending 182279734490000000000000000 PLSX to 0x043922560d45953e1e0299aD14EEf45A2903466B, Tx Hash: 0x1bfc680a5ddb31ff16639c91b462ab332f81db7d19c95925926c027d320189db
Sending 207136061930000000000000000 PLSX to 0xA3B4dF06Bb534363B6a94a613cF22A7E84C95e11, Tx Hash: 0x86ce1a02be94a30bcab5b1b6f0ae1c13b77ce05694487fef7215d9911b075cc3
Sending 218183318560000000000000000 PLSX to 0x1cDf46c6A94B9E19Cae3797ffdE6C61AF8E8F361, Tx Hash: 0xbaa9c41eb5799ae03c988ff9e3ede90d51086a56fae3f281ac69038621748f67
Sending 254086902630000000000000000 PLSX to 0x5C36B7E385cf3d5f5Fe8F55b22776eB8EFF1DF62, Tx Hash: 0x09bbbb6b808b36de3b8afafa70b1255c57270806186f008bfdb662d1036601b1
Sending 284466858380000000000000000 PLSX to 0x3f000b6b300791Cc7245a5b8C96261e2Aeef5CcD, Tx Hash: 0xca3454a357d65484da6a875bc7fcb6401a71ae1cd81bb3f5426207bd607a1eea
Sending 292752300860000000000000000 PLSX to 0xFD7Ef5A56B207a6dFe8389f57f4FBb5615B973FB, Tx Hash: 0xee0609d48df7523ee53b8cc69c9ad66f1a25cb1cdee7253269275ba40fa41abb
Sending 306561371650000000000000000 PLSX to 0x82376e7727b209bED678e9EE8b8732C8d43c3404, Tx Hash: 0xc8ed4d65798fa85b3fb29ffa1e536133a7e4b14137f6922c41acbafe9cd5d442
Sending 320370442450000000000000000 PLSX to 0x524991FD054D2DC14a4B16466bDF3ED610523C6c, Tx Hash: 0xd048e8f6dac3333a0b5ba8d996015f42e5c4a7f791fbc2b2f6d89ba4d28a0a37
Sending 339703141560000000000000000 PLSX to 0xe2195F20F39c480218B053B248216933Cb709E71, Tx Hash: 0xb101883df84729f06c2b6280273f5153d1801ff4f6fc12cae899a3f377e33316
Sending 356274026510000000000000000 PLSX to 0x686F06E8239184b084cf4a2199dbA5D9f82b771D, Tx Hash: 0x8410a49690c1e238504c469b2389ed567c226edb5a82f594aae4164bdbd02640
Sending 104948938040000000000000000 PLSX to 0xdA068f855B82E4a42185BfAbCb5e8f58FB08F01B, Tx Hash: 0x7f849c3f319e754fc6c96e177c813c155c96c95b185c23a1996f73dcabb4c401
Sending 176756106180000000000000000 PLSX to 0xbe26be0F20d6CAE2665b9Ee0D1DB0a400b7220a9, Tx Hash: 0x44d93990d04cdf98aa6b4f15b47512caf7b94b161e3743629b1bdc19ad0ccec3
Sending 243039645990000000000000000 PLSX to 0xF9512998E5E375453c321478112D9819E2A0025A, Tx Hash: 0xc19eee8107b57f380c817de30a4c772bac7531880a3363f9fadf572ce8ba3dc5
Sending 251325088470000000000000000 PLSX to 0x93fA0Aa4aF5bFbFb1FdcbF41E1eEb1a9d01D18cF, Tx Hash: 0xe11bdb9135b5b3785c6057b1efdb63f8cacb90f3755c6465c2f62146fc61aad9
Sending 276181415900000000000000000 PLSX to 0x59F8753c19A6673c355239F48B4707E9e8A64368, Tx Hash: 0x13c9dac4a8100c6baa4a9f612e0fae3f2a3ae775102bb37263c806a0ba0c8432
Sending 289990486700000000000000000 PLSX to 0x9529a954EFeD8e07DF2Fe54210d29598b73Fa885, Tx Hash: 0xcc097c1defe6c54850c307087d056d94a118884536b59f30ba12e154068c340b
Sending 312084999970000000000000000 PLSX to 0x6DEbE62eb9eE496Bd4e37a2A3Bd07bC40d935A9B, Tx Hash: 0x66b2418a243848bf57ec7d0044086d4a6c5629329e49e0365cbb7e42865bf43e
Sending 325894070760000000000000000 PLSX to 0x0222E824622f110A33b9F34C575AeE19417Fd64f, Tx Hash: 0x681a3c5627753b815d592a59122cd6a62178661bd76b3b3937d35c9b8b0b7627
Sending 367321283150000000000000000 PLSX to 0xc814b2256f51381bD1335E0DbC04AB6B67f0C252, Tx Hash: 0xc4db8f7316a26771d25eea7d3c0a62aed95e87089eb48202e70de29771f300a5
Sending 414272123850000000000000000 PLSX to 0xdE98f4d79a84fc76C5119d29625B8d9c79A307D3, Tx Hash: 0xe01adda88a90f50017bfdd39d3c8968461393fb9ce0943b5ceb5cf4164db0f22
Sending 132567079630000000000000000 PLSX to 0x20aAb41f1a0Fe924Fe80E06B87c0B5F40Dd3dEEc, Tx Hash: 0xc12e2ca0b966073533ae45c81676df2eecdaced262875b1493deaa86c41258b0
Sending 149137964590000000000000000 PLSX to 0xe522E3B379839E1bd1fF0730a66A5cd7aa8f8090, Tx Hash: 0xe40047a4fd85695e57374b72f5b36ab58c55df3a4fb008e0992584080f77c5af
Sending 215421504400000000000000000 PLSX to 0x6d05d852804377275bf942B03f49b12f7649B0F2, Tx Hash: 0x8762056ad2e9e6b62786262e7322ed4d6b0e2151da954a7a1a11b55c5ff04268
Sending 251325088470000000000000000 PLSX to 0x4E1571644A11186b3e31D67E00cC37E86BD925a5, Tx Hash: 0x07c0a65b2af28f9e40f3542f6f1e294a6dc9c0b58a74f6f3784d9ae425d75be1
Sending 289990486700000000000000000 PLSX to 0xc84eB27faF8523E5BECF193268DaB8F93a671ADB, Tx Hash: 0x7caf53a8820eef6ef8027563507441b78672fda4acc81ef1e4da36d583aa1a20
Sending 281705044220000000000000000 PLSX to 0x5Bf1DfFb100E9d0c7E54a039f41512726f38d6Ac, Tx Hash: 0x009dddeff7ec8a2342069a047dc7eb02ed729c4cfb60bdb108f901625edbba23
Sending 339703141560000000000000000 PLSX to 0xd3E00417b7528A957b937b9A6A6A3832250D2321, Tx Hash: 0xa1d2e9a7ed89b8857ed81035c4a15926280b13d80bccffd55042aa086b4fc07d
Sending 353512212350000000000000000 PLSX to 0x495cBACfA0e1615A24484FB3130e3fE847174545, Tx Hash: 0xf65f7166301c94f29c0e8a8d29136943061188d9a95d61fcd44514e2027e5a9d
Sending 367321283150000000000000000 PLSX to 0xA036Bf7A387740a1f040F524409a2D0aF8e00d87, Tx Hash: 0xd03a5bc9b34d63ff9ee4b5bc97c08f4523037e4e66bcaa56021251c7e212b08e
Sending 381130353940000000000000000 PLSX to 0x3c8e75434e2bdd5Adc0571460590fcFE85f37fcf, Tx Hash: 0x3a7d90a67c170724358bcff2f1bfd808719f1c6738ec46b41d8001768098d814
Sending 196088805290000000000000000 PLSX to 0x3f5359953C907C5f2FE9E2247CEE3Ed40ef3F4Bb, Tx Hash: 0x46eb05613f916b87c67f62ca8a5a130ae16b3f1125d2c772592fa338dba679c0
Sending 231992389360000000000000000 PLSX to 0x4083485762e742f0afbF24E2DE02Cc51BCadeB42, Tx Hash: 0x6664208167c09e52ff9a8cf0dfc4e68d1647da383eff1d6efde779b467330f06
Sending 240277831830000000000000000 PLSX to 0xE340F56c7106A6B984a88E43661D33D353934039, Tx Hash: 0xe89a9e0b7db76944595306e5412da3a3a63826b7cb4ce60d1774227af8d20990
Sending 251325088470000000000000000 PLSX to 0x54D9F52727B3057490BEcBbEFc476844067f3A17, Tx Hash: 0xd5fa92d28e1678af0b409800dc50a0fc0f0b7b327f11b1af2becd848ad891f2d
Sending 276181415900000000000000000 PLSX to 0x932f9156abf597eE3910Ac0e5d34a51D357e3ABB, Tx Hash: 0xe4513e92b98a2609cd51d830f0adc34895ce512141fa9a1afe266a9f681d01f6
Sending 289990486700000000000000000 PLSX to 0x70100026F6a03BBB7816978ba734FA38fe0dDA37, Tx Hash: 0x500b4cfc7cdcc8ed6f9afcbfdcbd5688af2fbe18666972b92d60ce3e92a54cd5
Sending 306561371650000000000000000 PLSX to 0x24561eaF4e1e5F24A2f38cDe77A682abe020008e, Tx Hash: 0xf817fe52a91461845b002b0c8e6c1d60a02d2f16e29f56b32371e3d5ada13404
Sending 312084999970000000000000000 PLSX to 0x462DE1D41335C4fB55Ab667Af01E0b6Ca9705009, Tx Hash: 0xdb218974e5db189b2ae912fa4beafb2ff0106875503a7b1fa943cb74db5337e0
Sending 320370442450000000000000000 PLSX to 0x2b5bC8011BFFdaC3813eef9B1B17E22146AdB206, Tx Hash: 0x56e2d5d0df50097e897b4588b897ba37cb3a6e5b22475fa0e0b3f867245bc8d5
Sending 336941327400000000000000000 PLSX to 0x4C5B195b767f75c02910813E0FE96DF93a5e6C6b, Tx Hash: 0xbdb63566c3d19a2b0bc4a99467c09e2115ae754a5fb5e665c86929f1ff3f7553
Sending 187803362810000000000000000 PLSX to 0xEe9Ed9e3BbD6E22F6Bb2C4DC13C193e1eb96DAC2, Tx Hash: 0x60d26155786649c53d7cef6fa9331d94e4a34b148f34032fd9ba8ed048395736
Sending 204374247770000000000000000 PLSX to 0xED8DC42710e9885A3D9E563D9D956710569Ddfb4, Tx Hash: 0x32ad57c105f0fa60cfce6545b50375db0f51b1345cdde90a096bf39fb8d06437
Sending 215421504400000000000000000 PLSX to 0x611551C8Cd8c9ACF276e4754943D2552A4a6Ec56, Tx Hash: 0x16df3febe029b730b13f62069a94cded34965e41b6ff742274b8cf29b61d5d9a
Sending 251325088470000000000000000 PLSX to 0xF5edbf5aae39Ec31AA912F82aCa3Dc3D257ddb15, Tx Hash: 0xa0da13525cda95184e50c177e6b332aaec625e21e683351d3894cc69f094fab0
Sending 289990486700000000000000000 PLSX to 0xBDC347ef34EB3b0FFA40A7c520e3b39ff9B320d4, Tx Hash: 0xc991e683cdd7d5b8990e80babdfca6bcb7a485ed85597fcfd07360d3ee894931
Sending 281705044220000000000000000 PLSX to 0x4ff4aC50f140C64d6dAa5eEdCb8d6E71570cd97E, Tx Hash: 0x00b29068bb8021605325ef75c1d566f3bbe3a6fcbb2d4e3d4d29344eeaa77e3c
Sending 312084999970000000000000000 PLSX to 0x056F7Ff4b11b959f6F9ccc991E9c4E0e6efAaE3b, Tx Hash: 0xcab3db8435f8f828cc0d3286ca802295b165dfe1b7b4636d4bc0f8b3a70d1514
Sending 325894070760000000000000000 PLSX to 0x9f3D3F98b297A108894077451C81617D4531B2cb, Tx Hash: 0x3c716bba61f2284fca015c054872f03d10cd7196528de797d48631772692cce6
Sending 339703141560000000000000000 PLSX to 0x5774Ccb1A91DdC263564509Ed913806206CE6CEE, Tx Hash: 0x8205a50615d987a9f2d715a80fb913cc4c8f0d986999d4166dea8ab668143c15
Sending 353512212350000000000000000 PLSX to 0x5524B5B2876CB76675209743e47D5406CA76Ac8f, Tx Hash: 0xe34a233c4fd6771c79435495510f655b634f4cd4ce9a4724392976bcc63e301c
Sending 66283539820000000000000000 PLSX to 0x6da3DDAF2E1AE40724EC73c5845eB242271C7883, Tx Hash: 0x4a9e2ff2618488ca9a157c66ddbf97ba98ecdde95a46f73a3506788dd27eda59
Sending 74568982290000000000000000 PLSX to 0x9bC98077A87A22CAbc367FeF82e0A142B50528d8, Tx Hash: 0xd88977118d82c9fcefe4e0c28bacefb2ebdd0ca11de408301c4016620462d0c6
Sending 107710752200000000000000000 PLSX to 0x093143abF58e8b4337aeCF5B668eeaa174cD5AA1, Tx Hash: 0xef62a8563e1c0a7982e6089c4333b533863c7608de3e98d51b79d12ad3dd6539
Sending 111853473440000000000000000 PLSX to 0x3bb01b577bF78F89aD08B6632Faed1c8540Ad157, Tx Hash: 0x9d8b24a8af0ab1a6c0e872a33f1de9d9849ba3a00cfbc3d5bee293a23b5cd03b
Sending 127043451310000000000000000 PLSX to 0x432e7A14b1F79cCDBfd864fa20b939C15d01c022, Tx Hash: 0xa916565f16c2c90ef96d04d1235d45dde9a85a7a975d3dbc9fd20dec76533a8f
Sending 131186172550000000000000000 PLSX to 0xbEcF094024B73B5F90705Ac67C92d54C88AeEdBb, Tx Hash: 0x6a85f9690619a3c4d06b5943931d1dc9d3d23aa8ca7c97cad0ecb9bdce477a99
Sending 144995243350000000000000000 PLSX to 0x6ea9A55e4c1ac9C10979626Ab53e6B1fE342828e, Tx Hash: 0xc111074c0844a7851bb1bfc3cfd68430c246e52f9e0c0d56f64aa581382c0c30
Sending 162947035380000000000000000 PLSX to 0x3E9F9a90c96530b0b1A75Bf82c65D9e19bfeDE14, Tx Hash: 0x69053594faec752408aa7963f4eca18e349491fad265763e47e9429c4bfb4535
Sending 178137013260000000000000000 PLSX to 0x27aB5e25e2cFA736281E8bc3e6Ee761b4F5d23FE, Tx Hash: 0x0543b413cdbb6ce28f6819aaf68c5ed0374d864a998cb8d9d829a0e2be62b4ee
Sending 276181415900000000000000000 PLSX to 0x56bAeEca0460f9De69942Ffc45D1B780c92b1b4b, Tx Hash: 0x93d082b80226dd687db817de9f90331bf883162428a3677b970a98f22bd748ce
Sending 93901681410000000000000000 PLSX to 0xC70F215c61FCF4671380895d39E3aCBa67d77f16, Tx Hash: 0xac2df1c6f9cd8266218ac8c1356f2d456a9f7afb727aca260cd76a8f02ed2ce1
Sending 102187123880000000000000000 PLSX to 0x6EB96583202cEe5EE2305cB55a16E36fC9991183, Tx Hash: 0x861afc23570d3b1d34d1cb52719aac5acb2f98fb23c9123514b69b6f4451441f
Sending 107710752200000000000000000 PLSX to 0xcE7BfE161987B59C98B25b284D68dc436ABbd7C6, Tx Hash: 0x8d9bb629d260f0d889ca4946ab3dd7ec8ae6b285b2d23b9fa8e70e176c84b791
Sending 125662544230000000000000000 PLSX to 0x64494533046E58b6faD854d828a380F56B2636Fe, Tx Hash: 0xfb886b3316aa0880f75bf14fc7ba12c7459014d08f772bf220eaeae5422f9f4a
Sending 144995243350000000000000000 PLSX to 0x79f733A804104C5b1C7C5800675dAc1268476c33, Tx Hash: 0xe1934f2309c115f267eb0bc0d7b3fb900c1041ef139d2c596712753007f232eb
Sending 140852522110000000000000000 PLSX to 0x1a0331E2fc1D9513984A444EA8b4Ccd682154E59, Tx Hash: 0x9bcdcc9434a5e74711978dd5a304193018d5f67a5835d6d8870b759e093465cb
Sending 156042499980000000000000000 PLSX to 0xe10a3D4Dd2D38d0bA0Fd2B3b646C2EFbD7FF65Cc, Tx Hash: 0x46b43e96a4267400b3d2172d0a241995c117d2e6253a3fa4299a55235e1abcef
Sending 162947035380000000000000000 PLSX to 0x3c41Bf4b1f7077beC7293D480cD9EDFCFA50988a, Tx Hash: 0xaaeb579e4225d9f9aa1adfcfbec9d403549c26d902752ac722b6da1ede57f5d8
Sending 169851570780000000000000000 PLSX to 0x1ae78a9424f0dCf3402fe3e5F2cC3b3C47A931F9, Tx Hash: 0xbf59bb6d7953f90b687d50eab046b186386000b83c0696d22bcefee33eb775e7
Sending 176756106180000000000000000 PLSX to 0xa1961f549684B9cdBf2D12C6f4Fd5995C50Affb6, Tx Hash: 0xb2e552ef8e0c36bccb9f6997bf2940c8b547b4ff2f528b6419398530d5c08948
