Sending 10946773142709700000000000000 PLSX to 0x253584543D8273444dE5A029B5a56D083958190A, Tx Hash: 0xa7b49e01ae3e55f57a9e0244b3ab7f7cb1aaba244898ebd90463d8f6e5194f4d
Sending 33278190353837500000000000000 PLSX to 0x385acE8f75bB08EacbAb18CAddDAA0af39661351, Tx Hash: 0xb162b995815c3d835feac4a48b4cce8346d29cc6375d0efcf542df4a60ad700d
Sending 6568063885625830000000000000 PLSX to 0x6817307d05DEf89A62E4dacDe0B0eb62cF78DFB6, Tx Hash: 0xcd2c2d7016de1d9ac95789f1c1402fde47a528953e5209bbd6207e25dea29b40
Sending 948720339034842000000000000 PLSX to 0xA37994682d9056Eb1101777d881834Cb69E1ba52, Tx Hash: 0xae41de27a96ea8442b87abe49514eae120ef02f0c591139b5d21ac58d450a3d3
Sending 7297848761806470000000000000 PLSX to 0xE07137332370A3F6931FE49c9557f05163A32ff9, Tx Hash: 0xb258e4998b520c5667ebebfc3647742cf27df91b1284f7eb274e7e37b4f14d9a
Sending 9122310952258090000000000000 PLSX to 0x35EfCe5f4bd52356e8215BCB9dC7687aDe6B6400, Tx Hash: 0xb8592e88250a39169e8fa6a8f1266c916cab6dc9151a8541fdd6ed69263f99b4
Sending 8297654042173960000000000000 PLSX to 0x131E18f1caCAf72B55Eddf4491E0499164346bc2, Tx Hash: 0x32323a9183cfcfae7f29f7cd1abe718e67f73411ae9e9570cbccbf7eaa886770
Sending 3648924380903240000000000000 PLSX to 0x12a39B66f8eda3581ff6Be04e8fFD8F5FeaABE11, Tx Hash: 0xa8f1d179c06d301bd5b464775c60e1b4815b0e32e3a2cfbaa84d780c9705725f
Sending 1459569752361290000000000000 PLSX to 0xf62d020cC9da296eADDe43C691E9252fa9c10B2c, Tx Hash: 0xf31c5400581ebae7a0ccff8dcaae989dd25351b31ea3a3bec86098c0425817bd
Sending 1094677314270970000000000000 PLSX to 0x01C57Ed711288DD7660B7644F2cEe41bbC6e75E1, Tx Hash: 0x44bcb8c1abda1ea0fe9fdf52d58a22224608d61e9bed3f7a3ee1919efa0e81b2
Sending 4865227642638470000000000000 PLSX to 0x838888bb525601F7070B0E238f4F83d42e6f411f, Tx Hash: 0xd37d0ebb1eb1abc79db6388a0a1f5bd5f598e78b3affe4fe8a71dc7d82810ab6
Sending 3648924380903240000000000 PLSX to 0x45d81FE3768A72e67a11E06f2bA0745DA4cACB64, Tx Hash: 0x8f39e6d0aa3bd12c2d7a8f5b48c37895718ca3352300a564d516fcdb0e738342
Sending 1820813266070720000000000000 PLSX to 0x45d81FE3768A72e67a11E06f2bA0745DA4cACB64, Tx Hash: 0x233da9681d9e0cd7adb1ceeb5a25b9e0e1b2462c791e736a369f3fd8eb1eec44
Sending 2554247066632270000000000000 PLSX to 0xAE38425f1F091AC485FCaf402312cdC6d120f973, Tx Hash: 0x94ce6af7689648c6c553d986b0a44fe07e413d02d1620de76110b15689ed2ebe
Sending 7297848761806470000000000000 PLSX to 0x23974f15e670995D82161a1A757cCc74703aB050, Tx Hash: 0x1324caa951c493e85280b3f698e8bff3fd6cf616726130aa9f471e1148843303
Sending 14595697523612900000000000000 PLSX to 0x131E18f1caCAf72B55Eddf4491E0499164346bc2, Tx Hash: 0xc571aa75834de93b86ed12619f593fda2c9ebca0991b87d5e63f42b487b1d8a9
Sending 5838279009445180000000000000 PLSX to 0x2589eCe7a6E4d35a3b21C8d60036026DD06247C5, Tx Hash: 0x7ccaf69a46ad35389be3d424a9dda63fdfcf8190e2199915b8d9bf142276e9a1
Sending 2919139504722590000000000000 PLSX to 0xAB2032221bc6602B1Ab57965778596D718fC2436, Tx Hash: 0xf1afe03ad1324851f5b014ef3b43ff07c040c2700e38f0133b7235893cee6ac8
Sending 2298822359969040000000000000 PLSX to 0xE691d00625733231f95974D06cb71a3feb42488e, Tx Hash: 0xa365c9db68ecd315c6e396da3a212c976f421621d5eabd2a7fca30aa9147fb67
Sending 34987541336465900000000000000 PLSX to 0x2F8Afc192503501DEB75915279d821b1c3BA4E2A, Tx Hash: 0x75118c5bd1ef96c3d9b416dc4d86dedfed142c2a6df352ade324c5fb625ade89
Sending 190473852683149000000000000 PLSX to 0xA3f2a9E5a134733F382499a5751924A1628485Ab, Tx Hash: 0xf34cf38a3de0db8f93ce7af4d68b78e5a7411d83cbc37098e985adac552143a4
Sending 98520958284387400000000000 PLSX to 0xCB9de7Ee1F3cc5ecEAE32949D38b8c0ED0f519F9, Tx Hash: 0x0756b84588db857573de3baf64e59748e5134eb00ebf3c83b31e03c96f9a756e
Sending 195916100082056000000000000 PLSX to 0xDD4B29173638d5ec69dAB4f6CB943fa65e4c1022, Tx Hash: 0x1d7e8c8ab322473b69517c8ca044f4d1416b1a5208a8b423cdb30cd47f59578f
Sending 65680638856258300000000000 PLSX to 0xD3e0459BaC7d94134dd7870B3BA03A4aBD6fa0de, Tx Hash: 0x96da08602557be239102a7848c0b5011acfe1ff416da53cc97d51b662734534e
Sending 453402028560907000000000000 PLSX to 0x35EfCe5f4bd52356e8215BCB9dC7687aDe6B6400, Tx Hash: 0x617858e8d7b97d38e78bfaf9dc486406d137c406a581c6e7405978aad6e63f0a
Sending 157633533255020000000000000 PLSX to 0xDD4B29173638d5ec69dAB4f6CB943fa65e4c1022, Tx Hash: 0x6415b358c95cb5164d0cc98445db20eb71a7fd486456fa5218fbaeaa93a7e6d9
Sending 396151022014773000000000000 PLSX to 0x8c6B3B5ec6AE2A7dD1CaFE95c97b4A94E7ed19C0, Tx Hash: 0xda1b65cc5fe7092d9403fe82480f1b58fffd8ce183632863ba559f420a963eaf
Sending 65680638856258300000000000 PLSX to 0xa2c6781D166e938b41980DaCeDe05F5eDaC3d4df, Tx Hash: 0xcfa672b87ce85395f246674bd0813f7d8b5dde2ed6a747b85317552379ef3697
Sending 1642015971406460000000000000 PLSX to 0x6DF95c1F5AdD9cE98a013AD9809782d10272c6b8, Tx Hash: 0xbf81c04616c490b5901a2b53a778e742f3be02238173dd966509967b2d22ce85
Sending 35139141788098200000000000 PLSX to 0x8CAd02A7BD7Db34Ef5f40a93Ed013453210beC57, Tx Hash: 0x0790b2beb9d6bc5589becbb98b38b8154f9d8ac49f0a9c55630f36febbaf7881
Sending 197041916568775000000000000 PLSX to 0x8bF6E454a979F8b919b44a56ea225B109580033A, Tx Hash: 0x00a05e245d93a17fcc1876d2ff0483efdc2ea6da45c0c166c9f8e553a47cb9d2
Sending 131361277712517000000000000 PLSX to 0x3cFf749408403Ad2FCA3A178ffB24710945bCAD5, Tx Hash: 0xb141da49389da3f9ca64c2b722b7333323e3baeab3c927b576448044c8e3a709
Sending 103644048115176000000000000 PLSX to 0x9c764e9Bf131E84C10dD1Cb0feC37762Aa130DEF, Tx Hash: 0xc4aa34359ff73bd911e69c9198bae6428bb19be544806366c0c398fc5e15037b
Sending 467368252896493000000000000 PLSX to 0xF62C9e760D9a3c907D0fDc663c98F5ac57cbc8CB, Tx Hash: 0x0bf12c734c22cebc95b4799489d928b99bd76b43df5c1c34ae36c47ea68a07d7
Sending 6568063885625830000000000000 PLSX to 0x75Af9F6794efC6bFda32e56864F1689366FF6085, Tx Hash: 0x93d90c935f3d7ba11e299f3e6660626f845d226ca9d69bd4f76f257549c61aed
Sending 229882235996904000000000000 PLSX to 0x622119fF96412c4A647A4Ebfb891cE2Da974ef33, Tx Hash: 0x65f99130cd41797429ca92e474bef91423e79a62e629f4d7dccd020477906ad9
Sending 446549050550124000000000000 PLSX to 0x7E6cC2aC67f13070D63257c7D1a5487cFa17E543, Tx Hash: 0x5a51c882143d111de4f5c4b1d8e79648405ab336b873520b0d72360fba1080ed
Sending 459764471993808000000000000 PLSX to 0x2dbB80cF69ABA7a65E8a0B98Ef0209916E7dEA26, Tx Hash: 0x8eecac9f9b30a80a8e67ddfae3204a9281bdfdc0dcf0fea5c1a61b1897bf8ad1
Sending 131361277712517000000000000 PLSX to 0xd8a7AC8C7a9Ff2151e8983556E4A11171f998B7a, Tx Hash: 0x807a2d0967342c7562168853b58bdf1e6cfa53e05ba39215eebd428deba24d3d
Sending 328403194281291000000000000 PLSX to 0x4A99b0467572cEE1a36CB4b8BC4Bf0972510E99a, Tx Hash: 0xaf82ce7bebe542e0606fd453b4464ceea307df34b70582489346ec4574751fde
Sending 196151674079065000000000000 PLSX to 0x7Ef6D517Bc55EDec7471Aa18643b1c7DEd5cfc99, Tx Hash: 0xf4759725574985e2c6077d7d977b5bc3c43b298083315b9af436ab07788afac6
Sending 1609175651978330000000000000 PLSX to 0x1A5ebbdcCFB388bceE1d5403281E94aF7A8f87A6, Tx Hash: 0x20589be8417292b10d32ba3efb0c6bcd821709a2a392c94fde047d8f207d9d4b
Sending 49260479142193700000000000 PLSX to 0xDd3386c673Be94A58bc74d0bc33C1Ce510c8E76d, Tx Hash: 0x2e9d56b040872ecf76e082339db0498cd9d739c4f08b3cd5a02a30ede45765b2
Sending 295562874853162000000000000 PLSX to 0x24Fa4555357363B2DDB31Ac13245f3A526fd32eE, Tx Hash: 0x02cbf90e787945f0222a90ca7565ad7614023d9222dac5ee55ac44b866771c5d
Sending 656806388562583000000000000 PLSX to 0xC0877993530258dbF4Be8EC2d3e2afC6A48d2235, Tx Hash: 0xf170f5a1a35b59b9cf8daba28a3c78d9c908fdc555ef2e2391b4d412b262ad17
Sending 499172855307563000000000000 PLSX to 0x0be300b61ebAee92EE06e59c107969982F33FFfF, Tx Hash: 0x9f4766e77aec9dd1f1ee575f7af9053870dbc8f17ee6ea21b784f7d415718039
Sending 749448806500732000000000000 PLSX to 0x37F435C2c1AD65744AEA93C5afE2156f221c84A6, Tx Hash: 0xc01dbfda72916020f751d32f24c862614a304ad38375cad52c46bf32b37f157d
Sending 229882235996904000000000000 PLSX to 0xeB2f979Fb8EC9acda530F42a96660133Bf23360C, Tx Hash: 0xbc50eb8d76913abd13bc8b7dd48632ee2ce618e907715078507e17dd33809680
Sending 328403194281291000000000000 PLSX to 0x3FFdc01D99417a57809B58e95111E8E18f8F9757, Tx Hash: 0xc98358d15cb7069f65f5d9024e3c1f6e8c6cc056624ea266407562c2f7b361cc
Sending 899956113608451000000000000 PLSX to 0x03e315F3DBa2820999DC157fC26948AB0C368eB4, Tx Hash: 0x2165526c74d10a19ad368b4e524520b9460675c109133a92dc144c3b44ecf9eb
Sending 295562874853162000000000000 PLSX to 0xA3A0D13cDE51D73116A3150e8c5fa11d96E10534, Tx Hash: 0x8fa04b7a819bf1500db7eb6328fca0d9d3ba7f67ed063835c64748e6ad1c5c53
Sending 364829676590972000000000000 PLSX to 0x3E17A67754C972EC9BF80f47f133f11eAc37DC75, Tx Hash: 0x70bf1b8e5cd8028e462181bdf2e7f5c908230d2cba448719e4365cf6a9dfd18a
Sending 169915812721140000000000000 PLSX to 0x8A1E083624Ca6bbC65bAfE126A3f18254bD6A955, Tx Hash: 0x4fcc5bc0bc564be8a7298aa6edfa6f9d011883b5b6650c1408b591b66fc8ee28
Sending 233363309856286000000000000 PLSX to 0x540778686462B20c55635169c55A4febD9EBF98b, Tx Hash: 0xbd02baa2b092bf067904fc9d1910f907e874ca4cbb6aa8bbf4431dabcf4eb335
Sending 111657086055639000000000000 PLSX to 0x0d11d0E15a57A05fD21865492e516B3FAE67e0B9, Tx Hash: 0xcbcad8fa03cc96144f2fccb51e83e7a776b2e960ebfdc907815cf6f803bfb19f
Sending 43787094760193500000000000 PLSX to 0xb70D282c64159EC501375c9Adf35C51B26F19Df8, Tx Hash: 0xb8d27d53ba24b237cd5f34f5da8f706ab11e6f0953bf05861a8b23418a71a533
Sending 199032039926119000000000000 PLSX to 0x711bEaf0D11DfE260C106e1BA82023E5E411e07E, Tx Hash: 0x3f1999190b4c6298a7d251652c9324e3b10b213c7caa8af21e6d0c62b91a4827
Sending 6568063885625830000000 PLSX to 0x2f82F0573543df16EB0B3172B1F03165521D0dB6, Tx Hash: 0xc174ab63fce1349d61080e185395a011bc198278ff73a166d2d47fcad08be4a1
Sending 426981776452517000000000000 PLSX to 0x2f82F0573543df16EB0B3172B1F03165521D0dB6, Tx Hash: 0xa3c33c83924eb983cbf352a26708e8a3bd1fae29e5cc9e681d5a1eb9800f4895
Sending 722487027418841000000000000 PLSX to 0xd392425b84b6CF0c0424e8893C5970a727C443f5, Tx Hash: 0xb57eebc6f25a39fc7072df10761f958c65c9a780eb77b0dd277ce6053a1b0356
Sending 483081750360538000000000000 PLSX to 0x80001B2F7354444614F5dC1F98319b565F0f8eEa, Tx Hash: 0xd627dc2aafc1de010679554b19f05aae569cb7c542e856eea8c56c6e82116f38
Sending 167736154265305000000000000 PLSX to 0xc2fea627cb59Fb714277d2240ffEfb67770bA9E3, Tx Hash: 0xe19d3b32ccf4dc65b65c869c2482ad49700a937ecff5b833aaf99159d52e9030
Sending 197041916568775000000000000 PLSX to 0x9969989909E50c28d0B4D73585e88cf5d8AA6096, Tx Hash: 0x35127371ddd1d8cbb7412844de867bdb28ba22749a25b10055e9c0d8d17b51b9
Sending 177337724911897000000000000 PLSX to 0x09C14BA84B2C32D69A08eeDDCcECAFa1D0F9b33C, Tx Hash: 0xf1f5ead0af3ea402ea2d266ec3250e77087f414eb687c2a92678a514db5de17b
Sending 262722555425033000000000000 PLSX to 0xF5c9B7D77062723c0dcd1A622C38a28466ABBB24, Tx Hash: 0xe030e785342fe2dd3a88891e8cf3cd81a2a44ab2fd9c3fe3efe670fa9758182f
Sending 328403194281291000000000000 PLSX to 0xE13113DA85536881AA9B74a9F139c20b9BdFf189, Tx Hash: 0x17352166c52e3ddd9309497d05457cdfa6689ca4218dc2033b471c0cddd77746
Sending 413788024794427000000000000 PLSX to 0xF1a5E959D351b75533693990A666d95B8C89E97D, Tx Hash: 0xde9fabba11e0741311813ff2e9d2b52632aad8b065ec6c832201db471c25a53d
Sending 34810738593816900000000000 PLSX to 0x317A82a70F2D965DB8FD29d2AB409beB009A1357, Tx Hash: 0xd899a5e960a83067f79abe7367554e18f1354311a7db1552f0af9c10763989b7
Sending 90757506771577700000000000 PLSX to 0xBac402b9C6B9BeFc7A1a743a7784E76d06496b0C, Tx Hash: 0xed696f8cef8d7d43609f7673377630574def399d36e14a001f9e621e9c1787e5
Sending 38495422433653000000000000 PLSX to 0xfB402eE17D041D2092A4A0f3FA87B29061Cd9590, Tx Hash: 0x6a68a29e7d461aa4ba2181f2f8f7bee5676c3ecc2636d53fe04d6e1521b68c08
Sending 181606966437554000000000000 PLSX to 0x9D1369b28f4D69a51CDD79f370e4Be5e36c35d95, Tx Hash: 0x1d47f7d2c54d1fb002716bf1ed6c3a004284cdf6f5f037643537bf2889c8a550
Sending 1313612777125170000000000000 PLSX to 0x2538C0A66A2d9584D0d2A56E5EEefFd4566E1344, Tx Hash: 0x068150a24d25444b4895ef640db50a244932ab1884e605ab3d304740611d4976
Sending 32840319428129100000000000 PLSX to 0x1793a9D2752A0E65EA66e1D5F536d59717D622a4, Tx Hash: 0xba356bef059cea5710a1107f374bb5d216add265620d082dc2c6ea9d7011db74
Sending 197041916568775000000000000 PLSX to 0x1ABc0dB4FB3B6D6dC74030Ca4995E325B4b5F752, Tx Hash: 0x559a55f4c856b853bd27d553ff84e2b468a5b1e1c4e6689ea24d61d73a0035b2
Sending 164201597140646000000000000 PLSX to 0x59A1940E10c354851A0954D9B640b4a463C4d95E, Tx Hash: 0x20772169a1d0fc8c790f7412bc05beb9ba66810425e5b99fa9ef17008d9418c8
Sending 788167666275099000000000000 PLSX to 0x4A878ac7cB42b5B53CD72bDE03eC0a052cAa2CFC, Tx Hash: 0x57e76508582eae3e35a9814c20ad9392ed5f1b96e3b1ec3d4d7eeb3acf31419f
Sending 113627505221327000000000000 PLSX to 0xDD614c01167108C6B53C4d6cFd4Fd6C500385a28, Tx Hash: 0x66503b2ed6f129452ac20798540599813fe3dd382737c3b88ff7835a29f1c9db
Sending 45976447199380800000000000 PLSX to 0x80d4C07fa4f7517DC965AcfFDc51C8Bb9887E4aF, Tx Hash: 0x2066fc483a6ae952ae8946497c8e17a4bc4fc304c5ecdf3a365303fac4d662e3
Sending 157797557505503000000000000 PLSX to 0x18234308ECDC153750d3e33DD71085f980f5Ff05, Tx Hash: 0xc61316091b31a12b8a7f0081bcebd696fc4f67d8908bed0b8c180a6dbb1ba494
Sending 1425269863180800000000000000 PLSX to 0x198EdA33f781bB3eBf98A800ae8Fc2E826A67FFc, Tx Hash: 0x5b2dc00ee8614a47adea913117f1e5f92b7f607b6559ef1d325b8a025a1613c9
Sending 216746108225652000000000000 PLSX to 0xEBaBDbAfcCc7326aD9BFe1875FE2542193326589, Tx Hash: 0x1658c040f876fd667233c0151b454c59728b4dde1e5e04c5b690a59dd15522a6
Sending 434632287273219000000000000 PLSX to 0x9D51Ed32B8f184323aF9088D2Bab05d529D50495, Tx Hash: 0x9f176bb37408b9dd7e8ce13197ac104bc22dc2e60f1daadc7ddbb847df03b6ff
Sending 566206515324260000000000000 PLSX to 0x98639dEC091Fb47a90FeE0371A31CdAf8FeCd13B, Tx Hash: 0x88e2590c1e2f2f7ee7da420a1a3c310f85e344130019f1ec2d51584487b05b8a
Sending 275858683196285000000000000 PLSX to 0x9fF78C7b93D70867BcdFD165Bee0DD0eC3A5f485, Tx Hash: 0x3cbd3a64439b800256292fd2b13e16a5cb674bf9d6d0c6cfb0818feb1f0d38d9
Sending 1313612777125170000000000000 PLSX to 0x198EdA33f781bB3eBf98A800ae8Fc2E826A67FFc, Tx Hash: 0x0d72ac9521c4f5df2c8af3682cb5b63f43d8c9cdf5c8df153d5c922f5eb6cc68
Sending 799071405850242000000000000 PLSX to 0x716736a68b2D29011554AbB9ACedD3b7075a15B7, Tx Hash: 0x610d875a820e7f913cc80fcec821891bf942fb76240686ec5043bb7cd332e31d
Sending 37786071534005400000000000 PLSX to 0xF2df7bA0F1F2159D8C9Cc8518840fed0564A9F1b, Tx Hash: 0x7c359051311a1d8db1ec22fe2d8822bd23d23395feef1dbadfd568781300dfbb
Sending 321835130395666000000000000 PLSX to 0xAbaA987a63Db6a75400F164D1B37bd31bD7953e2, Tx Hash: 0x21e8c952e5c509ee48ba2391eb35854ead9d2b512ed7d1dc9b862c30e827661e
Sending 246302395710969000000000000 PLSX to 0xEC499A53f227f2E69E6e8AdE08Ce4B2E0C97c946, Tx Hash: 0x66d86c36e563563201a67c59bae8d7953884ebf448f51758f324c47ad4cb996c
Sending 541483056525473000000000000 PLSX to 0x0c8A304438b7a41Ec43783b9259f02b530D21d2A, Tx Hash: 0x6b6a22fc82f6e8cb60500b97f40a20f0686fcb51ef7ece41739c76c1b601aae9
Sending 440060280336930000000000000 PLSX to 0x3b9A17D62dDF6282946842A38a195dDc7776A36c, Tx Hash: 0xb7b7fa5f3b322971f0a3c3eb68f820c9a1bebd2eb0804c6672e0fb7f1accc183
Sending 32840319428129100000000000 PLSX to 0xB7fe1479662A81b4EB913CE36DbEbb98905957ea, Tx Hash: 0x734c8420effde97a2fc3b1e9dcc02399dcac4079e187101b999d708a4183b293
Sending 788167666275099000000000000 PLSX to 0x95bfd74686c00Ce671E8A64127118b896260c49F, Tx Hash: 0x867aafcebaa4346e9ffd442b260aa71ef21efdeaaa0f4b227f65bdabdb05d092
Sending 36485594884651500000000000 PLSX to 0xd7790Bc063932F333c5F5adCABF0ACAa843F7Cfd, Tx Hash: 0x09c7c5e2a9fe40258241ba9a4e2a593296e2e1f994d3b2319ba66002096e74f6
Sending 311983034567227000000000000 PLSX to 0x15ACDC17650646FBFC5bC1741984770c85A8eFe3, Tx Hash: 0x23fea39d56c1ad621ed600032f6da33993ffcff62d2d1bfd09971b94f7b1f780
Sending 65944833927075000000000000 PLSX to 0x170E4D6C064D25721314B0e2f54B92ffe96A70c0, Tx Hash: 0x29b58363d8fa4484616b04b7f3088e1559ed2dad2582a6476179954e5e906303
Sending 32840319428129100000000000 PLSX to 0xf760fee18f76E167aCE7C177F390d5Dd4051Cc12, Tx Hash: 0x8363a6ef70844cdbdaaf8314571c4f5eadfad5441db42f2c4ce6549fef4b1f3a
Sending 32840319428129100000000000 PLSX to 0xDE147090e90CEdC8e0206fF61814BDc45dB6F8D1, Tx Hash: 0xcfa2cc1482a24bba0a5f91d26bca250e48a77ea8de90b6fe59a42a3d82792093
Sending 65680638856258300000000000 PLSX to 0x4c6d732c3f8a5C6D62A0654090481c58A97Bd453, Tx Hash: 0x48e974d993df90fed45e9c38e5e246fd47323372adb16e7389264f9211b1677f
Sending 129809487270897000000000000 PLSX to 0x18ACf6dE12ffea0b365B2987f06cC806aB16FD11, Tx Hash: 0x2ebfc3f3382e493eb485571f48f8faeca477380aa64b4bc6f1dc2c081332f321
Sending 224932257218109000000000000 PLSX to 0x721009aEFB210b5FA005C0664B9046DcF16b340c, Tx Hash: 0x7026a79421695822e93cb0a28a0ff98f63fbcb6635f277b60b4814a8dc9472e4
Sending 394083833137550000000000000 PLSX to 0x90a4d698ca5a712E7A7f91b45d4d20A24ae143cC, Tx Hash: 0x6afdd3be2c441bc13a86af61a8056e1242d0e79db3a4e1fc79ca9e289223121f
Sending 364888789165943000000000000 PLSX to 0xe2C25B640eFCb672Bd17423Ee3Bb9fDc83340BC9, Tx Hash: 0xf49116249d1dc6bf1b002e2582d23a8fd465c2989eb73126da90a34675004b5c
Sending 32840319428129100000000000 PLSX to 0xE68BBA2A6dD951e306B51B7f1E1c6b3C0187a501, Tx Hash: 0xd9b2695f6d352e82f00a9e950e221fae8e86d3bc3e5243badd653b077e65518d
Sending 197048484632660000000000000 PLSX to 0x8032e836d4F2731d2c4327b6aBb04f3ed2F62Df9, Tx Hash: 0x46d09d665aafba971ec1e3fa2e0613d4c4adfb31b5dd670934e8073769dfc028
Sending 361243513709420000000000000 PLSX to 0xeE891a3CD77Af98d551Acf673C7F3B46e08a5466, Tx Hash: 0x3c696f6a190359195b481289eae4b02d4dde0c19aa653d97c9707374b96c6784
Sending 49260479142193700000000000 PLSX to 0x4Fc055a8d5622Be1efEbAC1530821e8E6E4A4ac8, Tx Hash: 0x6d4539e017af7bf4c28d38cfd7aa86e3c33857115a81faae8cb3b857e1683a57
Sending 656806388562583000000000000 PLSX to 0x5B40cea693c0830A0E81Fd6436cC6305A78c8fc9, Tx Hash: 0x0bde69296bda066e4c70fc497c841abacddb4b9f0854fee6a7b48f982b7c1e8b
Sending 437115123523450000000000000 PLSX to 0xf619B531687Fc85377f8b0a200B767125Fbc2257, Tx Hash: 0x6ffcd97c0f994f470a87a40af8fc318675cf227b497bf76e17b114c4779628c2
Sending 175535585615397000000000000 PLSX to 0x8112C10c97E2fdA4DFD63438b9D990472372a1AC, Tx Hash: 0x0e22b9b7089dbebb7fefa24b214f227ba273de62a5b948268df21432abb4c3f7
Sending 262722555425033000000000000 PLSX to 0x990c6AEFE2E6DE04B03a4efF293EE031e19D6c4b, Tx Hash: 0xf31232906b73ea8cdee61dc09f72c59289b142ebbeacc72bb7282d7b04ce2bd2
Sending 32840319428129100000000000 PLSX to 0x222eA7379be34582685B0B165Ad27355Aa709eE7, Tx Hash: 0x5f75f2d7f54f18094c10f8af759504d3a99fa31b1a50c14ea9d5b9053531ac53
Sending 35467544982379500000000000 PLSX to 0xCaB9cae9AA1517efC32cB811dD96376B39A168B8, Tx Hash: 0x0176cfaf9da3c4098706839a0b6756f58ebe2667234f9ae8820aeab4ba65c630
Sending 6568063885625830000000000 PLSX to 0x101A85f40a48DB2f5cCfC157D4c489E086320888, Tx Hash: 0xe6ee24b0d4a27a3b9273ca6d98b443a2f2883ed2e56abda83e7e6cb5228939ff
Sending 554134413902480000000000000 PLSX to 0x101A85f40a48DB2f5cCfC157D4c489E086320888, Tx Hash: 0x8c1776b5921a413838579a7a904dc5980edddbbb346c8f4d93820f9f4160d976
Sending 2629852779804580000000000000 PLSX to 0x401DAA5a6419c3d098FC33a3a960619631E36E39, Tx Hash: 0x8b575f7c16b84994ea864d7c36ee724b9a3b84e902139c54f01f4d5b3752f4f9
Sending 1149411179984520000000000000 PLSX to 0x8Cc334d05C7760571d3163074283C1f5aF0dB1aa, Tx Hash: 0x9f97dd9800ab7247452f5209c768c46c2264abc430f3475b3d6f1145fc6e4cac
Sending 33376436146522700000000000 PLSX to 0xB4995AEeBBff661F30ecA06A0eF00EDa999F224d, Tx Hash: 0xd632fb60dc1fe0ee752a96b72ab8be48a8a324e4949b8bd939a4294b48aa6b83
Sending 1970419165687750000000000000 PLSX to 0x5d33d6F59CbEda5e22D14eBCacdEa9eb042D456a, Tx Hash: 0xb4d54cf1a758c9d671b524279a7222c06762cbc089c61c7d5dcebd05036f0805
Sending 32840319428129100000000000 PLSX to 0x24E9f7Db1c3857d3a38f28b1d85DfE31458541A8, Tx Hash: 0x83c356a3e7ba698c5cfa8a52660102dd51da64b351a36408f39da4235dfddc9c
Sending 72376250837301100000000000 PLSX to 0xbF2c30098cAefb6AEDc59abc5f72D7372851aBD2, Tx Hash: 0x8ac38f2add619d30c33e67db02cd419345f30e26f28eb0e3bbe9b70c152c92e3
Sending 1182251499412650000000000000 PLSX to 0xA9F933A8a2A482A16acB04592f2F045b0D731514, Tx Hash: 0xe0a1acb5a6c9f8e44c1f4a30b63f8e88e57a6f8c6949e8f168ff7775873e1714
Sending 98520958284387400000000000 PLSX to 0x799846cB378Ee3E63233358944b481BC3F7D4713, Tx Hash: 0x4f1e7d1beb5e403ffb5dba4e2a9a9ea5380c526d208503d8cf907d12e81694c8
Sending 78816766627509900000000000 PLSX to 0x761C2A62a97440F2b9E64a31Cc16c48A9165DAf3, Tx Hash: 0x68df072fd5ab5d6ffcd4b6e31c43201fb31c6ea7f1ecbd44595cd726cb0639b9
Sending 72248702741884100000000000 PLSX to 0x75AB3073F85AA4b354Bc543807BA257302e6b128, Tx Hash: 0x2e288f4ef1f97a5da2ce9aa6c5621bebb3be194574bac517a4943498c4a9031e
Sending 145955515666377000000000000 PLSX to 0x22c3272a6a371a1E7e98a0669Ae785c86a2dfa0C, Tx Hash: 0xf85e2c305591c8de794072abe42bbdfe58c81419395e758ffc58cbbc1bc75617
Sending 49260479142193700000000000 PLSX to 0x442A5aa749410a4A3aDDfD6aB271a485E2d5534c, Tx Hash: 0x6d9367b9d4cb6d5fe5149d35e48250805f64a69500a04eae2f63e00f6cda1fa8
Sending 1333316968782040000000000000 PLSX to 0x92d388c5D1090baC2b79F34B06ea4CE05Fb54530, Tx Hash: 0xb05ba4f4d426e20d9e123f8d48c1d5445e15e3e9f97f84a475dbf806611860c3
Sending 32840319428129100000000000 PLSX to 0x63BFa2193C3fe1591FE786af171D0B2d87920b2f, Tx Hash: 0x74529d53fd3bbd041e409091d14ffabbda333e3e3c6c796dcbcda03700db6c2d
Sending 237371250558756000000000000 PLSX to 0x4B1EC39927B5aad5d1a6667fBA5bDa23D83B5A2F, Tx Hash: 0x08d264ff9fa949953c6fc8ff4d22d50a92c8bd5e816432a8380bb3fc21a7e402
Sending 131361277712517000000000000 PLSX to 0x4A832f0F9063D0Db9f66fd4D3227a7b3DACD893B, Tx Hash: 0x5587d2a61957a5fb391bc165bd12b78b47ac57d7c755b2c706a7bcaa274a0d92
Sending 1642015971406460000000000000 PLSX to 0xDE89e39f7442F5ACe0653538dc7D1E4D276ce496, Tx Hash: 0x3d774915b2b09cbfa91f53fd04dd68876988a8e654624071cc876f5fc259fc7c
Sending 45976447199380800000000000 PLSX to 0x9EacE195dE73682D11e6Ea892bcD20B6414B4467, Tx Hash: 0x260fd55c46868ae1e7a2aae0474e137843d551d1e5e3d4a3ed793b8d12e46641
Sending 11822514994126500000000000 PLSX to 0x8877Bf5e275Fe40b1F6B581a290262af1B4A8B0e, Tx Hash: 0xa7bfe16bb835299115619b5ab29bcb539558e662de6947b583781785875dde83
Sending 656806388562583000000000000 PLSX to 0xBe83833c2d012F574EE8244a80029e1CAA56fcDE, Tx Hash: 0x1854b767fd966c451ec9264e0caaa9371e9f547e1023b6df8a1c9a6e5305b8d0
Sending 492604791421937000000000000 PLSX to 0x2A8e518dF4d721953Ed38882c3f8ce8f74D54Ec7, Tx Hash: 0x48f1146078c99e6ff88809e23dfad9d12bcf4cbc7e4956bf2833f20c300f2ba6
Sending 131361277712517000000000000 PLSX to 0xC3d746f116E58b3D74064f76FC917205B4dEED23, Tx Hash: 0xa0789f26426c96a921a6b9d575460f7ad2ce72046da51a57d1c36bfd8730a31d
Sending 65680638856258300000000000 PLSX to 0x634439D53Eac1A76f5Da0f253e65f0218F56a338, Tx Hash: 0x61e252e35c1c15a84eb6b8762e73acbd1e74000162bb9f53ebe16dbae8c0e306
Sending 170769661026271000000000000 PLSX to 0x81ffcE1B0544119c893d72C45FDa3a448B3CDefd, Tx Hash: 0xd0a8433de6ecf0e607cb587eacf90347424bfe6c2e433b8d1008832fa24513c6
Sending 304101357904476000000000000 PLSX to 0xE110f8551D7b5588b088DdBFc4F04D3Dc8Ea2A5F, Tx Hash: 0xbeb3c988da63e73e49ebf0078c0ec31eb5dc6d6cae29d79e853e9c64273f41d1
Sending 106402634947138000000000000 PLSX to 0x8877Bf5e275Fe40b1F6B581a290262af1B4A8B0e, Tx Hash: 0xe7fea94316913891f0c6bdba474618516376d55cf4fd54a6620a5c0b3699d2fa
Sending 684161639884986000000000000 PLSX to 0xED161EBd3229f1B2CC69F21C859f242EAcBCf8Db, Tx Hash: 0xf7aec006bfca9ca542cc1ef00ee57c754911a441fe8dddd01d15dedc07dedaaa
Sending 505740919193189000000000000 PLSX to 0x8aDeD0eB2B08A949bdF672e4F95c2b1410C7B016, Tx Hash: 0xbb9945cfd54aed44ef412c4ad9d76fd7587f369cf2a19f65f22908c90a05021f
Sending 205995571520049000000000000 PLSX to 0xCa85eCeBE60EF8b5CC944a0c9fb62F227C839F66, Tx Hash: 0x0ef1531b749d8866f05c79002c4cc724992291a9477c992f4b30f9affc9d28fa
Sending 131361277712517000000000000 PLSX to 0x47A182d50474372AcD4B8931c69F3E25e3B6D11b, Tx Hash: 0x89b082ae12c1fc26461e06bf604932bb59244928543caceb59b9a9f60e8f484d
Sending 39408383313755000000000000 PLSX to 0xF75FcB74b45CEb6B28bDb4f1b8958e7a7b3Bd77E, Tx Hash: 0xe078f78bff2c8dea5c8a217b7ed8b91424a25864590ec7fefab36cb217d474c6
Sending 164201597140646000000000000 PLSX to 0x9243fA95E5C7ACb95e38Ac4c2cbeD6A3B7528Dd3, Tx Hash: 0xb3a93cbdcefa60f6375bcfcf402151bf770d20f0870e5b1d53d366a32992abb8
Sending 32840319428129100000000000 PLSX to 0x52F691B052C769A071644b84E31e191dfB3E05e2, Tx Hash: 0x092a810760e4f1930a22526e0f368a52d5f718c623e1b7e9736ad7c2548c3b1f
Sending 53420107333065400000000000 PLSX to 0xF840e232fe2B96F0e685501aA559B38C92789BD5, Tx Hash: 0x2dc2edee518daf71cf784031332081fab738efadb2acdf966f43585328c95010
Sending 13136127771251700000000000 PLSX to 0xDE147090e90CEdC8e0206fF61814BDc45dB6F8D1, Tx Hash: 0xb7e9c2c21f50c5a9a24bc65a5d000b3e211f30d76225b8967dbe3b6c46b98fda
Sending 199433644192406000000000000 PLSX to 0xf9d41Fe44b1bf712BaC14f0dB5e063547f106D64, Tx Hash: 0x7896d230cfc0acde9a83f6134521c54dbe7a37f3b28f4200c00888541e8c95e6
Sending 32840319428129100000000000 PLSX to 0x0c0998373dF22454e65E54f79373903ED33ef4e4, Tx Hash: 0x946c83c17c78b83d9d2043237dc62d6baaac3be2e6d7fcfd9918ee87a99d1bcc
Sending 1806217568547100000000000000 PLSX to 0x15F0E26D8dC19eF282EC7a7Ab9F7503AE806f141, Tx Hash: 0x7e30475904f55f125cd47dd98919c8050e7afb2f254f688d0843a28f1240cdb7
Sending 329060000669854000000000000 PLSX to 0xcd3d1cb6F58084175a00283d2E9054a917D2B8D3, Tx Hash: 0xb535210eea97ae3093d08e1702ab7f98ccf24bb5ba1bb39dea3827881d74c837
Sending 6568063885625830000000000 PLSX to 0x17e8565190e5B0879f28E3DDE1b3d8d22461C19C, Tx Hash: 0x09704324b08c307a7c08a6f82c7c1d39509e325ccabc2d3ae0276025a1d740c6
Sending 6568063885625830000000000 PLSX to 0xd140D6C0Fa9a98298b62EDFFF13ba3732CE90551, Tx Hash: 0xdc53d64c16e0a0c67058680a1f263339aa8c806a8d0fe11ae27e3255586fc4b3
Sending 426924152565679000000000000 PLSX to 0x468140C58F7D48194c264D27244D9e58012E1b85, Tx Hash: 0x87271bf056651904569f1d993b45e95088c8c5a655a28826adaefe3cfbb580a0
Sending 144497405483768000000000000 PLSX to 0x5D173d0cF373035a50A05F7d0Cb1575cDE583aD0, Tx Hash: 0x86eda99e2f2097a2705206ac7a1e61b08f4390f645d7f49433d4de9dbcb2c15c
Sending 35165414043640700000000000 PLSX to 0xC0d4e019A2202F5c7cecbc63648DA72C7D3Ee1A1, Tx Hash: 0xfcb786b30a478af22861b91415ba55868159b4393ac841a3624a487a6f608fe3
Sending 70935089964758900000000000 PLSX to 0x84e67ec934d0990dC7745f5D2b81c6C1f2e88eD9, Tx Hash: 0x7c232fb5853ecd813322c9911fbb9fc6bbae977538f4fd6889917537fded1996
Sending 558291998342081000000000000 PLSX to 0xD7FC4BA3929FD1426A4BAf1388129ff1FFD469C0, Tx Hash: 0x0e80634e1f16dbea329590d18f31961599f5ef1e878f25586bb6969fbde03e29
Sending 32840319428129100000000000 PLSX to 0xff91AbC497cC0BEC3EfBe4ffb4589060BCbcf94f, Tx Hash: 0xaf5e707caa7e6de7f045e890b0b55f17e743d7d5cb7634c4863c4bb7bc314034
Sending 229882235996904000000000000 PLSX to 0x9070f421b18Af224a81Edbfc9f50DEb4dA5f1dd5, Tx Hash: 0x4272af9d57f584105409a388a0c98546bd42a463e88c57b2364551db50873abb
Sending 38889506266790500000000000 PLSX to 0xC8772dB62f631DEb78A7304a01F38A20cBb5ae0e, Tx Hash: 0xc7d6574756c6d9516217822845cc3879ed8282d39a8f1bc40f4d61b322b45634
Sending 2055803996200880000000000000 PLSX to 0x9309411De7D8E9058F70309007E0EfD7355114a6, Tx Hash: 0xd1d56c02d1f4b7b7f0499006971cb24847887d74f63d21ba618694d8b81e032d
Sending 218704583976943000000000000 PLSX to 0xb8A0734fA96A0B6ed0a1e0f76828005e563C3674, Tx Hash: 0x9f1b859d5537548ca9c97257c3e0849ecadd1696b3d8a1ae8cf416cdf212d54c
Sending 321178324007103000000000000 PLSX to 0x15ACDC17650646FBFC5bC1741984770c85A8eFe3, Tx Hash: 0x64c2db599b2cc8a82cbcfa6122c79640a862f79dd439c64eb6306c3393e4e8a6
Sending 1313612777125170000000000000 PLSX to 0x89D04aB19C5590b887Bfc87ABB50B9264Cb6438d, Tx Hash: 0x7bf9b85a18b1efab6c7eccdbe03b0242e1ebccf3e1f2ac7fc5d2a7c1a61d2f59
Sending 328403194281291000000000000 PLSX to 0x762B3C5364f7b639E6774577F4aF17b83C0138a6, Tx Hash: 0x92adf727e9c7a240154f0a95342d7e693b7823fe064764867895cc737e9fff05
Sending 32853455555900400000000000 PLSX to 0x98B013A7f3Dd0e4514106C9eBD624cD555e8E704, Tx Hash: 0x04220bc0ff114657b139be4e54050f2b5a54f300973436880b17b6f5604cfff0
Sending 137929341598142000000000000 PLSX to 0x3E997eef7F44FB04882856D1660Ec0a33b3F7386, Tx Hash: 0xea747db68bb63efe998d552b96d938afa0933e703c5e5636895004ab7050f0e7
Sending 267090317908974000000000000 PLSX to 0x98E21861d3DB51F9354da7656DC9066d221EFf51, Tx Hash: 0x081d6145222c76b00487fac8b844ffb70ce5e54d9f1787af06b4ae1f81e49502
Sending 105089022170013000000000000 PLSX to 0x88F0bc5DF5D15505CDfc2628dF89Fc215942BFF0, Tx Hash: 0x934df220976d959496020e384751a8704a886bec833ca319a447747f32a2c9dd
Sending 84255123524808100000000000 PLSX to 0x6461da9D4EA891A985997d7Cd6D9DBf13D8Fa715, Tx Hash: 0x0f4289666c842791f41dbb46878409517ad57c0943771fb9b1a151b6ecd07f3c
Sending 2298822359969040000000000000 PLSX to 0x7Ab9B0Ce6A78ccBc9f056FD1C51a6a894015fe75, Tx Hash: 0x49bd036276aa2fc44014deccb711cdf27d6cc84c14979da3e9c9719e33899bd3
Sending 131361277712517000000000000 PLSX to 0xBA6b06ec07719c936afa77668742601E11BE20b9, Tx Hash: 0xadd4b19172179ac82cb891e033d3a7379639d6a69571ebbc3bcd2c8f905c0c49
Sending 101121911583095000000000000 PLSX to 0x6362DE07483Dc4B73A95fA8d54D0D2320B120E3e, Tx Hash: 0xf41654c218b4146a19aefc5a4defc27a6373ef95a15f226fe15089814be7f14c
Sending 32840319428129100000000000 PLSX to 0x34ce4b326026816e7429a7914F47fF73F1612AD8, Tx Hash: 0xc543cbeda26d831243251d3d3fc257b66484d4f0d43aea5eb16278ec7c1de15e
Sending 44519378076966400000000000 PLSX to 0x9BD419f11107793924Ee5be468e136759B138043, Tx Hash: 0x838dd3fe1540e4134c2eb6194cd94e7126cd518f9548ee9c5f374e3270d4381b
Sending 262722555425033000000000000 PLSX to 0xfd5D0E6C24c2eFE00aD5ADB207f1Fae32CcF8ade, Tx Hash: 0x13e881bd615a214a037e616884f66dc7d2963386a51eebcce3f58df592e8efde
Sending 1444974054837680000000000000 PLSX to 0x6Ad8eef58c66EB8E9A9825e3f9823a32a8Bb7E00, Tx Hash: 0x7a4e71917f62d4dfcfeb21ad010f768b38bc3f33d0263498750f14a5b423c380
Sending 6568063885625830000000000 PLSX to 0x62CF06DE2d2BD6cB3B8df7D3c369aD8D18ab3ea5, Tx Hash: 0x3dd113d36a4e65f9d940837ea15253c7ff1b648d6ea5cae33a0f4e6efe453404
Sending 1970419165687750000000000000 PLSX to 0x9b572c432e81aaB3c217e74E8C35121Bc512b656, Tx Hash: 0x49f63849c5148e389964cf6b9da46ccf532d2bd23171db70963685b2e5a299fb
Sending 88668862455948700000000000 PLSX to 0xeBefEE2f395db4F2E03e40C996598f35bFDCdd8D, Tx Hash: 0xe0a5e20a2461dfb0eb4bc788d0d27485ca1976e3f275e1a03c559918512a25b3
Sending 3658411584293590000000000000 PLSX to 0x46EFeeFbA035f22880fE35A926a2309829b74dbe, Tx Hash: 0x7008158ee88c13663b73f453b68f10cf4732e6f73f298047f9828c3c0373e660
Sending 224697325929008000000000000 PLSX to 0xA2aC084122842b18E368E13DEeEcE661eEE29F83, Tx Hash: 0xf8c732e3d8edcefb93e54b1a5c7d85bc8f21c955928f1e7d0d347da103c26619
Sending 516925165502263000000000000 PLSX to 0x62CF06DE2d2BD6cB3B8df7D3c369aD8D18ab3ea5, Tx Hash: 0x6dd8001cb06ea4d80bd5a01a15ad60c1506ac4712c546bf7196795bd80aba78a
Sending 43874666755980500000000000 PLSX to 0xeEdc773801cB4a89CF8D7F7C50b8400E6CaCa4f7, Tx Hash: 0x2834554e5a17c40eddd248abad6a01cb258bce17f8ba5c5ab5e88ea8dcb84efa
Sending 525445110850066000000000000 PLSX to 0xa9b0E7e513D11227f3549D67C98950f4752c27d6, Tx Hash: 0xc1f0a35f2600c4c4ab64352506b1f0fd820dcd106dea45a0cc19d179993d1f3d
Sending 131361277712517000000000000 PLSX to 0xCC12Ab9546031Fce65983cC41d2798CCb0406402, Tx Hash: 0x2d2c9a9afe09f2368deabd6896f10c7adc757a8fa32fa1fedb2f94c52c21160f
Sending 2103192577135670000000000000 PLSX to 0xa9b0E7e513D11227f3549D67C98950f4752c27d6, Tx Hash: 0xbf845dee95bd91584390653edf21574750cc5ce391e5d361fdde4ea5db2a5e4d
Sending 656806388562583000000000000 PLSX to 0x68165326C0C9F77A85b993b1b857AB916e53Cf1D, Tx Hash: 0xd77b4da7c8accde0b3aaaccd54583c47a99251fcb58337ca28c24fc58e8110a3
Sending 821007985703228000000000000 PLSX to 0xaD821930571ac75161CeAe3DC0Dc29337C34967E, Tx Hash: 0x1e142bbf3fd92470901eeed23e56cc018d2561017b02ce9e031aa476b864f0ac
Sending 157633533255020000000000000 PLSX to 0xd5F24D0b4Ae774303B5440aD22f64C2DdB8a5750, Tx Hash: 0x7a621f5fd776dd1282918cbe7d51e923912c2e4053650971006ad66a54bb048f
Sending 228618666930950000000000000 PLSX to 0x6d289B29Aa7A8bc6a67EdD1F94c7d2E0c965b9F9, Tx Hash: 0x1986b3dc28ac1ad3e07de57335eefdecfe62678b984ea0f5c4de506e57128918
Sending 328403194281291000000000000 PLSX to 0x01E529d31ED8910a584f46f0EA918EBee732b273, Tx Hash: 0x9eebbf2c8ca26abf1c18f084630a1e21dc9730ba99e77976fd70c362cbc5669e
Sending 102167114780999000000000000 PLSX to 0xd08d553a7434D4A289571F053983Fd5dC502fb53, Tx Hash: 0x25deaad748970658724acee13f4d8169db915efd48aeba30fc17b2883b15c735
Sending 36124351370942100000000000 PLSX to 0xeBefEE2f395db4F2E03e40C996598f35bFDCdd8D, Tx Hash: 0x30dd7a214a59a0fa173830b75dd240ddcee8f1b4cbc844c5feedb07c9c80503a
Sending 311424749136949000000000000 PLSX to 0x27bd7b5642614668b7d5e5CEf07E5537585cBd92, Tx Hash: 0xe87389e5cecca87ea4b89d925459e4a1abf99c0e302b6cb8168471c6fa5ca163
Sending 1642015971406460000000000000 PLSX to 0x27a573294Cc43Ae793b9fC5932D48FB36129c44f, Tx Hash: 0xdfdaaca335b176a628803d636c6d3a9ce83013e2c2b0aba010d8d71b40086d51
Sending 6568063885625830000000000 PLSX to 0xA562D60C3380bca21523d6Ca47Fcdc7eB2f1E4aA, Tx Hash: 0x5eb4137b6d4d8765c11f0944149b18801e60327c83d61116b0fd56553191f4ae
Sending 33274749138689800000000000 PLSX to 0x26CF5066BDF37220F63eFB8fCaDAD8d3235944ad, Tx Hash: 0x6621c4678ce0fdcaee0eb998521f65dc50b2c198644a26cca8850c37f348b1b7
Sending 40052053574546300000000000 PLSX to 0x540778686462B20c55635169c55A4febD9EBF98b, Tx Hash: 0x50d1e4ed4433a99fc652014859670c7548c08240f7ecee26dffae22247d19c62
Sending 116911537164140000000000000 PLSX to 0x4de9F6F29B13EB437C8769279AD04924a7EB0d9A, Tx Hash: 0x0091f5d5ad4b54e91c0ee7e7d6c4b8879646e161c124016753b654437f2be784
Sending 262722555425033000000000000 PLSX to 0xcD050fE35A5fA5bf05c54F8f72299ef49e80cC32, Tx Hash: 0xdbe3cec0495d44816fcc07d88003e8d76f33048a9fe14f5e1fef983d9c0c26f6
Sending 216746108225652000000000000 PLSX to 0x0d11d0E15a57A05fD21865492e516B3FAE67e0B9, Tx Hash: 0x5057231064ab54dd7d3f2d035b441b30b324879ca6ef10090e5dcbd131730b5f
Sending 45976447199380800000000000 PLSX to 0x623B262F88b7d1f00a98BF227d6405623cED7280, Tx Hash: 0x3681f04bcaaea9897c34403de9eeaa2183af4d852461d34179ed2a018ef6b1d6
Sending 470930180599372000000000000 PLSX to 0xd04134a6Ef057274506acF53CED2958829351C04, Tx Hash: 0x6e2a2d702b1c961d171eb3eead42f4ec51ae4edc1e1d239dfb237f980045b69d
Sending 361243513709420000000000000 PLSX to 0x42C97dC4f2F50C4854D0FE645c81a15214b1ae1f, Tx Hash: 0x2c41567935a2283578ff30e352b51ddddcf014f2689b5825332a45792392a3f0
Sending 32840319428129100000000000 PLSX to 0xB1DF129E26Ed35d390D439Fd4fF2FE981CBbc95A, Tx Hash: 0xd74f9537bd2c3c931d5c4116621ce45c4350ce8fa3072c6f75842fd6cbad080a
Sending 32840319428129100000000000 PLSX to 0x9f098A146B8324ABC8Ef2E9cA121937a30060c7F, Tx Hash: 0x403bc5aff7fe8a7487a5ce47f45025b516a6ad22e5a30e1706159713220ae8e2
Sending 32840319413022600000000000 PLSX to 0x7Eb5565521e463F657A9209336c9B179E1D129f4, Tx Hash: 0x6250e6b2c2119562f67bc3466066c5354004b0ac6b188e4221af61d00d8168c6
Sending 78816766627509900000000000 PLSX to 0xd31E88B23e6715eB5a54A36Dd28715E212FE9918, Tx Hash: 0x862322bc9e88e5956844c1f6ee838c3e281dbba3f848acf0e4102ebe687098d7
Sending 32840319428129100000000000 PLSX to 0x3eA46F06e27aFcc4B6F5E8e6423dE3156bf86009, Tx Hash: 0x3d572236312b4e73223f6d2126efe6235031f02cf736af8e9a44e7dd6b43748e
Sending 197041916568775000000000000 PLSX to 0x98639dEC091Fb47a90FeE0371A31CdAf8FeCd13B, Tx Hash: 0x49d65c12c8c12b27715222ba44e210ebd2aed486b956af1f4fc7689c1d220b0b
Sending 32840319428129100000000000 PLSX to 0xd5659cD007C9D92b42f752f5dF3eBdC7c5477dB6, Tx Hash: 0x368844eee7571241da4ffcb9eaf61ecbe51598140a077f9d3e47122a5c18ddc2
Sending 3050681769084400000000000000 PLSX to 0x02e34f367a1dbdc91c7063d375E0a18E6F52A564, Tx Hash: 0x10c109b229c1d478ee2ed09b9fac6e8607d6a2df6dcf0f63f6a959baf09e793f
Sending 817894723421442000000000000 PLSX to 0xA562D60C3380bca21523d6Ca47Fcdc7eB2f1E4aA, Tx Hash: 0xda4d2abfd360bb0da276b18a8f23e3c75be645652be772f38acf839a3ff3ea48
Sending 139295498886353000000000000 PLSX to 0x98639dEC091Fb47a90FeE0371A31CdAf8FeCd13B, Tx Hash: 0x42d5683febaf85bc2fe980b3329a813e869bd237eb893d5c4494c7efff6b2f18
Sending 328403194281291000000000000 PLSX to 0x68165326C0C9F77A85b993b1b857AB916e53Cf1D, Tx Hash: 0xfd3166fd3d505fe00b33c585f13626cb550c4491d252c8f47d26f4b70ce14bb0
Sending 39408383313755000000000000 PLSX to 0x71F945397A4d28E7eC7035ddaa9a0E3034Df70E8, Tx Hash: 0x8eecabfd410150ba7582f7e732e99f4bfb75b1d65c2d43235776b91b5830d26a
Sending 198251566570137000000000000 PLSX to 0xdFA9f10025A3DA255ca4f42B15B1cA4330c8648A, Tx Hash: 0xb44e8d771bcbc1746dc910b42f3aa5f1fd314b3fcb117e68b0026e2d14ab9628
Sending 32840319428129100000000000 PLSX to 0x42C97dC4f2F50C4854D0FE645c81a15214b1ae1f, Tx Hash: 0x261e7c181747810242f5eee1bfd059b6c8ba9d9ea98a4c39ed15112197f87754
Sending 3853259767524560000000000000 PLSX to 0xa2FE3C73e23AA9772375CFF06B118cC9f4d27249, Tx Hash: 0xbb7182d7d0e09c6b136b81cf72fe98a672e4d6497be3ec9fddf5690a08dab131
Sending 32840319428129100000000000 PLSX to 0x993E0da247aCe10970112fAb15F4E1557A517223, Tx Hash: 0x64c709edf083a677ea5a2393f98a2b1f87c5f7a6e2ea84671f2e9106709639a7
Sending 433492216451305000000000000 PLSX to 0x60430ED06e79512FadA1Dc638C982Dca3a3734c0, Tx Hash: 0xc3c5cbed24184a08c0350da3e23238a42803729239a8c05ab940e6a2927c5e38
Sending 183905788797523000000000000 PLSX to 0x0536A3C5058861300949356454D49405fAf91fE7, Tx Hash: 0x8362de20f988bbe2901ae2e18b74f22f7e8eeeba4136dcfccd332ead8527b947
Sending 197041916568775000000000000 PLSX to 0xEEc583E9F5818102E7b8F168549ED969473EC394, Tx Hash: 0x3d31613a7e85204541410500c0f33bc4cfcd10f383591542b183b6987d29f44c
Sending 114591647442184000000000000 PLSX to 0x960Ab90a529Ab252d104fBaE87934d8F07D800aB, Tx Hash: 0xe23c43b74f3513b53f1c84efd1964e5107b3b2e02b999b566578f17c2cff6572
Sending 118225149941265000000000000 PLSX to 0x8877Bf5e275Fe40b1F6B581a290262af1B4A8B0e, Tx Hash: 0x2b0ba0acaa26834b72c2675ef1be8f431cacc3047879820a95aef4758a001ef4
Sending 246302395710969000000000000 PLSX to 0xCdd82623Fd7ceFE9D082ec05E3a713bEc07b891c, Tx Hash: 0xef6421f9acc156e51077ed9f459ca071153954c140e948cdce405d49c86f04b2
Sending 111657086055639000000000000 PLSX to 0xF604EbbE7cbcD96e07754703Dbfc5Fe32855D3Ba, Tx Hash: 0x38e4cdafbdf9346f532ac4de3411f6fa5000684059b02cf085412fcf328daf69
Sending 33483048138571900000000000 PLSX to 0x08e283b57A257a511B430Fb156414348B41a29ef, Tx Hash: 0x38c6e6889f890d140efbda60609fee8ddad14c5b9c20eae7db48d95cede0abda
Sending 111657086055639000000000000 PLSX to 0x56a0FD1520E2fdf3846ED29edEACF88bE79eDeaB, Tx Hash: 0x5fe8087a1bcde627b3e05bcd9fd98413abf8a732c5dbe4d3fb5286f95682686f
Sending 110015070084233000000000000 PLSX to 0x0ea141316b956e5037fc2715329BdAE44F2247dd, Tx Hash: 0x7c70fb06d95e606d5f89b18f9614a64c19a59595f357c00d5d902144917399f4
Sending 206894012397214000000000000 PLSX to 0xB15AC4Eeaf38CD6bbecE10E93360dB86b3d93089, Tx Hash: 0x2d6cf11a57b7fa6ebb2c1da1a24ff9c57d51b9547415ea4dc83afc182e6e45c0
Sending 164201597140646000000000000 PLSX to 0x3E17A67754C972EC9BF80f47f133f11eAc37DC75, Tx Hash: 0x2ced34da93b8efbb1095f747f7f041ec3bb59d42ab0782cd043903c2cd315dfb
Sending 116760471694770000000000000 PLSX to 0x99E90E7894BB35241A28B0f19e5207906237DAaE, Tx Hash: 0xbdf37eafadad22581d6c806170ec25e038c39f5aed4aeee50bd91c393bf9b1fa
Sending 14449740548376800000000000000 PLSX to 0x0b30fcaB28a8D0F38Ac7F72b8AB02eA07FDBD849, Tx Hash: 0x3154ddc775265c4b572011de7ed4b840d0e29955bed9fc187ea46d38711f5034
Sending 341539322052543000000000000 PLSX to 0x0db3e48b47B0409DB2d96F4760F1E6dca47DD26d, Tx Hash: 0x64eda8712d606bbf2d3cc6f4842162adb841e23caea3c02b95c2413cb4559bf1
Sending 49170102583127500000000000 PLSX to 0x4749df399c57242840e7114E4c8De7fDbAB0b5Cf, Tx Hash: 0x7c60b264fbc83eaa437d0fca308d78d7912f60a4d57f44adb46f5ba103740ab6
Sending 168372317708018000000000000 PLSX to 0x68165326C0C9F77A85b993b1b857AB916e53Cf1D, Tx Hash: 0x0558486588293fae8efc16a7a995477145adbaee14af260a3e8a06818b521ba0
Sending 78816766627509900000000000 PLSX to 0xae450bB47079eeFa6369FF8af177560661890f40, Tx Hash: 0xf7c50b28a97f22bac4c837f9475c7c0060974440e1b0a9f77156596eac8af1f2
Sending 65680638856258300000000000 PLSX to 0x7B6B847191C08bB0Fc6BEe83e20cBbE40C385B14, Tx Hash: 0xeaeef15cc43f3ff1203ebfc9c38d7819613acc76a03c0de524570c33aff03c7c
Sending 1893417416099440000000000000 PLSX to 0xD1Ed278283424151c64E45fAAB8dBcC4C14479f0, Tx Hash: 0x0660182ead34a384a948a9a14324fd288bddbeab005bba60e9c0009774fd69d2
Sending 558285430278195000000000000 PLSX to 0x05AA1758E60e0B37FB662cdf4bEe17c5d87A88BE, Tx Hash: 0xc68802d063fb3b830faf26277ccb4f14447a5ed30291ccd4e5c6ce7e56772428
Sending 65680638856258300000000 PLSX to 0xDb728a9740C3a1A3431b5F50510D7763Cb2d3DEC, Tx Hash: 0xb2c1daf6b199c104873d43d335422459d6c36b4f4df2299fc2e8c005b5350d92
Sending 19704191656877500000000000000 PLSX to 0xDb728a9740C3a1A3431b5F50510D7763Cb2d3DEC, Tx Hash: 0xe06f3051f2ed7329db8bbe0bbeef358d5869a47b75cc80260907b6678070d0db
Sending 105089022170013000000000000 PLSX to 0xbACF9358f70FA8745389e1c90AcE46D96dF3366d, Tx Hash: 0x9083e79d40f00dccefb7fc89735e825d08c55e7095ffa6c8819348a25baf0e74
Sending 216746108225652000000000 PLSX to 0x3B7922Db0CA6E5AA17429fa28071684004034D81, Tx Hash: 0xdc89ae7ae41324e1b6e8f8e5d2ec96082790e4ef1e4377858fbe1209e1450b5c
Sending 114676368144428000000000000 PLSX to 0x3fd9af277cB13693AF9DC9599b7c69965776B9E6, Tx Hash: 0x44c5e8c63cd5b6ce3d8be52e51523033f86d5f694f0a31955e5c573521b94b8d
Sending 2456455893224060000000000 PLSX to 0xAbc6650c06EaeD6eADcf0bBdf77D2D47F81c5b3c, Tx Hash: 0x00a2e39b0d167cf38420b86b6274b2ca48b984518a263aa553dfd4dede8b3f3e
Sending 229153180905599000000000000 PLSX to 0x3B7922Db0CA6E5AA17429fa28071684004034D81, Tx Hash: 0x66a5d021de9364f41088191ac49cfaef704dfac99a6d255cb12dd10c11809508
Sending 164205408922761000000000000 PLSX to 0xAbc6650c06EaeD6eADcf0bBdf77D2D47F81c5b3c, Tx Hash: 0x51971dc692a0878a5976dc4bb73d2e9de4065f09a9d72166d60a10b1c613c095
Sending 98520958284387400000000000 PLSX to 0xeE891a3CD77Af98d551Acf673C7F3B46e08a5466, Tx Hash: 0x705ea554e03c97725750c60ddd083ae0190061c9e6c7b10e4c7ebf9ab2737117
Sending 668957306750991000000000000 PLSX to 0x07bb3d8b9BEaD0F4fa15d2C0A2Fa53b99b5Bdc87, Tx Hash: 0xbbb30e7af1457cb8a4eb17834f3cbd5610d8dd5d1edccfdf33b703ee3604e2c5
Sending 450552422772770000000000000 PLSX to 0x513de75dd0cd8801D09fde9E7A098C26f40E6F42, Tx Hash: 0x98ec43bbf19f3f42c4e8189ee1b88a6ff1f4f65c87ad8189f708ba187c976a73
Sending 985209582843874000000000000 PLSX to 0xDef5BB9Dd46eCD69eD3020A78BEfBD4b645edBDc, Tx Hash: 0xd3c5a42c1a6fafc5d2e819e9e77e56931076fc168f7f67a6efedf7e829ff1121
Sending 27007878697693400000000000 PLSX to 0xDE147090e90CEdC8e0206fF61814BDc45dB6F8D1, Tx Hash: 0x5b1da2dab72dbdecbd873c4a93e6c6e93398a6772ad6ab92a164c5e4203c4d1b
Sending 88668862455948700000000000 PLSX to 0x53067D270415b5eAdE508c45c3023f51248c6954, Tx Hash: 0x3d743178630be8eae9c301aeec8b00296e9fb2275411cabe6d1f8f65bfeb7b9c
Sending 78816766627509900000000000 PLSX to 0xB14C80D624e9f93b199aAE316DA60627dB592757, Tx Hash: 0x6e54022046ee4a02385139a9922e08e533025d8723d6b787e8760db5097070df
Sending 412775974880648000000000000 PLSX to 0x0b5E6eD140D0e0C577Cf85666Ca64E06d7eF9707, Tx Hash: 0x391b1f2f4c1a4cbe3fb15328fb0705e6f26e13acf2cbd9aa10822ae5a43fea53
Sending 115499403428730000000000000 PLSX to 0x3171355FB8fA42d83374439D5FB39200bd79c3c6, Tx Hash: 0x3f5e56d7411acae102e2d7c86e78ab30fc6440c5d5508dc0251b364035e54650
Sending 70054969404085100000000000 PLSX to 0x832e7DE2D93C91e2b4DDCf10B3f35d6Dc5d12aA4, Tx Hash: 0x14a78acd9b3f3c9249059c1b509bbc556fa0dceaf7542fb31a08d5d5d954b37a
Sending 334714972314100000000000000 PLSX to 0x3a814C3a1869be23fb6F54a8b839D453149Fab1d, Tx Hash: 0x04891f0f6aef69d74c940868f8d70f7cad695c92e28df1bc45087d54afd29ad7
Sending 36124351370942100000000000 PLSX to 0xa7850DF2207d063EF8AEbcd3fDfBF3277B6370bc, Tx Hash: 0x907e539b1e287f622372ec0b9e9ecc1706cde5db23c06a11e9fc4a0ce7581725
Sending 51079832838512100000000000 PLSX to 0x269DF84C8FA6D83E498b96B329cb9Fa659E45dA5, Tx Hash: 0x2dcb9473a8a9b96db09d89786820979fb8e2dffb8f85953e161c1283b966ac71
Sending 98520958284387400000000000 PLSX to 0xe321A19C0987117135CfdbDaD20D51b0cA1d01Cb, Tx Hash: 0xdf13caecabb6d509973ee9bdbf778c1c900910e33cbf5360a10cf6a377bb590e
Sending 118225149941265000000000000 PLSX to 0x31C33E1E0d847130f6aFef9a3061F9815F28E2f0, Tx Hash: 0x0912dae6b9dd6efb5d2a065c663c2d7e5384c5ff5b4dfeae52566ce06e7bdf38
Sending 656806388562583000000000000 PLSX to 0x7A8791B44ad51aB82b46812F617672C0E1C854FE, Tx Hash: 0x16324197091d4e086203b142c8168c3be41822608d9dd85c3b537750cea7cb1f
Sending 77174750656103500000000000 PLSX to 0x07DA05fD58962D698f623c652A40123c9914b08F, Tx Hash: 0xb998fd7ad2e1b4cf98dcc14989508c5064319a78ea6051010c69012b0cb0d469
Sending 218597731329391000000000000 PLSX to 0xC046a433C09957Bf06EAD0f34348Fc1384971e4a, Tx Hash: 0xe70d646c01406247a3498f98b7543d8a1a19bf59cac477a7b2e3f9a02f519814
Sending 1642015971406460000000000000 PLSX to 0xFf8c8A26c47013C976D522E5CE6E17Ed74D585AF, Tx Hash: 0x6977d4c1f47f2ae6acd2cceb967053d294982f38df5bce1c8b280507e1d17906
Sending 328403194281291000000000000 PLSX to 0x0Af2d545B16B1B6cD2C73f40d2425588cC16c366, Tx Hash: 0x1eced230ea413ee38e2c7da820666b5f25cc4d4ab4a63160072ef36f8efcb0ca
Sending 146139421455175000000000000 PLSX to 0x2D24cE19d20071f61346EBD06F8aD56698195100, Tx Hash: 0xca7125fdb54c932af66b1d6b09e77f82283b67ba8ecc731d1ea6b434c6920870
Sending 165659707323255000000000000 PLSX to 0xF504D4aF6514B3bE0307836cb901903FdDe2Cdb1, Tx Hash: 0xf29c52ceca2e457a0d7d78dc0ce31ee306a9a0d4d67104e11964aee6d97188ba
Sending 68964670799071200000000000 PLSX to 0x59B80e781AB6173245CE7D0eE1a9da933EC018Ef, Tx Hash: 0x239ef99d59209689fd48d5567d7a36435c770445038b713b20a83cb7a202ca82
Sending 32873159747557300000000000 PLSX to 0xf2169ABFe6EC6f51d7aaAbE62669a5cb1b38fDE7, Tx Hash: 0x741507d00d94d252f7b8081b98eb526f929674be1f7a2ac9f640b3b9cf53b895
Sending 197041916568775000000000000 PLSX to 0xAC9917d3c0B7472f9D5E5f24e2FC252991A69872, Tx Hash: 0x0df8450e66c19adbf20edc48adfe029eb4ab14c4925853051ad52afc973c148a
Sending 1237705662798990000000000000 PLSX to 0xD7725f3b891d1F0B6f75a27C276A3B6EF873E728, Tx Hash: 0xc3414619d9a1501141fefbcc173336f314e617822069b4388a58a14b880e3dc2
Sending 262722555425033000000000000 PLSX to 0x92CC95EE43A5677634bde01DEb409D40C33BbD23, Tx Hash: 0xa1ecd25213667f5f85480715c32485652bd784f6743b2eaafceab6ad2456d634
Sending 36489243838223800000000000 PLSX to 0x0DD0d160Ac1354AFA305c441085819BFed84D7c2, Tx Hash: 0x97d7d474dfd2699c81f2254182befca0357125c45780a03bdea2cba3e9a71843
Sending 42399662010153400000000000 PLSX to 0x361A0E3c2Ee3F3A3b308E92182ef356De631da44, Tx Hash: 0x64a351707b8b31f4ba80cf7617f9be4d8857611660515438eec47f15c563b1f4
Sending 32840319428129100000000000 PLSX to 0xc87BA892e17F80D66BD6c82Da210ac141918FCdD, Tx Hash: 0x130de7d76aa8daf8b592674b437ff99b08060582d931e56bd1ab03e381fc0c80
Sending 1510654693693940000000000000 PLSX to 0x2dbB80cF69ABA7a65E8a0B98Ef0209916E7dEA26, Tx Hash: 0x2d084a9eec5ab15fdd16c6e3070d28253aa662891a96077cfd517ebd6a52b62f
Sending 6568063885625830000000000000 PLSX to 0x3338E9e36C2F19ACc3Bf9b7E4EC594C59351e922, Tx Hash: 0x54eea56da81b22dedda4f571e46d29dd6178f66d9d72bba891d96cb3dca97e09
Sending 4130129932559230000000000000 PLSX to 0x3338E9e36C2F19ACc3Bf9b7E4EC594C59351e922, Tx Hash: 0x93206c8fb18006d8eafc167ae56ca6b34a7f08df287e6985ed8193d94db27567
Sending 328403194281291000000000000 PLSX to 0x81B8a69af4575C6d2291B418872d743a563a6306, Tx Hash: 0xd0a8a11da237b2f9b40245e25ea4a1bf4ef509cfc23fc7ab0bfaddba1a6e7504
Sending 61397288436510100000000000 PLSX to 0x8F7eBd90C40aB3a9bA735D5028BC32AE7bc9F9cA, Tx Hash: 0xe5c259efa00f9e0d76933331def9e8e9bcaab0bab6c42a9cd4a9bbced2f38844
Sending 131361277712517000000000000 PLSX to 0xa9B9B228028f152761993fF6A188411EB3D36537, Tx Hash: 0x96ae5195a45a9eac3e5687f16dfe85a01723db0910e98ac91e64a98a649186a8
Sending 197041916568775000000000000 PLSX to 0xecDB9b7EAca5372D635625a0c8abd1E7fecf3C97, Tx Hash: 0xfa04de4cfb4ddc99f8c2d6521fe14f3f198a29ef9ce1511ecf087e6100f2e33b
Sending 65680638856258300000000000 PLSX to 0x96aF8c6Baf77f1d12E5fF35CC00585C722cB25A1, Tx Hash: 0x3cd7ce616cc05fb27886f5df123a471975c4ef925b4ab143c4e7bacadd3cbc82
Sending 119314640937735000000000000 PLSX to 0x2F6e69d015DA10d55EA410AdF6f3A3B554cFCa92, Tx Hash: 0x5b3c50de1f2f1c8bd4f104204dad5850b2658dc9695164a8150faf9a4e6739f6
Sending 123710626448021000000000000 PLSX to 0xA836E01D02809BD8e6B1F1E227636AAfbAcF5AB9, Tx Hash: 0xf33c44da0197da727abd76090720e452526ed2f289cc63c327a34ac09592778d
Sending 76293725819828800000000000 PLSX to 0x2F6e69d015DA10d55EA410AdF6f3A3B554cFCa92, Tx Hash: 0x0d5caf03cafa37493f7e15ae7d679391da64b864f1224ba874178325f6726176
Sending 459764471993808000000000000 PLSX to 0x9deC42DF948d5165A9f42dE3b0c8C6839D79a876, Tx Hash: 0x55872844f528ba8e1a8fc5eff486a8837a91c84970fcbae95ac6bbed50363fb0
Sending 1313612777125170000000000000 PLSX to 0xC5d7B42CDb68395530cDf6bF86B60a2253b7e93D, Tx Hash: 0x54a286d3f2e3cb8168843128697096655ab1d80822d0d4411164403a1750ee50
Sending 34768382923195700000000000 PLSX to 0x9015292f500829e4AF3Bd1856805a5F39c2A8d00, Tx Hash: 0x3ad103aa704d75686e9778fd3419a11b372c442228bc7441527fedfb85e19716
Sending 329067424050270000000000000 PLSX to 0x1aBfA5BFd5b287a670B690901Ec18f11023Ba282, Tx Hash: 0xfb2f8e4530e2a0acd2b34d1c33c5dec076c8c612d0a3ff06ce7d4aed418d5655
Sending 32874893201946600000000000 PLSX to 0x5bbE783586d92C7199bF05b0f762439183d3CA4A, Tx Hash: 0xdf807f91148c4f9a2d4c4bb34f4a4c1ecc31e62462153e35eaec0a5f85abaac0
Sending 83272344988448500000000000 PLSX to 0x5AA7c888A1FA357EC5b8527553f312307686F5De, Tx Hash: 0xcf7a6ca343071ea67ad21e87d27398f0f3cb765b03cd1a84e4254bf8e63f044f
Sending 78159960238947400000000000 PLSX to 0x066066eC567FdfC4CCc3bF070842E7f3042e6FCe, Tx Hash: 0x05ee063dee9a276c95fe510a9ba9092fbc95a5f2fe55809f26b80920adf652f7
Sending 604261877477576000000000000 PLSX to 0xC3d7163c52002eE6Ade9f2c0dF148deBD1512D11, Tx Hash: 0x55af4ae691ef52ec345ff6f0380ba46f72b2830cdeecfe0bf5ddf3f2c3fa256d
Sending 32840319428129100000000000 PLSX to 0x6Fa46a9dEFaF2A85fD8C2Cec24e0F9594E964aa6, Tx Hash: 0x2e56a94e78fd57df2dcd25ae9f7eb3fc6ac14a9237c0b3b1898b6d516a967dfe
Sending 159479159206881000000000000 PLSX to 0x8437C014868e2a0765C01CFEf08559A96192d372, Tx Hash: 0xd7aa671fa161a49e407dab0164eb664112566cae5a2c81a7140087e1ab7d8028
Sending 1182251499412650000000000000 PLSX to 0xd140D6C0Fa9a98298b62EDFFF13ba3732CE90551, Tx Hash: 0x00379d7a52cf780515aa9118f0bab3b3e473505a86ca7f054b6e622bd834f0e3
Sending 459764471993808000000000000 PLSX to 0xbe0Abc22d67a0B0e404F08c51C7f09d5Cb16B342, Tx Hash: 0x62a7e4befc5660fd4a56d49433022e92ea3cb18c14bf36c2ac4b33d5f031e619
Sending 1610311927030540000000000000 PLSX to 0x38E3411fe0b670CedBE6bB7600c063c19C1E9bb9, Tx Hash: 0xca3597ba474b5ff13811dc11b095958872a5563d05131cd2900f6363fca4fb36
Sending 525445110850066000000000000 PLSX to 0x8515C39797F4c145b3f6987Df3AA7B4DA3B5D424, Tx Hash: 0xd211124782d7329cfcdd6235678f696167b6cc88f4cb2455b43157b73a887fbe
Sending 328403194281291000000000000 PLSX to 0x1f997286F4217E0FE76Cd8ccF8fA4609f2dC2B46, Tx Hash: 0x62e69ba47b34f2d017546ec85677be94a402121e910dd258e1f8e5864f70e292
Sending 90369991002325700000000000 PLSX to 0x58c340195a47D5Fae67474de6E72B8b9b53ef7c8, Tx Hash: 0x5f6e151ed12394ec5e52a1059c9dccba395e4d83a40c278469807b00d91cdd60
Sending 49260479142193700000000000 PLSX to 0xdb67aCd7406403C035c38965CBE9435e187EB2B9, Tx Hash: 0x613599022cebc94c4b7a4465b9dc03f71924491501c63ce754bd0c935199db8f
Sending 59112574970632400000000000 PLSX to 0xd3393c42554F487a425878Ece45674F9983953E7, Tx Hash: 0xa829ee66a9a926ec5533acf00c939af561f2e532c71a908bd85001d4b4065b0b
Sending 164201597140646000000000000 PLSX to 0x6FD3D5DC46e49BE296c934b97533123C86229999, Tx Hash: 0xc6e81c87da02cd29c53c07a09dd670b8451f3de82fa76b7f35b37ffc10b96b30
Sending 1116570860556390000000000000 PLSX to 0x17e8565190e5B0879f28E3DDE1b3d8d22461C19C, Tx Hash: 0x26225164c9aade78269af1dc41a002667c5bfad014c260a2b28526a04d3d8443
Sending 50574091919318900000000000 PLSX to 0x91d005acd5B31BeFF2574e457BD4bD86692F2218, Tx Hash: 0x840877ef8bd2105db7273a01d12c09f01156210dbc61c67499b9e97842183551
Sending 116911537164140000000000000 PLSX to 0x4070cc36cE0a014466BDcd1e8D5Dd078aD707b46, Tx Hash: 0xb4f18e70a5db56d620d99657c6961a10c526244d75e0549f7122adbee1d6cb4f
Sending 123559387346562000000000000 PLSX to 0xBC449F38AD45fd352d77b87f66b8b6ca57ce5b2A, Tx Hash: 0xb88e6228da0213cef26457c6ecb8425eef17819ff1a828523d2a4dde2c50f731
Sending 32840319428129100000000000 PLSX to 0xc150fF3948CB6E236F58C5EDd4a1BF8644393B6c, Tx Hash: 0xddbf767f510626d019df4cb0616e61f926f098d9dbece868fa093a5833bae5aa
Sending 7455428587928870000000000000 PLSX to 0x8B1a025274aEF931e906CA4b220987A65C5DA17b, Tx Hash: 0x83b1dac9519f17097f2e1a8a5afccc4e690d61292f42e359c488b851f7e17ce8
Sending 826899539008635000000000000 PLSX to 0xb084D5Fa554966Ee944537c366FD6630Cb3DcEe3, Tx Hash: 0x98214c61cab9dd97005aa2326811a2ee9f10ce489682e8181892b535e65731fd
Sending 1263413064847330000000000000 PLSX to 0x8fF49EbCF37aADE1c0796Cdac6fBea2c078F9D25, Tx Hash: 0xfdb5e052a582ca57adc21ebb2eb16e56e069572f0631714c0156d1770d7e7760
Sending 38423173730911100000000000 PLSX to 0xf1592c3Fb67D365a97366613974E04b48A1f24eD, Tx Hash: 0xe3b45e1d050750ac53ccd23ed41cff838f788f32e203fc5e337680600fed5115
Sending 103274161817560000000000000 PLSX to 0xf1592c3Fb67D365a97366613974E04b48A1f24eD, Tx Hash: 0x7e708518043006e3cf933b379df9b662416b7568418883fffc8ad8942c2a3d84
Sending 1970419165687750000000000000 PLSX to 0x6D16120210147AD06c0C4aA98f88167Cd4227Ca4, Tx Hash: 0x6c3331a02988b77f85db9ec98f43a5e7c671f7d33361dbd96c01d673e6923d05
Sending 522717331010829000000000000 PLSX to 0x9D51Ed32B8f184323aF9088D2Bab05d529D50495, Tx Hash: 0x2db46be3367b531a585cbde4b793c4a4b1ab0fe2b01e98e2d03411362fe5524e
Sending 206724191804013000000000000 PLSX to 0x25EdaeFBB8f37658153a823069cD36E10fd65aD5, Tx Hash: 0x3fd9693ee73fe90779a859eca3aa9a16fa3be9fbc08c169fdd23aef892d8e65b
Sending 164201597140646000000000000 PLSX to 0x4Fd42bC441f0a106c40413BCF509023086baC0aF, Tx Hash: 0x70e5f0bf15424cbc45e72dec3ca45c61e5b8af3fcb957acdec720116cba983bd
Sending 50574091919318900000000000 PLSX to 0xd04134a6Ef057274506acF53CED2958829351C04, Tx Hash: 0x396c3bc57f6bece85c4330932eb569fc2e85366e27fff94756b5a8267eb1567d
Sending 2108348507285890000000000 PLSX to 0x770182aa0a27B5C2AEd56664D1CaB045982Db057, Tx Hash: 0xd6aaafbde56cb1ce7a61910aebca015814d1cf0d79f14e1515c5dca1afb280a1
Sending 40623475132595700000000000 PLSX to 0x361A0E3c2Ee3F3A3b308E92182ef356De631da44, Tx Hash: 0x6439d14d16c8c051e2be603e87a3e55ed726d7379fd88f92e8a115c8806e60e6
Sending 101804990227200000000000000 PLSX to 0xc081E65fa0bEEc962D3Eb3aC1a29Cf3D5201D116, Tx Hash: 0x73b30c0d1cf5426c5da424fd55d175a50fe7946148a7a0ca9af824633f7dfdab
Sending 985209582843874000000000000 PLSX to 0x1E6ac7ef902913c3546813eA3EE06Eed36C356D9, Tx Hash: 0x46ff89e262fefe34e47e59ecf8b1bb9e27b3e732ffb7f38a3ad721af46ce3bd2
Sending 64543300536109900000000000 PLSX to 0x9B55D908e15257E6FF285E6A08E5167245D1a0ED, Tx Hash: 0xf179fd3df17bec92bab36e68450bbbe5f91131447f3d2084edca6cacb4e08288
Sending 32840319428129100000000000 PLSX to 0xfD03AC27148Cfd601da5596Fa1991D6614732b45, Tx Hash: 0xdfc57743d77b546b86daa02941cfbed9ae700aa73dfdd60df7659a8502c85c06
Sending 66337445244820900000000000 PLSX to 0x31C6B6f34c83da316837AA7B1d061Fa51dFd0f42, Tx Hash: 0x05a5bd7a8d57243c51b321cb8214a006aaabc43b31923d729a95b68daf56917f
Sending 164201597140646000000000000 PLSX to 0x3F81F841f7294CB5CF5fd660400ddad6Cff83381, Tx Hash: 0x9942d6dbde0fd66c7e3bbc907b75c1df0fbd98d3daafbac96c756a02525bad18
Sending 163603750974309000000000000 PLSX to 0x84e026cCf7f2bA03E0577eB0D43B51653A685BaA, Tx Hash: 0x1844ca75ddc26c778533d78131b2151a098783814a57b149e87a39bf6c0ae6e6
Sending 1722422209494290000000000000 PLSX to 0x02e34f367a1dbdc91c7063d375E0a18E6F52A564, Tx Hash: 0x7753451ad90f6a2be8f9c216d3e520fa5a7b599420fbebdae770880a6b1b28da
Sending 125515700854310000000000000 PLSX to 0xb39969cCA1b1bee3F3e0073941F4c1F44320ff86, Tx Hash: 0x891b9e91e7886ac595ea560cfee2c0e050e7310f82043a6837ca72e3fbcc6b54
Sending 365365685220643000000000000 PLSX to 0xeAa1d67D18883fd0A87E2f08b697B85c7A712Bcc, Tx Hash: 0x230b18bf9a9bb8b012300e2451433243d5e9a4a3336f73c31293b96f455d80dc
Sending 997539092412940000000000000 PLSX to 0xC10c92112f582A3877D17C70673A7B3a3Ff57f1d, Tx Hash: 0xcfe449001a5dc0e107579a1a0af974a511235e88315cdae292193ccd22c0cf9f
Sending 907943980729377000000000000 PLSX to 0xC5787B68B52A994Aa9Dc9cE9f7A4F8e1694465a5, Tx Hash: 0x2cb1a92949fbf7d7394267467fcc2e21e2166f8deb91a7c3c9b282d34bd23286
Sending 131361277712517000000000000 PLSX to 0x52E756e44f2Dc98f21227f183857D79C83e4fFE8, Tx Hash: 0xce7cc45a4e4f4a58c4bc86e99e71914d79e53bbf0af20039540913cb9ca0df93
Sending 900369901633245000000000000 PLSX to 0x3bD21067a31D343fd83d64DF3795Bc0B66BFa47c, Tx Hash: 0xd6bd66eeaf7e1b63672a2110ec468d4dddaebcaa8211f448f437b6adec941407
Sending 328415308032711000000000000 PLSX to 0x5a5AaDdaD79ac866b812E8bf952b503ba98522AE, Tx Hash: 0x60b67b5856ed357c84c68b168c15764e87581353e352feb6308c8ee092586c66
Sending 42692415256567900000000000 PLSX to 0xb118B9cbB14AF0BF6269d14FccB559b4884510e6, Tx Hash: 0x13919ee120d78097806a33f6ae2abdf0c306b55c92641bfea75639b98df72bc1
Sending 98520958284387400000000000 PLSX to 0xFa8575aa490272Cb1d321BDF9d09c5C21845b9ab, Tx Hash: 0xba89d8bb53a2eff7303239a9ab97b72ff478c74924dae412cc472ccaab762fa3
Sending 357311449085139000000000000 PLSX to 0xD976891378bDB926e87E63352c620970287cE9Ff, Tx Hash: 0xdad52a349f50b640d271c00b59d1d81371e528886aa713a75d85b33ac9ec2c4a
Sending 198850619450000000000000000 PLSX to 0x036F08837E17dcc2C7182B584C929C60c2E2e512, Tx Hash: 0xa1e106641c5b427becaa7d49b6ef0e50114045b68b577b355e71fa029541847a
Sending 237516017670000000000000000 PLSX to 0xd5b9eE81a5Fee0604716a47ca6e02809e498c216, Tx Hash: 0x866bf0ffec6767684136763d0166e0baf3b3bf00e80c1deba26de80dab1eac92
Sending 243039645990000000000000000 PLSX to 0x0C27354c6E7071F6BFc339b01F9DA9912552d00D, Tx Hash: 0xfbf6163f8bbc3b01df024879e196cf871785dd423ec69a96a063671a93271ffe
Sending 251325088470000000000000000 PLSX to 0x2e329B6D1478ad5A86F8CC7C5c7193335d2Cb2b3, Tx Hash: 0x2b450a6b8ca143ff8803cab2f0189a1cd3a001bef4f7502d5852020e575ec95c
Sending 284466858380000000000000000 PLSX to 0x9f063756d6e2F81fF40FA7fC69DbE9eC1dc24d15, Tx Hash: 0x9973d1e77bf969c56337fea3679123abad3231189af3c27f31af4a78df6dfc82
Sending 295514115010000000000000000 PLSX to 0xAe6696bab108D4d9D496180EA3c0f57805945235, Tx Hash: 0xcba22e83fdfc1234be864e1714963bdebe0217ea649ff43d6fe4470c4168e7ef
Sending 312084999970000000000000000 PLSX to 0x049Ee15A7804CbB0B70f7cbeBC1a73DBc72a2Cf0, Tx Hash: 0x23bb76ac93a6a36b7b079bdbd9e77769723c8e0913d77ce8c7f243654429cc87
Sending 350750398190000000000000000 PLSX to 0xb17A3CF39d91d6Eab458469faD1562d7819f959f, Tx Hash: 0xe0a1e44f30b91fac9b9dc05cc12d93db4ebc75df6191eecddb503d6acf4085ad
Sending 342464955720000000000000000 PLSX to 0x7eD67fb1965CEe3914E8915C3F97750172c2eA3b, Tx Hash: 0xc542b4754588401f9b506321d78e70d18722d1b219e1edb106ef65904d30f0ff
Sending 245801460150000000000000000 PLSX to 0x852c431857F8aF13450AbBcef2046a6fEd0cb4A5, Tx Hash: 0x683787cdcc5d4ce5574f09165eddcaa6fe1255b00c8dcfa471f04fd62155b66c
Sending 198850619450000000000000000 PLSX to 0xedbCa2a89688611f16E100aaB2087C5010bEF1aa, Tx Hash: 0x7fb001bc5076aa2e1dcbff45a35aff4291cb4a00fa21c91100691485f9cb6164
Sending 237516017670000000000000000 PLSX to 0x3C3c842AD4Dd9CB8a45Ff6e78F2693d4A3C22F1F, Tx Hash: 0x9d172ab06822f27b8039e4d8f97342d3b301720d8ed67ff6a5ce7d1109ccb790
Sending 243039645990000000000000000 PLSX to 0x1EF2Bd018430afd1D2185C9D2b3b1Bdeb86b1b51, Tx Hash: 0xd05b3a4ff2c721bd17901187354dee57dcb1635a1373c3c39c0cdcfd7b5dd3ad
Sending 251325088470000000000000000 PLSX to 0xed2f418cAC4faCAD9e4f6242bD1d46bd24b2Fd46, Tx Hash: 0x66e0831af3c424c1d525804527058c36fb76432f8255a56ea99d28e3587475ed
Sending 284466858380000000000000000 PLSX to 0x9Cc809EF473A95B543023bdd3A27afcB5C382051, Tx Hash: 0x6beef5aa92ab28e855d140baa937364a93abcc4fc40524ee4c9a97a41a4d058d
Sending 295514115010000000000000000 PLSX to 0xf776866AE8CdCe52C30eae2E8b3F00017527C68e, Tx Hash: 0x309d5fb238e55e315c1bb0465b1a326e4a72758df75a4fc20bf58f3e3e78a019
Sending 312084999970000000000000000 PLSX to 0x459c950F0D6b42336D4Cfd82B62adC3e080a0C9d, Tx Hash: 0xe53acb59298bd92147a666f937cd3f8369b226b61f114305883437ab13c58010
Sending 350750398190000000000000000 PLSX to 0x04d5cEC4D7284BA77f327a38661cC0D0211C308a, Tx Hash: 0xc25612adf68a4317adb603eb5071e142e2a073267b469c542b4ff1c3bcc568d0
Sending 342464955720000000000000000 PLSX to 0x0e63Fc22a5Ec210Ee00bf2521ee9Bf5a0102Faa9, Tx Hash: 0xa005e799f7262514e9fa6f8579b5cc58831eaf16689ad4f34f7ad6c9be061cc2
Sending 245801460150000000000000000 PLSX to 0x924A28cf7185Dc5d9ABC1d36F65cf69F7b9ca7D2, Tx Hash: 0xaa40321512471165d368debc0512aa061201c302dafadf06705a60746818290d
Sending 182279734490000000000000000 PLSX to 0x043922560d45953e1e0299aD14EEf45A2903466B, Tx Hash: 0x2074c876e8c939a9d857416c13182b524b6b20e298f7114f0ce0971ec75a43ba
Sending 207136061930000000000000000 PLSX to 0xA3B4dF06Bb534363B6a94a613cF22A7E84C95e11, Tx Hash: 0x5216cacc6d64a2aedddcc420c99ae81f6b8d0949d74d76a8a6f3859c1340293b
Sending 218183318560000000000000000 PLSX to 0x1cDf46c6A94B9E19Cae3797ffdE6C61AF8E8F361, Tx Hash: 0x2e21d8ae6de8dc38aee3b0b7e864f10ffea252071cc95cd201babdc16b9ae2f1
Sending 254086902630000000000000000 PLSX to 0x5C36B7E385cf3d5f5Fe8F55b22776eB8EFF1DF62, Tx Hash: 0xcdf3b4b43a7dbdc664c75fce81deb4b85572ea14ef739b42adfbed3dd2666799
Sending 284466858380000000000000000 PLSX to 0x3f000b6b300791Cc7245a5b8C96261e2Aeef5CcD, Tx Hash: 0x7b2c173e6381337eb2bf819167ac706de7085664efc0b268016eb9fe14083fa6
Sending 292752300860000000000000000 PLSX to 0xFD7Ef5A56B207a6dFe8389f57f4FBb5615B973FB, Tx Hash: 0xa892fa7aececc4272bf8121b59f38b9cf620092fc24e529bf5dc775b046e4fcd
Sending 306561371650000000000000000 PLSX to 0x82376e7727b209bED678e9EE8b8732C8d43c3404, Tx Hash: 0x5ac8301c858527bcc98bd88fef8ad5be034e0db7857b367672926084004b828c
Sending 320370442450000000000000000 PLSX to 0x524991FD054D2DC14a4B16466bDF3ED610523C6c, Tx Hash: 0x7e557203a66d26f356abba57b0c5a56c3bbcf6bdddd52f5c252bfe118d18fb6f
Sending 339703141560000000000000000 PLSX to 0xe2195F20F39c480218B053B248216933Cb709E71, Tx Hash: 0xd3a6382653ce23b3f5d8e1425337a9a0c3757032cd1887f819569ce1ccd45e29
Sending 356274026510000000000000000 PLSX to 0x686F06E8239184b084cf4a2199dbA5D9f82b771D, Tx Hash: 0x9e30012b5540304dd1cf473138fab66eca0c7ff425268494d23d36230d160525
Sending 104948938040000000000000000 PLSX to 0xdA068f855B82E4a42185BfAbCb5e8f58FB08F01B, Tx Hash: 0x92a04a4f0ee910dfa4701025901dd95c35f524c27e127a05d4835cf28dbe011e
Sending 176756106180000000000000000 PLSX to 0xbe26be0F20d6CAE2665b9Ee0D1DB0a400b7220a9, Tx Hash: 0xb9ff24cf9a0dcd2a4dd6d630336c2c53806be6b91e84277f0c0ae661cd3c28df
Sending 243039645990000000000000000 PLSX to 0xF9512998E5E375453c321478112D9819E2A0025A, Tx Hash: 0x8aef929b0c770c932dc52b345460f0911ce6299d331baa199ced61e399fa2aed
Sending 251325088470000000000000000 PLSX to 0x93fA0Aa4aF5bFbFb1FdcbF41E1eEb1a9d01D18cF, Tx Hash: 0x6eff5807f60cf7ba81bacbc2ba410b352eff0f0fa927e18388424c965f877569
Sending 276181415900000000000000000 PLSX to 0x59F8753c19A6673c355239F48B4707E9e8A64368, Tx Hash: 0x7e1f7596e180bd3a4568422b876c09ae5f925dbfe0ac038bc507db5e449c48a0
Sending 289990486700000000000000000 PLSX to 0x9529a954EFeD8e07DF2Fe54210d29598b73Fa885, Tx Hash: 0x78eb6ee88fc0a2ff849d2d37ef9d270a704dd67166e3f955641b968ee9906a7b
Sending 312084999970000000000000000 PLSX to 0x6DEbE62eb9eE496Bd4e37a2A3Bd07bC40d935A9B, Tx Hash: 0x1d55030117f1f5af97596dbbe6605aade15283f0d250931e314ba04f4187a9eb
Sending 325894070760000000000000000 PLSX to 0x0222E824622f110A33b9F34C575AeE19417Fd64f, Tx Hash: 0xd6cb0e32961f87d8fc405496677d967a5816e0ce3fa462d6ef68b1a4cdb37b77
Sending 367321283150000000000000000 PLSX to 0xc814b2256f51381bD1335E0DbC04AB6B67f0C252, Tx Hash: 0xf256a081d46958a8ca2eedfb3882969c02e2bf32dd92644620f64e06f9ebcf57
Sending 414272123850000000000000000 PLSX to 0xdE98f4d79a84fc76C5119d29625B8d9c79A307D3, Tx Hash: 0x0c6c4af13cfcbacdede1a5369341043241f72ac1990722134545aef4e3742ec2
Sending 132567079630000000000000000 PLSX to 0x20aAb41f1a0Fe924Fe80E06B87c0B5F40Dd3dEEc, Tx Hash: 0x9f0c1d42aaebb731c088ee4664a2208ba25002157078eb3c23920319528f41ee
Sending 149137964590000000000000000 PLSX to 0xe522E3B379839E1bd1fF0730a66A5cd7aa8f8090, Tx Hash: 0xe70bfb2022068285bbb856bca4371fb7b98c73f8cee4978c2c76d82d096bd137
Sending 215421504400000000000000000 PLSX to 0x6d05d852804377275bf942B03f49b12f7649B0F2, Tx Hash: 0xf7ad2c5349b1ab9329ce774bcf5c8079f919d3ffb46d8743f3cd584fb8970be9
Sending 251325088470000000000000000 PLSX to 0x4E1571644A11186b3e31D67E00cC37E86BD925a5, Tx Hash: 0xc7efdad37b26ada58ea116463587cefe1a0b9b30d0ca188c6131966b575bb742
Sending 289990486700000000000000000 PLSX to 0xc84eB27faF8523E5BECF193268DaB8F93a671ADB, Tx Hash: 0x119bcb7e5fb3dcf8bbd01b3eb52e72c344c5e62366ecec0089351166d8a9a924
Sending 281705044220000000000000000 PLSX to 0x5Bf1DfFb100E9d0c7E54a039f41512726f38d6Ac, Tx Hash: 0xb9074187213c1b5305144749537d1f192ed4c5107acebd17a09b1729f0a18cbf
Sending 339703141560000000000000000 PLSX to 0xd3E00417b7528A957b937b9A6A6A3832250D2321, Tx Hash: 0x280382d7fb15f4dcbbfe76ee46fb62a85582d920722dd3d1d8bec5e67f3a7112
Sending 353512212350000000000000000 PLSX to 0x495cBACfA0e1615A24484FB3130e3fE847174545, Tx Hash: 0x2c88050e4f11eafbe5b6db39f1a011254250a3acfb1422784bb6ed86a663e4d6
Sending 367321283150000000000000000 PLSX to 0xA036Bf7A387740a1f040F524409a2D0aF8e00d87, Tx Hash: 0x0fe733b44bc38158ea5421eebe58bd5eb45c4337aa7407b9611c899b110c59e4
Sending 381130353940000000000000000 PLSX to 0x3c8e75434e2bdd5Adc0571460590fcFE85f37fcf, Tx Hash: 0x9310bf6f5fce2833cfd157de0c5e0c02c55807fc21b3550d5ccb4036e915c73d
Sending 196088805290000000000000000 PLSX to 0x3f5359953C907C5f2FE9E2247CEE3Ed40ef3F4Bb, Tx Hash: 0x148b9c201cb4d4682daca0018fa927a0c2c4ff997705ab7a1c429b9ed4e65f82
Sending 231992389360000000000000000 PLSX to 0x4083485762e742f0afbF24E2DE02Cc51BCadeB42, Tx Hash: 0x27587a5aa6a513af59f96279dc176ab4228fe1454b3322ef3170992f64b75d9f
Sending 240277831830000000000000000 PLSX to 0xE340F56c7106A6B984a88E43661D33D353934039, Tx Hash: 0x676d26a82c6501ebbfc95a7aad66a1ef8084906fefce814241b32545bd3e5682
Sending 251325088470000000000000000 PLSX to 0x54D9F52727B3057490BEcBbEFc476844067f3A17, Tx Hash: 0xa6e46e2722eac0a333a8479b2863418ccd89aa310b667c3b2b64c097d13a47dc
Sending 276181415900000000000000000 PLSX to 0x932f9156abf597eE3910Ac0e5d34a51D357e3ABB, Tx Hash: 0x6f98ba727d1b1625faf7e501742acf3e17dec3fb471a680ef76e96ac3ddd47ad
Sending 289990486700000000000000000 PLSX to 0x70100026F6a03BBB7816978ba734FA38fe0dDA37, Tx Hash: 0x58b57c6e86404167c0a3c5dd8cfa2c71866109a388669e5ede0216d0cd5d517f
Sending 306561371650000000000000000 PLSX to 0x24561eaF4e1e5F24A2f38cDe77A682abe020008e, Tx Hash: 0x4afa9c13522cfbf4161b464cffb440ea1e8d947f6c6d8f0b9084f2c060e229d6
Sending 312084999970000000000000000 PLSX to 0x462DE1D41335C4fB55Ab667Af01E0b6Ca9705009, Tx Hash: 0xc029257638ebb09563c066c6ed921d9ea80282dc103de72dd18f75b85368d712
Sending 320370442450000000000000000 PLSX to 0x2b5bC8011BFFdaC3813eef9B1B17E22146AdB206, Tx Hash: 0xe8ec20edb98c41551c6ff81a055f68bbc7489fff647f345179e618a5d2780590
Sending 336941327400000000000000000 PLSX to 0x4C5B195b767f75c02910813E0FE96DF93a5e6C6b, Tx Hash: 0xd360009b914951ba41ca8aaa197bcfeacca613a64c63057cb0c2f128ff6e43d9
Sending 187803362810000000000000000 PLSX to 0xEe9Ed9e3BbD6E22F6Bb2C4DC13C193e1eb96DAC2, Tx Hash: 0x76026983dccf3f4225fd1c3b6e5f844dedf0041d24edbc243527f269412e097b
Sending 204374247770000000000000000 PLSX to 0xED8DC42710e9885A3D9E563D9D956710569Ddfb4, Tx Hash: 0xded27f0d078524982e2604bebe9e2012c4b247cdaaa0e278957094d626d2739e
Sending 215421504400000000000000000 PLSX to 0x611551C8Cd8c9ACF276e4754943D2552A4a6Ec56, Tx Hash: 0xbc6fef875ac0e67b5d3c01f82bf68f5962a40505413fb0f49e9158fb75e948bc
Sending 251325088470000000000000000 PLSX to 0xF5edbf5aae39Ec31AA912F82aCa3Dc3D257ddb15, Tx Hash: 0x7059f7915a5c5ec46a670d9138de99ad1faa978d02d68f223f6f47b422ab3905
Sending 289990486700000000000000000 PLSX to 0xBDC347ef34EB3b0FFA40A7c520e3b39ff9B320d4, Tx Hash: 0x2e2bfeeca27ad5ced27dde76ee2bd1f907912cd2372b989dc1bac1456f1c6768
Sending 281705044220000000000000000 PLSX to 0x4ff4aC50f140C64d6dAa5eEdCb8d6E71570cd97E, Tx Hash: 0x1af05a2e98c4333102063d05579d7c31d268b30b08e54b31e2fa6ffe896836da
Sending 312084999970000000000000000 PLSX to 0x056F7Ff4b11b959f6F9ccc991E9c4E0e6efAaE3b, Tx Hash: 0xdcd18ee2c7fcede8014a8712f4f425f796181ea71807d8011d1d1acb1b982b6b
Sending 325894070760000000000000000 PLSX to 0x9f3D3F98b297A108894077451C81617D4531B2cb, Tx Hash: 0xd85a98cf5caa459c576776b42e3690e5b996d29b223cbc1d873efdd354b39b53
Sending 339703141560000000000000000 PLSX to 0x5774Ccb1A91DdC263564509Ed913806206CE6CEE, Tx Hash: 0x971e7373ada8f827e09c835805801a2762032f24c56f16a346ca8620426a6299
Sending 353512212350000000000000000 PLSX to 0x5524B5B2876CB76675209743e47D5406CA76Ac8f, Tx Hash: 0x969d13fd8826155c1a770564d306ee490d702006820f1a1eb4c16493a9633daf
Sending 66283539820000000000000000 PLSX to 0x6da3DDAF2E1AE40724EC73c5845eB242271C7883, Tx Hash: 0xd5715f94e9871d649a6cb675dff2e8c73540bcf3a7f196482e91cf9cfa93603c
Sending 74568982290000000000000000 PLSX to 0x9bC98077A87A22CAbc367FeF82e0A142B50528d8, Tx Hash: 0xef8bc7dccb2c934e2c3e9d1de545804eb3bd3ed791b19e4bb98f9a9fca7a9ba4
Sending 107710752200000000000000000 PLSX to 0x093143abF58e8b4337aeCF5B668eeaa174cD5AA1, Tx Hash: 0x17d36d9ed6b673f3d4d4576bb67b5e47132b10e85418b74746a5f50338bf9957
Sending 111853473440000000000000000 PLSX to 0x3bb01b577bF78F89aD08B6632Faed1c8540Ad157, Tx Hash: 0x9fc089ddb65df90a4a5c1fec4369953b018a6d854a9855756c29b82d11d862d1
Sending 127043451310000000000000000 PLSX to 0x432e7A14b1F79cCDBfd864fa20b939C15d01c022, Tx Hash: 0xfc6e58ae06e3bce36c07cf1f1adfe359cc174186af2f169cd67d1f10bbed33fc
Sending 131186172550000000000000000 PLSX to 0xbEcF094024B73B5F90705Ac67C92d54C88AeEdBb, Tx Hash: 0x3a341c96ebce237759ab71fa62d2a94f5ccc0c2eaa2ff02cd50a54dce3574417
Sending 144995243350000000000000000 PLSX to 0x6ea9A55e4c1ac9C10979626Ab53e6B1fE342828e, Tx Hash: 0x5500f89b1dd1ad3a73960bca7faaf430a53913baa7aca7e6ed66f1c26ca059db
Sending 162947035380000000000000000 PLSX to 0x3E9F9a90c96530b0b1A75Bf82c65D9e19bfeDE14, Tx Hash: 0xabce1c82bf3d87e7bec06dc77c58f9a80f1dbb668375d857bea3ceb15407250a
Sending 178137013260000000000000000 PLSX to 0x27aB5e25e2cFA736281E8bc3e6Ee761b4F5d23FE, Tx Hash: 0x53549acda4b134e6b241e7da63f3412db042eb9777bdc92e8a4e4fad20ddcc6d
Sending 276181415900000000000000000 PLSX to 0x56bAeEca0460f9De69942Ffc45D1B780c92b1b4b, Tx Hash: 0x2a5c5769e44eb7a1fadb4c3d69ff21830f6beedc371c47f4fecbac0f1fb501b7
Sending 93901681410000000000000000 PLSX to 0xC70F215c61FCF4671380895d39E3aCBa67d77f16, Tx Hash: 0x04a8d941bee99e41bf6d91f8f3d1b6c47fc73f42d120bd2a5886bdd5f7af1d39
Sending 102187123880000000000000000 PLSX to 0x6EB96583202cEe5EE2305cB55a16E36fC9991183, Tx Hash: 0xdc5f35d80bc867206d14f7144db6584e7445b9980a3833c1f989266af7c5ab45
Sending 107710752200000000000000000 PLSX to 0xcE7BfE161987B59C98B25b284D68dc436ABbd7C6, Tx Hash: 0xe6abd30883a74963203729deb6963a68b96a5ffa06988a37edbce5a9617ad940
Sending 125662544230000000000000000 PLSX to 0x64494533046E58b6faD854d828a380F56B2636Fe, Tx Hash: 0x1363034ec8826d5cd43b78a986dc0231eee19cb6b4f43a675d6302949132eb48
Sending 144995243350000000000000000 PLSX to 0x79f733A804104C5b1C7C5800675dAc1268476c33, Tx Hash: 0xdcbd75f6b3a7e4296d05ee3330e897f7ee7dbd05813ae5b38d18c4351d655856
Sending 140852522110000000000000000 PLSX to 0x1a0331E2fc1D9513984A444EA8b4Ccd682154E59, Tx Hash: 0x8b6430cfbe00648ebf54778f613bda4a9c00d42ff4ee5afacbc1984ba52b1a50
Sending 156042499980000000000000000 PLSX to 0xe10a3D4Dd2D38d0bA0Fd2B3b646C2EFbD7FF65Cc, Tx Hash: 0xdb7d2b44a4ab883015e8f603179f45ad101e94dbe3b3617dd7b5e5dafe58800e
Sending 162947035380000000000000000 PLSX to 0x3c41Bf4b1f7077beC7293D480cD9EDFCFA50988a, Tx Hash: 0xc317f7a0956db9561e378acaa509ea5292d27741c1c9d19d481cecb9b2d82708
Sending 169851570780000000000000000 PLSX to 0x1ae78a9424f0dCf3402fe3e5F2cC3b3C47A931F9, Tx Hash: 0x57b0f72dcba1a1e58a7042347e1fcc37add8535f0b86b349aafbc5c2d14fb1f5
Sending 176756106180000000000000000 PLSX to 0xa1961f549684B9cdBf2D12C6f4Fd5995C50Affb6, Tx Hash: 0x1db4392360c71fe5f6853193ebac5b2aefddb4e4f8b4f97a384de8fb84f7970e
