Sending 765021383924007000000000000 Beats to 0x253584543D8273444dE5A029B5a56D083958190A, Tx Hash: 0x91c4fd9ca48459d5fa6344233bc11f8106fb4edd8de3eca75fba8fbb6e1fa94a
Sending 6970175624601460000000000000 Beats to 0xeb1562f715529273448BCaDbB8580b2C5DC4a70d, Tx Hash: 0x495167209fbe510b074a9ad4805abced07867f49bdc90ab554b43dffed82cfdb
Sending 147767723241551000000000000 Beats to 0x0927E1C093058AA4DeBf9bED5b5130aB1c26Affe, Tx Hash: 0x61db73780772e7fd76d582505ed7cc2aeb71a5a1b3a9e83613d5dce131666dd9
Sending 62731580621413100000000000 Beats to 0x0927E1C093058AA4DeBf9bED5b5130aB1c26Affe, Tx Hash: 0x339cb7b1684aa255bcad01e25218338c4ebee824999d36e58112fda7c77ede2b
Sending 12144821052305600000000000000 Beats to 0x8dC1a913f3d774246be39747d3d35C42a21eb76A, Tx Hash: 0xf186623bfa0e103a3b0ac709b691843ae9a63ec1549bfbaedb60c4e44f6a34e0
Sending 108734739743783000000000000 Beats to 0x0927E1C093058AA4DeBf9bED5b5130aB1c26Affe, Tx Hash: 0x7e4bcb79bd61e7754c56d2a720c261d758ea835c0e757eca88aaa2d528cd52c0
Sending 401482115977044000000000000 Beats to 0x12a39B66f8eda3581ff6Be04e8fFD8F5FeaABE11, Tx Hash: 0xe50dff1675b8df3dc8e4a2a353d6e594d4cedc8c9071696b0062bd96ca919b28
Sending 58549475246652200000000000 Beats to 0xf62d020cC9da296eADDe43C691E9252fa9c10B2c, Tx Hash: 0x74adcd081ff7a906467055f6a0c61af93156d36c4c7ba75c61771301b3de4142
Sending 950151321774290000000000000 Beats to 0x266684B45560E26a7C7e6F2280993ebeAb010517, Tx Hash: 0xe7fbf828f39e476b2c73d43e5c730ed1de5da3c2ad30b3e4868b3afb01671627
Sending 164576998777840000000000000 Beats to 0x266684B45560E26a7C7e6F2280993ebeAb010517, Tx Hash: 0xd712290f8ac7e3bb088ca0f7cfd8aea662c097130b717eea7c07d947c7321736
Sending 501852644971305000000000 Beats to 0x266684B45560E26a7C7e6F2280993ebeAb010517, Tx Hash: 0xfe3dcd8be4ef0e83cd13d36fa26cbedcef1582aecd0d9a724a539a67326087bd
Sending 27880702498405800000000000 Beats to 0x266684B45560E26a7C7e6F2280993ebeAb010517, Tx Hash: 0xae392b2d8c090923b0385ab66ec571b59172c07aefd0f2254a0f617415af7450
Sending 5576140499681160000000000000 Beats to 0x35EfCe5f4bd52356e8215BCB9dC7687aDe6B6400, Tx Hash: 0x9f6751a7c0e98fe12e7cb9d9095022366755baca702d7927a98cce6275ba3e76
Sending 278807024984058000000000000 Beats to 0x35EfCe5f4bd52356e8215BCB9dC7687aDe6B6400, Tx Hash: 0xa5c1d4da2f3e03f6f7ae86d39cee0db36b3df4970f44a3a5d36b5e8e864aa71b
Sending 34850878123007300000000000 Beats to 0x35EfCe5f4bd52356e8215BCB9dC7687aDe6B6400, Tx Hash: 0x7325d511530916d6d837e745bbe0dd845a1067acf8f47adeb34345c6da4fafb1
Sending 34850878123007300000000000 Beats to 0x35EfCe5f4bd52356e8215BCB9dC7687aDe6B6400, Tx Hash: 0x9cba791fc5cc7db31d54e0c015a47be86c89df153a5c36eb97332d06e6cc81cf
Sending 278807024984058000000000000 Beats to 0x2589eCe7a6E4d35a3b21C8d60036026DD06247C5, Tx Hash: 0x3b6f20a348d78b1a604736fe9ead5bec130ea1c087505d9d1f0db7b73b5d276a
Sending 791876437523303000000000000 Beats to 0xeBF85E5b0dEa00AB110eE1857f709E35ACA5309B, Tx Hash: 0x495c9bbc52b1210cd1d9241a116981c07738b8feb938a44ed4480bdadd100719
Sending 1030718902593310000000000000 Beats to 0x89c5B98d68BCb9eBC1A6B36CF864b7b43699D05a, Tx Hash: 0x6ba9e5acb01a30da6b447a6c676833a4379f24c041b62fe8d725796c74ceb5e3
Sending 2788070249840580000000000000 Beats to 0x89c5B98d68BCb9eBC1A6B36CF864b7b43699D05a, Tx Hash: 0xa41499f8ae4f125f37b68e82dc9a0723b8d50fef1828c92cde99ca2007325785
Sending 6970175624601460000000000000 Beats to 0x131E18f1caCAf72B55Eddf4491E0499164346bc2, Tx Hash: 0xcc6db1dfe0e1e4622faf097b1ad0a69cebf89d6b58eb2ad330ef6604ca55c8bd
Sending 278807024984058000000000000 Beats to 0x2589eCe7a6E4d35a3b21C8d60036026DD06247C5, Tx Hash: 0xaf98569b8ede4e46a9686155e40100f365f64043145bd9677a4067e7f822d648
Sending 2865514477170400000000000000 Beats to 0x98de4611DbEb65aBC0C86f16BB6495e7a013c511, Tx Hash: 0x54db9098247df5779f3fd32e50307ca87b511a39ade038aa991471742430e6c9
Sending 593610824963808000000000000 Beats to 0x1823ddE167bE01a9b2fB0c595F385E0D5E0d0AF4, Tx Hash: 0x666e59f499012ae16f0971189bb71b3e3c46a5b5b05d83b6359fe52084cd78dc
Sending 3287134824562050000000 Beats to 0x1823ddE167bE01a9b2fB0c595F385E0D5E0d0AF4, Tx Hash: 0x1abbe1c80415de8af50283c25d77afae94231c41e437509a919122e33cea976a
Sending 2788070249840580000000000 Beats to 0xD3E684B4C0E04c38DbA74022bF0dA66fE608E386, Tx Hash: 0xb7cccd59e6e88a0bb46beae754c026f6a0b88cdac3848a745782d2986683860a
Sending 5573352429431320000000000000 Beats to 0xD3E684B4C0E04c38DbA74022bF0dA66fE608E386, Tx Hash: 0x4c6e9cb792103d3420ca3c7f274a902b72f238c658176150ab60cc908b8594a0
Sending 2788070249840580000000000000 Beats to 0xC5d7B42CDb68395530cDf6bF86B60a2253b7e93D, Tx Hash: 0x403c0b002227297748b66064315f8b7a4ed06a2a6c6aaccdbac3dc62701f3cc9
Sending 2788070249840580000000000000 Beats to 0x27a573294Cc43Ae793b9fC5932D48FB36129c44f, Tx Hash: 0x1e3d52c70af71dc4d30cfa0d6a5605c0498008da4e95c642ad027827db411211
Sending 1074931522340800000000000000 Beats to 0x099612344304432B9990Cbd1A10952C57DF51642, Tx Hash: 0xbb5480d09fd5e75db38b4237b35d8258126f818af14a13b6536557a57cdcb1a4
Sending 278807024984058000000000000 Beats to 0x2589eCe7a6E4d35a3b21C8d60036026DD06247C5, Tx Hash: 0x3bfb7075c684108ad57e783a9df97be1ebe8ec7b03e671024597c725e62d4947
Sending 6970175624601460000000000000 Beats to 0xDb728a9740C3a1A3431b5F50510D7763Cb2d3DEC, Tx Hash: 0x5a764b435c4cfb339b5748da2f3e1c245e51ad33ce235cf4c7bda221c74f67b0
Sending 12546316124282600000000000000 Beats to 0x198EdA33f781bB3eBf98A800ae8Fc2E826A67FFc, Tx Hash: 0xe703193163d8361e4f4744b35522e4b3d704c74953f876c7c20bd3a68ee7d5bd
Sending 363316222326976000000000000 Beats to 0x89c5B98d68BCb9eBC1A6B36CF864b7b43699D05a, Tx Hash: 0xa8eac9c22ddb35da9482fbf54c63ec35ff14b2af1db41c3dd2fa67d57bfed44f
Sending 1394035124920290000000000000 Beats to 0x131E18f1caCAf72B55Eddf4491E0499164346bc2, Tx Hash: 0x7ea4b5f75dbe2a87b529d73260aa4877a31dc637c8453af1a5115ad352f615f9
Sending 9371763576409140000 Beats to 0x1823ddE167bE01a9b2fB0c595F385E0D5E0d0AF4, Tx Hash: 0xb47abd9d91977c753da34bf5d1a2482a7c1847e709646b793edf530f6653807b
Sending 5576140499681160000000000000 Beats to 0x35EfCe5f4bd52356e8215BCB9dC7687aDe6B6400, Tx Hash: 0xbb45210709a38b7afd7a562fac3334a955c46139a2b61e8f88a19c0e2aa1a69f
Sending 8364210749521750000000000000 Beats to 0x0aF7d613b3fe444999f2e136d765414f5cc59e8a, Tx Hash: 0x1ea96a467082b5fc3d3a2c7efa89034706d99e6ba5347a849c53b62df20bd0a3
Sending 3066877274824640000000000000 Beats to 0x3247E9a9B64BaEaA342d22e43b0E7E34c678E265, Tx Hash: 0x3486d9d29adc336f69b86d56c663484b2679eea67bbcb1cb82f92aed5b69a35d
Sending 585494752466522000000000000 Beats to 0x98de4611DbEb65aBC0C86f16BB6495e7a013c511, Tx Hash: 0x6348cfe1f1d47e54542e2af184ded6d93b8f3a3fd090eb12ad86b342bea0df87
Sending 278807024984058000000000000 Beats to 0x98de4611DbEb65aBC0C86f16BB6495e7a013c511, Tx Hash: 0xa33189d2b15c743d6e83a44bcfd62b943cd25771aa72dbbc2f8cfb09fca4f7fe
Sending 557614049968116000000000000 Beats to 0x131E18f1caCAf72B55Eddf4491E0499164346bc2, Tx Hash: 0xb837d8dfdaf9a739f804fe390cb1ea7ea44f6e302c6ef0ee1057023c3fcfeb78
Sending 644044227713174000000000000 Beats to 0xBb86ccb4eF165535Bef08BFC616a171855c27885, Tx Hash: 0x43269c4bdafa66742fe88f4c65f7806ac8330237895268502307964a728939ec
Sending 116624978550832000000000000 Beats to 0xBb86ccb4eF165535Bef08BFC616a171855c27885, Tx Hash: 0x968180d6a45b12efaf5e1b186865afe1b0e9334d5c8bb5328ec3570a991d98c4
Sending 2509263224856520000000000 Beats to 0xbB3D74A438DD479717Bf75D691D0F3270a02D6Bb, Tx Hash: 0xa407135922552fbed04edeb66a5138a8c8380491c9fecdfc631a36855d2e9b64
Sending 2509263224856520000000000 Beats to 0xbB3D74A438DD479717Bf75D691D0F3270a02D6Bb, Tx Hash: 0xd8f26a8ca881dcf35baf4a8fa2bf0b47a6a6c4d03a11068cbfc0aee99230afd1
Sending 501852644971305000000000000 Beats to 0x15F0E26D8dC19eF282EC7a7Ab9F7503AE806f141, Tx Hash: 0x18c0f110d6738d079812875664c372aaf2bdf5a3ffdcd62daa85cd38a3c7d99f
Sending 1249613085978550000000000000 Beats to 0xbB3D74A438DD479717Bf75D691D0F3270a02D6Bb, Tx Hash: 0x94b287c54429427f95d8ecfaee3ca8f8101fa12eb13b128c79d441a3cd44be59
Sending 88746032946529500000000000 Beats to 0x4de9F6F29B13EB437C8769279AD04924a7EB0d9A, Tx Hash: 0x44051e4a4edb53233559b00afcb7cf253332ca3cdb2057d1fd678bf0cebd08dc
Sending 75277896745695700000000000 Beats to 0xF3BBC28172f170Cc840158E44815649ACfB1Ee9B, Tx Hash: 0x4520cf16d83157fc5ef1dfd0cbe5bfff0faac0f82758430d63e602016382aa48
Sending 163102109615674000000000000 Beats to 0x0Af2d545B16B1B6cD2C73f40d2425588cC16c366, Tx Hash: 0xa1746593c7301cb88f00fe4a214b9f392d9c49a2bbba99a0f53f4b228f815325
Sending 1254631612428260000000000000 Beats to 0xDef5BB9Dd46eCD69eD3020A78BEfBD4b645edBDc, Tx Hash: 0x0a828acc59ab9632cfd53518b6d56076b928100f86300d0cc144ee913f230896
Sending 328826399301323000000000000 Beats to 0x43296325cDC248D86dEb2f613Ff1E4D8563d7A2a, Tx Hash: 0x315cbab944ecb4709fedbbf048cef51357b666c18eade7fdbaba68dab462ccaf
Sending 4767600127227400000000000 Beats to 0x5cE18C3B827C4Dac1fF0C563460869aFD25B4b19, Tx Hash: 0xe7fd8267edf1df5a490b92fff24894fd6e42db6b0a05c47ed045bd1f87de1df8
Sending 71940576656636500000000000 Beats to 0x1921FAa0f7739Ad9C78056C7F31c602b3c7E5c97, Tx Hash: 0x0510f01c76e7b761b0b9799bbe0b6e660252efe14e8993ff8a84820fcedf74b7
Sending 3883219729023440000000000000 Beats to 0x579c9678ad78EaFEA39fC652990447e885244E1F, Tx Hash: 0x615374c7231509fa9889409e407f277155ecf7eab625b493d1d17c1042ecc258
Sending 404942389964121000000000000 Beats to 0xDd3386c673Be94A58bc74d0bc33C1Ce510c8E76d, Tx Hash: 0xe3009a8708256b379a8f6f7edb41084a452122d27bccb86b2bb01f56dedd9d7a
Sending 627315806214131000000000000 Beats to 0xe0C9a710baA7A11C45EdD2158A9c8a240aa08df3, Tx Hash: 0x21098a5b3a339924ccb974f0090f6d488a5b18687e286b8aeff72213696ff80c
Sending 1254631612428260000000000 Beats to 0xd04134a6Ef057274506acF53CED2958829351C04, Tx Hash: 0xb1bb293e24d8bdca80d60e319ff5d70dba76515d1238383ea040efa5fe3fb088
Sending 2508008593244100000000000000 Beats to 0xd04134a6Ef057274506acF53CED2958829351C04, Tx Hash: 0x45e6f94018a08d0ce5e56f2e72ad585f9b8cd7a2ba21e74520405cc5603e67c8
Sending 501852644971305000000000000 Beats to 0xF5D7B1B20288B9052E9CbdBf877A19077EdB34d8, Tx Hash: 0x008e4c97fe699f840410eb2521a1464e61fef9e0edb82f83361a40a34d828641
Sending 1003705289942610000000000000 Beats to 0xE726fCF4E6FEAA807792efbCb9Ecc80072660cF2, Tx Hash: 0x5e61573acfd247013b81d9db886efff3f2f665eefa3a31115db4dc7b6a867b52
Sending 2509263224856520000000000 Beats to 0xD1C4c78472638155233A1cB9CECEBed04C04E9B8, Tx Hash: 0xebab2298b4903bb1fa957be46aaa66078f3b4812a36106fc7b5054b73de423dc
Sending 750269704232100000000000000 Beats to 0xD1C4c78472638155233A1cB9CECEBed04C04E9B8, Tx Hash: 0xa0185bf21ced6f0ea428ea86e7a3136589753ea6203c0f5aa49319fc7bd03ec8
Sending 1254631612428260000000000000 Beats to 0xD976891378bDB926e87E63352c620970287cE9Ff, Tx Hash: 0x4fee19c25f1be7fab6cab8057c3f8b97287de3fcb19fa14720c1e8d59052b76c
Sending 125463161242826000000000000 Beats to 0x42C97dC4f2F50C4854D0FE645c81a15214b1ae1f, Tx Hash: 0xeae8cb2561b732d33cfb7fcc4248ff828dc7e2fbd07c657634cdd97ad9c26e50
Sending 4787956493296490000000000 Beats to 0xeBDa6A6010e6a138463B9c2eE9A6AB048e5D0a54, Tx Hash: 0x4d1b03a4bccd05240bcf85cc45f9b5427e40a2cb78a6f319bfd398668cb20166
Sending 50185264497130500000000000 Beats to 0xB76756D45ee4683756Aaf257a6A8eC093FC6ED0b, Tx Hash: 0xdcf38c2f5bb3c5a35a4f49d294c16c83690dd267f91e6122b97e6b5d615e5c61
Sending 1003705289942610000000000000 Beats to 0x24B4f85307a182F0e8d373b360B2547F2C1C783C, Tx Hash: 0x1bdda6aabc26d4b96954596910da73ca5b01f91a88520ed2da9cc42883f17916
Sending 627315806214131000000000000 Beats to 0xB0B734CFC8c50F2742449B3946B2f0eD03E96D77, Tx Hash: 0xadc0a2590f6562ab25c2b543a7cecbede30ed295af4386db2ba010335c149f6c
Sending 163102109615674000000000000 Beats to 0x32A75C51EA891707c2Ad76a5780b37F5bfD725AC, Tx Hash: 0xba422722984f16979eb3e325c0563e5576b42b3fafc48bb2b48f75a22936121c
Sending 2509263224856520000000000 Beats to 0xd140D6C0Fa9a98298b62EDFFF13ba3732CE90551, Tx Hash: 0xeb2b1999c3713c734f3b527a028d52d0533ca625a8582ef57210b31d84ea7304
Sending 923408866747201000000000000 Beats to 0xd140D6C0Fa9a98298b62EDFFF13ba3732CE90551, Tx Hash: 0xc027930ddd4d06f5acab38779bcefe0faeb51c6cee8dc4e5ed3ba2ae2b714acd
Sending 2509263224856520000000000 Beats to 0xD15e6Bb0804bb234fFd7e6eC1bb22b92B70C2a15, Tx Hash: 0x27230d5893a2fa0e3ed1baacf7790ac64abb4b4c474e024270607d9318a8a528
Sending 1314853929824820000000000000 Beats to 0xD15e6Bb0804bb234fFd7e6eC1bb22b92B70C2a15, Tx Hash: 0x5be741be1e8f24d73c01f728fa12b9874744fcb443dc460ff59850e468f4ad7f
Sending 376389483728479000000000000 Beats to 0xe0C9a710baA7A11C45EdD2158A9c8a240aa08df3, Tx Hash: 0x33c3fc97a5ac00b27af5cbe05ce6934829eb36070614f1ec9fae7ed9fd982eb9
Sending 351296851479913000000000000 Beats to 0x5D759cBc617284f6392A323c9e90E18f752dEAe3, Tx Hash: 0x2a919021cb4aa6e9c6d5d1dd74409cba278319c2cba80b0ecdadf1ffdc2f075b
Sending 250926322485652000000000000 Beats to 0xe0C9a710baA7A11C45EdD2158A9c8a240aa08df3, Tx Hash: 0xc70a9637fdc24010b0464111097b8366129d1e6ff255ac095c9d530d390f8848
Sending 1979808684411800000000000 Beats to 0xCB12038A1794849Ca975E0EE98195f49687A71E9, Tx Hash: 0x18a14958c7efa57362713a4a66f6b2063227ea89741897826859854eb0b8b180
Sending 116126192783135000000000000 Beats to 0xCB12038A1794849Ca975E0EE98195f49687A71E9, Tx Hash: 0xb316cc9becef6a514db27547936d2f3376afa9c6095adc5ab58469ea64547b33
Sending 3090584236159040000000000 Beats to 0x1793a9D2752A0E65EA66e1D5F536d59717D622a4, Tx Hash: 0x897cdea28a683dacf2d7f4170b31ead7c4204fab25e4af61abff4499ca33f6e3
Sending 32620421923134800000000000 Beats to 0x4bf4fabdC36C1f8E33EeB501A48d7426D9241896, Tx Hash: 0xa5a213c3977f0be6bef0189c4a945baae047cecf3d73fc151b7037e7d47cd089
Sending 67750107071126100000000000 Beats to 0x8a463603daAc0F4cfd72255F28d781396A7ed1e8, Tx Hash: 0x6d3831c8ae215b900553649d4bbf7dbc2afa7243cb601d2ff21019bc1d7cbe39
Sending 263221712287449000000000000 Beats to 0xB0B734CFC8c50F2742449B3946B2f0eD03E96D77, Tx Hash: 0x010e76a755c2f8271f02b1b6180885572e320f1170cfac1149cc90a74d1f067c
Sending 125463161242826000000000000 Beats to 0x0d11d0E15a57A05fD21865492e516B3FAE67e0B9, Tx Hash: 0x8446c7698881546805a6c2527da4b74b27c3655c01d419ef7062368d3bd30b94
Sending 1254631612428260000000000000 Beats to 0xFf8c8A26c47013C976D522E5CE6E17Ed74D585AF, Tx Hash: 0xb3ab50222683f6f13ff303ffe73573187ac5de5777e14ac16012d831eb178dc7
Sending 702593702959827000000000000 Beats to 0xC5787B68B52A994Aa9Dc9cE9f7A4F8e1694465a5, Tx Hash: 0x163aa214d3bbc02654b49d664c3342132f4c161a52e36baef21193b622280bed
Sending 50688043060231700000000000 Beats to 0xA8619E6830c4069440f9a6819EB16bEe2da05227, Tx Hash: 0xa6a9ba636f6ae84188503f16d0e10676a716f1baa9317a3f7b90bf18989990da
Sending 26891773980787400000000000 Beats to 0xA2aC084122842b18E368E13DEeEcE661eEE29F83, Tx Hash: 0xfb8376c13f4817b4ae0f9b2cb2604c8a5c4ecac6587ceb39296176df3e681d42
Sending 50185264497130500000000000 Beats to 0xB821aFE1F6b6f9EEd0B05b1cE7d9cE1220C043B4, Tx Hash: 0x072cf3b66e7e8bacc1d66f4619ad7378b6a447891ff54c9133ad56de9f21847c
Sending 200741057988522000000000000 Beats to 0xB821aFE1F6b6f9EEd0B05b1cE7d9cE1220C043B4, Tx Hash: 0x2e1de2dbdcd2d73789b2417a8d2f058cae064c7b5e2d8120454d7ba2dd21701b
Sending 22003729218766900000000000 Beats to 0x1793a9D2752A0E65EA66e1D5F536d59717D622a4, Tx Hash: 0x9b9a1dccf2c542ff4445e48065021e58a205de4b24f731144c7070ff669a3943
Sending 321185692781635000000000000 Beats to 0x6b2615167103190C7f0F5D2800e11247675b64eC, Tx Hash: 0xe982d364be85925c7d0ddd18b2fc9479e8002ab8c24a25af6e0218cbe968239b
Sending 250926322485652000000000000 Beats to 0x3205a3Fe0FEb25b693316072D07C49405f4821CA, Tx Hash: 0x0ed06a074dfaa5b99521a0a6f49bf96b4520878a669435a7187ccf5c9a8fce59
Sending 140089031245345000000000000 Beats to 0xced2d8a158EdAbae3BeBd59325f54eC21C27F2b9, Tx Hash: 0xe19b18c39fb11f2acc6794007764c5c93ed6515bbe1118f629cd071c8555d756
Sending 250926322485652000000000000 Beats to 0x98D7a623705a62153D6E88d43eA745708BECb7FD, Tx Hash: 0x0d5346897fac2a8eb0a5cf9c44465da40fda686a519927e2737d7c93347610ba
Sending 2509263224856520000000000000 Beats to 0x9b572c432e81aaB3c217e74E8C35121Bc512b656, Tx Hash: 0x137048ada9442a790b8a6ba4fa72b1aabf7e1e1b393c8ede364488a175698a4e
Sending 42657474822560900000000000 Beats to 0xD976891378bDB926e87E63352c620970287cE9Ff, Tx Hash: 0x7c7c55e068a125a494ba3b5de55fbec9f16ed8734520bf1d762dffb297688bcc
Sending 147981289422689000000000000 Beats to 0x4d620f510a56819e5122c4129Ed6a82c198e99A8, Tx Hash: 0xfdd36968dca875a7e905aff9524b4bb583ba38afd05c458216c0b33fc6a471c3
Sending 80027932030349100000000000 Beats to 0x4d620f510a56819e5122c4129Ed6a82c198e99A8, Tx Hash: 0x0c7ceaadfcc52ce39425deb8645b4bcee1965b10d1119b6c726fa9bcc6f6cd63
Sending 2760189547342180000000000000 Beats to 0x83AE044DB86C835Cd83233D800D5d7F9EA447B0B, Tx Hash: 0x8dd791e7c1c405854a95fe718d648a5c8b3c7c89c257ce8bac4668dbe9fc6d62
Sending 250926322485652000000000000 Beats to 0x13fFD067063174c330b61a522784e5B28b345339, Tx Hash: 0xf7a77cd8b7b7f84fd2eade8a6a71a3fbaca6e586df2ecb734679df85fece28a3
Sending 32206393491033500000000000 Beats to 0xA2aC084122842b18E368E13DEeEcE661eEE29F83, Tx Hash: 0x911b6d1b7a3c35d94b9c0991ac32e5996b33b64a92d53be50c3e0a3a55135ed5
Sending 2456568697134540000000000000 Beats to 0x0d1A4A73569f977a2c61E35b8efda0C27c46f294, Tx Hash: 0x93565cb85c83493e9bd605192f7174f2b8d12d65a5356d47ac19137dfd5aca0f
Sending 250926322485652000000000000 Beats to 0x4440fDddC07597Fc01bEb8fb97b6974238C3E0dE, Tx Hash: 0x57480badd5c213d5cadcb329ac446e0bfaefe2de767a77788b592a10ae4d810d
Sending 25092632248565200000000000 Beats to 0x0CeFCf0fBa4ab6F491Ba4C1BC7ECb4A90D0A54DC, Tx Hash: 0x49bc4413134f6ba5d86eb0822b9d5fd8e1d63e7ff04f4041352651ec09b3bf5e
Sending 250926322485652000000000000 Beats to 0x0CeFCf0fBa4ab6F491Ba4C1BC7ECb4A90D0A54DC, Tx Hash: 0x586f0b2b6cf73ad776fabbad78b0ddb41cfc5fa6faf2d830c5086db22f78f20d
Sending 1254631612428260000000000000 Beats to 0xC6A9B0669262FFd606294FB28D308B647C4c2cbf, Tx Hash: 0x643dde181a6f14a388834dc853905721e834a3a52cbecf4147d4d3f9b964331f
Sending 125463161242826000000000000 Beats to 0xf3CFEE4a574c22789BE6C483370a0a36f21Bc1D8, Tx Hash: 0x69e4302c5f741ce4485149d0beae3bece7aba88213747c3e6700f284075950fb
Sending 376389483728479000000000000 Beats to 0x4440fDddC07597Fc01bEb8fb97b6974238C3E0dE, Tx Hash: 0x167c02ffc498e3e4e326400e62f1340dec35026ca0b83f1adbde185b300f3408
Sending 1505557934913910000000000000 Beats to 0x98D7a623705a62153D6E88d43eA745708BECb7FD, Tx Hash: 0x6e65cbea1871c4e66e18892a4ca5c3137ec53ed6831d5b4cfabfcfb94d60f6c9
Sending 125463161242826000000000000 Beats to 0x70974E1b2e5557AF2ea18189037aDE2b89b2ec61, Tx Hash: 0x09a3025211b40812ebd5efff495af2d75f56d0309ae2c09470d5191254f198bd
Sending 250926322485652000000000000 Beats to 0x4440fDddC07597Fc01bEb8fb97b6974238C3E0dE, Tx Hash: 0x77ac270319c81bbad567284e53ff368d2792dd35eebee142b3e8bf5e4d2c3085
Sending 1254631612428260000000000000 Beats to 0xba553713885EC425F7483A4d1fA72c0fF937eA04, Tx Hash: 0xe3143f6ea5903080d6c3df85cc3106bd56b1d31d769caadd0c85bd902ebbcd84
Sending 2509263224856520000000000 Beats to 0x17e8565190e5B0879f28E3DDE1b3d8d22461C19C, Tx Hash: 0x0adeca7ab7db89d11f2cb79d8113a3252e68fb1ffc5980c83203c492f2ae3d3a
Sending 199642000696035000000000000 Beats to 0x0CeFCf0fBa4ab6F491Ba4C1BC7ECb4A90D0A54DC, Tx Hash: 0x4f1fee0d37e6f1d4a092bdd3bd9833fffb39653d18e274b3e18acc555d5a244a
Sending 276018954734218000000000000 Beats to 0xBf52864FeB04CEc892F4368BB7A285955AFfFcE3, Tx Hash: 0x53b445ff890891cfc107ae934e027ebbc847397994e4084f950076996cb17cfc
Sending 250926322485652000000000000 Beats to 0x89D04aB19C5590b887Bfc87ABB50B9264Cb6438d, Tx Hash: 0x942987cf73e37d1cc0d870e937173d3f86cd7b490b5f56220bd3638ef6267976
Sending 250926322485652000000000 Beats to 0xd6407F4cF659f971fA49759a6C94B477080E32ad, Tx Hash: 0x6eb730f116b9626249752c50b3f710d25cf9b768758602ec581c83ff1c433a5b
Sending 3134318184905060000000000000 Beats to 0xd6407F4cF659f971fA49759a6C94B477080E32ad, Tx Hash: 0x20d13355e11e22243ea2fd95f05d4e8f1fc51a00705de410b214288490ac85ba
Sending 7527789674569570000000000000 Beats to 0xd6407F4cF659f971fA49759a6C94B477080E32ad, Tx Hash: 0xa55ad67d0e0ad92fb060ca247eea0348274420080b24c9ec7646cd3bb589649e
Sending 10037052899426100000000000000 Beats to 0xd6407F4cF659f971fA49759a6C94B477080E32ad, Tx Hash: 0x8d4f63a0f6da5d647d82f0337dddfeb31ec2385bf25e045a0dd6603c655655be
Sending 5018526449713050000000000000 Beats to 0xd6407F4cF659f971fA49759a6C94B477080E32ad, Tx Hash: 0x22fa2df9347846928d3f18315b5347d3e55df09dfa490920f082198695193386
Sending 5625512205279390000000000000 Beats to 0xd6407F4cF659f971fA49759a6C94B477080E32ad, Tx Hash: 0x1dcb05e343f1cdc1b42f1ac4e3a5a4f9e38b3bb056d89bd1ede0af0f48fcdcd7
Sending 1380577179526070000000000000 Beats to 0xa2FE3C73e23AA9772375CFF06B118cC9f4d27249, Tx Hash: 0xbb5f197a8e208bcf99b1900554ef2894a90c8b8b73036834751fc856970889d7
Sending 6998703047822290000000000000 Beats to 0x83AE044DB86C835Cd83233D800D5d7F9EA447B0B, Tx Hash: 0xba3fac497a2eb6aeb6e60fe87bdc93c52a5dc07d99fb75d7499975e73186423c
Sending 2509263224856520000000000 Beats to 0xC046a433C09957Bf06EAD0f34348Fc1384971e4a, Tx Hash: 0x219f1a4dc6073cb5ffa2c21aa7fb87d029e3d490ff5605e1f418f98a30c37070
Sending 358878430908530000000000000 Beats to 0xC046a433C09957Bf06EAD0f34348Fc1384971e4a, Tx Hash: 0x26d5ddbad8cac2a59bf49ac32af83c9cac0e5eda81029a74575d767ed62a21bf
Sending 180666952189670000000000000 Beats to 0x0C40cdecB2c514327316c460D36C2Afc0FDc8ab8, Tx Hash: 0x30d4f54d8fc49eed2f93bbf81987ec3a1cee1d537ea6eb3e893f8f8e7001fd8d
Sending 752778967456957000000000000 Beats to 0x17e8565190e5B0879f28E3DDE1b3d8d22461C19C, Tx Hash: 0x212f4b3317cdf3976c7fd4bf6a89e66a7c83e6e4c6a1432fd3d98fb6eb1d0555
Sending 501852644971305000000000000 Beats to 0x24B4f85307a182F0e8d373b360B2547F2C1C783C, Tx Hash: 0x643bfd8da49aba689cb9826e6763ce04ca5c5549da7c340e0841f41cbc3839ca
Sending 273469543297763000000000000 Beats to 0x0d1A4A73569f977a2c61E35b8efda0C27c46f294, Tx Hash: 0x84f717ecb8fba4708f48808603f8b9eb2f622762a36711cf15e9c2420485eb66
Sending 125463161242826000000000000 Beats to 0x5BA97E16d5B25E63aF7934471a0C7ed49f8df8Ff, Tx Hash: 0xaa452f026706dca3aca4f5b376e73534b150c5df2f118a44ea6bedc48ad428f8
Sending 195722531538809000000000000 Beats to 0x9a6567989997Dfbb90a0C802AD4db4714D71cBBf, Tx Hash: 0x47d8d323cef6d6cb1e48f36e21c472bb1200d1f9d1b89f3dbfcde81a0397d677
Sending 94097370932119600000000000 Beats to 0xE205334b535C12e687d052f1Cda7F00CD5E6f7Ce, Tx Hash: 0x72268c9f2a5d87d8260ceb1566d7140c116a2c0eeab14008411a9d71c1ba53da
Sending 27601895473421800000000000 Beats to 0x7B87952b9E7480Fa4766870105e6436D86009727, Tx Hash: 0x475d5ea467020695db22351f325dfdc1033650954a174d7d044e011f64d13b57
Sending 97000000000000000000 Beats to 0x036F08837E17dcc2C7182B584C929C60c2E2e512, Tx Hash: 0x9d383cacab7f579f6f9ce7822ceab373826cdaf03653070f84631340f6e59c2f
Sending 54000000000000000000 Beats to 0xd5b9eE81a5Fee0604716a47ca6e02809e498c216, Tx Hash: 0xa1145a2272430238046d1437b5bd66ebaefa9e94482ef1e3df5bac025cbaa34b
Sending 54000000000000000000 Beats to 0x0C27354c6E7071F6BFc339b01F9DA9912552d00D, Tx Hash: 0x4e55145aa74713364167c745e95ab2f50f139de735685557671a87e2e317d20a
Sending 76000000000000000000 Beats to 0x2e329B6D1478ad5A86F8CC7C5c7193335d2Cb2b3, Tx Hash: 0xc5ca283cec45067b1a3ccdda8dbe9b257c6a90258cf9bed721732edc5536f6ae
Sending 97000000000000000000 Beats to 0x9f063756d6e2F81fF40FA7fC69DbE9eC1dc24d15, Tx Hash: 0x18a74cd53b7fbb6d98b01b394a53b70fd7b2cc97a0858d63244c0ddb0518be8a
Sending 69000000000000000000 Beats to 0xAe6696bab108D4d9D496180EA3c0f57805945235, Tx Hash: 0xa2659ed0b356a85db1cc53dfc50015a45d5cd19968b3002fadb3eba9e8f204c5
Sending 87000000000000000000 Beats to 0x049Ee15A7804CbB0B70f7cbeBC1a73DBc72a2Cf0, Tx Hash: 0x3c5eb08fa46c255e0f481a2c2d3a2cfc8c5508a61e9d8e62298f97a192eedd86
Sending 50000000000000000000 Beats to 0xb17A3CF39d91d6Eab458469faD1562d7819f959f, Tx Hash: 0xdcc9bd82e0c53b5d6565fd085be1b3e3e27446b8b644d3c84da6c5de3ce5a593
Sending 71000000000000000000 Beats to 0x7eD67fb1965CEe3914E8915C3F97750172c2eA3b, Tx Hash: 0x7185d03fe4b2a2e956b7fd979d0b7f36c997c3ec61afe8359955dc1f4772809c
Sending 78000000000000000000 Beats to 0x852c431857F8aF13450AbBcef2046a6fEd0cb4A5, Tx Hash: 0xf4617ea959d5a144a670911e0aa54b6011dec381049f758dcc99ccf9ec580f27
Sending 40000000000000000000 Beats to 0xedbCa2a89688611f16E100aaB2087C5010bEF1aa, Tx Hash: 0xf9d56c00f0c4167e5bd8c582d73364a92d16f856ee841759bfeaeada777ec457
Sending 89000000000000000000 Beats to 0x3C3c842AD4Dd9CB8a45Ff6e78F2693d4A3C22F1F, Tx Hash: 0xdb873e80f216e9faf3b9a512c4932e5513e900c2c59a9edbfca4e4fdb5e785d3
Sending 57000000000000000000 Beats to 0x1EF2Bd018430afd1D2185C9D2b3b1Bdeb86b1b51, Tx Hash: 0xaf31785a8e73149a7ac322b810abc3e09df90b5a305752ae0d321263c2b83055
Sending 108000000000000000000 Beats to 0xed2f418cAC4faCAD9e4f6242bD1d46bd24b2Fd46, Tx Hash: 0x0428e9b967a7af48d597e6369c12211819858a44d9e661a6842a4d1dc7c156c7
Sending 85000000000000000000 Beats to 0x9Cc809EF473A95B543023bdd3A27afcB5C382051, Tx Hash: 0x810c44293e99454ccfc2ab0bb0c4d1d09a675895520ce5cd981a3a3ec0d39e25
Sending 69000000000000000000 Beats to 0xf776866AE8CdCe52C30eae2E8b3F00017527C68e, Tx Hash: 0x10f5d6679dde9d1986d0092d3356321103658aec433f44d3ac4130aad71d2d89
Sending 80000000000000000000 Beats to 0x459c950F0D6b42336D4Cfd82B62adC3e080a0C9d, Tx Hash: 0x3dbbf774f1b2b50e6c6f07f04381789f0f34debb5e38bcc9761a80482c5ae502
Sending 88000000000000000000 Beats to 0x04d5cEC4D7284BA77f327a38661cC0D0211C308a, Tx Hash: 0xbf6aaf9f0de6698fff49fd51e5dbd7644d4494e8cbaa0cdb83fc8d6fd72eb575
Sending 73000000000000000000 Beats to 0x0e63Fc22a5Ec210Ee00bf2521ee9Bf5a0102Faa9, Tx Hash: 0xccbcfe8ff066f1f711bd35445f6ea5cb98906012ecf0ad73cff2062842b759b6
Sending 68000000000000000000 Beats to 0x924A28cf7185Dc5d9ABC1d36F65cf69F7b9ca7D2, Tx Hash: 0x8ac535f57cb9698d627c5029b048219753dabd520f31fe9a094c30ca20d1087f
Sending 99000000000000000000 Beats to 0x4598b08d8d643D56A2CbfD8B209e04e0A64DF8C0, Tx Hash: 0xd5b5f614f98ea6c33d8e873a1a77aec47580b78f391b214997d6ac5ddc5b8737
Sending 60000000000000000000 Beats to 0x8004f71Aa54E18e9c3f08a408AA7D1e1eCb0d9B4, Tx Hash: 0x30c60d5dc4be6678df91c3dc94791deebc61d84887f56a24b235eef64ce9e7d7
Sending 102000000000000000000 Beats to 0xD043ba8f1dEA725115479C180e482C30828b92d1, Tx Hash: 0x20abe8d15617ee0c66eb9cdd354206b50761b880e1e66cb9830551a2ffaaea0b
Sending 107000000000000000000 Beats to 0x42A7cC593801C36F579FBcf1Ce798eb30542D6fd, Tx Hash: 0x97b2970a82bdcebcff5dcd68397cce58fd7e1a8725cc7923adf2e12de6ba0e99
Sending 86000000000000000000 Beats to 0xb8BD8E83ecFc974b7cb9951eD623A688ED3c7Ee9, Tx Hash: 0x5e980b608306c9ab89e59b841440c6b5ce2c872c9248c20052dea6940155ea23
Sending 71000000000000000000 Beats to 0x9d1C424B504ccC28EBEE9C40e7e7729c0354b183, Tx Hash: 0x1171ee203d9676503587eb6ed316a445613f231eb4efd05ccf829b544e53516a
Sending 86000000000000000000 Beats to 0x08a2F2D75D9b36eEB27617f13234B3c6DDdFE791, Tx Hash: 0x89c6c52668fbde788359397a4f2fc0dd3863516cf2622da9c856897e1b15f408
Sending 74000000000000000000 Beats to 0x91f58D2967F2EdAabfE7d8D2B86CDFb160c3095B, Tx Hash: 0x839440cd93c7cbd2b668f9d7b98c2e5e28df0b623b08a3e4ee4c73dc94dd48b3
Sending 57000000000000000000 Beats to 0xF42BD2eFa745CeAF829eE4b6E09F04AABbdcE24d, Tx Hash: 0x2ff0758d2145f068c1ecac8daf40a0bfaed594143e972096eeec95cfe7d1ce82
Sending 79000000000000000000 Beats to 0xA3A32b02b1B9bf33af880869e07DD7d7eCAD8F87, Tx Hash: 0xaf5050534ab0601a276ca2f2fc9788b447beb613dd2bef35a5d960a850de5e5d
Sending 86000000000000000000 Beats to 0x1BEDD466065603d592e8e71e95e6082b9f3Ac85A, Tx Hash: 0xbc18fa080fb812fa0f7e396d0a24ac12aa79725a0a18fdc28e7ae75bffbd6e62
Sending 50000000000000000000 Beats to 0xf100B0067151189673a55f7ff4E0FbdB44DCF7f8, Tx Hash: 0xf59d4b89527ba7520a8932a019e5b8869c2f874910d0b15c8029cde25bdcc4cc
Sending 107000000000000000000 Beats to 0x88170234F6054951FA5c069Dcb42a2F3F4FaBfc4, Tx Hash: 0x26a1307fa5906c89abe795580e73bcac80b99e3aba1e9665116ccd1b5c1efcc9
Sending 58000000000000000000 Beats to 0x4089D58D232b1C16534e38F940a66597c76B4941, Tx Hash: 0x4d518762898aa2155bdadb4c62477cfd4b3bb255eb82676a5ddd6b7b38c7b171
Sending 78000000000000000000 Beats to 0x043922560d45953e1e0299aD14EEf45A2903466B, Tx Hash: 0x1b7ed633badcec58ec578834c465e4352596ab23efc13055721488f2e484f73a
Sending 59000000000000000000 Beats to 0xA3B4dF06Bb534363B6a94a613cF22A7E84C95e11, Tx Hash: 0xca5594302529a59bf1547723eddd8c2c416ba5f33a42a71d07d5541e232e1d5d
Sending 96000000000000000000 Beats to 0x1cDf46c6A94B9E19Cae3797ffdE6C61AF8E8F361, Tx Hash: 0x24c3f69aedc929cc33cee58c84bd93b25a01da717c76ab4b6f1692603fd41970
Sending 68000000000000000000 Beats to 0x5C36B7E385cf3d5f5Fe8F55b22776eB8EFF1DF62, Tx Hash: 0xd48630889e4a8c6d54574d1ebe584769de860a0875cb8701660d336e5cd8d4c4
Sending 47000000000000000000 Beats to 0x3f000b6b300791Cc7245a5b8C96261e2Aeef5CcD, Tx Hash: 0x60abfd9cd163fa60ffc69b8110131c939e955281f50825a197fb3791acf39ccc
Sending 104000000000000000000 Beats to 0xFD7Ef5A56B207a6dFe8389f57f4FBb5615B973FB, Tx Hash: 0xa268f24cd698ba363ff1cac9ee4d64c08f87f098e0370eb3cb8322474b6d2084
Sending 60000000000000000000 Beats to 0x82376e7727b209bED678e9EE8b8732C8d43c3404, Tx Hash: 0x22818ce79a1c421d26884ddecf3e2a5cde1b753b1b69c44281589f73555b1110
Sending 46000000000000000000 Beats to 0x524991FD054D2DC14a4B16466bDF3ED610523C6c, Tx Hash: 0x1e24cb1aa1fb3000b26c3c5291f5a307c63047055974bd20235316d17ddbe044
Sending 69000000000000000000 Beats to 0xe2195F20F39c480218B053B248216933Cb709E71, Tx Hash: 0x76e4c2c389e25d1f15d73a17e42e996debd441dfc531cb44f017ba77e739e5d3
Sending 78000000000000000000 Beats to 0x686F06E8239184b084cf4a2199dbA5D9f82b771D, Tx Hash: 0xe3e597f96afbb69e9f3e5f8eeade49d17ac311f88953d2c56cd6b988892f3cf3
Sending 59000000000000000000 Beats to 0xAE4E2bbAe1889156b5e00f5b755703fd8691eBa1, Tx Hash: 0xd47a92192a3c3d1035ebf4a8aea71d22d11132acaeb702500afdee9bf0da328b
Sending 96000000000000000000 Beats to 0x2A838A7e0bE95D247ba8B5EF412A82d9C5785070, Tx Hash: 0x3ec33b78646eb30bc623ff33288a96ab35194a277f65e2dd519ab50af93d9aca
Sending 68000000000000000000 Beats to 0x35Ca10b69a9DF909e7e1c3150Ee426762E41dB14, Tx Hash: 0xeea5ba8621f3ea76b1bb55336fb59237dac0e96f15331bd931a49389c692a270
Sending 47000000000000000000 Beats to 0x31035fA56674C0Ea4c1C7a1C1743548309Ea2C52, Tx Hash: 0xc8c7fdaccee81e750ce487aad280a17a45b627121f06422102bfefef32dc6976
Sending 104000000000000000000 Beats to 0xE50b00a33d78C8eA34a95471Be10b39BCe53AF23, Tx Hash: 0x562a93d13827c582e9d3bee27aa75e474193421cf2b466448c502f13f677e95c
Sending 60000000000000000000 Beats to 0x3610051db1C4D146Ec3E3d5F5635377cAef46bcD, Tx Hash: 0xc96158f88e7d9c12d2c0b630d0022326a71736e51fdae81bb8aa367ed53cd8ea
Sending 46000000000000000000 Beats to 0x85f1a34459eE34F4A105884c44c750781a316B35, Tx Hash: 0x2413cdfae918dd2e2b538fcac5c54612da07066b950b260ae5e6575fa207d0f6
Sending 69000000000000000000 Beats to 0x0A78EE864224C926cA12FeaE6C310dd7b0A4ea70, Tx Hash: 0x2c9193a174d89ca1d13cda7f01fa52edbe9a59ffcc706fcd4b2e59c73ef9a34e
Sending 99000000000000000000 Beats to 0x0b9CB02b9E4e4f5546121Bae1088272eB2059dB3, Tx Hash: 0x47f75521388f5ac913c7e7a1ca185957402700979b28207c426ed4fac75df21b
Sending 96000000000000000000 Beats to 0x97c40BE51795c85e5032F3FCBc57889De4321143, Tx Hash: 0x06cf507662ee5ccde5c4294949e5a9e4c798b132e507c619df4d83091299b16b
Sending 88000000000000000000 Beats to 0xdA068f855B82E4a42185BfAbCb5e8f58FB08F01B, Tx Hash: 0x800e401a2a0a78a7622615ae6107cdd6af30afcd4385499c4daeb160a493aef3
Sending 100000000000000000000 Beats to 0xbe26be0F20d6CAE2665b9Ee0D1DB0a400b7220a9, Tx Hash: 0x01b26bf60499a5c52a3cb931cc14c2b7f1188e1dca383a2262dd974ae8284066
Sending 94000000000000000000 Beats to 0xF9512998E5E375453c321478112D9819E2A0025A, Tx Hash: 0xf19ac4813db82d9230dab0bdc8feb93a3d51ad0a38584935eef35ea4d118e49c
Sending 54000000000000000000 Beats to 0x93fA0Aa4aF5bFbFb1FdcbF41E1eEb1a9d01D18cF, Tx Hash: 0xcb2d2ce40f31ca703928abd60fdcebfe4761a01bb0ad8a2779161e5fb5b977e8
Sending 80000000000000000000 Beats to 0x59F8753c19A6673c355239F48B4707E9e8A64368, Tx Hash: 0x7ff06e3cb7ce4ea753fbc33d789d8edb763501423ff584d123d5269c75a30f78
Sending 60000000000000000000 Beats to 0x9529a954EFeD8e07DF2Fe54210d29598b73Fa885, Tx Hash: 0x142a1277594d0321ced7286a2601a0a5c6dc7c3130d732820db919bb7fbc80d2
Sending 77000000000000000000 Beats to 0x6DEbE62eb9eE496Bd4e37a2A3Bd07bC40d935A9B, Tx Hash: 0xb23dd7d44c2311096d48d92152f0f74d448f04f76f76f98195e8a141bd09c57b
Sending 72000000000000000000 Beats to 0x0222E824622f110A33b9F34C575AeE19417Fd64f, Tx Hash: 0x14144519ef3eac6c45fc5b2727c4a8243ca5ace0b8a76e9071f096e3bd42fbd0
Sending 100000000000000000000 Beats to 0xc814b2256f51381bD1335E0DbC04AB6B67f0C252, Tx Hash: 0xe185468652f33cc6b42e0afa8972de801ae60e9e080589e0791237ef3a96ae7d
Sending 43000000000000000000 Beats to 0xdE98f4d79a84fc76C5119d29625B8d9c79A307D3, Tx Hash: 0xbd34e96ecef9f2432e121476ed28d4fc966e67ececaf902f2c59ddbcec360706
Sending 98000000000000000000 Beats to 0x2ba224cD628F4d3da8Ec0a69333F8ADcaeaf42D6, Tx Hash: 0xabe15d33b5a81ea650215b281f9f1b8d534442f8a049b09e04b1b8e24540e1b3
Sending 78000000000000000000 Beats to 0xBA1A5111E598a52c6bE456D6e4C623af5050C4AD, Tx Hash: 0x0b542cdabe23f22dd16a7622482004088cc03ed034993545bb9ff55acdcaec37
Sending 77000000000000000000 Beats to 0x75142290EC2d089fb5225F57F8D9f2113045F833, Tx Hash: 0x147b6a040b6fab7c2184b4032b0b8dce51c86db77937a2a41a5693f5d18df533
Sending 92000000000000000000 Beats to 0x344d8Bc21d4B6E1AC175cfCC61e6b0b8c1820c20, Tx Hash: 0x8740d0c205e571d30aef06127c68439b155592d9ea2b0cf02799fc8549b6d2e5
Sending 55000000000000000000 Beats to 0x397d9a4d19A9dB3B591423a64Bd88BB44D1dA91a, Tx Hash: 0x4b353777b0574f8d6871b9f1357be0dab9cc774181a9a5a50007965c9c96bc47
Sending 61000000000000000000 Beats to 0xBaca36162d7f0d87D8DbC993c2A41b83016d3d8F, Tx Hash: 0x3470359fd07bf26e2fc5a8a058d2d8cae15ecbd002f669abea2b35bcb661f19d
Sending 96000000000000000000 Beats to 0xd800602C63e3b29b0441D0474E06385a32Ad8038, Tx Hash: 0xb5b9e2867d62e19730f16cdd272de604ab41ec6db3df914f9994313b488f53ee
Sending 75000000000000000000 Beats to 0xC54F77D988868Fecc9927DA6cc0CE8F8B8dDdb68, Tx Hash: 0xf9f66cb6f7941a989258f2594b847dddee27c0499853a5deb91cc71eb537481c
Sending 43000000000000000000 Beats to 0xC2a3C16526C452FB573528997167f92b290575B9, Tx Hash: 0xaf4a78bdbfd560f0e82177b01da1c77b3c4e98f22812dc4a80a608cf0fde690c
Sending 46000000000000000000 Beats to 0x806aD2ee30DC110fb96462D89946f955B31449d1, Tx Hash: 0x7e3b6bcd5845c9c2ca2fc48014ff24b46a9a7d682202251befe803a51883c78a
Sending 76000000000000000000 Beats to 0x83d9a4fC6D349FEA4eFf4C82eA0B30c7D030EA5D, Tx Hash: 0xa267fec294491c09ec969ce813514c01a33eb22e43f650ceb39a72cc1f327573
Sending 72000000000000000000 Beats to 0x20aAb41f1a0Fe924Fe80E06B87c0B5F40Dd3dEEc, Tx Hash: 0xeeb83a40c4ade11d9a37d10f2867bf3f0b5ee7cc78c9230b9bb8668f6995b195
Sending 57000000000000000000 Beats to 0xe522E3B379839E1bd1fF0730a66A5cd7aa8f8090, Tx Hash: 0x312e6dd9044dfff602479b6c96932ed5c132df0628c858eb42fe38cf2980d134
Sending 74000000000000000000 Beats to 0x6d05d852804377275bf942B03f49b12f7649B0F2, Tx Hash: 0x3e88c0a20aaa8e757c95234d0dd46b750e62343880e703dbcb894ebc4e93e179
Sending 77000000000000000000 Beats to 0x4E1571644A11186b3e31D67E00cC37E86BD925a5, Tx Hash: 0x81b0504bb16160ec1e872156a45fcf3dd2d91906142ce2c4f49dd1de86201ede
Sending 94000000000000000000 Beats to 0xc84eB27faF8523E5BECF193268DaB8F93a671ADB, Tx Hash: 0x4c6ba3d6f9f77e92b23f1786247469fc0d85fcd6b2b7f69d1c494d29b4dde67c
Sending 78000000000000000000 Beats to 0x5Bf1DfFb100E9d0c7E54a039f41512726f38d6Ac, Tx Hash: 0x971fb7693ff0dbbab3e80227a6ff93af86a513f9c19880c63a1ffbfe24f86b82
Sending 104000000000000000000 Beats to 0xd3E00417b7528A957b937b9A6A6A3832250D2321, Tx Hash: 0x09e919cccadaebd0e69b70e9b431e6840c62a38ecdb337fe35c683c285da31b7
Sending 85000000000000000000 Beats to 0x495cBACfA0e1615A24484FB3130e3fE847174545, Tx Hash: 0xf8eb93befdf0233bf32dc5a2a788dfc1c5248a018175d3da865dd63f6720b6bb
Sending 96000000000000000000 Beats to 0xA036Bf7A387740a1f040F524409a2D0aF8e00d87, Tx Hash: 0x4fe308d95d1b0b1d67a38dc647041a447d50c43a71ac8d5ee224bbaf27f5c8ca
Sending 47000000000000000000 Beats to 0x3c8e75434e2bdd5Adc0571460590fcFE85f37fcf, Tx Hash: 0xf0a2cd938f68b108c31f109e10c110421a81c8ad23ecfe943d3e0e0504ecb717
Sending 51000000000000000000 Beats to 0x7342440A3C15c865393ed4FFd9D74105AcFa4d81, Tx Hash: 0x1fffed99920b1159618e9277e436b3567ee7152371fc4e61bf911834e9b13bf7
Sending 62000000000000000000 Beats to 0x741E59F5BB43a1DD20BAe9f2b1F8931fa79b9D2e, Tx Hash: 0x0ac87fd85bf5d3d4a5b6a21cf8dc861a9d1093060944f3c3a25e1246d4bfccda
Sending 78000000000000000000 Beats to 0xc732839DE8fdb7EF4c9277E2b88da91F890E1506, Tx Hash: 0xa6159a836475f7dc85d74c4eea9e32a81eaccf6eb996e173a65131fd0d584987
Sending 77000000000000000000 Beats to 0x09C21377caF7bab0d0f36A2140e6fDBd80389c10, Tx Hash: 0x938ee7093c184c4b22bdea28b2fa6eaf905586090658781abbc4c7ef67edfa4a
Sending 71000000000000000000 Beats to 0x8EEd7c6D7d991BCA29C42556540A82883cB72CA5, Tx Hash: 0x7dac6ff361bd9f0f1b656483979e8fec048a3ac3c37bc3b951e8b2bfcb8fae83
Sending 43000000000000000000 Beats to 0x0a9F5b9Fb29CD66CD1c379C75834DF783966B57F, Tx Hash: 0x612f1e469c1b47cfa5dc733c51769ea039b7da2b53593f38945c89fa482d63e9
Sending 47000000000000000000 Beats to 0xE9563E05Bf22fB1A6C3f84f06067034356Ca264E, Tx Hash: 0xdc5af4013017de0e24bdb1e75c29f3aa45cb02baca08513d1d81710dc0075c48
Sending 98000000000000000000 Beats to 0x9b343fd2a02ce97bFC3EfeFffda845Ab76ABb085, Tx Hash: 0xaf236777d3b3eabb2bc2268cd87d40d3d38bccfc676e2d09a0ce254afcee0eff
Sending 89000000000000000000 Beats to 0xF676BF32Af0A738e148705a0857B1777639e2452, Tx Hash: 0xe535578fa1401091bdc8c08514c67a18d71a6c32261a2773f8488a1746b8d161
Sending 45000000000000000000 Beats to 0x289Aa187b0F249fC4e32d126E80AB3FE4698F82a, Tx Hash: 0x55ac7ea62356ae5e812abc132f7941bf36b05547ed5c278c5ab4eda51e65d357
Sending 85000000000000000000 Beats to 0x81f3A2DADbf36344Aa62F483fE25a88D7914eEF0, Tx Hash: 0x89bf49214978122c580ddd41c56f779acfd49e5fedc034d22f43a47393350744
Sending 55000000000000000000 Beats to 0xDD45f058548D2Ac77cF0bEc7748E1392797eD4a8, Tx Hash: 0x397b735d7a977ae7d1caaf84c75cb4c5e5492a1b50a95feee51a362d34fdfde7
Sending 94000000000000000000 Beats to 0xBe99dA3D6cb8E27304600F5C74BcF8a681e8e8c6, Tx Hash: 0x1e6f54a51a2ad9400c7d3d87bd9bfacc73b96fb4cf665a23c0d8502d3cce914c
Sending 60000000000000000000 Beats to 0x3f5359953C907C5f2FE9E2247CEE3Ed40ef3F4Bb, Tx Hash: 0x8eb3d43d33bc2e2831225606a8bf5518eabd1192a2b6e5d9ab52b90cc6ad6fb5
Sending 59000000000000000000 Beats to 0x4083485762e742f0afbF24E2DE02Cc51BCadeB42, Tx Hash: 0x7f700e697e83a5de52de51cc9edc66198a608ce73a60235f7211dcbadd464001
Sending 62000000000000000000 Beats to 0xE340F56c7106A6B984a88E43661D33D353934039, Tx Hash: 0x618f7f471e481cd9c3472460ed8b704bf0de44d79458958c202f8230393f9581
Sending 63000000000000000000 Beats to 0x54D9F52727B3057490BEcBbEFc476844067f3A17, Tx Hash: 0xf63af0283db5f4426802e56ef0fed5f5386dbf74badf54c56625f35b7d128f14
Sending 102000000000000000000 Beats to 0x932f9156abf597eE3910Ac0e5d34a51D357e3ABB, Tx Hash: 0x2e17ab92d8779aaec76b9fa8ca11b1a0b5eaf1713566eeb2c6651391790ae24c
Sending 60000000000000000000 Beats to 0x70100026F6a03BBB7816978ba734FA38fe0dDA37, Tx Hash: 0x870e42b905767198940484b69987f33fb10b831a1bce4ed2bd68fcc50c21c33a
Sending 84000000000000000000 Beats to 0x24561eaF4e1e5F24A2f38cDe77A682abe020008e, Tx Hash: 0x6780d03e7239c0aca70cbf5c333fdf83ba59699f07aa393acb18921f2c3966c5
Sending 68000000000000000000 Beats to 0x462DE1D41335C4fB55Ab667Af01E0b6Ca9705009, Tx Hash: 0x5509247ec0daaed6296480fa5c0f3668ff6a5039697fc6c7ea9875bd8a129dac
Sending 84000000000000000000 Beats to 0x2b5bC8011BFFdaC3813eef9B1B17E22146AdB206, Tx Hash: 0x276a1ea44982d5ddaab4a0821e544d2ab3534291d602ad54026d364f244d98ad
Sending 92000000000000000000 Beats to 0x4C5B195b767f75c02910813E0FE96DF93a5e6C6b, Tx Hash: 0xba67ca2d85e1568e03bcb083a474591264ac3cdc5d6b3f6431485582727bd5fb
Sending 89000000000000000000 Beats to 0x33BEF1b5698d2462fb4cF0daa6a60C06E432b4fd, Tx Hash: 0x86e8cdb47a6ba75a13982555c74b8a3553673688b5a7aa4aafd611b0551cec38
Sending 64000000000000000000 Beats to 0xE6d4dEE39E7c5d49873FDd2de38EE529B9dd0f81, Tx Hash: 0xd209bb77659741d11935dc3245772010d5a7f15fb5a955cf2fb195f2a7c9dcda
Sending 83000000000000000000 Beats to 0xfAFb936DeC6300BD5876116445858ae697e37C64, Tx Hash: 0x1da01eef4554c8271b2f4b8781b49462ae79ec3f2cdac2167b85c9fe6588f99a
Sending 64000000000000000000 Beats to 0xD7c2a1CF49d41b43Ff1589f8486Aa77AF3afFa54, Tx Hash: 0x2c3b588390dc1f5b0d7bc8d4a1383c8c60b35a6f5e92a7cc78c9bbc7f4e80cab
Sending 106000000000000000000 Beats to 0xfe82aA43196E816063d300e8f6b45d457Cd22e1b, Tx Hash: 0x751824a788c6d18a69d5e8c856f0b34f2cd0b46a9d7a6303ac3fb2dfc30f2da0
Sending 91000000000000000000 Beats to 0x20236Be2bf8004C3795b8BD5D80BDC85CDD7CF0A, Tx Hash: 0xf46a1225594d621dc5b2626b3510c7814d8dd40631c1a957ba87273c7c190d05
Sending 85000000000000000000 Beats to 0x1076A5254b06BbAF0131eC08883ED1782D5862ED, Tx Hash: 0xac510946e5ebf04a8d130325a15cdf915d4e55e72b7a4f458f3feffac1d98656
Sending 104000000000000000000 Beats to 0xB6224129b748b9d4D38E0Dc24205cC0B0323D7Db, Tx Hash: 0x3a996f515c8399a6df71f576f40d110c06b7473f0f2b1af6848e49657667732e
Sending 88000000000000000000 Beats to 0x17924EEb419808FbBa8288f58eA8ae9aaff36AaF, Tx Hash: 0x26f6e37fe4236cbbcec9bda02d58b28726e81afa38d2be7297b8530264d25f9e
Sending 63000000000000000000 Beats to 0xcEE3cbe80DFFd1868D9461167d4263610aC65280, Tx Hash: 0x08fabe23028e2db17841af9bf5d68c5ba39e2c228fe31540ce124f96f5d17fe7
Sending 63000000000000000000 Beats to 0xEe9Ed9e3BbD6E22F6Bb2C4DC13C193e1eb96DAC2, Tx Hash: 0xc5caca11a5c1860ff6fba4119e6f7156825072d1260435dedb518195f531088e
Sending 54000000000000000000 Beats to 0xED8DC42710e9885A3D9E563D9D956710569Ddfb4, Tx Hash: 0xa2e1169ee68c2531f4f075c8400a2e0718c57bfe0f2618e2a74fc1231378c678
Sending 104000000000000000000 Beats to 0x611551C8Cd8c9ACF276e4754943D2552A4a6Ec56, Tx Hash: 0x372ac4ab2b1b7f1aa909093a5910da34ee3b406151cffc09dd60d1aebed152b2
Sending 78000000000000000000 Beats to 0xF5edbf5aae39Ec31AA912F82aCa3Dc3D257ddb15, Tx Hash: 0x37e8d16befff42333f779cea48a2e0b1bdbc872b3a02f57c578093dab950b5c6
Sending 60000000000000000000 Beats to 0xBDC347ef34EB3b0FFA40A7c520e3b39ff9B320d4, Tx Hash: 0xe7449ac75afab0faa11e79cf1d816b4332e40aaa7fa40a6f64a4984f5ecf681c
Sending 44000000000000000000 Beats to 0x4ff4aC50f140C64d6dAa5eEdCb8d6E71570cd97E, Tx Hash: 0x3de3d97d0c8ff81cfd0d7b49ea878f2bd92271b3cbba511b57ca863a75a98ff0
Sending 80000000000000000000 Beats to 0x056F7Ff4b11b959f6F9ccc991E9c4E0e6efAaE3b, Tx Hash: 0x0c18becfc8a9041f1f83b1f93e1af665cd0b323fb5d10d96161b16d9df92e621
Sending 87000000000000000000 Beats to 0x9f3D3F98b297A108894077451C81617D4531B2cb, Tx Hash: 0xbd8316fab4971abb17668dbf27471000fa5a1df3f99e26a16db878752f4523fb
Sending 50000000000000000000 Beats to 0x5774Ccb1A91DdC263564509Ed913806206CE6CEE, Tx Hash: 0x6924b3dadd1b2aa33a6c71e78a44780601591ae43dfccd028973f53041ef9109
Sending 67000000000000000000 Beats to 0x5524B5B2876CB76675209743e47D5406CA76Ac8f, Tx Hash: 0x6d84bb86fe8778320717bc6a3209bd8755d34c7d509457f911d1a51ae633fed3
Sending 50000000000000000000 Beats to 0x621793FC0cA3EA1f8F06E50F571eaf83f46b513F, Tx Hash: 0x1fb44ab49530ba87e5d840e41f9dddaf17f4b2c189d5402a0df72f6a5aa176af
Sending 44000000000000000000 Beats to 0x3e9edD1A88e79cF265676787669007DE42C52Cd4, Tx Hash: 0xb6227dea21407d571cbfd66528f673b2fa25073e2881efd66d6dcad7b2208c24
Sending 68000000000000000000 Beats to 0xcFC26FcCC7696Eb6B56fEF6d0098fCf4f607C9e8, Tx Hash: 0x5820ae46d2cb61221029dd4fada7a56390ae4c4ebd381b9457170fdf99280c44
Sending 63000000000000000000 Beats to 0xE0d984e084dF4Ff2cD9c02bBd3EAcA89d2BA8f7d, Tx Hash: 0xbde05cbebcc12c896c5f638c381defb199f69c0a6eb0517701ac4d2410fe8b91
Sending 63000000000000000000 Beats to 0xC88C64AeEA39aCfc78eDFbAE1A05892a6Ff38eCE, Tx Hash: 0x26dcf1f4b17972fe3d5ef5a6f7fc670e5fef364681e632f48e502abf54ff2824
Sending 55000000000000000000 Beats to 0x3169CC0dcDaE60202BFc8D8Bef799d066589A302, Tx Hash: 0xdec8cb24522ebc8b511b2168a216ae15c9610bb6a499e8c5edf0f44302ed746d
Sending 59000000000000000000 Beats to 0x09846a6064D0Ca529d1f6028C5c73b845042EF82, Tx Hash: 0xd2ae173161cf74c0b457413befc5b674c8bb775a56d6bf13ffc2081e9517b4ad
Sending 46000000000000000000 Beats to 0x87DF08B27E5d5C84B91ab2ba6B3701969Ad4d2C0, Tx Hash: 0x044a4bfce02b3f9b881587b3a7372bf9ed538373d33dca2a1d715e20a76d9ab8
Sending 67000000000000000000 Beats to 0x5FFD377fb8904c1a4C65647f43bC55346888c399, Tx Hash: 0x75a60353435b9851632a21025cbffb065ec314e28cdba349b13e6c62703290f1
Sending 75000000000000000000 Beats to 0x9a3c1b59658287A49D348AAFDeF020EA80A32A0E, Tx Hash: 0x0b93a06b60b44aed579e4b595a8ae4a914d30d7cda36a23d5d283b9d5d2e815c
Sending 98000000000000000000 Beats to 0x6da3DDAF2E1AE40724EC73c5845eB242271C7883, Tx Hash: 0xfafdb3e6185985bfef13db0c9dfc3b4c15ebfdc004547f0450421f8a797fed65
Sending 56000000000000000000 Beats to 0x9bC98077A87A22CAbc367FeF82e0A142B50528d8, Tx Hash: 0x423ea42a98188a4bbf160dc49ffa7eb9261f4fbcb61cdf8d6df6c7f81feb2461
Sending 83000000000000000000 Beats to 0x093143abF58e8b4337aeCF5B668eeaa174cD5AA1, Tx Hash: 0x6a3fd0f6bf9c4a5a66c660fafc73cc9cc42dad1189bdea066515f95ca99b130f
Sending 41000000000000000000 Beats to 0x3bb01b577bF78F89aD08B6632Faed1c8540Ad157, Tx Hash: 0x150c585ffccd26360ba1bacc643c3d16dc303fb0d3c37dbad1a88451b74623ca
Sending 57000000000000000000 Beats to 0x432e7A14b1F79cCDBfd864fa20b939C15d01c022, Tx Hash: 0x586add91661450a4e215820a98d32d8d40232740fc2079584aad8b950c69ca49
Sending 52000000000000000000 Beats to 0xbEcF094024B73B5F90705Ac67C92d54C88AeEdBb, Tx Hash: 0x4589fad9244393d5c17b70b7ca26b05bed27faefa5165ba12f25f17bd998741a
Sending 58000000000000000000 Beats to 0x6ea9A55e4c1ac9C10979626Ab53e6B1fE342828e, Tx Hash: 0xd22e8a636d5f53181333ca19b7d642263aae2a8144024ea5cb9605142d7d3861
Sending 75000000000000000000 Beats to 0x3E9F9a90c96530b0b1A75Bf82c65D9e19bfeDE14, Tx Hash: 0x3a965fe89b2695781f933d5e9e18d247675973e6557c6411bc9979a87615c27c
Sending 76000000000000000000 Beats to 0x27aB5e25e2cFA736281E8bc3e6Ee761b4F5d23FE, Tx Hash: 0xcee8bd460882d1a29a7ee3c5bd4e69f4a0a97493d836693978cddab9d10a8cf6
Sending 51000000000000000000 Beats to 0x56bAeEca0460f9De69942Ffc45D1B780c92b1b4b, Tx Hash: 0x075931415568af502346cea6be0eeb591f62c412600951d05385aab876564339
Sending 63000000000000000000 Beats to 0xC6Cc3F5F6de4c37Ee0571a905318Eb236721f83D, Tx Hash: 0x0307d5a1669f199758c407e8834194ff3933b709f2e9e4245084bdd99757efec
Sending 88000000000000000000 Beats to 0xAa62C409cCe148971f40361Fa9cdA5a79845E80E, Tx Hash: 0x035e10fdc840d3ace209f44021d7f231c98a6b1044acf16046a0b6338da4d360
Sending 85000000000000000000 Beats to 0xbF81c47040B2a0bD99A5407a2397A708D31C36ae, Tx Hash: 0xbb74b739397543dc7d5c6d018ed1dedc90e5dd687ce4e0b9a3cc21cc5af0a0e0
Sending 68000000000000000000 Beats to 0x63967167409967c9D170bC9506e4fc09760233E8, Tx Hash: 0x7d70c99bb382beb66b14c11d1f2a1c05ad824bfbcf5ab6d21b59cc0d141a7e22
Sending 58000000000000000000 Beats to 0x3AC9222a1A6f79F4d321C7fdC57557aBFCaBeCc1, Tx Hash: 0xa632c9ab21d3a086a3f421e8016e585ede1b2e9f5cf3ba15f11e28ddca45991d
Sending 66000000000000000000 Beats to 0xEc06995368a4c4E282e5B28B6270F3c5eD37A758, Tx Hash: 0x2cc9279805270533f8ccf03fb206b4ee5095a0fd64d00c2f2e20bcb41be96607
Sending 66000000000000000000 Beats to 0x2c132355663693560f4c05b27F72d0d4B85b65Ff, Tx Hash: 0x1637b47daa8589d0d743b0c16b2f21ce6e2501233feff801cacea8e909182fe3
Sending 41000000000000000000 Beats to 0x29bbab1481F78f8C533c5Fe948024ec38ef14fAA, Tx Hash: 0x3634771b96d24ebef5bf8f6b174e83ece805f14951ceda8ef0435b976b7548ec
Sending 108000000000000000000 Beats to 0x9FB9A38958F29Ac6672074A27Aae65edb1e620fe, Tx Hash: 0x5a98fa4958f838217cd9ec09ae222ce7bf223c7d0c10ae05e91763dc426b97aa
Sending 92000000000000000000 Beats to 0x749E710e4d6c1CF43e2CF17AFF5178d39E8d0dB3, Tx Hash: 0x331998d360097be2b97b6377dc80712c15a90f13c247890c2bf495d82eb5986b
Sending 104000000000000000000 Beats to 0xC70F215c61FCF4671380895d39E3aCBa67d77f16, Tx Hash: 0x029cc86f2fb526b4d28855530c9cabcc27e11f81b5b689ec8695948133d0fbf5
Sending 80000000000000000000 Beats to 0x6EB96583202cEe5EE2305cB55a16E36fC9991183, Tx Hash: 0x386f1628f70de2950b0d7df28cc6d2b20eeb3501a2c88e33dbf11131f43066cf
Sending 96000000000000000000 Beats to 0xcE7BfE161987B59C98B25b284D68dc436ABbd7C6, Tx Hash: 0x169d455668a40624e50f1a64be842ad94244dd61ad1061aca6c3f812d5b99ac7
Sending 61000000000000000000 Beats to 0x64494533046E58b6faD854d828a380F56B2636Fe, Tx Hash: 0xb94a1339900d170ffeb8694f24263a92003aa9d704a0d1676f934471992846d8
Sending 52000000000000000000 Beats to 0x79f733A804104C5b1C7C5800675dAc1268476c33, Tx Hash: 0x7860dd05fce140cc1d67b77e866485e15e06639abddcce31815c1044d4c0f9a3
Sending 45000000000000000000 Beats to 0x1a0331E2fc1D9513984A444EA8b4Ccd682154E59, Tx Hash: 0x3f167679a6523747042be4c83481b1d749d279ee44ef52514729658a645dd6e0
Sending 63000000000000000000 Beats to 0xe10a3D4Dd2D38d0bA0Fd2B3b646C2EFbD7FF65Cc, Tx Hash: 0xe2e6a90a0b258e5fd1c057642036cdf85e901364cd588d4f2739754347c2e2c4
Sending 59000000000000000000 Beats to 0x3c41Bf4b1f7077beC7293D480cD9EDFCFA50988a, Tx Hash: 0x82b2c070a18341eda64554d77de0de5bdf378f4d0faf732d74715fa422e2c101
Sending 102000000000000000000 Beats to 0x1ae78a9424f0dCf3402fe3e5F2cC3b3C47A931F9, Tx Hash: 0x2ae53328eed959ff9a81c90a21c98eab3e5a58c91eee2858584471d37a4ad09a
Sending 46000000000000000000 Beats to 0xa1961f549684B9cdBf2D12C6f4Fd5995C50Affb6, Tx Hash: 0x190b445664839039a78bc8870067bde5036428486ae3a1cc065e86a8eb33e48d
Sending 50000000000000000000 Beats to 0xd236D4CE96e73AaeA5D3A21897e8D0d79b939177, Tx Hash: 0x1b094c28968bfe97e919396339d24b2db1ce180dc11362c106d209fef934a7c0
Sending 52000000000000000000 Beats to 0x215dbe57Ab6B5753967692611De47FD01D81fD33, Tx Hash: 0xb8585d8e1280c2404b1c7fb5336988d16971cf738f3b5099e382ce138bee4f6c
Sending 84000000000000000000 Beats to 0x5147B71F17C17a0dCC508b515c7bd250A4e16F2a, Tx Hash: 0xcab1b3414113ed6d63c13e25a91d3b9bee2a3ba74e6970223a1319b420138159
Sending 104000000000000000000 Beats to 0x443DfcbD35c67565f02F5566440BCc87Be6F6FB2, Tx Hash: 0x3fe5110872c1f73a39122bf1f975be7a9b3958f4e84eea8deab25c5d279051cf
Sending 106000000000000000000 Beats to 0xb900fA4245216df5F88fC1a395e134AC662829F6, Tx Hash: 0x6ad6ad96b0d4e92f6ecdaba4c3169b62d0834b32346671de8a5a8d64cf35eab3
Sending 92000000000000000000 Beats to 0x21E5F76B15Ad16A60Cdb981af845fFAAA7e99a0E, Tx Hash: 0x71534129ef328a3df3dcd39d297e41c6efad2801ce1e7c975c66682ad42c19c6
Sending 60000000000000000000 Beats to 0x8D99360c1C9EFb6Dd4cFeeE27757944e8AA2Eb7d, Tx Hash: 0xcdf47a6ea131be1827f87f079f095f10a47a4cefe3e6dc625b537361ded4abcd
Sending 55000000000000000000 Beats to 0xeD62ec6bfeed00ceC62d90108073511C0714561e, Tx Hash: 0x59fcbbd6259c97cbfc1022173dc53d66fe6884192ab7fb4c97c76118ba0afbf0
Sending 41000000000000000000 Beats to 0xBA81D61bda420F6994b49c71b81caed47Fd10305, Tx Hash: 0x34cb074e1eef22accec0439f03c32324268a21335b42d3ee7cfab2ffd5ce4f00
Sending 69000000000000000000 Beats to 0x0cBB3609B7E2B669f951880135CeC5cC9029fb8D, Tx Hash: 0x1843bbcc6769e63afe995eaf470c585ad75a66bb5c179da98de74e064a458ec2
